<?xml version="1.0" encoding="UTF-8"?>
<coverage generated="1777521301735" clover="3.2.0">
  <project timestamp="1777521301735" name="All files">
    <metrics statements="15605" coveredstatements="7668" conditionals="10332" coveredconditionals="3442" methods="2912" coveredmethods="1503" elements="28849" coveredelements="12613" complexity="0" loc="15605" ncloc="15605" packages="32" files="185" classes="185"/>
    <package name="components.screens">
      <metrics statements="5" coveredstatements="0" conditionals="2" coveredconditionals="0" methods="1" coveredmethods="0"/>
      <file name="chartCardPalette.ts" path="/Users/brittany/mysky/components/screens/chartCardPalette.ts">
        <metrics statements="5" coveredstatements="0" conditionals="2" coveredconditionals="0" methods="1" coveredmethods="0"/>
        <line num="1" count="0" type="stmt"/>
        <line num="15" count="0" type="stmt"/>
        <line num="16" count="0" type="stmt"/>
        <line num="17" count="0" type="cond" truecount="0" falsecount="2"/>
        <line num="23" count="0" type="stmt"/>
      </file>
    </package>
    <package name="components.ui">
      <metrics statements="25" coveredstatements="22" conditionals="16" coveredconditionals="9" methods="16" coveredmethods="16"/>
      <file name="patternOrbitHelpers.ts" path="/Users/brittany/mysky/components/ui/patternOrbitHelpers.ts">
        <metrics statements="25" coveredstatements="22" conditionals="16" coveredconditionals="9" methods="16" coveredmethods="16"/>
        <line num="3" count="1" type="stmt"/>
        <line num="15" count="1" type="stmt"/>
        <line num="16" count="7" type="cond" truecount="1" falsecount="0"/>
        <line num="18" count="79" type="stmt"/>
        <line num="19" count="5" type="stmt"/>
        <line num="20" count="5" type="stmt"/>
        <line num="21" count="5" type="stmt"/>
        <line num="22" count="5" type="stmt"/>
        <line num="24" count="1" type="stmt"/>
        <line num="34" count="7" type="cond" truecount="1" falsecount="1"/>
        <line num="37" count="1" type="stmt"/>
        <line num="38" count="1" type="stmt"/>
        <line num="39" count="7" type="cond" truecount="3" falsecount="1"/>
        <line num="40" count="12" type="stmt"/>
        <line num="42" count="3" type="stmt"/>
        <line num="45" count="1" type="stmt"/>
        <line num="46" count="2" type="cond" truecount="1" falsecount="0"/>
        <line num="48" count="1" type="cond" truecount="1" falsecount="1"/>
        <line num="49" count="1" type="cond" truecount="0" falsecount="1"/>
        <line num="50" count="1" type="cond" truecount="1" falsecount="0"/>
        <line num="51" count="0" type="cond" truecount="0" falsecount="1"/>
        <line num="52" count="0" type="cond" truecount="0" falsecount="1"/>
        <line num="53" count="0" type="stmt"/>
        <line num="56" count="1" type="stmt"/>
        <line num="57" count="9" type="stmt"/>
      </file>
    </package>
    <package name="components.ui.editorial">
      <metrics statements="6" coveredstatements="0" conditionals="2" coveredconditionals="0" methods="0" coveredmethods="0"/>
      <file name="theme.ts" path="/Users/brittany/mysky/components/ui/editorial/theme.ts">
        <metrics statements="6" coveredstatements="0" conditionals="2" coveredconditionals="0" methods="0" coveredmethods="0"/>
        <line num="1" count="0" type="stmt"/>
        <line num="4" count="0" type="stmt"/>
        <line num="23" count="0" type="stmt"/>
        <line num="35" count="0" type="cond" truecount="0" falsecount="2"/>
        <line num="37" count="0" type="stmt"/>
        <line num="100" count="0" type="stmt"/>
      </file>
    </package>
    <package name="lib">
      <metrics statements="13" coveredstatements="0" conditionals="6" coveredconditionals="0" methods="4" coveredmethods="0"/>
      <file name="supabase.ts" path="/Users/brittany/mysky/lib/supabase.ts">
        <metrics statements="13" coveredstatements="0" conditionals="6" coveredconditionals="0" methods="4" coveredmethods="0"/>
        <line num="15" count="0" type="stmt"/>
        <line num="16" count="0" type="stmt"/>
        <line num="22" count="0" type="stmt"/>
        <line num="23" count="0" type="stmt"/>
        <line num="25" count="0" type="stmt"/>
        <line num="27" count="0" type="stmt"/>
        <line num="29" count="0" type="cond" truecount="0" falsecount="1"/>
        <line num="30" count="0" type="stmt"/>
        <line num="31" count="0" type="stmt"/>
        <line num="33" count="0" type="stmt"/>
        <line num="36" count="0" type="stmt"/>
        <line num="39" count="0" type="cond" truecount="0" falsecount="1"/>
        <line num="43" count="0" type="stmt"/>
      </file>
    </package>
    <package name="lib.insights">
      <metrics statements="210" coveredstatements="210" conditionals="81" coveredconditionals="70" methods="74" coveredmethods="74"/>
      <file name="engine.ts" path="/Users/brittany/mysky/lib/insights/engine.ts">
        <metrics statements="210" coveredstatements="210" conditionals="81" coveredconditionals="70" methods="74" coveredmethods="74"/>
        <line num="81" count="9" type="stmt"/>
        <line num="82" count="6809" type="stmt"/>
        <line num="83" count="6809" type="stmt"/>
        <line num="86" count="9" type="stmt"/>
        <line num="87" count="1507" type="stmt"/>
        <line num="94" count="9" type="stmt"/>
        <line num="103" count="753" type="stmt"/>
        <line num="108" count="753" type="stmt"/>
        <line num="111" count="9" type="stmt"/>
        <line num="120" count="753" type="stmt"/>
        <line num="125" count="753" type="stmt"/>
        <line num="128" count="9" type="stmt"/>
        <line num="137" count="753" type="stmt"/>
        <line num="141" count="753" type="stmt"/>
        <line num="148" count="9" type="stmt"/>
        <line num="149" count="751" type="stmt"/>
        <line num="150" count="751" type="stmt"/>
        <line num="151" count="751" type="stmt"/>
        <line num="152" count="751" type="stmt"/>
        <line num="153" count="751" type="stmt"/>
        <line num="154" count="751" type="stmt"/>
        <line num="155" count="751" type="stmt"/>
        <line num="156" count="751" type="stmt"/>
        <line num="157" count="751" type="stmt"/>
        <line num="159" count="751" type="stmt"/>
        <line num="171" count="751" type="stmt"/>
        <line num="179" count="751" type="stmt"/>
        <line num="187" count="751" type="stmt"/>
        <line num="194" count="751" type="stmt"/>
        <line num="204" count="9" type="stmt"/>
        <line num="208" count="19" type="stmt"/>
        <line num="209" count="19" type="cond" truecount="1" falsecount="0"/>
        <line num="210" count="14" type="cond" truecount="1" falsecount="0"/>
        <line num="211" count="10" type="stmt"/>
        <line num="214" count="9" type="stmt"/>
        <line num="215" count="14" type="cond" truecount="1" falsecount="0"/>
        <line num="216" count="51" type="stmt"/>
        <line num="217" count="51" type="stmt"/>
        <line num="218" count="10" type="stmt"/>
        <line num="225" count="9" type="stmt"/>
        <line num="226" count="9" type="stmt"/>
        <line num="227" count="9" type="stmt"/>
        <line num="228" count="9" type="stmt"/>
        <line num="229" count="9" type="stmt"/>
        <line num="232" count="845" type="stmt"/>
        <line num="233" count="6084" type="stmt"/>
        <line num="236" count="9" type="stmt"/>
        <line num="237" count="171" type="cond" truecount="3" falsecount="0"/>
        <line num="238" count="2" type="stmt"/>
        <line num="241" count="169" type="stmt"/>
        <line num="242" count="845" type="cond" truecount="1" falsecount="1"/>
        <line num="244" count="169" type="stmt"/>
        <line num="245" count="169" type="stmt"/>
        <line num="246" count="169" type="stmt"/>
        <line num="247" count="169" type="stmt"/>
        <line num="248" count="169" type="stmt"/>
        <line num="250" count="169" type="stmt"/>
        <line num="257" count="9" type="stmt"/>
        <line num="265" count="9" type="stmt"/>
        <line num="273" count="9" type="stmt"/>
        <line num="274" count="74" type="stmt"/>
        <line num="275" count="74" type="stmt"/>
        <line num="276" count="74" type="stmt"/>
        <line num="277" count="74" type="stmt"/>
        <line num="279" count="74" type="stmt"/>
        <line num="280" count="2146" type="stmt"/>
        <line num="281" count="370" type="stmt"/>
        <line num="282" count="370" type="stmt"/>
        <line num="283" count="370" type="cond" truecount="1" falsecount="0"/>
        <line num="284" count="70" type="stmt"/>
        <line num="285" count="70" type="stmt"/>
        <line num="289" count="74" type="cond" truecount="2" falsecount="0"/>
        <line num="290" count="74" type="stmt"/>
        <line num="292" count="74" type="stmt"/>
        <line num="299" count="9" type="stmt"/>
        <line num="301" count="9" type="stmt"/>
        <line num="302" count="47" type="cond" truecount="1" falsecount="0"/>
        <line num="303" count="11" type="stmt"/>
        <line num="306" count="36" type="stmt"/>
        <line num="307" count="674" type="stmt"/>
        <line num="308" count="36" type="stmt"/>
        <line num="309" count="36" type="cond" truecount="2" falsecount="0"/>
        <line num="312" count="333" type="stmt"/>
        <line num="313" count="333" type="stmt"/>
        <line num="314" count="333" type="stmt"/>
        <line num="316" count="36" type="cond" truecount="3" falsecount="0"/>
        <line num="317" count="16" type="stmt"/>
        <line num="320" count="153" type="stmt"/>
        <line num="321" count="20" type="stmt"/>
        <line num="322" count="20" type="stmt"/>
        <line num="323" count="20" type="stmt"/>
        <line num="325" count="20" type="cond" truecount="3" falsecount="1"/>
        <line num="326" count="20" type="stmt"/>
        <line num="327" count="20" type="cond" truecount="3" falsecount="1"/>
        <line num="329" count="20" type="stmt"/>
        <line num="336" count="9" type="stmt"/>
        <line num="337" count="46" type="cond" truecount="1" falsecount="0"/>
        <line num="338" count="10" type="stmt"/>
        <line num="341" count="332" type="stmt"/>
        <line num="342" count="497" type="stmt"/>
        <line num="344" count="36" type="stmt"/>
        <line num="345" count="91" type="stmt"/>
        <line num="346" count="241" type="stmt"/>
        <line num="348" count="36" type="stmt"/>
        <line num="349" count="1328" type="stmt"/>
        <line num="351" count="36" type="stmt"/>
        <line num="354" count="241" type="stmt"/>
        <line num="355" count="241" type="stmt"/>
        <line num="356" count="241" type="stmt"/>
        <line num="357" count="241" type="stmt"/>
        <line num="362" count="9" type="stmt"/>
        <line num="363" count="45" type="cond" truecount="1" falsecount="0"/>
        <line num="364" count="10" type="stmt"/>
        <line num="367" count="327" type="stmt"/>
        <line num="368" count="655" type="stmt"/>
        <line num="370" count="35" type="stmt"/>
        <line num="371" count="89" type="stmt"/>
        <line num="372" count="238" type="stmt"/>
        <line num="374" count="35" type="stmt"/>
        <line num="375" count="1308" type="stmt"/>
        <line num="377" count="35" type="stmt"/>
        <line num="380" count="238" type="stmt"/>
        <line num="381" count="238" type="stmt"/>
        <line num="382" count="238" type="stmt"/>
        <line num="383" count="238" type="stmt"/>
        <line num="392" count="9" type="stmt"/>
        <line num="400" count="113" type="stmt"/>
        <line num="404" count="113" type="stmt"/>
        <line num="411" count="9" type="stmt"/>
        <line num="412" count="41" type="stmt"/>
        <line num="413" count="41" type="stmt"/>
        <line num="414" count="41" type="stmt"/>
        <line num="416" count="41" type="stmt"/>
        <line num="417" count="93" type="cond" truecount="0" falsecount="1"/>
        <line num="418" count="93" type="stmt"/>
        <line num="419" count="93" type="stmt"/>
        <line num="423" count="41" type="stmt"/>
        <line num="426" count="41" type="stmt"/>
        <line num="429" count="41" type="stmt"/>
        <line num="432" count="41" type="stmt"/>
        <line num="435" count="41" type="stmt"/>
        <line num="437" count="41" type="stmt"/>
        <line num="441" count="41" type="stmt"/>
        <line num="442" count="41" type="cond" truecount="1" falsecount="0"/>
        <line num="444" count="17" type="stmt"/>
        <line num="451" count="17" type="cond" truecount="0" falsecount="1"/>
        <line num="454" count="17" type="cond" truecount="2" falsecount="0"/>
        <line num="455" count="14" type="stmt"/>
        <line num="457" count="3" type="stmt"/>
        <line num="460" count="17" type="stmt"/>
        <line num="469" count="41" type="stmt"/>
        <line num="470" count="41" type="cond" truecount="1" falsecount="0"/>
        <line num="472" count="32" type="stmt"/>
        <line num="473" count="32" type="cond" truecount="1" falsecount="0"/>
        <line num="474" count="32" type="cond" truecount="1" falsecount="0"/>
        <line num="475" count="32" type="cond" truecount="1" falsecount="0"/>
        <line num="476" count="32" type="cond" truecount="1" falsecount="0"/>
        <line num="478" count="32" type="cond" truecount="1" falsecount="0"/>
        <line num="480" count="27" type="stmt"/>
        <line num="487" count="27" type="stmt"/>
        <line num="496" count="41" type="stmt"/>
        <line num="497" count="41" type="cond" truecount="1" falsecount="0"/>
        <line num="499" count="32" type="stmt"/>
        <line num="500" count="32" type="cond" truecount="1" falsecount="0"/>
        <line num="501" count="32" type="cond" truecount="1" falsecount="0"/>
        <line num="502" count="32" type="cond" truecount="1" falsecount="0"/>
        <line num="503" count="32" type="cond" truecount="1" falsecount="0"/>
        <line num="505" count="32" type="cond" truecount="1" falsecount="0"/>
        <line num="507" count="27" type="stmt"/>
        <line num="514" count="27" type="stmt"/>
        <line num="523" count="328" type="cond" truecount="2" falsecount="0"/>
        <line num="524" count="41" type="cond" truecount="1" falsecount="0"/>
        <line num="526" count="150" type="stmt"/>
        <line num="528" count="16" type="stmt"/>
        <line num="529" count="750" type="stmt"/>
        <line num="531" count="150" type="stmt"/>
        <line num="532" count="150" type="stmt"/>
        <line num="533" count="150" type="stmt"/>
        <line num="534" count="150" type="stmt"/>
        <line num="535" count="150" type="stmt"/>
        <line num="537" count="16" type="stmt"/>
        <line num="538" count="16" type="cond" truecount="1" falsecount="0"/>
        <line num="540" count="8" type="stmt"/>
        <line num="541" count="8" type="cond" truecount="0" falsecount="1"/>
        <line num="542" count="8" type="cond" truecount="1" falsecount="0"/>
        <line num="543" count="8" type="cond" truecount="1" falsecount="0"/>
        <line num="544" count="8" type="cond" truecount="0" falsecount="1"/>
        <line num="545" count="8" type="cond" truecount="1" falsecount="0"/>
        <line num="547" count="8" type="stmt"/>
        <line num="554" count="8" type="stmt"/>
        <line num="563" count="328" type="cond" truecount="3" falsecount="0"/>
        <line num="564" count="41" type="cond" truecount="1" falsecount="0"/>
        <line num="566" count="56" type="stmt"/>
        <line num="569" count="14" type="stmt"/>
        <line num="570" count="14" type="stmt"/>
        <line num="571" count="56" type="stmt"/>
        <line num="572" count="280" type="cond" truecount="2" falsecount="0"/>
        <line num="576" count="14" type="stmt"/>
        <line num="577" count="14" type="stmt"/>
        <line num="578" count="14" type="stmt"/>
        <line num="579" count="70" type="cond" truecount="1" falsecount="0"/>
        <line num="580" count="14" type="stmt"/>
        <line num="581" count="14" type="stmt"/>
        <line num="585" count="14" type="cond" truecount="2" falsecount="1"/>
        <line num="587" count="56" type="stmt"/>
        <line num="589" count="14" type="cond" truecount="1" falsecount="1"/>
        <line num="591" count="14" type="stmt"/>
        <line num="599" count="14" type="cond" truecount="1" falsecount="1"/>
        <line num="601" count="14" type="stmt"/>
        <line num="608" count="14" type="stmt"/>
      </file>
    </package>
    <package name="services.astrology">
      <metrics statements="3883" coveredstatements="2200" conditionals="2616" coveredconditionals="1044" methods="526" coveredmethods="341"/>
      <file name="accuracyValidation.ts" path="/Users/brittany/mysky/services/astrology/accuracyValidation.ts">
        <metrics statements="54" coveredstatements="49" conditionals="24" coveredconditionals="13" methods="9" coveredmethods="9"/>
        <line num="1" count="5" type="stmt"/>
        <line num="3" count="5" type="stmt"/>
        <line num="4" count="5" type="stmt"/>
        <line num="6" count="5" type="stmt"/>
        <line num="19" count="5" type="stmt"/>
        <line num="32" count="5" type="stmt"/>
        <line num="33" count="5" type="stmt"/>
        <line num="34" count="5" type="stmt"/>
        <line num="35" count="5" type="stmt"/>
        <line num="37" count="5" type="stmt"/>
        <line num="38" count="45" type="stmt"/>
        <line num="39" count="45" type="cond" truecount="2" falsecount="0"/>
        <line num="42" count="5" type="stmt"/>
        <line num="43" count="408" type="stmt"/>
        <line num="44" count="45" type="cond" truecount="0" falsecount="1"/>
        <line num="45" count="45" type="stmt"/>
        <line num="48" count="5" type="stmt"/>
        <line num="49" count="45" type="stmt"/>
        <line num="50" count="45" type="stmt"/>
        <line num="51" count="45" type="cond" truecount="3" falsecount="1"/>
        <line num="54" count="5" type="stmt"/>
        <line num="55" count="10" type="cond" truecount="2" falsecount="0"/>
        <line num="56" count="10" type="stmt"/>
        <line num="57" count="10" type="stmt"/>
        <line num="64" count="10" type="stmt"/>
        <line num="65" count="10" type="stmt"/>
        <line num="66" count="10" type="stmt"/>
        <line num="67" count="10" type="cond" truecount="1" falsecount="0"/>
        <line num="68" count="3" type="stmt"/>
        <line num="69" count="3" type="stmt"/>
        <line num="70" count="3" type="stmt"/>
        <line num="71" count="3" type="cond" truecount="1" falsecount="0"/>
        <line num="72" count="3" type="cond" truecount="0" falsecount="1"/>
        <line num="73" count="0" type="stmt"/>
        <line num="74" count="0" type="cond" truecount="0" falsecount="1"/>
        <line num="76" count="3" type="stmt"/>
        <line num="79" count="0" type="cond" truecount="0" falsecount="2"/>
        <line num="80" count="0" type="stmt"/>
        <line num="84" count="10" type="cond" truecount="0" falsecount="1"/>
        <line num="85" count="0" type="stmt"/>
        <line num="94" count="10" type="stmt"/>
        <line num="96" count="55" type="stmt"/>
        <line num="97" count="55" type="cond" truecount="1" falsecount="0"/>
        <line num="98" count="45" type="stmt"/>
        <line num="99" count="45" type="cond" truecount="0" falsecount="1"/>
        <line num="101" count="45" type="stmt"/>
        <line num="102" count="45" type="stmt"/>
        <line num="103" count="45" type="cond" truecount="1" falsecount="1"/>
        <line num="104" count="45" type="stmt"/>
        <line num="106" count="45" type="stmt"/>
        <line num="113" count="55" type="stmt"/>
        <line num="115" count="45" type="stmt"/>
        <line num="116" count="32" type="cond" truecount="2" falsecount="0"/>
        <line num="118" count="10" type="stmt"/>
      </file>
      <file name="advancedLayers.ts" path="/Users/brittany/mysky/services/astrology/advancedLayers.ts">
        <metrics statements="348" coveredstatements="105" conditionals="232" coveredconditionals="39" methods="43" coveredmethods="15"/>
        <line num="10" count="774" type="stmt"/>
        <line num="14" count="0" type="stmt"/>
        <line num="18" count="0" type="stmt"/>
        <line num="22" count="387" type="stmt"/>
        <line num="23" count="387" type="cond" truecount="1" falsecount="0"/>
        <line num="24" count="387" type="stmt"/>
        <line num="28" count="6" type="stmt"/>
        <line num="56" count="1" type="stmt"/>
        <line num="57" count="3" type="cond" truecount="0" falsecount="1"/>
        <line num="59" count="3" type="stmt"/>
        <line num="61" count="3" type="cond" truecount="2" falsecount="0"/>
        <line num="62" count="3" type="cond" truecount="1" falsecount="1"/>
        <line num="65" count="3" type="cond" truecount="1" falsecount="1"/>
        <line num="66" count="3" type="cond" truecount="1" falsecount="1"/>
        <line num="67" count="3" type="cond" truecount="1" falsecount="1"/>
        <line num="68" count="3" type="cond" truecount="1" falsecount="1"/>
        <line num="69" count="3" type="cond" truecount="1" falsecount="1"/>
        <line num="72" count="3" type="stmt"/>
        <line num="73" count="3" type="stmt"/>
        <line num="78" count="3" type="stmt"/>
        <line num="79" count="27" type="stmt"/>
        <line num="83" count="27" type="cond" truecount="1" falsecount="1"/>
        <line num="85" count="0" type="stmt"/>
        <line num="86" count="0" type="stmt"/>
        <line num="87" count="27" type="cond" truecount="1" falsecount="1"/>
        <line num="89" count="0" type="stmt"/>
        <line num="90" count="0" type="stmt"/>
        <line num="91" count="27" type="cond" truecount="2" falsecount="0"/>
        <line num="93" count="6" type="stmt"/>
        <line num="94" count="6" type="stmt"/>
        <line num="96" count="21" type="stmt"/>
        <line num="97" count="21" type="stmt"/>
        <line num="100" count="27" type="stmt"/>
        <line num="103" count="27" type="stmt"/>
        <line num="105" count="3" type="cond" truecount="1" falsecount="1"/>
        <line num="106" count="3" type="cond" truecount="1" falsecount="1"/>
        <line num="107" count="3" type="stmt"/>
        <line num="108" count="3" type="stmt"/>
        <line num="110" count="3" type="cond" truecount="1" falsecount="0"/>
        <line num="111" count="6" type="stmt"/>
        <line num="112" count="6" type="stmt"/>
        <line num="113" count="3" type="cond" truecount="0" falsecount="1"/>
        <line num="114" count="0" type="cond" truecount="0" falsecount="2"/>
        <line num="116" count="3" type="cond" truecount="0" falsecount="1"/>
        <line num="117" count="0" type="cond" truecount="0" falsecount="2"/>
        <line num="121" count="3" type="stmt"/>
        <line num="143" count="1" type="stmt"/>
        <line num="159" count="1" type="stmt"/>
        <line num="175" count="20" type="cond" truecount="1" falsecount="0"/>
        <line num="176" count="18" type="cond" truecount="1" falsecount="0"/>
        <line num="177" count="6" type="stmt"/>
        <line num="180" count="1" type="stmt"/>
        <line num="181" count="2" type="stmt"/>
        <line num="182" count="2" type="stmt"/>
        <line num="183" count="20" type="cond" truecount="1" falsecount="1"/>
        <line num="184" count="20" type="stmt"/>
        <line num="185" count="20" type="cond" truecount="1" falsecount="1"/>
        <line num="186" count="20" type="cond" truecount="1" falsecount="1"/>
        <line num="187" count="20" type="stmt"/>
        <line num="188" count="20" type="stmt"/>
        <line num="189" count="20" type="stmt"/>
        <line num="191" count="20" type="stmt"/>
        <line num="214" count="1" type="stmt"/>
        <line num="215" count="1" type="stmt"/>
        <line num="216" count="1" type="stmt"/>
        <line num="219" count="20" type="cond" truecount="1" falsecount="0"/>
        <line num="220" count="8" type="cond" truecount="1" falsecount="0"/>
        <line num="221" count="6" type="cond" truecount="1" falsecount="0"/>
        <line num="222" count="0" type="stmt"/>
        <line num="225" count="1" type="stmt"/>
        <line num="226" count="2" type="stmt"/>
        <line num="227" count="2" type="stmt"/>
        <line num="229" count="2" type="stmt"/>
        <line num="230" count="20" type="cond" truecount="1" falsecount="1"/>
        <line num="231" count="20" type="cond" truecount="1" falsecount="1"/>
        <line num="232" count="20" type="cond" truecount="1" falsecount="1"/>
        <line num="235" count="20" type="cond" truecount="1" falsecount="1"/>
        <line num="236" count="0" type="stmt"/>
        <line num="243" count="20" type="cond" truecount="2" falsecount="2"/>
        <line num="244" count="0" type="stmt"/>
        <line num="251" count="20" type="cond" truecount="2" falsecount="1"/>
        <line num="252" count="0" type="stmt"/>
        <line num="260" count="2" type="stmt"/>
        <line num="284" count="1" type="stmt"/>
        <line num="302" count="1" type="stmt"/>
        <line num="304" count="1" type="stmt"/>
        <line num="305" count="2" type="stmt"/>
        <line num="307" count="20" type="stmt"/>
        <line num="310" count="2" type="cond" truecount="1" falsecount="0"/>
        <line num="311" count="2" type="cond" truecount="1" falsecount="0"/>
        <line num="313" count="2" type="stmt"/>
        <line num="315" count="2" type="stmt"/>
        <line num="316" count="24" type="stmt"/>
        <line num="317" count="360" type="stmt"/>
        <line num="318" count="360" type="cond" truecount="1" falsecount="0"/>
        <line num="319" count="2" type="stmt"/>
        <line num="331" count="2" type="stmt"/>
        <line num="332" count="2" type="stmt"/>
        <line num="347" count="1" type="stmt"/>
        <line num="383" count="1" type="stmt"/>
        <line num="561" count="1" type="stmt"/>
        <line num="563" count="0" type="cond" truecount="0" falsecount="4"/>
        <line num="564" count="0" type="stmt"/>
        <line num="565" count="0" type="stmt"/>
        <line num="566" count="0" type="cond" truecount="0" falsecount="2"/>
        <line num="568" count="0" type="stmt"/>
        <line num="571" count="1" type="stmt"/>
        <line num="572" count="0" type="stmt"/>
        <line num="573" count="0" type="stmt"/>
        <line num="574" count="0" type="cond" truecount="0" falsecount="2"/>
        <line num="575" count="0" type="stmt"/>
        <line num="592" count="1" type="stmt"/>
        <line num="593" count="0" type="cond" truecount="0" falsecount="1"/>
        <line num="595" count="0" type="stmt"/>
        <line num="596" count="0" type="stmt"/>
        <line num="597" count="0" type="stmt"/>
        <line num="598" count="0" type="stmt"/>
        <line num="599" count="0" type="stmt"/>
        <line num="600" count="0" type="stmt"/>
        <line num="602" count="0" type="stmt"/>
        <line num="603" count="0" type="cond" truecount="0" falsecount="2"/>
        <line num="605" count="0" type="stmt"/>
        <line num="608" count="0" type="stmt"/>
        <line num="609" count="0" type="stmt"/>
        <line num="610" count="0" type="stmt"/>
        <line num="611" count="0" type="stmt"/>
        <line num="612" count="0" type="stmt"/>
        <line num="614" count="0" type="cond" truecount="0" falsecount="3"/>
        <line num="615" count="0" type="stmt"/>
        <line num="616" count="0" type="stmt"/>
        <line num="617" count="0" type="stmt"/>
        <line num="618" count="0" type="stmt"/>
        <line num="619" count="0" type="stmt"/>
        <line num="620" count="0" type="stmt"/>
        <line num="621" count="0" type="cond" truecount="0" falsecount="1"/>
        <line num="624" count="0" type="stmt"/>
        <line num="629" count="0" type="cond" truecount="0" falsecount="2"/>
        <line num="632" count="0" type="stmt"/>
        <line num="637" count="0" type="stmt"/>
        <line num="638" count="0" type="cond" truecount="0" falsecount="2"/>
        <line num="641" count="0" type="stmt"/>
        <line num="646" count="0" type="cond" truecount="0" falsecount="2"/>
        <line num="649" count="0" type="stmt"/>
        <line num="654" count="0" type="cond" truecount="0" falsecount="2"/>
        <line num="657" count="0" type="cond" truecount="0" falsecount="2"/>
        <line num="660" count="0" type="stmt"/>
        <line num="665" count="0" type="stmt"/>
        <line num="666" count="0" type="cond" truecount="0" falsecount="2"/>
        <line num="669" count="0" type="stmt"/>
        <line num="673" count="0" type="stmt"/>
        <line num="689" count="1" type="stmt"/>
        <line num="693" count="0" type="stmt"/>
        <line num="694" count="0" type="stmt"/>
        <line num="696" count="0" type="stmt"/>
        <line num="699" count="0" type="stmt"/>
        <line num="718" count="0" type="cond" truecount="0" falsecount="3"/>
        <line num="719" count="0" type="cond" truecount="0" falsecount="3"/>
        <line num="720" count="0" type="stmt"/>
        <line num="721" count="0" type="cond" truecount="0" falsecount="2"/>
        <line num="724" count="0" type="stmt"/>
        <line num="725" count="0" type="stmt"/>
        <line num="726" count="0" type="stmt"/>
        <line num="727" count="0" type="cond" truecount="0" falsecount="3"/>
        <line num="730" count="0" type="stmt"/>
        <line num="732" count="0" type="cond" truecount="0" falsecount="1"/>
        <line num="733" count="0" type="stmt"/>
        <line num="736" count="0" type="stmt"/>
        <line num="737" count="0" type="stmt"/>
        <line num="738" count="0" type="stmt"/>
        <line num="739" count="0" type="stmt"/>
        <line num="741" count="0" type="stmt"/>
        <line num="745" count="0" type="stmt"/>
        <line num="746" count="0" type="stmt"/>
        <line num="747" count="0" type="stmt"/>
        <line num="748" count="0" type="cond" truecount="0" falsecount="3"/>
        <line num="749" count="0" type="stmt"/>
        <line num="750" count="0" type="cond" truecount="0" falsecount="1"/>
        <line num="751" count="0" type="stmt"/>
        <line num="759" count="0" type="cond" truecount="0" falsecount="4"/>
        <line num="760" count="0" type="stmt"/>
        <line num="761" count="0" type="cond" truecount="0" falsecount="1"/>
        <line num="762" count="0" type="stmt"/>
        <line num="765" count="0" type="cond" truecount="0" falsecount="4"/>
        <line num="766" count="0" type="stmt"/>
        <line num="767" count="0" type="cond" truecount="0" falsecount="1"/>
        <line num="768" count="0" type="stmt"/>
        <line num="773" count="0" type="cond" truecount="0" falsecount="4"/>
        <line num="775" count="0" type="stmt"/>
        <line num="791" count="1" type="stmt"/>
        <line num="807" count="0" type="stmt"/>
        <line num="808" count="0" type="cond" truecount="0" falsecount="1"/>
        <line num="809" count="0" type="stmt"/>
        <line num="810" count="0" type="stmt"/>
        <line num="811" count="0" type="cond" truecount="0" falsecount="1"/>
        <line num="812" count="0" type="stmt"/>
        <line num="814" count="0" type="stmt"/>
        <line num="817" count="1" type="stmt"/>
        <line num="818" count="0" type="stmt"/>
        <line num="819" count="0" type="stmt"/>
        <line num="820" count="0" type="cond" truecount="0" falsecount="2"/>
        <line num="821" count="0" type="stmt"/>
        <line num="822" count="0" type="stmt"/>
        <line num="845" count="1" type="stmt"/>
        <line num="847" count="1" type="stmt"/>
        <line num="848" count="0" type="stmt"/>
        <line num="849" count="0" type="stmt"/>
        <line num="850" count="0" type="cond" truecount="0" falsecount="2"/>
        <line num="851" count="0" type="stmt"/>
        <line num="852" count="0" type="stmt"/>
        <line num="853" count="0" type="stmt"/>
        <line num="854" count="0" type="stmt"/>
        <line num="863" count="1" type="stmt"/>
        <line num="882" count="1" type="stmt"/>
        <line num="883" count="1" type="stmt"/>
        <line num="885" count="1" type="stmt"/>
        <line num="886" count="0" type="stmt"/>
        <line num="887" count="0" type="stmt"/>
        <line num="888" count="0" type="cond" truecount="0" falsecount="2"/>
        <line num="889" count="0" type="cond" truecount="0" falsecount="2"/>
        <line num="891" count="0" type="stmt"/>
        <line num="892" count="0" type="stmt"/>
        <line num="893" count="0" type="cond" truecount="0" falsecount="2"/>
        <line num="894" count="0" type="stmt"/>
        <line num="895" count="0" type="stmt"/>
        <line num="898" count="0" type="cond" truecount="0" falsecount="2"/>
        <line num="899" count="0" type="stmt"/>
        <line num="900" count="0" type="stmt"/>
        <line num="901" count="0" type="cond" truecount="0" falsecount="2"/>
        <line num="902" count="0" type="stmt"/>
        <line num="903" count="0" type="stmt"/>
        <line num="904" count="0" type="cond" truecount="0" falsecount="1"/>
        <line num="905" count="0" type="stmt"/>
        <line num="906" count="0" type="stmt"/>
        <line num="910" count="0" type="cond" truecount="0" falsecount="2"/>
        <line num="911" count="0" type="stmt"/>
        <line num="912" count="0" type="stmt"/>
        <line num="913" count="0" type="cond" truecount="0" falsecount="3"/>
        <line num="914" count="0" type="stmt"/>
        <line num="915" count="0" type="stmt"/>
        <line num="919" count="0" type="cond" truecount="0" falsecount="1"/>
        <line num="920" count="0" type="stmt"/>
        <line num="924" count="0" type="cond" truecount="0" falsecount="2"/>
        <line num="925" count="0" type="cond" truecount="0" falsecount="2"/>
        <line num="926" count="0" type="stmt"/>
        <line num="927" count="0" type="stmt"/>
        <line num="928" count="0" type="cond" truecount="0" falsecount="1"/>
        <line num="929" count="0" type="stmt"/>
        <line num="930" count="0" type="stmt"/>
        <line num="935" count="0" type="stmt"/>
        <line num="936" count="0" type="stmt"/>
        <line num="937" count="0" type="cond" truecount="0" falsecount="4"/>
        <line num="938" count="0" type="stmt"/>
        <line num="939" count="0" type="stmt"/>
        <line num="940" count="0" type="cond" truecount="0" falsecount="3"/>
        <line num="941" count="0" type="stmt"/>
        <line num="942" count="0" type="stmt"/>
        <line num="946" count="0" type="stmt"/>
        <line num="947" count="0" type="cond" truecount="0" falsecount="4"/>
        <line num="948" count="0" type="cond" truecount="0" falsecount="1"/>
        <line num="949" count="0" type="cond" truecount="0" falsecount="2"/>
        <line num="950" count="0" type="cond" truecount="0" falsecount="3"/>
        <line num="951" count="0" type="cond" truecount="0" falsecount="2"/>
        <line num="952" count="0" type="cond" truecount="0" falsecount="1"/>
        <line num="954" count="0" type="cond" truecount="0" falsecount="3"/>
        <line num="955" count="0" type="cond" truecount="0" falsecount="1"/>
        <line num="956" count="0" type="stmt"/>
        <line num="957" count="0" type="stmt"/>
        <line num="963" count="0" type="cond" truecount="0" falsecount="1"/>
        <line num="964" count="0" type="stmt"/>
        <line num="965" count="0" type="cond" truecount="0" falsecount="2"/>
        <line num="966" count="0" type="stmt"/>
        <line num="967" count="0" type="stmt"/>
        <line num="968" count="0" type="cond" truecount="0" falsecount="2"/>
        <line num="969" count="0" type="stmt"/>
        <line num="970" count="0" type="stmt"/>
        <line num="971" count="0" type="cond" truecount="0" falsecount="1"/>
        <line num="972" count="0" type="stmt"/>
        <line num="973" count="0" type="stmt"/>
        <line num="977" count="0" type="stmt"/>
        <line num="978" count="0" type="stmt"/>
        <line num="982" count="0" type="stmt"/>
        <line num="983" count="0" type="stmt"/>
        <line num="984" count="0" type="stmt"/>
        <line num="985" count="0" type="cond" truecount="0" falsecount="8"/>
        <line num="988" count="0" type="stmt"/>
        <line num="1000" count="1" type="stmt"/>
        <line num="1001" count="0" type="stmt"/>
        <line num="1002" count="0" type="stmt"/>
        <line num="1004" count="0" type="stmt"/>
        <line num="1007" count="0" type="stmt"/>
        <line num="1008" count="0" type="stmt"/>
        <line num="1010" count="0" type="stmt"/>
        <line num="1032" count="1" type="stmt"/>
        <line num="1036" count="0" type="stmt"/>
        <line num="1037" count="0" type="cond" truecount="0" falsecount="1"/>
        <line num="1038" count="0" type="cond" truecount="0" falsecount="1"/>
        <line num="1040" count="0" type="cond" truecount="0" falsecount="2"/>
        <line num="1041" count="0" type="stmt"/>
        <line num="1042" count="0" type="stmt"/>
        <line num="1043" count="0" type="stmt"/>
        <line num="1044" count="0" type="stmt"/>
        <line num="1045" count="0" type="stmt"/>
        <line num="1046" count="0" type="stmt"/>
        <line num="1047" count="0" type="stmt"/>
        <line num="1050" count="0" type="stmt"/>
        <line num="1051" count="0" type="stmt"/>
        <line num="1052" count="0" type="stmt"/>
        <line num="1053" count="0" type="stmt"/>
        <line num="1054" count="0" type="cond" truecount="0" falsecount="1"/>
        <line num="1055" count="0" type="cond" truecount="0" falsecount="1"/>
        <line num="1056" count="0" type="stmt"/>
        <line num="1057" count="0" type="stmt"/>
        <line num="1058" count="0" type="cond" truecount="0" falsecount="2"/>
        <line num="1059" count="0" type="stmt"/>
        <line num="1061" count="0" type="stmt"/>
        <line num="1064" count="0" type="stmt"/>
        <line num="1067" count="0" type="stmt"/>
        <line num="1082" count="1" type="stmt"/>
        <line num="1088" count="1" type="stmt"/>
        <line num="1089" count="0" type="cond" truecount="0" falsecount="3"/>
        <line num="1091" count="0" type="stmt"/>
        <line num="1092" count="0" type="stmt"/>
        <line num="1093" count="0" type="cond" truecount="0" falsecount="1"/>
        <line num="1095" count="0" type="stmt"/>
        <line num="1096" count="0" type="stmt"/>
        <line num="1097" count="0" type="cond" truecount="0" falsecount="4"/>
        <line num="1098" count="0" type="cond" truecount="0" falsecount="1"/>
        <line num="1100" count="0" type="stmt"/>
        <line num="1101" count="0" type="stmt"/>
        <line num="1102" count="0" type="cond" truecount="0" falsecount="4"/>
        <line num="1103" count="0" type="cond" truecount="0" falsecount="2"/>
        <line num="1105" count="0" type="stmt"/>
        <line num="1120" count="0" type="stmt"/>
        <line num="1147" count="1" type="stmt"/>
        <line num="1149" count="0" type="stmt"/>
        <line num="1150" count="0" type="stmt"/>
        <line num="1155" count="0" type="stmt"/>
        <line num="1159" count="0" type="stmt"/>
        <line num="1165" count="0" type="stmt"/>
        <line num="1169" count="0" type="stmt"/>
        <line num="1170" count="0" type="cond" truecount="0" falsecount="2"/>
        <line num="1171" count="0" type="stmt"/>
        <line num="1172" count="0" type="cond" truecount="0" falsecount="1"/>
        <line num="1173" count="0" type="cond" truecount="0" falsecount="1"/>
        <line num="1174" count="0" type="cond" truecount="0" falsecount="1"/>
        <line num="1175" count="0" type="cond" truecount="0" falsecount="1"/>
        <line num="1176" count="0" type="stmt"/>
        <line num="1179" count="0" type="stmt"/>
      </file>
      <file name="aspectPatterns.ts" path="/Users/brittany/mysky/services/astrology/aspectPatterns.ts">
        <metrics statements="143" coveredstatements="111" conditionals="97" coveredconditionals="67" methods="11" coveredmethods="11"/>
        <line num="41" count="18" type="stmt"/>
        <line num="48" count="4680" type="stmt"/>
        <line num="49" count="4680" type="cond" truecount="1" falsecount="0"/>
        <line num="50" count="4680" type="stmt"/>
        <line num="54" count="2664" type="cond" truecount="2" falsecount="0"/>
        <line num="61" count="6" type="stmt"/>
        <line num="62" count="6" type="stmt"/>
        <line num="63" count="6" type="stmt"/>
        <line num="64" count="6" type="stmt"/>
        <line num="65" count="6" type="stmt"/>
        <line num="66" count="6" type="stmt"/>
        <line num="67" count="6" type="stmt"/>
        <line num="70" count="6" type="stmt"/>
        <line num="71" count="60" type="stmt"/>
        <line num="72" count="270" type="cond" truecount="1" falsecount="0"/>
        <line num="73" count="30" type="stmt"/>
        <line num="74" count="42" type="cond" truecount="3" falsecount="0"/>
        <line num="76" count="6" type="stmt"/>
        <line num="77" count="6" type="stmt"/>
        <line num="78" count="6" type="stmt"/>
        <line num="89" count="6" type="stmt"/>
        <line num="90" count="60" type="stmt"/>
        <line num="91" count="270" type="cond" truecount="1" falsecount="0"/>
        <line num="92" count="18" type="stmt"/>
        <line num="93" count="180" type="cond" truecount="3" falsecount="0"/>
        <line num="94" count="144" type="cond" truecount="3" falsecount="0"/>
        <line num="96" count="12" type="stmt"/>
        <line num="97" count="12" type="stmt"/>
        <line num="98" count="12" type="stmt"/>
        <line num="109" count="6" type="stmt"/>
        <line num="110" count="60" type="stmt"/>
        <line num="111" count="270" type="cond" truecount="1" falsecount="0"/>
        <line num="112" count="18" type="stmt"/>
        <line num="113" count="60" type="cond" truecount="1" falsecount="0"/>
        <line num="114" count="0" type="stmt"/>
        <line num="115" count="0" type="cond" truecount="0" falsecount="5"/>
        <line num="119" count="0" type="stmt"/>
        <line num="120" count="0" type="stmt"/>
        <line num="132" count="6" type="stmt"/>
        <line num="133" count="60" type="stmt"/>
        <line num="134" count="270" type="cond" truecount="1" falsecount="0"/>
        <line num="135" count="42" type="stmt"/>
        <line num="136" count="420" type="cond" truecount="3" falsecount="0"/>
        <line num="137" count="336" type="cond" truecount="2" falsecount="1"/>
        <line num="139" count="0" type="stmt"/>
        <line num="140" count="0" type="stmt"/>
        <line num="141" count="0" type="stmt"/>
        <line num="152" count="6" type="stmt"/>
        <line num="153" count="60" type="stmt"/>
        <line num="154" count="270" type="cond" truecount="1" falsecount="0"/>
        <line num="155" count="30" type="stmt"/>
        <line num="156" count="42" type="cond" truecount="3" falsecount="0"/>
        <line num="157" count="36" type="stmt"/>
        <line num="159" count="6" type="stmt"/>
        <line num="160" count="60" type="cond" truecount="4" falsecount="0"/>
        <line num="162" count="42" type="stmt"/>
        <line num="163" count="42" type="stmt"/>
        <line num="164" count="126" type="cond" truecount="1" falsecount="0"/>
        <line num="165" count="54" type="stmt"/>
        <line num="166" count="18" type="cond" truecount="3" falsecount="0"/>
        <line num="168" count="12" type="stmt"/>
        <line num="169" count="12" type="stmt"/>
        <line num="182" count="6" type="stmt"/>
        <line num="183" count="60" type="stmt"/>
        <line num="184" count="270" type="cond" truecount="1" falsecount="0"/>
        <line num="185" count="18" type="stmt"/>
        <line num="186" count="60" type="cond" truecount="3" falsecount="0"/>
        <line num="187" count="30" type="stmt"/>
        <line num="188" count="30" type="stmt"/>
        <line num="189" count="42" type="cond" truecount="1" falsecount="0"/>
        <line num="191" count="12" type="cond" truecount="1" falsecount="1"/>
        <line num="193" count="12" type="cond" truecount="1" falsecount="1"/>
        <line num="195" count="12" type="cond" truecount="2" falsecount="0"/>
        <line num="197" count="12" type="cond" truecount="2" falsecount="0"/>
        <line num="199" count="12" type="cond" truecount="3" falsecount="2"/>
        <line num="200" count="12" type="stmt"/>
        <line num="201" count="12" type="stmt"/>
        <line num="213" count="6" type="stmt"/>
        <line num="214" count="6" type="stmt"/>
        <line num="215" count="42" type="stmt"/>
        <line num="216" count="42" type="cond" truecount="0" falsecount="1"/>
        <line num="217" count="42" type="stmt"/>
        <line num="218" count="42" type="stmt"/>
        <line num="225" count="6" type="stmt"/>
        <line num="226" count="60" type="cond" truecount="0" falsecount="1"/>
        <line num="228" count="6" type="stmt"/>
        <line num="229" count="6" type="stmt"/>
        <line num="231" count="6" type="stmt"/>
        <line num="232" count="6" type="stmt"/>
        <line num="233" count="60" type="cond" truecount="2" falsecount="0"/>
        <line num="234" count="60" type="cond" truecount="2" falsecount="0"/>
        <line num="237" count="6" type="stmt"/>
        <line num="238" count="6" type="stmt"/>
        <line num="240" count="6" type="stmt"/>
        <line num="241" count="6" type="stmt"/>
        <line num="243" count="6" type="cond" truecount="2" falsecount="2"/>
        <line num="244" count="0" type="stmt"/>
        <line num="245" count="0" type="stmt"/>
        <line num="246" count="6" type="cond" truecount="2" falsecount="2"/>
        <line num="247" count="0" type="stmt"/>
        <line num="248" count="0" type="stmt"/>
        <line num="249" count="6" type="cond" truecount="3" falsecount="1"/>
        <line num="250" count="0" type="stmt"/>
        <line num="251" count="0" type="stmt"/>
        <line num="252" count="6" type="cond" truecount="3" falsecount="1"/>
        <line num="253" count="6" type="stmt"/>
        <line num="254" count="6" type="stmt"/>
        <line num="255" count="0" type="cond" truecount="0" falsecount="2"/>
        <line num="256" count="0" type="stmt"/>
        <line num="257" count="0" type="stmt"/>
        <line num="258" count="0" type="cond" truecount="0" falsecount="2"/>
        <line num="259" count="0" type="stmt"/>
        <line num="260" count="0" type="stmt"/>
        <line num="261" count="0" type="cond" truecount="0" falsecount="2"/>
        <line num="262" count="0" type="stmt"/>
        <line num="263" count="0" type="stmt"/>
        <line num="264" count="0" type="cond" truecount="0" falsecount="2"/>
        <line num="265" count="0" type="stmt"/>
        <line num="266" count="0" type="stmt"/>
        <line num="268" count="0" type="stmt"/>
        <line num="269" count="0" type="stmt"/>
        <line num="272" count="6" type="stmt"/>
        <line num="278" count="6" type="stmt"/>
        <line num="279" count="60" type="cond" truecount="0" falsecount="1"/>
        <line num="281" count="6" type="stmt"/>
        <line num="282" count="6" type="stmt"/>
        <line num="284" count="6" type="stmt"/>
        <line num="285" count="6" type="stmt"/>
        <line num="286" count="60" type="cond" truecount="2" falsecount="0"/>
        <line num="287" count="24" type="cond" truecount="2" falsecount="0"/>
        <line num="288" count="18" type="stmt"/>
        <line num="291" count="6" type="stmt"/>
        <line num="295" count="6" type="cond" truecount="1" falsecount="1"/>
        <line num="296" count="6" type="stmt"/>
        <line num="297" count="6" type="stmt"/>
        <line num="298" count="0" type="cond" truecount="0" falsecount="2"/>
        <line num="299" count="0" type="stmt"/>
        <line num="300" count="0" type="stmt"/>
        <line num="302" count="0" type="stmt"/>
        <line num="303" count="0" type="stmt"/>
        <line num="306" count="6" type="stmt"/>
        <line num="311" count="1" type="stmt"/>
        <line num="312" count="6" type="stmt"/>
      </file>
      <file name="astrologySettingsService.ts" path="/Users/brittany/mysky/services/astrology/astrologySettingsService.ts">
        <metrics statements="73" coveredstatements="13" conditionals="20" coveredconditionals="0" methods="24" coveredmethods="0"/>
        <line num="14" count="3" type="stmt"/>
        <line num="15" count="3" type="stmt"/>
        <line num="80" count="3" type="stmt"/>
        <line num="82" count="3" type="stmt"/>
        <line num="92" count="3" type="stmt"/>
        <line num="97" count="3" type="stmt"/>
        <line num="104" count="3" type="stmt"/>
        <line num="110" count="3" type="stmt"/>
        <line num="117" count="3" type="stmt"/>
        <line num="159" count="3" type="stmt"/>
        <line num="176" count="3" type="stmt"/>
        <line num="177" count="3" type="stmt"/>
        <line num="180" count="0" type="stmt"/>
        <line num="181" count="0" type="stmt"/>
        <line num="182" count="0" type="stmt"/>
        <line num="184" count="0" type="stmt"/>
        <line num="194" count="0" type="cond" truecount="0" falsecount="1"/>
        <line num="195" count="0" type="stmt"/>
        <line num="198" count="0" type="stmt"/>
        <line num="199" count="0" type="stmt"/>
        <line num="201" count="0" type="cond" truecount="0" falsecount="2"/>
        <line num="202" count="0" type="stmt"/>
        <line num="204" count="0" type="stmt"/>
        <line num="206" count="0" type="stmt"/>
        <line num="209" count="0" type="stmt"/>
        <line num="211" count="0" type="stmt"/>
        <line num="212" count="0" type="stmt"/>
        <line num="213" count="0" type="stmt"/>
        <line num="221" count="0" type="stmt"/>
        <line num="222" count="0" type="stmt"/>
        <line num="223" count="0" type="stmt"/>
        <line num="229" count="0" type="stmt"/>
        <line num="230" count="0" type="stmt"/>
        <line num="231" count="0" type="stmt"/>
        <line num="233" count="0" type="stmt"/>
        <line num="238" count="0" type="stmt"/>
        <line num="240" count="0" type="stmt"/>
        <line num="241" count="0" type="stmt"/>
        <line num="249" count="0" type="stmt"/>
        <line num="250" count="0" type="stmt"/>
        <line num="257" count="0" type="stmt"/>
        <line num="264" count="0" type="stmt"/>
        <line num="265" count="0" type="stmt"/>
        <line num="272" count="0" type="stmt"/>
        <line num="279" count="0" type="stmt"/>
        <line num="280" count="0" type="stmt"/>
        <line num="287" count="0" type="stmt"/>
        <line num="294" count="0" type="stmt"/>
        <line num="295" count="0" type="stmt"/>
        <line num="302" count="0" type="stmt"/>
        <line num="309" count="0" type="stmt"/>
        <line num="311" count="0" type="cond" truecount="0" falsecount="4"/>
        <line num="312" count="0" type="stmt"/>
        <line num="316" count="0" type="cond" truecount="0" falsecount="2"/>
        <line num="323" count="0" type="stmt"/>
        <line num="324" count="0" type="cond" truecount="0" falsecount="3"/>
        <line num="331" count="0" type="stmt"/>
        <line num="332" count="0" type="stmt"/>
        <line num="333" count="0" type="stmt"/>
        <line num="334" count="0" type="stmt"/>
        <line num="335" count="0" type="stmt"/>
        <line num="342" count="0" type="stmt"/>
        <line num="351" count="0" type="cond" truecount="0" falsecount="2"/>
        <line num="352" count="0" type="cond" truecount="0" falsecount="2"/>
        <line num="360" count="0" type="stmt"/>
        <line num="364" count="0" type="stmt"/>
        <line num="365" count="0" type="stmt"/>
        <line num="366" count="0" type="stmt"/>
        <line num="374" count="0" type="stmt"/>
        <line num="375" count="0" type="cond" truecount="0" falsecount="2"/>
        <line num="382" count="0" type="stmt"/>
        <line num="383" count="0" type="cond" truecount="0" falsecount="2"/>
        <line num="388" count="3" type="stmt"/>
      </file>
      <file name="calculator.ts" path="/Users/brittany/mysky/services/astrology/calculator.ts">
        <metrics statements="395" coveredstatements="260" conditionals="245" coveredconditionals="122" methods="45" coveredmethods="36"/>
        <line num="1" count="4" type="stmt"/>
        <line num="14" count="4" type="stmt"/>
        <line num="15" count="4" type="stmt"/>
        <line num="16" count="4" type="stmt"/>
        <line num="17" count="4" type="stmt"/>
        <line num="46" count="4" type="stmt"/>
        <line num="47" count="4" type="stmt"/>
        <line num="48" count="4" type="stmt"/>
        <line num="57" count="4" type="stmt"/>
        <line num="60" count="4" type="stmt"/>
        <line num="64" count="1" type="cond" truecount="1" falsecount="4"/>
        <line num="65" count="0" type="stmt"/>
        <line num="66" count="0" type="stmt"/>
        <line num="67" count="0" type="stmt"/>
        <line num="68" count="0" type="stmt"/>
        <line num="69" count="1" type="stmt"/>
        <line num="77" count="4" type="stmt"/>
        <line num="90" count="37" type="stmt"/>
        <line num="91" count="37" type="stmt"/>
        <line num="92" count="37" type="stmt"/>
        <line num="94" count="37" type="cond" truecount="2" falsecount="0"/>
        <line num="95" count="37" type="cond" truecount="2" falsecount="0"/>
        <line num="97" count="37" type="stmt"/>
        <line num="110" count="3" type="cond" truecount="2" falsecount="0"/>
        <line num="111" count="3" type="stmt"/>
        <line num="118" count="3" type="cond" truecount="0" falsecount="1"/>
        <line num="119" count="0" type="stmt"/>
        <line num="128" count="3" type="stmt"/>
        <line num="132" count="3" type="stmt"/>
        <line num="133" count="3" type="stmt"/>
        <line num="134" count="3" type="stmt"/>
        <line num="135" count="47" type="stmt"/>
        <line num="136" count="350" type="stmt"/>
        <line num="137" count="350" type="stmt"/>
        <line num="138" count="350" type="stmt"/>
        <line num="140" count="350" type="stmt"/>
        <line num="141" count="1549" type="stmt"/>
        <line num="142" count="1549" type="cond" truecount="1" falsecount="0"/>
        <line num="143" count="102" type="stmt"/>
        <line num="150" count="102" type="stmt"/>
        <line num="155" count="390" type="stmt"/>
        <line num="156" count="3" type="stmt"/>
        <line num="162" count="2" type="stmt"/>
        <line num="165" count="4" type="stmt"/>
        <line num="166" count="4" type="stmt"/>
        <line num="167" count="4" type="stmt"/>
        <line num="170" count="4" type="stmt"/>
        <line num="171" count="4" type="stmt"/>
        <line num="174" count="12" type="stmt"/>
        <line num="190" count="0" type="stmt"/>
        <line num="194" count="12" type="stmt"/>
        <line num="195" count="12" type="stmt"/>
        <line num="196" count="12" type="cond" truecount="1" falsecount="0"/>
        <line num="198" count="4" type="stmt"/>
        <line num="199" count="4" type="stmt"/>
        <line num="200" count="4" type="stmt"/>
        <line num="203" count="3" type="cond" truecount="0" falsecount="1"/>
        <line num="204" count="0" type="stmt"/>
        <line num="205" count="0" type="cond" truecount="0" falsecount="1"/>
        <line num="207" count="3" type="stmt"/>
        <line num="209" count="3" type="stmt"/>
        <line num="211" count="1" type="cond" truecount="1" falsecount="1"/>
        <line num="212" count="1" type="stmt"/>
        <line num="213" count="1" type="stmt"/>
        <line num="218" count="4" type="stmt"/>
        <line num="219" count="3" type="stmt"/>
        <line num="221" count="3" type="cond" truecount="2" falsecount="0"/>
        <line num="224" count="3" type="cond" truecount="0" falsecount="1"/>
        <line num="225" count="0" type="stmt"/>
        <line num="226" count="0" type="stmt"/>
        <line num="230" count="0" type="stmt"/>
        <line num="235" count="3" type="stmt"/>
        <line num="236" count="3" type="stmt"/>
        <line num="253" count="0" type="cond" truecount="0" falsecount="2"/>
        <line num="256" count="0" type="cond" truecount="0" falsecount="2"/>
        <line num="257" count="0" type="cond" truecount="0" falsecount="2"/>
        <line num="258" count="0" type="stmt"/>
        <line num="259" count="0" type="cond" truecount="0" falsecount="2"/>
        <line num="261" count="0" type="stmt"/>
        <line num="265" count="0" type="stmt"/>
        <line num="266" count="0" type="cond" truecount="0" falsecount="2"/>
        <line num="267" count="0" type="cond" truecount="0" falsecount="2"/>
        <line num="270" count="0" type="stmt"/>
        <line num="271" count="0" type="stmt"/>
        <line num="288" count="0" type="stmt"/>
        <line num="289" count="0" type="stmt"/>
        <line num="290" count="0" type="stmt"/>
        <line num="292" count="0" type="stmt"/>
        <line num="293" count="0" type="stmt"/>
        <line num="296" count="0" type="cond" truecount="0" falsecount="2"/>
        <line num="297" count="0" type="stmt"/>
        <line num="298" count="0" type="stmt"/>
        <line num="304" count="0" type="stmt"/>
        <line num="305" count="0" type="stmt"/>
        <line num="306" count="0" type="stmt"/>
        <line num="307" count="0" type="stmt"/>
        <line num="308" count="0" type="stmt"/>
        <line num="310" count="0" type="cond" truecount="0" falsecount="4"/>
        <line num="312" count="0" type="stmt"/>
        <line num="314" count="0" type="cond" truecount="0" falsecount="1"/>
        <line num="315" count="0" type="stmt"/>
        <line num="316" count="0" type="stmt"/>
        <line num="322" count="0" type="stmt"/>
        <line num="323" count="0" type="stmt"/>
        <line num="326" count="0" type="cond" truecount="0" falsecount="1"/>
        <line num="327" count="0" type="stmt"/>
        <line num="328" count="0" type="stmt"/>
        <line num="334" count="0" type="stmt"/>
        <line num="336" count="0" type="stmt"/>
        <line num="337" count="0" type="stmt"/>
        <line num="338" count="0" type="stmt"/>
        <line num="344" count="0" type="stmt"/>
        <line num="347" count="0" type="cond" truecount="0" falsecount="1"/>
        <line num="348" count="0" type="stmt"/>
        <line num="349" count="0" type="stmt"/>
        <line num="350" count="0" type="stmt"/>
        <line num="356" count="0" type="stmt"/>
        <line num="359" count="0" type="cond" truecount="0" falsecount="1"/>
        <line num="360" count="0" type="stmt"/>
        <line num="361" count="0" type="stmt"/>
        <line num="362" count="0" type="stmt"/>
        <line num="363" count="0" type="stmt"/>
        <line num="364" count="0" type="stmt"/>
        <line num="370" count="0" type="stmt"/>
        <line num="376" count="0" type="stmt"/>
        <line num="377" count="0" type="stmt"/>
        <line num="381" count="0" type="stmt"/>
        <line num="382" count="0" type="stmt"/>
        <line num="383" count="0" type="stmt"/>
        <line num="391" count="0" type="stmt"/>
        <line num="398" count="0" type="stmt"/>
        <line num="402" count="0" type="stmt"/>
        <line num="422" count="3" type="stmt"/>
        <line num="432" count="3" type="stmt"/>
        <line num="444" count="3" type="stmt"/>
        <line num="448" count="3" type="stmt"/>
        <line num="451" count="3" type="cond" truecount="3" falsecount="0"/>
        <line num="452" count="2" type="stmt"/>
        <line num="455" count="3" type="stmt"/>
        <line num="484" count="3" type="cond" truecount="3" falsecount="0"/>
        <line num="485" count="2" type="cond" truecount="2" falsecount="1"/>
        <line num="486" count="0" type="stmt"/>
        <line num="490" count="2" type="cond" truecount="4" falsecount="2"/>
        <line num="492" count="2" type="cond" truecount="4" falsecount="2"/>
        <line num="495" count="2" type="stmt"/>
        <line num="496" count="22" type="stmt"/>
        <line num="497" count="22" type="cond" truecount="2" falsecount="1"/>
        <line num="500" count="2" type="stmt"/>
        <line num="501" count="2" type="stmt"/>
        <line num="505" count="3" type="stmt"/>
        <line num="506" count="3" type="cond" truecount="2" falsecount="0"/>
        <line num="507" count="47" type="stmt"/>
        <line num="508" count="3" type="stmt"/>
        <line num="509" count="3" type="stmt"/>
        <line num="512" count="3" type="stmt"/>
        <line num="516" count="3" type="cond" truecount="3" falsecount="0"/>
        <line num="517" count="2" type="stmt"/>
        <line num="518" count="2" type="stmt"/>
        <line num="519" count="2" type="stmt"/>
        <line num="521" count="2" type="cond" truecount="4" falsecount="0"/>
        <line num="522" count="2" type="stmt"/>
        <line num="524" count="2" type="cond" truecount="1" falsecount="1"/>
        <line num="528" count="2" type="stmt"/>
        <line num="529" count="2" type="stmt"/>
        <line num="531" count="2" type="cond" truecount="3" falsecount="1"/>
        <line num="533" count="2" type="stmt"/>
        <line num="542" count="2" type="stmt"/>
        <line num="547" count="3" type="stmt"/>
        <line num="549" count="3" type="stmt"/>
        <line num="553" count="3" type="cond" truecount="3" falsecount="0"/>
        <line num="554" count="1" type="stmt"/>
        <line num="555" count="1" type="stmt"/>
        <line num="556" count="1" type="stmt"/>
        <line num="557" count="1" type="cond" truecount="1" falsecount="1"/>
        <line num="558" count="0" type="stmt"/>
        <line num="563" count="1" type="stmt"/>
        <line num="564" count="1" type="stmt"/>
        <line num="565" count="2" type="stmt"/>
        <line num="566" count="1" type="cond" truecount="1" falsecount="0"/>
        <line num="567" count="1" type="stmt"/>
        <line num="568" count="1" type="stmt"/>
        <line num="569" count="1" type="stmt"/>
        <line num="570" count="1" type="stmt"/>
        <line num="571" count="1" type="stmt"/>
        <line num="572" count="5" type="stmt"/>
        <line num="573" count="5" type="stmt"/>
        <line num="574" count="5" type="cond" truecount="1" falsecount="1"/>
        <line num="575" count="5" type="cond" truecount="1" falsecount="0"/>
        <line num="577" count="1" type="stmt"/>
        <line num="587" count="0" type="stmt"/>
        <line num="591" count="3" type="stmt"/>
        <line num="640" count="4" type="cond" truecount="2" falsecount="0"/>
        <line num="642" count="1" type="stmt"/>
        <line num="643" count="1" type="stmt"/>
        <line num="645" count="3" type="cond" truecount="2" falsecount="0"/>
        <line num="648" count="4" type="stmt"/>
        <line num="658" count="2" type="cond" truecount="1" falsecount="4"/>
        <line num="659" count="0" type="stmt"/>
        <line num="660" count="0" type="stmt"/>
        <line num="661" count="0" type="stmt"/>
        <line num="662" count="0" type="stmt"/>
        <line num="663" count="2" type="stmt"/>
        <line num="668" count="3" type="stmt"/>
        <line num="669" count="3" type="cond" truecount="1" falsecount="0"/>
        <line num="670" count="1" type="stmt"/>
        <line num="671" count="1" type="stmt"/>
        <line num="679" count="2" type="stmt"/>
        <line num="689" count="3" type="stmt"/>
        <line num="703" count="3" type="cond" truecount="1" falsecount="1"/>
        <line num="704" count="3" type="stmt"/>
        <line num="705" count="3" type="stmt"/>
        <line num="706" count="3" type="stmt"/>
        <line num="708" count="3" type="stmt"/>
        <line num="709" count="33" type="stmt"/>
        <line num="710" count="33" type="stmt"/>
        <line num="711" count="33" type="cond" truecount="0" falsecount="1"/>
        <line num="713" count="33" type="stmt"/>
        <line num="714" count="33" type="stmt"/>
        <line num="715" count="33" type="stmt"/>
        <line num="719" count="33" type="cond" truecount="4" falsecount="0"/>
        <line num="723" count="33" type="cond" truecount="2" falsecount="2"/>
        <line num="725" count="33" type="stmt"/>
        <line num="735" count="33" type="stmt"/>
        <line num="736" count="33" type="stmt"/>
        <line num="737" count="33" type="stmt"/>
        <line num="738" count="33" type="stmt"/>
        <line num="742" count="3" type="cond" truecount="1" falsecount="1"/>
        <line num="743" count="3" type="stmt"/>
        <line num="747" count="6" type="stmt"/>
        <line num="748" count="6" type="stmt"/>
        <line num="749" count="6" type="cond" truecount="0" falsecount="1"/>
        <line num="751" count="6" type="stmt"/>
        <line num="752" count="6" type="stmt"/>
        <line num="754" count="6" type="stmt"/>
        <line num="763" count="6" type="stmt"/>
        <line num="766" count="3" type="stmt"/>
        <line num="776" count="3" type="stmt"/>
        <line num="777" count="3" type="stmt"/>
        <line num="783" count="3" type="cond" truecount="3" falsecount="0"/>
        <line num="784" count="2" type="stmt"/>
        <line num="785" count="2" type="stmt"/>
        <line num="787" count="2" type="stmt"/>
        <line num="788" count="2" type="stmt"/>
        <line num="790" count="2" type="stmt"/>
        <line num="792" count="2" type="cond" truecount="1" falsecount="0"/>
        <line num="793" count="2" type="stmt"/>
        <line num="794" count="2" type="stmt"/>
        <line num="795" count="2" type="stmt"/>
        <line num="801" count="2" type="stmt"/>
        <line num="802" count="2" type="stmt"/>
        <line num="805" count="2" type="cond" truecount="1" falsecount="0"/>
        <line num="806" count="2" type="stmt"/>
        <line num="807" count="2" type="stmt"/>
        <line num="808" count="2" type="stmt"/>
        <line num="814" count="2" type="stmt"/>
        <line num="816" count="2" type="stmt"/>
        <line num="817" count="2" type="stmt"/>
        <line num="818" count="2" type="stmt"/>
        <line num="824" count="2" type="stmt"/>
        <line num="827" count="2" type="cond" truecount="1" falsecount="0"/>
        <line num="828" count="2" type="stmt"/>
        <line num="829" count="2" type="stmt"/>
        <line num="830" count="2" type="stmt"/>
        <line num="836" count="2" type="stmt"/>
        <line num="839" count="2" type="cond" truecount="1" falsecount="1"/>
        <line num="840" count="2" type="stmt"/>
        <line num="841" count="24" type="stmt"/>
        <line num="842" count="24" type="cond" truecount="2" falsecount="0"/>
        <line num="844" count="2" type="cond" truecount="1" falsecount="0"/>
        <line num="845" count="2" type="stmt"/>
        <line num="846" count="24" type="stmt"/>
        <line num="847" count="24" type="stmt"/>
        <line num="855" count="24" type="stmt"/>
        <line num="863" count="3" type="stmt"/>
        <line num="871" count="2" type="stmt"/>
        <line num="872" count="22" type="stmt"/>
        <line num="874" count="2" type="stmt"/>
        <line num="875" count="26" type="stmt"/>
        <line num="876" count="26" type="cond" truecount="0" falsecount="1"/>
        <line num="877" count="26" type="stmt"/>
        <line num="879" count="26" type="stmt"/>
        <line num="880" count="26" type="cond" truecount="1" falsecount="0"/>
        <line num="890" count="3" type="stmt"/>
        <line num="891" count="3" type="stmt"/>
        <line num="892" count="37" type="stmt"/>
        <line num="895" count="3" type="stmt"/>
        <line num="897" count="102" type="cond" truecount="1" falsecount="1"/>
        <line num="901" count="102" type="cond" truecount="2" falsecount="0"/>
        <line num="904" count="279" type="cond" truecount="1" falsecount="1"/>
        <line num="908" count="102" type="cond" truecount="2" falsecount="0"/>
        <line num="909" count="102" type="cond" truecount="2" falsecount="0"/>
        <line num="910" count="102" type="stmt"/>
        <line num="918" count="102" type="stmt"/>
        <line num="942" count="102" type="cond" truecount="3" falsecount="0"/>
        <line num="944" count="0" type="stmt"/>
        <line num="945" count="0" type="stmt"/>
        <line num="948" count="0" type="stmt"/>
        <line num="949" count="0" type="stmt"/>
        <line num="950" count="0" type="stmt"/>
        <line num="951" count="0" type="stmt"/>
        <line num="954" count="0" type="stmt"/>
        <line num="958" count="237" type="stmt"/>
        <line num="960" count="3" type="stmt"/>
        <line num="961" count="3" type="stmt"/>
        <line num="962" count="3" type="stmt"/>
        <line num="963" count="3" type="stmt"/>
        <line num="964" count="3" type="stmt"/>
        <line num="965" count="3" type="stmt"/>
        <line num="966" count="3" type="stmt"/>
        <line num="967" count="3" type="stmt"/>
        <line num="968" count="3" type="stmt"/>
        <line num="969" count="3" type="stmt"/>
        <line num="971" count="3" type="cond" truecount="10" falsecount="1"/>
        <line num="972" count="0" type="stmt"/>
        <line num="975" count="3" type="stmt"/>
        <line num="976" count="3" type="stmt"/>
        <line num="979" count="3" type="stmt"/>
        <line num="980" count="3" type="stmt"/>
        <line num="982" count="3" type="cond" truecount="2" falsecount="0"/>
        <line num="983" count="3" type="cond" truecount="2" falsecount="0"/>
        <line num="984" count="2" type="cond" truecount="2" falsecount="1"/>
        <line num="985" count="0" type="stmt"/>
        <line num="995" count="3" type="stmt"/>
        <line num="1022" count="3" type="cond" truecount="1" falsecount="1"/>
        <line num="1026" count="39" type="cond" truecount="6" falsecount="0"/>
        <line num="1028" count="3" type="stmt"/>
        <line num="1029" count="3" type="stmt"/>
        <line num="1031" count="3" type="stmt"/>
        <line num="1032" count="3" type="stmt"/>
        <line num="1036" count="9" type="stmt"/>
        <line num="1037" count="9" type="stmt"/>
        <line num="1039" count="24" type="stmt"/>
        <line num="1040" count="24" type="stmt"/>
        <line num="1042" count="39" type="stmt"/>
        <line num="1045" count="102" type="cond" truecount="1" falsecount="1"/>
        <line num="1048" count="3" type="stmt"/>
        <line num="1049" count="3" type="stmt"/>
        <line num="1058" count="3" type="stmt"/>
        <line num="1059" count="3" type="cond" truecount="1" falsecount="0"/>
        <line num="1060" count="3" type="stmt"/>
        <line num="1061" count="3" type="stmt"/>
        <line num="1063" count="3" type="cond" truecount="1" falsecount="1"/>
        <line num="1066" count="3" type="stmt"/>
        <line num="1081" count="3" type="cond" truecount="2" falsecount="0"/>
        <line num="1082" count="3" type="stmt"/>
        <line num="1095" count="0" type="stmt"/>
        <line num="1096" count="0" type="stmt"/>
        <line num="1097" count="0" type="cond" truecount="0" falsecount="3"/>
        <line num="1098" count="0" type="stmt"/>
        <line num="1101" count="0" type="stmt"/>
        <line num="1104" count="0" type="cond" truecount="0" falsecount="2"/>
        <line num="1106" count="0" type="stmt"/>
        <line num="1107" count="0" type="stmt"/>
        <line num="1108" count="0" type="cond" truecount="0" falsecount="2"/>
        <line num="1109" count="0" type="cond" truecount="0" falsecount="1"/>
        <line num="1110" count="0" type="stmt"/>
        <line num="1111" count="0" type="cond" truecount="0" falsecount="2"/>
        <line num="1113" count="0" type="stmt"/>
        <line num="1114" count="0" type="stmt"/>
        <line num="1115" count="0" type="stmt"/>
        <line num="1118" count="0" type="stmt"/>
        <line num="1119" count="0" type="cond" truecount="0" falsecount="2"/>
        <line num="1123" count="0" type="stmt"/>
        <line num="1133" count="0" type="stmt"/>
        <line num="1144" count="0" type="cond" truecount="0" falsecount="2"/>
        <line num="1145" count="0" type="stmt"/>
        <line num="1147" count="0" type="stmt"/>
        <line num="1149" count="0" type="stmt"/>
        <line num="1150" count="0" type="stmt"/>
        <line num="1151" count="0" type="stmt"/>
        <line num="1152" count="0" type="cond" truecount="0" falsecount="1"/>
        <line num="1154" count="0" type="stmt"/>
        <line num="1155" count="0" type="stmt"/>
        <line num="1159" count="0" type="stmt"/>
        <line num="1160" count="0" type="stmt"/>
        <line num="1162" count="0" type="cond" truecount="0" falsecount="1"/>
        <line num="1163" count="0" type="stmt"/>
        <line num="1164" count="0" type="cond" truecount="0" falsecount="1"/>
        <line num="1167" count="0" type="stmt"/>
        <line num="1169" count="0" type="stmt"/>
        <line num="1171" count="0" type="cond" truecount="0" falsecount="2"/>
        <line num="1172" count="0" type="stmt"/>
        <line num="1187" count="0" type="cond" truecount="0" falsecount="2"/>
        <line num="1188" count="0" type="cond" truecount="0" falsecount="2"/>
        <line num="1189" count="0" type="cond" truecount="0" falsecount="2"/>
        <line num="1191" count="0" type="stmt"/>
        <line num="1192" count="0" type="cond" truecount="0" falsecount="1"/>
        <line num="1193" count="0" type="cond" truecount="0" falsecount="3"/>
        <line num="1194" count="0" type="cond" truecount="0" falsecount="2"/>
        <line num="1197" count="0" type="stmt"/>
        <line num="1198" count="0" type="cond" truecount="0" falsecount="3"/>
        <line num="1199" count="0" type="cond" truecount="0" falsecount="4"/>
        <line num="1200" count="0" type="stmt"/>
        <line num="1203" count="0" type="stmt"/>
        <line num="1213" count="4" type="stmt"/>
      </file>
      <file name="chartDisplayManager.ts" path="/Users/brittany/mysky/services/astrology/chartDisplayManager.ts">
        <metrics statements="12" coveredstatements="12" conditionals="3" coveredconditionals="2" methods="7" coveredmethods="7"/>
        <line num="2" count="1" type="stmt"/>
        <line num="11" count="1" type="stmt"/>
        <line num="13" count="3" type="stmt"/>
        <line num="14" count="3" type="stmt"/>
        <line num="15" count="3" type="stmt"/>
        <line num="16" count="15" type="stmt"/>
        <line num="17" count="5" type="stmt"/>
        <line num="19" count="3" type="stmt"/>
        <line num="34" count="2" type="cond" truecount="1" falsecount="0"/>
        <line num="35" count="1" type="stmt"/>
        <line num="38" count="2" type="stmt"/>
        <line num="42" count="2" type="cond" truecount="1" falsecount="1"/>
      </file>
      <file name="chartPatterns.ts" path="/Users/brittany/mysky/services/astrology/chartPatterns.ts">
        <metrics statements="250" coveredstatements="198" conditionals="163" coveredconditionals="90" methods="54" coveredmethods="44"/>
        <line num="100" count="88" type="stmt"/>
        <line num="111" count="11" type="stmt"/>
        <line num="112" count="11" type="stmt"/>
        <line num="114" count="11" type="stmt"/>
        <line num="115" count="11" type="stmt"/>
        <line num="118" count="11" type="stmt"/>
        <line num="119" count="11" type="stmt"/>
        <line num="120" count="110" type="stmt"/>
        <line num="121" count="110" type="cond" truecount="1" falsecount="0"/>
        <line num="122" count="110" type="stmt"/>
        <line num="126" count="11" type="stmt"/>
        <line num="127" count="11" type="stmt"/>
        <line num="128" count="110" type="cond" truecount="0" falsecount="1"/>
        <line num="129" count="110" type="cond" truecount="1" falsecount="0"/>
        <line num="130" count="110" type="stmt"/>
        <line num="134" count="11" type="stmt"/>
        <line num="135" count="11" type="stmt"/>
        <line num="136" count="110" type="cond" truecount="1" falsecount="0"/>
        <line num="140" count="11" type="stmt"/>
        <line num="141" count="11" type="stmt"/>
        <line num="142" count="77" type="cond" truecount="1" falsecount="0"/>
        <line num="144" count="11" type="stmt"/>
        <line num="145" count="11" type="stmt"/>
        <line num="146" count="267" type="stmt"/>
        <line num="147" count="34" type="cond" truecount="1" falsecount="0"/>
        <line num="148" count="34" type="cond" truecount="1" falsecount="0"/>
        <line num="149" count="34" type="stmt"/>
        <line num="152" count="11" type="stmt"/>
        <line num="153" count="11" type="cond" truecount="1" falsecount="0"/>
        <line num="155" count="11" type="stmt"/>
        <line num="156" count="11" type="stmt"/>
        <line num="166" count="11" type="stmt"/>
        <line num="167" count="11" type="stmt"/>
        <line num="168" count="11" type="stmt"/>
        <line num="169" count="11" type="stmt"/>
        <line num="175" count="11" type="stmt"/>
        <line num="176" count="77" type="cond" truecount="1" falsecount="0"/>
        <line num="178" count="11" type="stmt"/>
        <line num="179" count="11" type="cond" truecount="3" falsecount="0"/>
        <line num="181" count="0" type="stmt"/>
        <line num="182" count="0" type="stmt"/>
        <line num="183" count="0" type="stmt"/>
        <line num="193" count="0" type="stmt"/>
        <line num="194" count="0" type="stmt"/>
        <line num="195" count="0" type="stmt"/>
        <line num="199" count="11" type="stmt"/>
        <line num="200" count="77" type="cond" truecount="1" falsecount="0"/>
        <line num="202" count="11" type="stmt"/>
        <line num="203" count="11" type="cond" truecount="1" falsecount="0"/>
        <line num="205" count="0" type="stmt"/>
        <line num="206" count="0" type="stmt"/>
        <line num="215" count="0" type="stmt"/>
        <line num="216" count="0" type="stmt"/>
        <line num="217" count="0" type="stmt"/>
        <line num="221" count="11" type="stmt"/>
        <line num="222" count="11" type="stmt"/>
        <line num="223" count="11" type="stmt"/>
        <line num="229" count="12" type="stmt"/>
        <line num="230" count="31" type="cond" truecount="2" falsecount="0"/>
        <line num="232" count="11" type="cond" truecount="1" falsecount="1"/>
        <line num="233" count="0" type="stmt"/>
        <line num="234" count="11" type="cond" truecount="1" falsecount="0"/>
        <line num="235" count="10" type="stmt"/>
        <line num="240" count="11" type="stmt"/>
        <line num="241" count="267" type="stmt"/>
        <line num="242" count="34" type="stmt"/>
        <line num="245" count="11" type="cond" truecount="1" falsecount="2"/>
        <line num="246" count="0" type="stmt"/>
        <line num="251" count="0" type="stmt"/>
        <line num="257" count="0" type="cond" truecount="0" falsecount="2"/>
[...]
        <line num="151" count="11" type="cond" truecount="1" falsecount="5"/>
        <line num="153" count="55" type="stmt"/>
        <line num="154" count="100" type="stmt"/>
        <line num="155" count="11" type="stmt"/>
        <line num="158" count="11" type="cond" truecount="0" falsecount="1"/>
        <line num="159" count="11" type="cond" truecount="0" falsecount="1"/>
        <line num="161" count="11" type="stmt"/>
        <line num="164" count="15" type="cond" truecount="2" falsecount="0"/>
        <line num="165" count="11" type="cond" truecount="0" falsecount="2"/>
        <line num="167" count="146" type="stmt"/>
        <line num="169" count="7" type="stmt"/>
        <line num="206" count="3" type="stmt"/>
        <line num="207" count="5" type="stmt"/>
        <line num="208" count="5" type="cond" truecount="1" falsecount="0"/>
        <line num="210" count="4" type="stmt"/>
        <line num="211" count="4" type="stmt"/>
        <line num="212" count="56" type="stmt"/>
        <line num="215" count="4" type="stmt"/>
        <line num="217" count="4" type="stmt"/>
        <line num="218" count="56" type="stmt"/>
        <line num="219" count="56" type="stmt"/>
        <line num="221" count="4" type="cond" truecount="3" falsecount="0"/>
        <line num="223" count="21" type="stmt"/>
        <line num="224" count="21" type="stmt"/>
        <line num="225" count="3" type="stmt"/>
        <line num="227" count="21" type="stmt"/>
        <line num="228" count="21" type="stmt"/>
        <line num="229" count="3" type="stmt"/>
        <line num="231" count="21" type="stmt"/>
        <line num="232" count="21" type="stmt"/>
        <line num="233" count="3" type="stmt"/>
        <line num="236" count="3" type="cond" truecount="1" falsecount="3"/>
        <line num="237" count="0" type="stmt"/>
        <line num="241" count="3" type="stmt"/>
        <line num="244" count="3" type="stmt"/>
        <line num="245" count="3" type="stmt"/>
        <line num="246" count="3" type="stmt"/>
        <line num="248" count="3" type="cond" truecount="2" falsecount="2"/>
        <line num="249" count="0" type="cond" truecount="0" falsecount="2"/>
        <line num="252" count="3" type="cond" truecount="1" falsecount="1"/>
        <line num="253" count="3" type="cond" truecount="1" falsecount="1"/>
        <line num="257" count="0" type="cond" truecount="0" falsecount="2"/>
        <line num="262" count="3" type="stmt"/>
        <line num="274" count="4" type="stmt"/>
        <line num="275" count="0" type="stmt"/>
        <line num="276" count="0" type="stmt"/>
        <line num="277" count="0" type="stmt"/>
        <line num="280" count="56" type="stmt"/>
        <line num="282" count="4" type="stmt"/>
        <line num="324" count="3" type="stmt"/>
        <line num="325" count="0" type="stmt"/>
        <line num="326" count="0" type="cond" truecount="0" falsecount="1"/>
        <line num="328" count="0" type="stmt"/>
        <line num="329" count="0" type="stmt"/>
        <line num="332" count="0" type="stmt"/>
        <line num="333" count="0" type="stmt"/>
        <line num="334" count="0" type="stmt"/>
        <line num="335" count="0" type="stmt"/>
        <line num="336" count="0" type="cond" truecount="0" falsecount="1"/>
        <line num="340" count="0" type="stmt"/>
        <line num="343" count="0" type="stmt"/>
        <line num="344" count="0" type="stmt"/>
        <line num="345" count="0" type="stmt"/>
        <line num="346" count="0" type="stmt"/>
        <line num="348" count="0" type="stmt"/>
        <line num="349" count="0" type="cond" truecount="0" falsecount="2"/>
        <line num="352" count="0" type="cond" truecount="0" falsecount="1"/>
        <line num="354" count="0" type="stmt"/>
        <line num="355" count="0" type="stmt"/>
        <line num="356" count="0" type="stmt"/>
        <line num="358" count="0" type="stmt"/>
        <line num="359" count="0" type="stmt"/>
        <line num="362" count="0" type="cond" truecount="0" falsecount="3"/>
        <line num="364" count="0" type="stmt"/>
        <line num="365" count="0" type="stmt"/>
        <line num="368" count="0" type="cond" truecount="0" falsecount="2"/>
        <line num="369" count="0" type="cond" truecount="0" falsecount="2"/>
        <line num="373" count="0" type="cond" truecount="0" falsecount="2"/>
        <line num="378" count="0" type="stmt"/>
        <line num="392" count="0" type="stmt"/>
        <line num="393" count="0" type="cond" truecount="0" falsecount="2"/>
        <line num="394" count="0" type="stmt"/>
        <line num="397" count="0" type="stmt"/>
        <line num="398" count="0" type="cond" truecount="0" falsecount="2"/>
        <line num="399" count="0" type="stmt"/>
        <line num="402" count="0" type="stmt"/>
        <line num="404" count="0" type="stmt"/>
        <line num="451" count="3" type="stmt"/>
        <line num="456" count="0" type="stmt"/>
        <line num="457" count="0" type="cond" truecount="0" falsecount="1"/>
        <line num="460" count="0" type="stmt"/>
        <line num="461" count="0" type="stmt"/>
        <line num="462" count="0" type="stmt"/>
        <line num="465" count="0" type="stmt"/>
        <line num="466" count="0" type="stmt"/>
        <line num="467" count="0" type="stmt"/>
        <line num="471" count="0" type="stmt"/>
        <line num="472" count="0" type="stmt"/>
        <line num="473" count="0" type="stmt"/>
        <line num="476" count="0" type="stmt"/>
        <line num="477" count="0" type="stmt"/>
        <line num="478" count="0" type="stmt"/>
        <line num="480" count="0" type="stmt"/>
        <line num="481" count="0" type="stmt"/>
        <line num="482" count="0" type="stmt"/>
        <line num="483" count="0" type="stmt"/>
        <line num="484" count="0" type="stmt"/>
        <line num="485" count="0" type="stmt"/>
        <line num="487" count="0" type="stmt"/>
        <line num="490" count="0" type="cond" truecount="0" falsecount="6"/>
        <line num="492" count="0" type="stmt"/>
        <line num="493" count="0" type="stmt"/>
        <line num="495" count="0" type="cond" truecount="0" falsecount="6"/>
        <line num="496" count="0" type="cond" truecount="0" falsecount="6"/>
        <line num="497" count="0" type="cond" truecount="0" falsecount="6"/>
        <line num="498" count="0" type="cond" truecount="0" falsecount="2"/>
        <line num="500" count="0" type="stmt"/>
        <line num="503" count="0" type="stmt"/>
        <line num="504" count="0" type="stmt"/>
        <line num="506" count="0" type="cond" truecount="0" falsecount="4"/>
        <line num="507" count="0" type="cond" truecount="0" falsecount="4"/>
        <line num="512" count="0" type="cond" truecount="0" falsecount="2"/>
        <line num="513" count="0" type="stmt"/>
        <line num="514" count="0" type="stmt"/>
        <line num="515" count="0" type="cond" truecount="0" falsecount="1"/>
        <line num="516" count="0" type="cond" truecount="0" falsecount="1"/>
        <line num="517" count="0" type="cond" truecount="0" falsecount="2"/>
        <line num="518" count="0" type="cond" truecount="0" falsecount="2"/>
        <line num="519" count="0" type="stmt"/>
        <line num="520" count="0" type="stmt"/>
        <line num="521" count="0" type="cond" truecount="0" falsecount="1"/>
        <line num="522" count="0" type="cond" truecount="0" falsecount="1"/>
        <line num="523" count="0" type="stmt"/>
        <line num="525" count="0" type="stmt"/>
        <line num="526" count="0" type="stmt"/>
        <line num="529" count="0" type="stmt"/>
        <line num="533" count="0" type="cond" truecount="0" falsecount="2"/>
        <line num="534" count="0" type="cond" truecount="0" falsecount="2"/>
        <line num="535" count="0" type="stmt"/>
        <line num="539" count="0" type="cond" truecount="0" falsecount="2"/>
        <line num="540" count="0" type="cond" truecount="0" falsecount="2"/>
        <line num="541" count="0" type="cond" truecount="0" falsecount="2"/>
        <line num="543" count="0" type="stmt"/>
        <line num="545" count="0" type="stmt"/>
        <line num="574" count="3" type="stmt"/>
        <line num="597" count="3" type="stmt"/>
        <line num="600" count="0" type="stmt"/>
        <line num="603" count="0" type="stmt"/>
        <line num="604" count="0" type="cond" truecount="0" falsecount="2"/>
        <line num="607" count="0" type="cond" truecount="0" falsecount="1"/>
        <line num="609" count="0" type="stmt"/>
        <line num="610" count="0" type="stmt"/>
        <line num="611" count="0" type="stmt"/>
        <line num="614" count="0" type="stmt"/>
        <line num="615" count="0" type="stmt"/>
        <line num="616" count="0" type="cond" truecount="0" falsecount="1"/>
        <line num="618" count="0" type="stmt"/>
        <line num="619" count="0" type="cond" truecount="0" falsecount="1"/>
        <line num="620" count="0" type="stmt"/>
        <line num="621" count="0" type="stmt"/>
        <line num="624" count="0" type="cond" truecount="0" falsecount="1"/>
        <line num="627" count="0" type="stmt"/>
        <line num="628" count="0" type="stmt"/>
        <line num="629" count="0" type="stmt"/>
        <line num="630" count="0" type="stmt"/>
        <line num="631" count="0" type="cond" truecount="0" falsecount="1"/>
        <line num="635" count="0" type="stmt"/>
        <line num="636" count="0" type="stmt"/>
        <line num="638" count="0" type="stmt"/>
        <line num="640" count="0" type="stmt"/>
        <line num="652" count="0" type="cond" truecount="0" falsecount="2"/>
        <line num="673" count="3" type="stmt"/>
        <line num="677" count="0" type="cond" truecount="0" falsecount="1"/>
        <line num="679" count="0" type="stmt"/>
        <line num="680" count="0" type="stmt"/>
        <line num="683" count="0" type="stmt"/>
        <line num="685" count="0" type="cond" truecount="0" falsecount="1"/>
        <line num="686" count="0" type="cond" truecount="0" falsecount="1"/>
        <line num="687" count="0" type="cond" truecount="0" falsecount="1"/>
        <line num="688" count="0" type="stmt"/>
        <line num="691" count="0" type="cond" truecount="0" falsecount="1"/>
        <line num="692" count="0" type="cond" truecount="0" falsecount="1"/>
        <line num="693" count="0" type="stmt"/>
        <line num="696" count="0" type="cond" truecount="0" falsecount="1"/>
        <line num="697" count="0" type="cond" truecount="0" falsecount="1"/>
        <line num="698" count="0" type="stmt"/>
        <line num="701" count="0" type="cond" truecount="0" falsecount="3"/>
        <line num="702" count="0" type="cond" truecount="0" falsecount="1"/>
        <line num="703" count="0" type="stmt"/>
        <line num="706" count="0" type="cond" truecount="0" falsecount="1"/>
        <line num="707" count="0" type="cond" truecount="0" falsecount="1"/>
        <line num="708" count="0" type="stmt"/>
        <line num="711" count="0" type="cond" truecount="0" falsecount="1"/>
        <line num="712" count="0" type="cond" truecount="0" falsecount="1"/>
        <line num="713" count="0" type="stmt"/>
        <line num="716" count="0" type="cond" truecount="0" falsecount="1"/>
        <line num="717" count="0" type="cond" truecount="0" falsecount="1"/>
        <line num="718" count="0" type="stmt"/>
        <line num="721" count="0" type="cond" truecount="0" falsecount="1"/>
        <line num="722" count="0" type="cond" truecount="0" falsecount="1"/>
        <line num="723" count="0" type="stmt"/>
        <line num="726" count="0" type="cond" truecount="0" falsecount="3"/>
        <line num="727" count="0" type="cond" truecount="0" falsecount="1"/>
        <line num="728" count="0" type="stmt"/>
        <line num="731" count="0" type="cond" truecount="0" falsecount="1"/>
        <line num="732" count="0" type="cond" truecount="0" falsecount="1"/>
        <line num="733" count="0" type="stmt"/>
        <line num="736" count="0" type="cond" truecount="0" falsecount="1"/>
        <line num="737" count="0" type="cond" truecount="0" falsecount="1"/>
        <line num="738" count="0" type="stmt"/>
        <line num="742" count="0" type="stmt"/>
        <line num="744" count="0" type="stmt"/>
        <line num="745" count="0" type="stmt"/>
        <line num="746" count="0" type="cond" truecount="0" falsecount="1"/>
        <line num="748" count="0" type="stmt"/>
        <line num="749" count="0" type="cond" truecount="0" falsecount="1"/>
        <line num="751" count="0" type="cond" truecount="0" falsecount="2"/>
        <line num="753" count="0" type="stmt"/>
        <line num="762" count="0" type="stmt"/>
        <line num="794" count="3" type="stmt"/>
        <line num="798" count="0" type="stmt"/>
        <line num="799" count="0" type="stmt"/>
        <line num="800" count="0" type="stmt"/>
        <line num="801" count="0" type="stmt"/>
        <line num="802" count="0" type="stmt"/>
        <line num="803" count="0" type="stmt"/>
        <line num="805" count="0" type="stmt"/>
        <line num="806" count="0" type="stmt"/>
        <line num="808" count="0" type="stmt"/>
      </file>
      <file name="textLayout.ts" path="/Users/brittany/mysky/utils/textLayout.ts">
        <metrics statements="10" coveredstatements="0" conditionals="4" coveredconditionals="0" methods="2" coveredmethods="0"/>
        <line num="1" count="0" type="cond" truecount="0" falsecount="1"/>
        <line num="2" count="0" type="stmt"/>
        <line num="3" count="0" type="cond" truecount="0" falsecount="1"/>
        <line num="5" count="0" type="stmt"/>
        <line num="6" count="0" type="cond" truecount="0" falsecount="1"/>
        <line num="8" count="0" type="stmt"/>
        <line num="9" count="0" type="stmt"/>
        <line num="16" count="0" type="stmt"/>
        <line num="17" count="0" type="cond" truecount="0" falsecount="1"/>
        <line num="19" count="0" type="stmt"/>
      </file>
      <file name="triggerLogHelpers.ts" path="/Users/brittany/mysky/utils/triggerLogHelpers.ts">
        <metrics statements="22" coveredstatements="22" conditionals="10" coveredconditionals="10" methods="3" coveredmethods="3"/>
        <line num="9" count="1" type="stmt"/>
        <line num="10" count="6" type="stmt"/>
        <line num="11" count="6" type="stmt"/>
        <line num="12" count="6" type="stmt"/>
        <line num="13" count="6" type="cond" truecount="2" falsecount="0"/>
        <line num="14" count="6" type="cond" truecount="2" falsecount="0"/>
        <line num="15" count="6" type="stmt"/>
        <line num="18" count="1" type="stmt"/>
        <line num="19" count="4" type="stmt"/>
        <line num="20" count="4" type="stmt"/>
        <line num="21" count="4" type="stmt"/>
        <line num="22" count="4" type="stmt"/>
        <line num="23" count="4" type="cond" truecount="1" falsecount="0"/>
        <line num="24" count="3" type="cond" truecount="1" falsecount="0"/>
        <line num="25" count="2" type="stmt"/>
        <line num="28" count="1" type="stmt"/>
        <line num="29" count="14" type="stmt"/>
        <line num="30" count="14" type="cond" truecount="1" falsecount="0"/>
        <line num="31" count="11" type="cond" truecount="1" falsecount="0"/>
        <line num="32" count="8" type="cond" truecount="1" falsecount="0"/>
        <line num="33" count="5" type="cond" truecount="1" falsecount="0"/>
        <line num="34" count="2" type="stmt"/>
      </file>
      <file name="triggerPatterns.ts" path="/Users/brittany/mysky/utils/triggerPatterns.ts">
        <metrics statements="35" coveredstatements="35" conditionals="34" coveredconditionals="32" methods="10" coveredmethods="10"/>
        <line num="30" count="1" type="stmt"/>
        <line num="31" count="40" type="stmt"/>
        <line num="32" count="40" type="cond" truecount="1" falsecount="0"/>
        <line num="33" count="36" type="cond" truecount="1" falsecount="0"/>
        <line num="34" count="27" type="cond" truecount="1" falsecount="0"/>
        <line num="35" count="23" type="cond" truecount="1" falsecount="0"/>
        <line num="36" count="20" type="stmt"/>
        <line num="46" count="1" type="stmt"/>
        <line num="50" count="31" type="stmt"/>
        <line num="51" count="31" type="stmt"/>
        <line num="54" count="11" type="stmt"/>
        <line num="55" count="11" type="stmt"/>
        <line num="56" count="24" type="cond" truecount="1" falsecount="0"/>
        <line num="57" count="3" type="cond" truecount="2" falsecount="0"/>
        <line num="60" count="11" type="cond" truecount="2" falsecount="0"/>
        <line num="63" count="11" type="stmt"/>
        <line num="64" count="11" type="stmt"/>
        <line num="65" count="24" type="stmt"/>
        <line num="66" count="24" type="cond" truecount="2" falsecount="0"/>
        <line num="69" count="11" type="cond" truecount="2" falsecount="0"/>
        <line num="70" count="1" type="cond" truecount="1" falsecount="1"/>
        <line num="74" count="24" type="stmt"/>
        <line num="75" count="11" type="cond" truecount="2" falsecount="0"/>
        <line num="76" count="2" type="cond" truecount="1" falsecount="1"/>
        <line num="80" count="24" type="stmt"/>
        <line num="82" count="11" type="stmt"/>
        <line num="97" count="1" type="stmt"/>
        <line num="98" count="8" type="stmt"/>
        <line num="101" count="8" type="cond" truecount="2" falsecount="0"/>
        <line num="105" count="8" type="cond" truecount="2" falsecount="0"/>
        <line num="109" count="8" type="cond" truecount="2" falsecount="0"/>
        <line num="113" count="8" type="cond" truecount="2" falsecount="0"/>
        <line num="118" count="8" type="cond" truecount="2" falsecount="0"/>
        <line num="123" count="8" type="cond" truecount="2" falsecount="0"/>
        <line num="127" count="8" type="stmt"/>
      </file>
      <file name="withRetry.ts" path="/Users/brittany/mysky/utils/withRetry.ts">
        <metrics statements="34" coveredstatements="7" conditionals="7" coveredconditionals="0" methods="8" coveredmethods="0"/>
        <line num="6" count="6" type="stmt"/>
        <line num="16" count="6" type="stmt"/>
        <line num="24" count="6" type="stmt"/>
        <line num="29" count="0" type="stmt"/>
        <line num="30" count="0" type="stmt"/>
        <line num="31" count="0" type="stmt"/>
        <line num="32" count="0" type="stmt"/>
        <line num="36" count="6" type="stmt"/>
        <line num="37" count="0" type="stmt"/>
        <line num="38" count="0" type="stmt"/>
        <line num="41" count="6" type="stmt"/>
        <line num="45" count="0" type="stmt"/>
        <line num="47" count="0" type="stmt"/>
        <line num="48" count="0" type="stmt"/>
        <line num="51" count="0" type="stmt"/>
        <line num="52" count="0" type="stmt"/>
        <line num="57" count="0" type="cond" truecount="0" falsecount="1"/>
        <line num="58" count="0" type="stmt"/>
        <line num="63" count="6" type="stmt"/>
        <line num="68" count="0" type="stmt"/>
        <line num="69" count="0" type="stmt"/>
        <line num="70" count="0" type="stmt"/>
        <line num="72" count="0" type="stmt"/>
        <line num="73" count="0" type="stmt"/>
        <line num="74" count="0" type="stmt"/>
        <line num="76" count="0" type="cond" truecount="0" falsecount="2"/>
        <line num="78" count="0" type="cond" truecount="0" falsecount="1"/>
        <line num="79" count="0" type="stmt"/>
        <line num="82" count="0" type="stmt"/>
        <line num="87" count="0" type="stmt"/>
        <line num="92" count="0" type="stmt"/>
        <line num="93" count="0" type="stmt"/>
        <line num="97" count="0" type="cond" truecount="0" falsecount="2"/>
        <line num="100" count="6" type="stmt"/>
      </file>
    </package>
  </project>
</coverage>
