{"/Users/brittany/Downloads/mysky/constants/dreamCodingFramework.ts": {"path":"/Users/brittany/Downloads/mysky/constants/dreamCodingFramework.ts","statementMap":{"0":{"start":{"line":13,"column":13},"end":{"line":178,"column":2}}},"fnMap":{},"branchMap":{},"s":{"0":1},"f":{},"b":{}}
,"/Users/brittany/Downloads/mysky/constants/dreamSingularSymbols.ts": {"path":"/Users/brittany/Downloads/mysky/constants/dreamSingularSymbols.ts","statementMap":{"0":{"start":{"line":1,"column":0},"end":{"line":1,"column":64}},"1":{"start":{"line":2,"column":0},"end":{"line":2,"column":64}},"2":{"start":{"line":3,"column":0},"end":{"line":3,"column":60}},"3":{"start":{"line":4,"column":0},"end":{"line":4,"column":84}},"4":{"start":{"line":5,"column":0},"end":{"line":5,"column":66}},"5":{"start":{"line":6,"column":0},"end":{"line":6,"column":60}},"6":{"start":{"line":7,"column":0},"end":{"line":7,"column":82}},"7":{"start":{"line":8,"column":0},"end":{"line":8,"column":70}},"8":{"start":{"line":9,"column":0},"end":{"line":9,"column":60}},"9":{"start":{"line":10,"column":0},"end":{"line":10,"column":74}},"10":{"start":{"line":11,"column":0},"end":{"line":11,"column":58}},"11":{"start":{"line":12,"column":0},"end":{"line":12,"column":60}},"12":{"start":{"line":13,"column":0},"end":{"line":13,"column":66}},"13":{"start":{"line":14,"column":0},"end":{"line":14,"column":62}},"14":{"start":{"line":15,"column":0},"end":{"line":15,"column":54}},"15":{"start":{"line":16,"column":0},"end":{"line":16,"column":60}},"16":{"start":{"line":17,"column":0},"end":{"line":17,"column":64}},"17":{"start":{"line":18,"column":0},"end":{"line":18,"column":76}},"18":{"start":{"line":19,"column":0},"end":{"line":19,"column":70}},"19":{"start":{"line":20,"column":0},"end":{"line":20,"column":68}},"20":{"start":{"line":21,"column":0},"end":{"line":21,"column":72}},"21":{"start":{"line":22,"column":0},"end":{"line":22,"column":66}},"22":{"start":{"line":23,"column":0},"end":{"line":23,"column":80}},"23":{"start":{"line":30,"column":13},"end":{"line":54,"column":2}}},"fnMap":{},"branchMap":{},"s":{"0":1,"1":1,"2":1,"3":1,"4":1,"5":1,"6":1,"7":1,"8":1,"9":1,"10":1,"11":1,"12":1,"13":1,"14":1,"15":1,"16":1,"17":1,"18":1,"19":1,"20":1,"21":1,"22":1,"23":1},"f":{},"b":{}}
,"/Users/brittany/Downloads/mysky/constants/dream_symbols/activities.ts": {"path":"/Users/brittany/Downloads/mysky/constants/dream_symbols/activities.ts","statementMap":{"0":{"start":{"line":3,"column":13},"end":{"line":6355,"column":2}}},"fnMap":{},"branchMap":{},"s":{"0":1},"f":{},"b":{}}
,"/Users/brittany/Downloads/mysky/constants/dream_symbols/characters.ts": {"path":"/Users/brittany/Downloads/mysky/constants/dream_symbols/characters.ts","statementMap":{"0":{"start":{"line":3,"column":13},"end":{"line":7112,"column":2}}},"fnMap":{},"branchMap":{},"s":{"0":1},"f":{},"b":{}}
,"/Users/brittany/Downloads/mysky/constants/dream_symbols/clothing.ts": {"path":"/Users/brittany/Downloads/mysky/constants/dream_symbols/clothing.ts","statementMap":{"0":{"start":{"line":3,"column":13},"end":{"line":4799,"column":2}}},"fnMap":{},"branchMap":{},"s":{"0":1},"f":{},"b":{}}
,"/Users/brittany/Downloads/mysky/constants/dream_symbols/containers.ts": {"path":"/Users/brittany/Downloads/mysky/constants/dream_symbols/containers.ts","statementMap":{"0":{"start":{"line":3,"column":13},"end":{"line":3776,"column":2}}},"fnMap":{},"branchMap":{},"s":{"0":1},"f":{},"b":{}}
,"/Users/brittany/Downloads/mysky/constants/dream_symbols/descriptive_elements.ts": {"path":"/Users/brittany/Downloads/mysky/constants/dream_symbols/descriptive_elements.ts","statementMap":{"0":{"start":{"line":3,"column":13},"end":{"line":8802,"column":2}}},"fnMap":{},"branchMap":{},"s":{"0":1},"f":{},"b":{}}
,"/Users/brittany/Downloads/mysky/constants/dream_symbols/electronics.ts": {"path":"/Users/brittany/Downloads/mysky/constants/dream_symbols/electronics.ts","statementMap":{"0":{"start":{"line":3,"column":13},"end":{"line":5196,"column":2}}},"fnMap":{},"branchMap":{},"s":{"0":1},"f":{},"b":{}}
,"/Users/brittany/Downloads/mysky/constants/dream_symbols/elements_from_past.ts": {"path":"/Users/brittany/Downloads/mysky/constants/dream_symbols/elements_from_past.ts","statementMap":{"0":{"start":{"line":3,"column":13},"end":{"line":6520,"column":2}}},"fnMap":{},"branchMap":{},"s":{"0":1},"f":{},"b":{}}
,"/Users/brittany/Downloads/mysky/constants/dream_symbols/emotions.ts": {"path":"/Users/brittany/Downloads/mysky/constants/dream_symbols/emotions.ts","statementMap":{"0":{"start":{"line":3,"column":13},"end":{"line":5474,"column":2}}},"fnMap":{},"branchMap":{},"s":{"0":1},"f":{},"b":{}}
,"/Users/brittany/Downloads/mysky/constants/dream_symbols/food_eating.ts": {"path":"/Users/brittany/Downloads/mysky/constants/dream_symbols/food_eating.ts","statementMap":{"0":{"start":{"line":3,"column":13},"end":{"line":5839,"column":2}}},"fnMap":{},"branchMap":{},"s":{"0":1},"f":{},"b":{}}
,"/Users/brittany/Downloads/mysky/constants/dream_symbols/general_objects.ts": {"path":"/Users/brittany/Downloads/mysky/constants/dream_symbols/general_objects.ts","statementMap":{"0":{"start":{"line":3,"column":13},"end":{"line":3881,"column":2}}},"fnMap":{},"branchMap":{},"s":{"0":1},"f":{},"b":{}}
,"/Users/brittany/Downloads/mysky/constants/dream_symbols/good_fortunes.ts": {"path":"/Users/brittany/Downloads/mysky/constants/dream_symbols/good_fortunes.ts","statementMap":{"0":{"start":{"line":3,"column":13},"end":{"line":6413,"column":2}}},"fnMap":{},"branchMap":{},"s":{"0":1},"f":{},"b":{}}
,"/Users/brittany/Downloads/mysky/constants/dream_symbols/household.ts": {"path":"/Users/brittany/Downloads/mysky/constants/dream_symbols/household.ts","statementMap":{"0":{"start":{"line":3,"column":13},"end":{"line":4998,"column":2}}},"fnMap":{},"branchMap":{},"s":{"0":1},"f":{},"b":{}}
,"/Users/brittany/Downloads/mysky/constants/dream_symbols/medical_items.ts": {"path":"/Users/brittany/Downloads/mysky/constants/dream_symbols/medical_items.ts","statementMap":{"0":{"start":{"line":3,"column":13},"end":{"line":4245,"column":2}}},"fnMap":{},"branchMap":{},"s":{"0":1},"f":{},"b":{}}
,"/Users/brittany/Downloads/mysky/constants/dream_symbols/misfortunes.ts": {"path":"/Users/brittany/Downloads/mysky/constants/dream_symbols/misfortunes.ts","statementMap":{"0":{"start":{"line":3,"column":13},"end":{"line":9204,"column":2}}},"fnMap":{},"branchMap":{},"s":{"0":1},"f":{},"b":{}}
,"/Users/brittany/Downloads/mysky/constants/dream_symbols/office_items.ts": {"path":"/Users/brittany/Downloads/mysky/constants/dream_symbols/office_items.ts","statementMap":{"0":{"start":{"line":3,"column":13},"end":{"line":4107,"column":2}}},"fnMap":{},"branchMap":{},"s":{"0":1},"f":{},"b":{}}
,"/Users/brittany/Downloads/mysky/constants/dream_symbols/settings.ts": {"path":"/Users/brittany/Downloads/mysky/constants/dream_symbols/settings.ts","statementMap":{"0":{"start":{"line":3,"column":13},"end":{"line":8133,"column":2}}},"fnMap":{},"branchMap":{},"s":{"0":1},"f":{},"b":{}}
,"/Users/brittany/Downloads/mysky/constants/dream_symbols/sexual_objects.ts": {"path":"/Users/brittany/Downloads/mysky/constants/dream_symbols/sexual_objects.ts","statementMap":{"0":{"start":{"line":3,"column":13},"end":{"line":4307,"column":2}}},"fnMap":{},"branchMap":{},"s":{"0":1},"f":{},"b":{}}
,"/Users/brittany/Downloads/mysky/constants/dream_symbols/social_interactions.ts": {"path":"/Users/brittany/Downloads/mysky/constants/dream_symbols/social_interactions.ts","statementMap":{"0":{"start":{"line":3,"column":13},"end":{"line":4037,"column":2}}},"fnMap":{},"branchMap":{},"s":{"0":1},"f":{},"b":{}}
,"/Users/brittany/Downloads/mysky/constants/dream_symbols/sports_equipment.ts": {"path":"/Users/brittany/Downloads/mysky/constants/dream_symbols/sports_equipment.ts","statementMap":{"0":{"start":{"line":3,"column":13},"end":{"line":4374,"column":2}}},"fnMap":{},"branchMap":{},"s":{"0":1},"f":{},"b":{}}
,"/Users/brittany/Downloads/mysky/constants/dream_symbols/striving.ts": {"path":"/Users/brittany/Downloads/mysky/constants/dream_symbols/striving.ts","statementMap":{"0":{"start":{"line":3,"column":13},"end":{"line":4498,"column":2}}},"fnMap":{},"branchMap":{},"s":{"0":1},"f":{},"b":{}}
,"/Users/brittany/Downloads/mysky/constants/dream_symbols/tools.ts": {"path":"/Users/brittany/Downloads/mysky/constants/dream_symbols/tools.ts","statementMap":{"0":{"start":{"line":3,"column":13},"end":{"line":4708,"column":2}}},"fnMap":{},"branchMap":{},"s":{"0":1},"f":{},"b":{}}
,"/Users/brittany/Downloads/mysky/constants/dream_symbols/vehicles.ts": {"path":"/Users/brittany/Downloads/mysky/constants/dream_symbols/vehicles.ts","statementMap":{"0":{"start":{"line":3,"column":13},"end":{"line":4196,"column":2}}},"fnMap":{},"branchMap":{},"s":{"0":1},"f":{},"b":{}}
,"/Users/brittany/Downloads/mysky/constants/dream_symbols/weapons.ts": {"path":"/Users/brittany/Downloads/mysky/constants/dream_symbols/weapons.ts","statementMap":{"0":{"start":{"line":3,"column":13},"end":{"line":3332,"column":2}}},"fnMap":{},"branchMap":{},"s":{"0":1},"f":{},"b":{}}
,"/Users/brittany/Downloads/mysky/services/premium/ambivalenceEngine.ts": {"path":"/Users/brittany/Downloads/mysky/services/premium/ambivalenceEngine.ts","statementMap":{"0":{"start":{"line":30,"column":0},"end":{"line":30,"column":16}},"1":{"start":{"line":14,"column":64},"end":{"line":24,"column":2}},"2":{"start":{"line":27,"column":2},"end":{"line":27,"column":41}},"3":{"start":{"line":33,"column":44},"end":{"line":33,"column":46}},"4":{"start":{"line":35,"column":2},"end":{"line":46,"column":3}},"5":{"start":{"line":36,"column":19},"end":{"line":36,"column":40}},"6":{"start":{"line":37,"column":19},"end":{"line":37,"column":40}},"7":{"start":{"line":39,"column":4},"end":{"line":45,"column":5}},"8":{"start":{"line":40,"column":6},"end":{"line":44,"column":9}},"9":{"start":{"line":48,"column":2},"end":{"line":51,"column":4}}},"fnMap":{"0":{"name":"clamp","decl":{"start":{"line":26,"column":9},"end":{"line":26,"column":14}},"loc":{"start":{"line":26,"column":50},"end":{"line":28,"column":1}}},"1":{"name":"detectAmbivalence","decl":{"start":{"line":30,"column":16},"end":{"line":30,"column":33}},"loc":{"start":{"line":31,"column":55},"end":{"line":52,"column":1}}}},"branchMap":{"0":{"loc":{"start":{"line":36,"column":19},"end":{"line":36,"column":40}},"type":"binary-expr","locations":[{"start":{"line":36,"column":19},"end":{"line":36,"column":35}},{"start":{"line":36,"column":39},"end":{"line":36,"column":40}}]},"1":{"loc":{"start":{"line":37,"column":19},"end":{"line":37,"column":40}},"type":"binary-expr","locations":[{"start":{"line":37,"column":19},"end":{"line":37,"column":35}},{"start":{"line":37,"column":39},"end":{"line":37,"column":40}}]},"2":{"loc":{"start":{"line":39,"column":4},"end":{"line":45,"column":5}},"type":"if","locations":[{"start":{"line":39,"column":4},"end":{"line":45,"column":5}}]},"3":{"loc":{"start":{"line":39,"column":8},"end":{"line":39,"column":38}},"type":"binary-expr","locations":[{"start":{"line":39,"column":8},"end":{"line":39,"column":21}},{"start":{"line":39,"column":25},"end":{"line":39,"column":38}}]}},"s":{"0":1,"1":1,"2":3,"3":18,"4":18,"5":162,"6":162,"7":162,"8":3,"9":18},"f":{"0":3,"1":18},"b":{"0":[162,154],"1":[162,126],"2":[3],"3":[162,5]}}
,"/Users/brittany/Downloads/mysky/services/premium/dreamInterpretation.ts": {"path":"/Users/brittany/Downloads/mysky/services/premium/dreamInterpretation.ts","statementMap":{"0":{"start":{"line":775,"column":0},"end":{"line":775,"column":16}},"1":{"start":{"line":26,"column":0},"end":{"line":26,"column":null}},"2":{"start":{"line":36,"column":0},"end":{"line":36,"column":81}},"3":{"start":{"line":37,"column":0},"end":{"line":37,"column":null}},"4":{"start":{"line":43,"column":0},"end":{"line":43,"column":92}},"5":{"start":{"line":44,"column":0},"end":{"line":44,"column":67}},"6":{"start":{"line":45,"column":0},"end":{"line":45,"column":56}},"7":{"start":{"line":46,"column":0},"end":{"line":46,"column":59}},"8":{"start":{"line":50,"column":10},"end":{"line":56,"column":11}},"9":{"start":{"line":69,"column":40},"end":{"line":74,"column":4}},"10":{"start":{"line":77,"column":18},"end":{"line":77,"column":49}},"11":{"start":{"line":78,"column":24},"end":{"line":78,"column":66}},"12":{"start":{"line":79,"column":59},"end":{"line":79,"column":61}},"13":{"start":{"line":80,"column":2},"end":{"line":82,"column":3}},"14":{"start":{"line":81,"column":4},"end":{"line":81,"column":75}},"15":{"start":{"line":85,"column":26},"end":{"line":85,"column":46}},"16":{"start":{"line":87,"column":33},"end":{"line":87,"column":35}},"17":{"start":{"line":88,"column":2},"end":{"line":98,"column":3}},"18":{"start":{"line":89,"column":25},"end":{"line":89,"column":47}},"19":{"start":{"line":90,"column":22},"end":{"line":90,"column":76}},"20":{"start":{"line":93,"column":20},"end":{"line":93,"column":70}},"21":{"start":{"line":95,"column":4},"end":{"line":97,"column":5}},"22":{"start":{"line":96,"column":6},"end":{"line":96,"column":60}},"23":{"start":{"line":100,"column":2},"end":{"line":100,"column":88}},"24":{"start":{"line":100,"column":31},"end":{"line":100,"column":86}},"25":{"start":{"line":107,"column":24},"end":{"line":107,"column":56}},"26":{"start":{"line":108,"column":2},"end":{"line":113,"column":4}},"27":{"start":{"line":122,"column":19},"end":{"line":122,"column":80}},"28":{"start":{"line":122,"column":42},"end":{"line":122,"column":80}},"29":{"start":{"line":130,"column":19},"end":{"line":134,"column":4}},"30":{"start":{"line":135,"column":2},"end":{"line":135,"column":54}},"31":{"start":{"line":135,"column":41},"end":{"line":135,"column":54}},"32":{"start":{"line":136,"column":2},"end":{"line":136,"column":64}},"33":{"start":{"line":143,"column":43},"end":{"line":212,"column":2}},"34":{"start":{"line":220,"column":14},"end":{"line":220,"column":79}},"35":{"start":{"line":221,"column":2},"end":{"line":221,"column":23}},"36":{"start":{"line":248,"column":21},"end":{"line":248,"column":69}},"37":{"start":{"line":248,"column":39},"end":{"line":248,"column":68}},"38":{"start":{"line":249,"column":22},"end":{"line":249,"column":70}},"39":{"start":{"line":249,"column":40},"end":{"line":249,"column":69}},"40":{"start":{"line":250,"column":19},"end":{"line":250,"column":74}},"41":{"start":{"line":250,"column":37},"end":{"line":250,"column":73}},"42":{"start":{"line":251,"column":20},"end":{"line":251,"column":80}},"43":{"start":{"line":251,"column":38},"end":{"line":251,"column":79}},"44":{"start":{"line":253,"column":16},"end":{"line":253,"column":39}},"45":{"start":{"line":256,"column":26},"end":{"line":256,"column":146}},"46":{"start":{"line":257,"column":27},"end":{"line":257,"column":110}},"47":{"start":{"line":260,"column":2},"end":{"line":274,"column":3}},"48":{"start":{"line":261,"column":24},"end":{"line":261,"column":53}},"49":{"start":{"line":262,"column":23},"end":{"line":262,"column":51}},"50":{"start":{"line":264,"column":4},"end":{"line":266,"column":5}},"51":{"start":{"line":265,"column":6},"end":{"line":265,"column":547}},"52":{"start":{"line":268,"column":4},"end":{"line":270,"column":5}},"53":{"start":{"line":269,"column":6},"end":{"line":269,"column":246}},"54":{"start":{"line":273,"column":4},"end":{"line":273,"column":259}},"55":{"start":{"line":277,"column":2},"end":{"line":281,"column":3}},"56":{"start":{"line":278,"column":24},"end":{"line":278,"column":53}},"57":{"start":{"line":279,"column":21},"end":{"line":279,"column":47}},"58":{"start":{"line":280,"column":4},"end":{"line":280,"column":261}},"59":{"start":{"line":284,"column":2},"end":{"line":288,"column":3}},"60":{"start":{"line":285,"column":24},"end":{"line":285,"column":53}},"61":{"start":{"line":286,"column":22},"end":{"line":286,"column":49}},"62":{"start":{"line":287,"column":4},"end":{"line":287,"column":210}},"63":{"start":{"line":291,"column":2},"end":{"line":295,"column":3}},"64":{"start":{"line":292,"column":23},"end":{"line":292,"column":51}},"65":{"start":{"line":293,"column":22},"end":{"line":293,"column":49}},"66":{"start":{"line":294,"column":4},"end":{"line":294,"column":188}},"67":{"start":{"line":298,"column":2},"end":{"line":302,"column":3}},"68":{"start":{"line":299,"column":23},"end":{"line":299,"column":51}},"69":{"start":{"line":300,"column":21},"end":{"line":300,"column":47}},"70":{"start":{"line":301,"column":4},"end":{"line":301,"column":197}},"71":{"start":{"line":304,"column":2},"end":{"line":304,"column":14}},"72":{"start":{"line":348,"column":29},"end":{"line":348,"column":31}},"73":{"start":{"line":352,"column":21},"end":{"line":352,"column":47}},"74":{"start":{"line":353,"column":22},"end":{"line":356,"column":20}},"75":{"start":{"line":355,"column":14},"end":{"line":355,"column":46}},"76":{"start":{"line":359,"column":2},"end":{"line":361,"column":26}},"77":{"start":{"line":359,"column":37},"end":{"line":359,"column":57}},"78":{"start":{"line":360,"column":7},"end":{"line":361,"column":26}},"79":{"start":{"line":360,"column":43},"end":{"line":360,"column":66}},"80":{"start":{"line":361,"column":7},"end":{"line":361,"column":26}},"81":{"start":{"line":364,"column":26},"end":{"line":364,"column":63}},"82":{"start":{"line":364,"column":46},"end":{"line":364,"column":62}},"83":{"start":{"line":365,"column":21},"end":{"line":365,"column":72}},"84":{"start":{"line":365,"column":42},"end":{"line":365,"column":71}},"85":{"start":{"line":366,"column":22},"end":{"line":366,"column":73}},"86":{"start":{"line":366,"column":43},"end":{"line":366,"column":72}},"87":{"start":{"line":367,"column":26},"end":{"line":367,"column":82}},"88":{"start":{"line":367,"column":49},"end":{"line":367,"column":81}},"89":{"start":{"line":368,"column":23},"end":{"line":370,"column":null}},"90":{"start":{"line":369,"column":4},"end":{"line":370,"column":76}},"91":{"start":{"line":377,"column":2},"end":{"line":430,"column":3}},"92":{"start":{"line":378,"column":4},"end":{"line":415,"column":5}},"93":{"start":{"line":380,"column":25},"end":{"line":380,"column":53}},"94":{"start":{"line":381,"column":27},"end":{"line":381,"column":51}},"95":{"start":{"line":383,"column":26},"end":{"line":385,"column":27}},"96":{"start":{"line":387,"column":36},"end":{"line":392,"column":17}},"97":{"start":{"line":393,"column":6},"end":{"line":393,"column":65}},"98":{"start":{"line":394,"column":11},"end":{"line":415,"column":5}},"99":{"start":{"line":396,"column":21},"end":{"line":396,"column":73}},"100":{"start":{"line":396,"column":53},"end":{"line":396,"column":72}},"101":{"start":{"line":397,"column":39},"end":{"line":402,"column":17}},"102":{"start":{"line":403,"column":6},"end":{"line":403,"column":68}},"103":{"start":{"line":406,"column":26},"end":{"line":406,"column":39}},"104":{"start":{"line":407,"column":20},"end":{"line":407,"column":49}},"105":{"start":{"line":408,"column":22},"end":{"line":408,"column":47}},"106":{"start":{"line":409,"column":35},"end":{"line":413,"column":17}},"107":{"start":{"line":414,"column":6},"end":{"line":414,"column":64}},"108":{"start":{"line":416,"column":9},"end":{"line":430,"column":3}},"109":{"start":{"line":417,"column":29},"end":{"line":421,"column":15}},"110":{"start":{"line":422,"column":4},"end":{"line":422,"column":58}},"111":{"start":{"line":423,"column":9},"end":{"line":430,"column":3}},"112":{"start":{"line":424,"column":26},"end":{"line":428,"column":15}},"113":{"start":{"line":429,"column":4},"end":{"line":429,"column":55}},"114":{"start":{"line":437,"column":2},"end":{"line":482,"column":3}},"115":{"start":{"line":439,"column":26},"end":{"line":445,"column":null}},"116":{"start":{"line":448,"column":4},"end":{"line":474,"column":5}},"117":{"start":{"line":449,"column":6},"end":{"line":449,"column":35}},"118":{"start":{"line":450,"column":11},"end":{"line":474,"column":5}},"119":{"start":{"line":452,"column":26},"end":{"line":452,"column":55}},"120":{"start":{"line":453,"column":17},"end":{"line":453,"column":49}},"121":{"start":{"line":454,"column":30},"end":{"line":454,"column":62}},"122":{"start":{"line":455,"column":37},"end":{"line":459,"column":17}},"123":{"start":{"line":460,"column":6},"end":{"line":460,"column":67}},"124":{"start":{"line":461,"column":11},"end":{"line":474,"column":5}},"125":{"start":{"line":463,"column":26},"end":{"line":463,"column":55}},"126":{"start":{"line":464,"column":17},"end":{"line":464,"column":49}},"127":{"start":{"line":465,"column":28},"end":{"line":465,"column":53}},"128":{"start":{"line":466,"column":33},"end":{"line":470,"column":17}},"129":{"start":{"line":471,"column":6},"end":{"line":471,"column":63}},"130":{"start":{"line":472,"column":11},"end":{"line":474,"column":5}},"131":{"start":{"line":473,"column":6},"end":{"line":473,"column":54}},"132":{"start":{"line":477,"column":4},"end":{"line":479,"column":5}},"133":{"start":{"line":478,"column":6},"end":{"line":478,"column":51}},"134":{"start":{"line":480,"column":9},"end":{"line":482,"column":3}},"135":{"start":{"line":485,"column":2},"end":{"line":503,"column":3}},"136":{"start":{"line":486,"column":35},"end":{"line":486,"column":37}},"137":{"start":{"line":487,"column":4},"end":{"line":492,"column":5}},"138":{"start":{"line":488,"column":17},"end":{"line":488,"column":49}},"139":{"start":{"line":489,"column":6},"end":{"line":491,"column":7}},"140":{"start":{"line":490,"column":8},"end":{"line":490,"column":41}},"141":{"start":{"line":493,"column":4},"end":{"line":502,"column":5}},"142":{"start":{"line":494,"column":22},"end":{"line":494,"column":37}},"143":{"start":{"line":495,"column":31},"end":{"line":500,"column":17}},"144":{"start":{"line":501,"column":6},"end":{"line":501,"column":60}},"145":{"start":{"line":506,"column":2},"end":{"line":511,"column":3}},"146":{"start":{"line":507,"column":20},"end":{"line":507,"column":36}},"147":{"start":{"line":508,"column":4},"end":{"line":510,"column":5}},"148":{"start":{"line":509,"column":6},"end":{"line":509,"column":37}},"149":{"start":{"line":518,"column":35},"end":{"line":518,"column":37}},"150":{"start":{"line":519,"column":23},"end":{"line":519,"column":48}},"151":{"start":{"line":520,"column":21},"end":{"line":522,"column":54}},"152":{"start":{"line":524,"column":4},"end":{"line":560,"column":5}},"153":{"start":{"line":525,"column":6},"end":{"line":548,"column":7}},"154":{"start":{"line":526,"column":38},"end":{"line":534,"column":19}},"155":{"start":{"line":535,"column":8},"end":{"line":535,"column":71}},"156":{"start":{"line":537,"column":29},"end":{"line":537,"column":66}},"157":{"start":{"line":537,"column":50},"end":{"line":537,"column":65}},"158":{"start":{"line":538,"column":37},"end":{"line":546,"column":19}},"159":{"start":{"line":547,"column":8},"end":{"line":547,"column":70}},"160":{"start":{"line":549,"column":11},"end":{"line":560,"column":5}},"161":{"start":{"line":550,"column":23},"end":{"line":550,"column":75}},"162":{"start":{"line":551,"column":6},"end":{"line":553,"column":34}},"163":{"start":{"line":551,"column":35},"end":{"line":551,"column":54}},"164":{"start":{"line":552,"column":11},"end":{"line":553,"column":34}},"165":{"start":{"line":552,"column":39},"end":{"line":552,"column":59}},"166":{"start":{"line":553,"column":11},"end":{"line":553,"column":34}},"167":{"start":{"line":554,"column":31},"end":{"line":558,"column":17}},"168":{"start":{"line":559,"column":6},"end":{"line":559,"column":64}},"169":{"start":{"line":563,"column":27},"end":{"line":563,"column":65}},"170":{"start":{"line":563,"column":48},"end":{"line":563,"column":64}},"171":{"start":{"line":564,"column":24},"end":{"line":564,"column":82}},"172":{"start":{"line":564,"column":49},"end":{"line":564,"column":81}},"173":{"start":{"line":565,"column":24},"end":{"line":565,"column":83}},"174":{"start":{"line":565,"column":49},"end":{"line":565,"column":82}},"175":{"start":{"line":566,"column":4},"end":{"line":577,"column":5}},"176":{"start":{"line":567,"column":34},"end":{"line":575,"column":17}},"177":{"start":{"line":576,"column":6},"end":{"line":576,"column":67}},"178":{"start":{"line":579,"column":4},"end":{"line":579,"column":71}},"179":{"start":{"line":579,"column":33},"end":{"line":579,"column":71}},"180":{"start":{"line":585,"column":34},"end":{"line":585,"column":36}},"181":{"start":{"line":587,"column":4},"end":{"line":601,"column":5}},"182":{"start":{"line":588,"column":32},"end":{"line":592,"column":17}},"183":{"start":{"line":593,"column":6},"end":{"line":593,"column":64}},"184":{"start":{"line":594,"column":11},"end":{"line":601,"column":5}},"185":{"start":{"line":595,"column":31},"end":{"line":599,"column":17}},"186":{"start":{"line":600,"column":6},"end":{"line":600,"column":64}},"187":{"start":{"line":603,"column":4},"end":{"line":610,"column":5}},"188":{"start":{"line":604,"column":32},"end":{"line":608,"column":17}},"189":{"start":{"line":609,"column":6},"end":{"line":609,"column":65}},"190":{"start":{"line":612,"column":4},"end":{"line":628,"column":5}},"191":{"start":{"line":613,"column":6},"end":{"line":627,"column":7}},"192":{"start":{"line":614,"column":36},"end":{"line":618,"column":19}},"193":{"start":{"line":619,"column":8},"end":{"line":619,"column":69}},"194":{"start":{"line":620,"column":13},"end":{"line":627,"column":7}},"195":{"start":{"line":621,"column":35},"end":{"line":625,"column":19}},"196":{"start":{"line":626,"column":8},"end":{"line":626,"column":68}},"197":{"start":{"line":630,"column":4},"end":{"line":630,"column":69}},"198":{"start":{"line":630,"column":32},"end":{"line":630,"column":69}},"199":{"start":{"line":635,"column":35},"end":{"line":635,"column":37}},"200":{"start":{"line":637,"column":50},"end":{"line":648,"column":6}},"201":{"start":{"line":649,"column":4},"end":{"line":652,"column":5}},"202":{"start":{"line":650,"column":26},"end":{"line":650,"column":62}},"203":{"start":{"line":651,"column":6},"end":{"line":651,"column":54}},"204":{"start":{"line":651,"column":23},"end":{"line":651,"column":54}},"205":{"start":{"line":654,"column":51},"end":{"line":675,"column":6}},"206":{"start":{"line":676,"column":25},"end":{"line":676,"column":61}},"207":{"start":{"line":677,"column":4},"end":{"line":677,"column":54}},"208":{"start":{"line":677,"column":22},"end":{"line":677,"column":54}},"209":{"start":{"line":679,"column":4},"end":{"line":679,"column":71}},"210":{"start":{"line":679,"column":33},"end":{"line":679,"column":71}},"211":{"start":{"line":684,"column":2},"end":{"line":714,"column":3}},"212":{"start":{"line":685,"column":35},"end":{"line":685,"column":37}},"213":{"start":{"line":686,"column":4},"end":{"line":697,"column":5}},"214":{"start":{"line":687,"column":21},"end":{"line":689,"column":48}},"215":{"start":{"line":689,"column":19},"end":{"line":689,"column":47}},"216":{"start":{"line":690,"column":21},"end":{"line":690,"column":38}},"217":{"start":{"line":691,"column":39},"end":{"line":695,"column":17}},"218":{"start":{"line":696,"column":6},"end":{"line":696,"column":73}},"219":{"start":{"line":698,"column":4},"end":{"line":712,"column":5}},"220":{"start":{"line":699,"column":34},"end":{"line":703,"column":17}},"221":{"start":{"line":704,"column":6},"end":{"line":704,"column":68}},"222":{"start":{"line":705,"column":11},"end":{"line":712,"column":5}},"223":{"start":{"line":706,"column":36},"end":{"line":710,"column":17}},"224":{"start":{"line":711,"column":6},"end":{"line":711,"column":70}},"225":{"start":{"line":713,"column":4},"end":{"line":713,"column":71}},"226":{"start":{"line":713,"column":33},"end":{"line":713,"column":71}},"227":{"start":{"line":717,"column":2},"end":{"line":719,"column":3}},"228":{"start":{"line":718,"column":4},"end":{"line":718,"column":58}},"229":{"start":{"line":721,"column":2},"end":{"line":721,"column":31}},"230":{"start":{"line":736,"column":2},"end":{"line":738,"column":3}},"231":{"start":{"line":737,"column":4},"end":{"line":737,"column":47}},"232":{"start":{"line":741,"column":2},"end":{"line":743,"column":3}},"233":{"start":{"line":742,"column":4},"end":{"line":742,"column":72}},"234":{"start":{"line":745,"column":2},"end":{"line":745,"column":52}},"235":{"start":{"line":752,"column":10},"end":{"line":752,"column":11}},"236":{"start":{"line":753,"column":2},"end":{"line":755,"column":3}},"237":{"start":{"line":753,"column":15},"end":{"line":753,"column":16}},"238":{"start":{"line":754,"column":4},"end":{"line":754,"column":44}},"239":{"start":{"line":756,"column":2},"end":{"line":756,"column":29}},"240":{"start":{"line":778,"column":85},"end":{"line":778,"column":90}},"241":{"start":{"line":781,"column":15},"end":{"line":781,"column":71}},"242":{"start":{"line":784,"column":22},"end":{"line":784,"column":56}},"243":{"start":{"line":787,"column":25},"end":{"line":787,"column":54}},"244":{"start":{"line":790,"column":27},"end":{"line":790,"column":55}},"245":{"start":{"line":793,"column":24},"end":{"line":793,"column":67}},"246":{"start":{"line":796,"column":27},"end":{"line":796,"column":60}},"247":{"start":{"line":799,"column":22},"end":{"line":799,"column":36}},"248":{"start":{"line":801,"column":24},"end":{"line":806,"column":4}},"249":{"start":{"line":809,"column":26},"end":{"line":815,"column":null}},"250":{"start":{"line":825,"column":2},"end":{"line":842,"column":3}},"251":{"start":{"line":826,"column":4},"end":{"line":826,"column":42}},"252":{"start":{"line":827,"column":4},"end":{"line":827,"column":50}},"253":{"start":{"line":829,"column":4},"end":{"line":840,"column":6}},"254":{"start":{"line":841,"column":4},"end":{"line":841,"column":81}},"255":{"start":{"line":845,"column":26},"end":{"line":847,"column":34}},"256":{"start":{"line":847,"column":14},"end":{"line":847,"column":33}},"257":{"start":{"line":850,"column":29},"end":{"line":852,"column":28}},"258":{"start":{"line":852,"column":17},"end":{"line":852,"column":27}},"259":{"start":{"line":854,"column":2},"end":{"line":875,"column":4}},"260":{"start":{"line":867,"column":83},"end":{"line":871,"column":10}},"261":{"start":{"line":880,"column":13},"end":{"line":880,"column":51}}},"fnMap":{"0":{"name":"blendTriggerScores","decl":{"start":{"line":65,"column":9},"end":{"line":65,"column":27}},"loc":{"start":{"line":67,"column":31},"end":{"line":101,"column":1}}},"1":{"name":"(anonymous_1)","decl":{"start":{"line":100,"column":21},"end":{"line":100,"column":22}},"loc":{"start":{"line":100,"column":31},"end":{"line":100,"column":86}}},"2":{"name":"buildDominantProfiles","decl":{"start":{"line":106,"column":9},"end":{"line":106,"column":30}},"loc":{"start":{"line":106,"column":58},"end":{"line":114,"column":1}}},"3":{"name":"(anonymous_3)","decl":{"start":{"line":122,"column":19},"end":{"line":122,"column":20}},"loc":{"start":{"line":122,"column":42},"end":{"line":122,"column":80}}},"4":{"name":"labelWithDeterminer","decl":{"start":{"line":129,"column":9},"end":{"line":129,"column":28}},"loc":{"start":{"line":129,"column":42},"end":{"line":137,"column":1}}},"5":{"name":"pickVariant","decl":{"start":{"line":219,"column":9},"end":{"line":219,"column":20}},"loc":{"start":{"line":219,"column":76},"end":{"line":222,"column":1}}},"6":{"name":"buildContextLinkedMeaning","decl":{"start":{"line":239,"column":9},"end":{"line":239,"column":34}},"loc":{"start":{"line":245,"column":19},"end":{"line":305,"column":1}}},"7":{"name":"(anonymous_7)","decl":{"start":{"line":248,"column":34},"end":{"line":248,"column":35}},"loc":{"start":{"line":248,"column":39},"end":{"line":248,"column":68}}},"8":{"name":"(anonymous_8)","decl":{"start":{"line":249,"column":35},"end":{"line":249,"column":36}},"loc":{"start":{"line":249,"column":40},"end":{"line":249,"column":69}}},"9":{"name":"(anonymous_9)","decl":{"start":{"line":250,"column":32},"end":{"line":250,"column":33}},"loc":{"start":{"line":250,"column":37},"end":{"line":250,"column":73}}},"10":{"name":"(anonymous_10)","decl":{"start":{"line":251,"column":33},"end":{"line":251,"column":34}},"loc":{"start":{"line":251,"column":38},"end":{"line":251,"column":79}}},"11":{"name":"buildParagraph","decl":{"start":{"line":332,"column":9},"end":{"line":332,"column":23}},"loc":{"start":{"line":342,"column":14},"end":{"line":722,"column":1}}},"12":{"name":"(anonymous_12)","decl":{"start":{"line":355,"column":9},"end":{"line":355,"column":10}},"loc":{"start":{"line":355,"column":14},"end":{"line":355,"column":46}}},"13":{"name":"(anonymous_13)","decl":{"start":{"line":364,"column":41},"end":{"line":364,"column":42}},"loc":{"start":{"line":364,"column":46},"end":{"line":364,"column":62}}},"14":{"name":"(anonymous_14)","decl":{"start":{"line":365,"column":37},"end":{"line":365,"column":38}},"loc":{"start":{"line":365,"column":42},"end":{"line":365,"column":71}}},"15":{"name":"(anonymous_15)","decl":{"start":{"line":366,"column":38},"end":{"line":366,"column":39}},"loc":{"start":{"line":366,"column":43},"end":{"line":366,"column":72}}},"16":{"name":"(anonymous_16)","decl":{"start":{"line":367,"column":44},"end":{"line":367,"column":45}},"loc":{"start":{"line":367,"column":49},"end":{"line":367,"column":81}}},"17":{"name":"(anonymous_17)","decl":{"start":{"line":368,"column":41},"end":{"line":368,"column":42}},"loc":{"start":{"line":369,"column":4},"end":{"line":370,"column":76}}},"18":{"name":"(anonymous_18)","decl":{"start":{"line":396,"column":48},"end":{"line":396,"column":49}},"loc":{"start":{"line":396,"column":53},"end":{"line":396,"column":72}}},"19":{"name":"(anonymous_19)","decl":{"start":{"line":537,"column":45},"end":{"line":537,"column":46}},"loc":{"start":{"line":537,"column":50},"end":{"line":537,"column":65}}},"20":{"name":"(anonymous_20)","decl":{"start":{"line":563,"column":43},"end":{"line":563,"column":44}},"loc":{"start":{"line":563,"column":48},"end":{"line":563,"column":64}}},"21":{"name":"(anonymous_21)","decl":{"start":{"line":564,"column":44},"end":{"line":564,"column":45}},"loc":{"start":{"line":564,"column":49},"end":{"line":564,"column":81}}},"22":{"name":"(anonymous_22)","decl":{"start":{"line":565,"column":44},"end":{"line":565,"column":45}},"loc":{"start":{"line":565,"column":49},"end":{"line":565,"column":82}}},"23":{"name":"(anonymous_23)","decl":{"start":{"line":689,"column":13},"end":{"line":689,"column":15}},"loc":{"start":{"line":689,"column":19},"end":{"line":689,"column":47}}},"24":{"name":"pickReflectionQuestion","decl":{"start":{"line":730,"column":9},"end":{"line":730,"column":31}},"loc":{"start":{"line":733,"column":14},"end":{"line":746,"column":1}}},"25":{"name":"hashSeed","decl":{"start":{"line":751,"column":9},"end":{"line":751,"column":17}},"loc":{"start":{"line":751,"column":30},"end":{"line":757,"column":1}}},"26":{"name":"generateDreamInterpretation","decl":{"start":{"line":775,"column":16},"end":{"line":775,"column":43}},"loc":{"start":{"line":776,"column":33},"end":{"line":876,"column":1}}},"27":{"name":"(anonymous_27)","decl":{"start":{"line":847,"column":9},"end":{"line":847,"column":10}},"loc":{"start":{"line":847,"column":14},"end":{"line":847,"column":33}}},"28":{"name":"(anonymous_28)","decl":{"start":{"line":852,"column":9},"end":{"line":852,"column":13}},"loc":{"start":{"line":852,"column":17},"end":{"line":852,"column":27}}},"29":{"name":"(anonymous_29)","decl":{"start":{"line":867,"column":77},"end":{"line":867,"column":78}},"loc":{"start":{"line":867,"column":83},"end":{"line":871,"column":10}}}},"branchMap":{"0":{"loc":{"start":{"line":78,"column":24},"end":{"line":78,"column":66}},"type":"cond-expr","locations":[{"start":{"line":78,"column":45},"end":{"line":78,"column":62}},{"start":{"line":78,"column":65},"end":{"line":78,"column":66}}]},"1":{"loc":{"start":{"line":81,"column":26},"end":{"line":81,"column":74}},"type":"cond-expr","locations":[{"start":{"line":81,"column":46},"end":{"line":81,"column":70}},{"start":{"line":81,"column":73},"end":{"line":81,"column":74}}]},"2":{"loc":{"start":{"line":89,"column":25},"end":{"line":89,"column":47}},"type":"binary-expr","locations":[{"start":{"line":89,"column":25},"end":{"line":89,"column":42}},{"start":{"line":89,"column":46},"end":{"line":89,"column":47}}]},"3":{"loc":{"start":{"line":90,"column":23},"end":{"line":90,"column":57}},"type":"binary-expr","locations":[{"start":{"line":90,"column":23},"end":{"line":90,"column":52}},{"start":{"line":90,"column":56},"end":{"line":90,"column":57}}]},"4":{"loc":{"start":{"line":95,"column":4},"end":{"line":97,"column":5}},"type":"if","locations":[{"start":{"line":95,"column":4},"end":{"line":97,"column":5}}]},"5":{"loc":{"start":{"line":100,"column":31},"end":{"line":100,"column":86}},"type":"binary-expr","locations":[{"start":{"line":100,"column":31},"end":{"line":100,"column":48}},{"start":{"line":100,"column":52},"end":{"line":100,"column":86}}]},"6":{"loc":{"start":{"line":135,"column":2},"end":{"line":135,"column":54}},"type":"if","locations":[{"start":{"line":135,"column":2},"end":{"line":135,"column":54}}]},"7":{"loc":{"start":{"line":136,"column":9},"end":{"line":136,"column":63}},"type":"cond-expr","locations":[{"start":{"line":136,"column":35},"end":{"line":136,"column":48}},{"start":{"line":136,"column":51},"end":{"line":136,"column":63}}]},"8":{"loc":{"start":{"line":260,"column":2},"end":{"line":274,"column":3}},"type":"if","locations":[{"start":{"line":260,"column":2},"end":{"line":274,"column":3}}]},"9":{"loc":{"start":{"line":260,"column":6},"end":{"line":260,"column":57}},"type":"binary-expr","locations":[{"start":{"line":260,"column":6},"end":{"line":260,"column":15}},{"start":{"line":260,"column":19},"end":{"line":260,"column":28}},{"start":{"line":260,"column":32},"end":{"line":260,"column":43}},{"start":{"line":260,"column":47},"end":{"line":260,"column":57}}]},"10":{"loc":{"start":{"line":264,"column":4},"end":{"line":266,"column":5}},"type":"if","locations":[{"start":{"line":264,"column":4},"end":{"line":266,"column":5}}]},"11":{"loc":{"start":{"line":265,"column":340},"end":{"line":265,"column":495}},"type":"cond-expr","locations":[{"start":{"line":265,"column":450},"end":{"line":265,"column":471}},{"start":{"line":265,"column":474},"end":{"line":265,"column":495}}]},"12":{"loc":{"start":{"line":265,"column":340},"end":{"line":265,"column":447}},"type":"binary-expr","locations":[{"start":{"line":265,"column":340},"end":{"line":265,"column":364}},{"start":{"line":265,"column":368},"end":{"line":265,"column":392}},{"start":{"line":265,"column":396},"end":{"line":265,"column":418}},{"start":{"line":265,"column":422},"end":{"line":265,"column":447}}]},"13":{"loc":{"start":{"line":268,"column":4},"end":{"line":270,"column":5}},"type":"if","locations":[{"start":{"line":268,"column":4},"end":{"line":270,"column":5}}]},"14":{"loc":{"start":{"line":277,"column":2},"end":{"line":281,"column":3}},"type":"if","locations":[{"start":{"line":277,"column":2},"end":{"line":281,"column":3}}]},"15":{"loc":{"start":{"line":277,"column":6},"end":{"line":277,"column":62}},"type":"binary-expr","locations":[{"start":{"line":277,"column":6},"end":{"line":277,"column":15}},{"start":{"line":277,"column":19},"end":{"line":277,"column":35}},{"start":{"line":277,"column":39},"end":{"line":277,"column":50}},{"start":{"line":277,"column":54},"end":{"line":277,"column":62}}]},"16":{"loc":{"start":{"line":284,"column":2},"end":{"line":288,"column":3}},"type":"if","locations":[{"start":{"line":284,"column":2},"end":{"line":288,"column":3}}]},"17":{"loc":{"start":{"line":284,"column":6},"end":{"line":284,"column":67}},"type":"binary-expr","locations":[{"start":{"line":284,"column":6},"end":{"line":284,"column":15}},{"start":{"line":284,"column":19},"end":{"line":284,"column":39}},{"start":{"line":284,"column":43},"end":{"line":284,"column":54}},{"start":{"line":284,"column":58},"end":{"line":284,"column":67}}]},"18":{"loc":{"start":{"line":291,"column":2},"end":{"line":295,"column":3}},"type":"if","locations":[{"start":{"line":291,"column":2},"end":{"line":295,"column":3}}]},"19":{"loc":{"start":{"line":291,"column":6},"end":{"line":291,"column":66}},"type":"binary-expr","locations":[{"start":{"line":291,"column":6},"end":{"line":291,"column":15}},{"start":{"line":291,"column":19},"end":{"line":291,"column":39}},{"start":{"line":291,"column":43},"end":{"line":291,"column":53}},{"start":{"line":291,"column":57},"end":{"line":291,"column":66}}]},"20":{"loc":{"start":{"line":298,"column":2},"end":{"line":302,"column":3}},"type":"if","locations":[{"start":{"line":298,"column":2},"end":{"line":302,"column":3}}]},"21":{"loc":{"start":{"line":298,"column":6},"end":{"line":298,"column":61}},"type":"binary-expr","locations":[{"start":{"line":298,"column":6},"end":{"line":298,"column":15}},{"start":{"line":298,"column":19},"end":{"line":298,"column":35}},{"start":{"line":298,"column":39},"end":{"line":298,"column":49}},{"start":{"line":298,"column":53},"end":{"line":298,"column":61}}]},"22":{"loc":{"start":{"line":355,"column":14},"end":{"line":355,"column":46}},"type":"binary-expr","locations":[{"start":{"line":355,"column":14},"end":{"line":355,"column":38}},{"start":{"line":355,"column":42},"end":{"line":355,"column":46}}]},"23":{"loc":{"start":{"line":359,"column":2},"end":{"line":361,"column":26}},"type":"if","locations":[{"start":{"line":359,"column":2},"end":{"line":361,"column":26}},{"start":{"line":360,"column":7},"end":{"line":361,"column":26}}]},"24":{"loc":{"start":{"line":360,"column":7},"end":{"line":361,"column":26}},"type":"if","locations":[{"start":{"line":360,"column":7},"end":{"line":361,"column":26}},{"start":{"line":361,"column":7},"end":{"line":361,"column":26}}]},"25":{"loc":{"start":{"line":369,"column":4},"end":{"line":370,"column":76}},"type":"binary-expr","locations":[{"start":{"line":369,"column":4},"end":{"line":369,"column":33}},{"start":{"line":369,"column":37},"end":{"line":369,"column":66}},{"start":{"line":370,"column":4},"end":{"line":370,"column":36}},{"start":{"line":370,"column":40},"end":{"line":370,"column":76}}]},"26":{"loc":{"start":{"line":377,"column":2},"end":{"line":430,"column":3}},"type":"if","locations":[{"start":{"line":377,"column":2},"end":{"line":430,"column":3}},{"start":{"line":416,"column":9},"end":{"line":430,"column":3}}]},"27":{"loc":{"start":{"line":378,"column":4},"end":{"line":415,"column":5}},"type":"if","locations":[{"start":{"line":378,"column":4},"end":{"line":415,"column":5}},{"start":{"line":394,"column":11},"end":{"line":415,"column":5}}]},"28":{"loc":{"start":{"line":378,"column":8},"end":{"line":378,"column":44}},"type":"binary-expr","locations":[{"start":{"line":378,"column":8},"end":{"line":378,"column":18}},{"start":{"line":378,"column":22},"end":{"line":378,"column":44}}]},"29":{"loc":{"start":{"line":394,"column":11},"end":{"line":415,"column":5}},"type":"if","locations":[{"start":{"line":394,"column":11},"end":{"line":415,"column":5}},{"start":{"line":404,"column":11},"end":{"line":415,"column":5}}]},"30":{"loc":{"start":{"line":416,"column":9},"end":{"line":430,"column":3}},"type":"if","locations":[{"start":{"line":416,"column":9},"end":{"line":430,"column":3}},{"start":{"line":423,"column":9},"end":{"line":430,"column":3}}]},"31":{"loc":{"start":{"line":423,"column":9},"end":{"line":430,"column":3}},"type":"if","locations":[{"start":{"line":423,"column":9},"end":{"line":430,"column":3}}]},"32":{"loc":{"start":{"line":437,"column":2},"end":{"line":482,"column":3}},"type":"if","locations":[{"start":{"line":437,"column":2},"end":{"line":482,"column":3}},{"start":{"line":480,"column":9},"end":{"line":482,"column":3}}]},"33":{"loc":{"start":{"line":448,"column":4},"end":{"line":474,"column":5}},"type":"if","locations":[{"start":{"line":448,"column":4},"end":{"line":474,"column":5}},{"start":{"line":450,"column":11},"end":{"line":474,"column":5}}]},"34":{"loc":{"start":{"line":450,"column":11},"end":{"line":474,"column":5}},"type":"if","locations":[{"start":{"line":450,"column":11},"end":{"line":474,"column":5}},{"start":{"line":461,"column":11},"end":{"line":474,"column":5}}]},"35":{"loc":{"start":{"line":450,"column":15},"end":{"line":450,"column":56}},"type":"binary-expr","locations":[{"start":{"line":450,"column":15},"end":{"line":450,"column":26}},{"start":{"line":450,"column":30},"end":{"line":450,"column":56}}]},"36":{"loc":{"start":{"line":461,"column":11},"end":{"line":474,"column":5}},"type":"if","locations":[{"start":{"line":461,"column":11},"end":{"line":474,"column":5}},{"start":{"line":472,"column":11},"end":{"line":474,"column":5}}]},"37":{"loc":{"start":{"line":472,"column":11},"end":{"line":474,"column":5}},"type":"if","locations":[{"start":{"line":472,"column":11},"end":{"line":474,"column":5}}]},"38":{"loc":{"start":{"line":477,"column":4},"end":{"line":479,"column":5}},"type":"if","locations":[{"start":{"line":477,"column":4},"end":{"line":479,"column":5}}]},"39":{"loc":{"start":{"line":477,"column":8},"end":{"line":477,"column":47}},"type":"binary-expr","locations":[{"start":{"line":477,"column":8},"end":{"line":477,"column":31}},{"start":{"line":477,"column":35},"end":{"line":477,"column":47}}]},"40":{"loc":{"start":{"line":480,"column":9},"end":{"line":482,"column":3}},"type":"if","locations":[{"start":{"line":480,"column":9},"end":{"line":482,"column":3}}]},"41":{"loc":{"start":{"line":480,"column":13},"end":{"line":480,"column":68}},"type":"binary-expr","locations":[{"start":{"line":480,"column":13},"end":{"line":480,"column":36}},{"start":{"line":480,"column":40},"end":{"line":480,"column":68}}]},"42":{"loc":{"start":{"line":485,"column":2},"end":{"line":503,"column":3}},"type":"if","locations":[{"start":{"line":485,"column":2},"end":{"line":503,"column":3}}]},"43":{"loc":{"start":{"line":485,"column":6},"end":{"line":485,"column":59}},"type":"binary-expr","locations":[{"start":{"line":485,"column":6},"end":{"line":485,"column":31}},{"start":{"line":485,"column":35},"end":{"line":485,"column":59}}]},"44":{"loc":{"start":{"line":489,"column":6},"end":{"line":491,"column":7}},"type":"if","locations":[{"start":{"line":489,"column":6},"end":{"line":491,"column":7}}]},"45":{"loc":{"start":{"line":489,"column":10},"end":{"line":489,"column":46}},"type":"binary-expr","locations":[{"start":{"line":489,"column":10},"end":{"line":489,"column":12}},{"start":{"line":489,"column":16},"end":{"line":489,"column":29}},{"start":{"line":489,"column":33},"end":{"line":489,"column":46}}]},"46":{"loc":{"start":{"line":493,"column":4},"end":{"line":502,"column":5}},"type":"if","locations":[{"start":{"line":493,"column":4},"end":{"line":502,"column":5}}]},"47":{"loc":{"start":{"line":506,"column":2},"end":{"line":511,"column":3}},"type":"if","locations":[{"start":{"line":506,"column":2},"end":{"line":511,"column":3}}]},"48":{"loc":{"start":{"line":508,"column":4},"end":{"line":510,"column":5}},"type":"if","locations":[{"start":{"line":508,"column":4},"end":{"line":510,"column":5}}]},"49":{"loc":{"start":{"line":520,"column":21},"end":{"line":522,"column":54}},"type":"cond-expr","locations":[{"start":{"line":520,"column":34},"end":{"line":520,"column":71}},{"start":{"line":521,"column":21},"end":{"line":522,"column":54}}]},"50":{"loc":{"start":{"line":521,"column":21},"end":{"line":522,"column":54}},"type":"cond-expr","locations":[{"start":{"line":521,"column":35},"end":{"line":521,"column":85}},{"start":{"line":522,"column":21},"end":{"line":522,"column":54}}]},"51":{"loc":{"start":{"line":524,"column":4},"end":{"line":560,"column":5}},"type":"if","locations":[{"start":{"line":524,"column":4},"end":{"line":560,"column":5}},{"start":{"line":549,"column":11},"end":{"line":560,"column":5}}]},"52":{"loc":{"start":{"line":525,"column":6},"end":{"line":548,"column":7}},"type":"if","locations":[{"start":{"line":525,"column":6},"end":{"line":548,"column":7}},{"start":{"line":536,"column":13},"end":{"line":548,"column":7}}]},"53":{"loc":{"start":{"line":526,"column":38},"end":{"line":534,"column":19}},"type":"cond-expr","locations":[{"start":{"line":526,"column":51},"end":{"line":530,"column":19}},{"start":{"line":530,"column":21},"end":{"line":534,"column":19}}]},"54":{"loc":{"start":{"line":538,"column":37},"end":{"line":546,"column":19}},"type":"cond-expr","locations":[{"start":{"line":538,"column":50},"end":{"line":542,"column":19}},{"start":{"line":542,"column":21},"end":{"line":546,"column":19}}]},"55":{"loc":{"start":{"line":549,"column":11},"end":{"line":560,"column":5}},"type":"if","locations":[{"start":{"line":549,"column":11},"end":{"line":560,"column":5}}]},"56":{"loc":{"start":{"line":549,"column":15},"end":{"line":549,"column":70}},"type":"binary-expr","locations":[{"start":{"line":549,"column":15},"end":{"line":549,"column":39}},{"start":{"line":549,"column":43},"end":{"line":549,"column":70}}]},"57":{"loc":{"start":{"line":551,"column":6},"end":{"line":553,"column":34}},"type":"if","locations":[{"start":{"line":551,"column":6},"end":{"line":553,"column":34}},{"start":{"line":552,"column":11},"end":{"line":553,"column":34}}]},"58":{"loc":{"start":{"line":552,"column":11},"end":{"line":553,"column":34}},"type":"if","locations":[{"start":{"line":552,"column":11},"end":{"line":553,"column":34}},{"start":{"line":553,"column":11},"end":{"line":553,"column":34}}]},"59":{"loc":{"start":{"line":566,"column":4},"end":{"line":577,"column":5}},"type":"if","locations":[{"start":{"line":566,"column":4},"end":{"line":577,"column":5}}]},"60":{"loc":{"start":{"line":566,"column":8},"end":{"line":566,"column":78}},"type":"binary-expr","locations":[{"start":{"line":566,"column":8},"end":{"line":566,"column":19}},{"start":{"line":566,"column":23},"end":{"line":566,"column":34}},{"start":{"line":566,"column":38},"end":{"line":566,"column":78}}]},"61":{"loc":{"start":{"line":567,"column":34},"end":{"line":575,"column":17}},"type":"cond-expr","locations":[{"start":{"line":567,"column":47},"end":{"line":571,"column":17}},{"start":{"line":571,"column":19},"end":{"line":575,"column":17}}]},"62":{"loc":{"start":{"line":579,"column":4},"end":{"line":579,"column":71}},"type":"if","locations":[{"start":{"line":579,"column":4},"end":{"line":579,"column":71}}]},"63":{"loc":{"start":{"line":587,"column":4},"end":{"line":601,"column":5}},"type":"if","locations":[{"start":{"line":587,"column":4},"end":{"line":601,"column":5}},{"start":{"line":594,"column":11},"end":{"line":601,"column":5}}]},"64":{"loc":{"start":{"line":594,"column":11},"end":{"line":601,"column":5}},"type":"if","locations":[{"start":{"line":594,"column":11},"end":{"line":601,"column":5}}]},"65":{"loc":{"start":{"line":603,"column":4},"end":{"line":610,"column":5}},"type":"if","locations":[{"start":{"line":603,"column":4},"end":{"line":610,"column":5}}]},"66":{"loc":{"start":{"line":612,"column":4},"end":{"line":628,"column":5}},"type":"if","locations":[{"start":{"line":612,"column":4},"end":{"line":628,"column":5}}]},"67":{"loc":{"start":{"line":613,"column":6},"end":{"line":627,"column":7}},"type":"if","locations":[{"start":{"line":613,"column":6},"end":{"line":627,"column":7}},{"start":{"line":620,"column":13},"end":{"line":627,"column":7}}]},"68":{"loc":{"start":{"line":620,"column":13},"end":{"line":627,"column":7}},"type":"if","locations":[{"start":{"line":620,"column":13},"end":{"line":627,"column":7}}]},"69":{"loc":{"start":{"line":630,"column":4},"end":{"line":630,"column":69}},"type":"if","locations":[{"start":{"line":630,"column":4},"end":{"line":630,"column":69}}]},"70":{"loc":{"start":{"line":649,"column":4},"end":{"line":652,"column":5}},"type":"if","locations":[{"start":{"line":649,"column":4},"end":{"line":652,"column":5}}]},"71":{"loc":{"start":{"line":651,"column":6},"end":{"line":651,"column":54}},"type":"if","locations":[{"start":{"line":651,"column":6},"end":{"line":651,"column":54}}]},"72":{"loc":{"start":{"line":677,"column":4},"end":{"line":677,"column":54}},"type":"if","locations":[{"start":{"line":677,"column":4},"end":{"line":677,"column":54}}]},"73":{"loc":{"start":{"line":679,"column":4},"end":{"line":679,"column":71}},"type":"if","locations":[{"start":{"line":679,"column":4},"end":{"line":679,"column":71}}]},"74":{"loc":{"start":{"line":684,"column":2},"end":{"line":714,"column":3}},"type":"if","locations":[{"start":{"line":684,"column":2},"end":{"line":714,"column":3}}]},"75":{"loc":{"start":{"line":686,"column":4},"end":{"line":697,"column":5}},"type":"if","locations":[{"start":{"line":686,"column":4},"end":{"line":697,"column":5}}]},"76":{"loc":{"start":{"line":689,"column":19},"end":{"line":689,"column":47}},"type":"binary-expr","locations":[{"start":{"line":689,"column":19},"end":{"line":689,"column":41}},{"start":{"line":689,"column":45},"end":{"line":689,"column":47}}]},"77":{"loc":{"start":{"line":692,"column":40},"end":{"line":692,"column":59}},"type":"cond-expr","locations":[{"start":{"line":692,"column":49},"end":{"line":692,"column":53}},{"start":{"line":692,"column":56},"end":{"line":692,"column":59}}]},"78":{"loc":{"start":{"line":693,"column":42},"end":{"line":693,"column":59}},"type":"cond-expr","locations":[{"start":{"line":693,"column":51},"end":{"line":693,"column":53}},{"start":{"line":693,"column":56},"end":{"line":693,"column":59}}]},"79":{"loc":{"start":{"line":698,"column":4},"end":{"line":712,"column":5}},"type":"if","locations":[{"start":{"line":698,"column":4},"end":{"line":712,"column":5}},{"start":{"line":705,"column":11},"end":{"line":712,"column":5}}]},"80":{"loc":{"start":{"line":705,"column":11},"end":{"line":712,"column":5}},"type":"if","locations":[{"start":{"line":705,"column":11},"end":{"line":712,"column":5}}]},"81":{"loc":{"start":{"line":713,"column":4},"end":{"line":713,"column":71}},"type":"if","locations":[{"start":{"line":713,"column":4},"end":{"line":713,"column":71}}]},"82":{"loc":{"start":{"line":717,"column":2},"end":{"line":719,"column":3}},"type":"if","locations":[{"start":{"line":717,"column":2},"end":{"line":719,"column":3}}]},"83":{"loc":{"start":{"line":717,"column":6},"end":{"line":717,"column":78}},"type":"binary-expr","locations":[{"start":{"line":717,"column":6},"end":{"line":717,"column":43}},{"start":{"line":717,"column":47},"end":{"line":717,"column":78}}]},"84":{"loc":{"start":{"line":736,"column":2},"end":{"line":738,"column":3}},"type":"if","locations":[{"start":{"line":736,"column":2},"end":{"line":738,"column":3}}]},"85":{"loc":{"start":{"line":736,"column":6},"end":{"line":736,"column":69}},"type":"binary-expr","locations":[{"start":{"line":736,"column":6},"end":{"line":736,"column":30}},{"start":{"line":736,"column":34},"end":{"line":736,"column":69}}]},"86":{"loc":{"start":{"line":741,"column":2},"end":{"line":743,"column":3}},"type":"if","locations":[{"start":{"line":741,"column":2},"end":{"line":743,"column":3}}]},"87":{"loc":{"start":{"line":781,"column":54},"end":{"line":781,"column":70}},"type":"binary-expr","locations":[{"start":{"line":781,"column":54},"end":{"line":781,"column":64}},{"start":{"line":781,"column":68},"end":{"line":781,"column":70}}]},"88":{"loc":{"start":{"line":825,"column":2},"end":{"line":842,"column":3}},"type":"if","locations":[{"start":{"line":825,"column":2},"end":{"line":842,"column":3}},{"start":{"line":828,"column":9},"end":{"line":842,"column":3}}]},"89":{"loc":{"start":{"line":861,"column":8},"end":{"line":874,"column":10}},"type":"cond-expr","locations":[{"start":{"line":861,"column":26},"end":{"line":874,"column":6}},{"start":{"line":874,"column":8},"end":{"line":874,"column":10}}]}},"s":{"0":1,"1":1,"2":1,"3":1,"4":1,"5":1,"6":1,"7":1,"8":1,"9":10,"10":10,"11":10,"12":10,"13":10,"14":20,"15":10,"16":10,"17":10,"18":220,"19":220,"20":220,"21":220,"22":20,"23":10,"24":10,"25":10,"26":10,"27":1,"28":0,"29":0,"30":0,"31":0,"32":0,"33":1,"34":0,"35":0,"36":0,"37":0,"38":0,"39":0,"40":0,"41":0,"42":0,"43":0,"44":0,"45":0,"46":0,"47":0,"48":0,"49":0,"50":0,"51":0,"52":0,"53":0,"54":0,"55":0,"56":0,"57":0,"58":0,"59":0,"60":0,"61":0,"62":0,"63":0,"64":0,"65":0,"66":0,"67":0,"68":0,"69":0,"70":0,"71":0,"72":0,"73":0,"74":0,"75":0,"76":0,"77":0,"78":0,"79":0,"80":0,"81":0,"82":0,"83":0,"84":0,"85":0,"86":0,"87":0,"88":0,"89":0,"90":0,"91":0,"92":0,"93":0,"94":0,"95":0,"96":0,"97":0,"98":0,"99":0,"100":0,"101":0,"102":0,"103":0,"104":0,"105":0,"106":0,"107":0,"108":0,"109":0,"110":0,"111":0,"112":0,"113":0,"114":0,"115":0,"116":0,"117":0,"118":0,"119":0,"120":0,"121":0,"122":0,"123":0,"124":0,"125":0,"126":0,"127":0,"128":0,"129":0,"130":0,"131":0,"132":0,"133":0,"134":0,"135":0,"136":0,"137":0,"138":0,"139":0,"140":0,"141":0,"142":0,"143":0,"144":0,"145":0,"146":0,"147":0,"148":0,"149":0,"150":0,"151":0,"152":0,"153":0,"154":0,"155":0,"156":0,"157":0,"158":0,"159":0,"160":0,"161":0,"162":0,"163":0,"164":0,"165":0,"166":0,"167":0,"168":0,"169":0,"170":0,"171":0,"172":0,"173":0,"174":0,"175":0,"176":0,"177":0,"178":0,"179":0,"180":0,"181":0,"182":0,"183":0,"184":0,"185":0,"186":0,"187":0,"188":0,"189":0,"190":0,"191":0,"192":0,"193":0,"194":0,"195":0,"196":0,"197":0,"198":0,"199":0,"200":0,"201":0,"202":0,"203":0,"204":0,"205":0,"206":0,"207":0,"208":0,"209":0,"210":0,"211":0,"212":0,"213":0,"214":0,"215":0,"216":0,"217":0,"218":0,"219":0,"220":0,"221":0,"222":0,"223":0,"224":0,"225":0,"226":0,"227":0,"228":0,"229":0,"230":0,"231":0,"232":0,"233":0,"234":0,"235":10,"236":10,"237":10,"238":260,"239":10,"240":10,"241":10,"242":10,"243":10,"244":10,"245":10,"246":10,"247":10,"248":10,"249":10,"250":10,"251":10,"252":10,"253":0,"254":0,"255":10,"256":30,"257":10,"258":20,"259":10,"260":0,"261":1},"f":{"0":10,"1":10,"2":10,"3":0,"4":0,"5":0,"6":0,"7":0,"8":0,"9":0,"10":0,"11":0,"12":0,"13":0,"14":0,"15":0,"16":0,"17":0,"18":0,"19":0,"20":0,"21":0,"22":0,"23":0,"24":0,"25":10,"26":10,"27":30,"28":20,"29":0},"b":{"0":[10,0],"1":[20,0],"2":[220,200],"3":[220,0],"4":[20],"5":[10,0],"6":[0],"7":[0,0],"8":[0],"9":[0,0,0,0],"10":[0],"11":[0,0],"12":[0,0,0,0],"13":[0],"14":[0],"15":[0,0,0,0],"16":[0],"17":[0,0,0,0],"18":[0],"19":[0,0,0,0],"20":[0],"21":[0,0,0,0],"22":[0,0],"23":[0,0],"24":[0,0],"25":[0,0,0,0],"26":[0,0],"27":[0,0],"28":[0,0],"29":[0,0],"30":[0,0],"31":[0],"32":[0,0],"33":[0,0],"34":[0,0],"35":[0,0],"36":[0,0],"37":[0],"38":[0],"39":[0,0],"40":[0],"41":[0,0],"42":[0],"43":[0,0],"44":[0],"45":[0,0,0],"46":[0],"47":[0],"48":[0],"49":[0,0],"50":[0,0],"51":[0,0],"52":[0,0],"53":[0,0],"54":[0,0],"55":[0],"56":[0,0],"57":[0,0],"58":[0,0],"59":[0],"60":[0,0,0],"61":[0,0],"62":[0],"63":[0,0],"64":[0],"65":[0],"66":[0],"67":[0,0],"68":[0],"69":[0],"70":[0],"71":[0],"72":[0],"73":[0],"74":[0],"75":[0],"76":[0,0],"77":[0,0],"78":[0,0],"79":[0,0],"80":[0],"81":[0],"82":[0],"83":[0,0],"84":[0],"85":[0,0],"86":[0],"87":[10,10],"88":[10,0],"89":[10,0]}}
,"/Users/brittany/Downloads/mysky/services/premium/dreamKeywords.ts": {"path":"/Users/brittany/Downloads/mysky/services/premium/dreamKeywords.ts","statementMap":{"0":{"start":{"line":1635,"column":0},"end":{"line":1635,"column":16}},"1":{"start":{"line":57,"column":13},"end":{"line":1508,"column":2}},"2":{"start":{"line":1513,"column":56},"end":{"line":1513,"column":65}},"3":{"start":{"line":1515,"column":0},"end":{"line":1525,"column":1}},"4":{"start":{"line":1516,"column":2},"end":{"line":1524,"column":3}},"5":{"start":{"line":1517,"column":18},"end":{"line":1517,"column":34}},"6":{"start":{"line":1518,"column":21},"end":{"line":1518,"column":45}},"7":{"start":{"line":1519,"column":4},"end":{"line":1523,"column":5}},"8":{"start":{"line":1520,"column":6},"end":{"line":1520,"column":27}},"9":{"start":{"line":1522,"column":6},"end":{"line":1522,"column":40}},"10":{"start":{"line":1528,"column":37},"end":{"line":1529,"column":60}},"11":{"start":{"line":1529,"column":18},"end":{"line":1529,"column":59}},"12":{"start":{"line":1544,"column":64},"end":{"line":1555,"column":2}},"13":{"start":{"line":1565,"column":29},"end":{"line":1565,"column":32}},"14":{"start":{"line":1571,"column":37},"end":{"line":1574,"column":2}},"15":{"start":{"line":1582,"column":20},"end":{"line":1582,"column":47}},"16":{"start":{"line":1585,"column":2},"end":{"line":1585,"column":33}},"17":{"start":{"line":1585,"column":22},"end":{"line":1585,"column":33}},"18":{"start":{"line":1586,"column":2},"end":{"line":1586,"column":34}},"19":{"start":{"line":1586,"column":23},"end":{"line":1586,"column":34}},"20":{"start":{"line":1590,"column":2},"end":{"line":1595,"column":3}},"21":{"start":{"line":1592,"column":4},"end":{"line":1592,"column":71}},"22":{"start":{"line":1594,"column":4},"end":{"line":1594,"column":21}},"23":{"start":{"line":1598,"column":27},"end":{"line":1598,"column":87}},"24":{"start":{"line":1599,"column":2},"end":{"line":1599,"column":50}},"25":{"start":{"line":1599,"column":31},"end":{"line":1599,"column":50}},"26":{"start":{"line":1603,"column":23},"end":{"line":1603,"column":63}},"27":{"start":{"line":1604,"column":2},"end":{"line":1606,"column":3}},"28":{"start":{"line":1605,"column":4},"end":{"line":1605,"column":19}},"29":{"start":{"line":1608,"column":2},"end":{"line":1608,"column":35}},"30":{"start":{"line":1636,"column":2},"end":{"line":1636,"column":59}},"31":{"start":{"line":1636,"column":49},"end":{"line":1636,"column":59}},"32":{"start":{"line":1638,"column":16},"end":{"line":1638,"column":39}},"33":{"start":{"line":1639,"column":15},"end":{"line":1639,"column":32}},"34":{"start":{"line":1640,"column":34},"end":{"line":1640,"column":36}},"35":{"start":{"line":1642,"column":2},"end":{"line":1674,"column":3}},"36":{"start":{"line":1644,"column":21},"end":{"line":1644,"column":22}},"37":{"start":{"line":1645,"column":4},"end":{"line":1673,"column":5}},"38":{"start":{"line":1646,"column":18},"end":{"line":1646,"column":47}},"39":{"start":{"line":1647,"column":6},"end":{"line":1647,"column":28}},"40":{"start":{"line":1647,"column":22},"end":{"line":1647,"column":28}},"41":{"start":{"line":1650,"column":21},"end":{"line":1650,"column":51}},"42":{"start":{"line":1651,"column":20},"end":{"line":1651,"column":81}},"43":{"start":{"line":1653,"column":8},"end":{"line":1653,"column":53}},"44":{"start":{"line":1655,"column":8},"end":{"line":1655,"column":75}},"45":{"start":{"line":1657,"column":6},"end":{"line":1670,"column":7}},"46":{"start":{"line":1659,"column":27},"end":{"line":1659,"column":67}},"47":{"start":{"line":1661,"column":8},"end":{"line":1669,"column":9}},"48":{"start":{"line":1662,"column":26},"end":{"line":1662,"column":53}},"49":{"start":{"line":1663,"column":10},"end":{"line":1668,"column":11}},"50":{"start":{"line":1664,"column":12},"end":{"line":1667,"column":13}},"51":{"start":{"line":1665,"column":14},"end":{"line":1665,"column":33}},"52":{"start":{"line":1666,"column":14},"end":{"line":1666,"column":82}},"53":{"start":{"line":1672,"column":6},"end":{"line":1672,"column":27}},"54":{"start":{"line":1677,"column":2},"end":{"line":1677,"column":44}},"55":{"start":{"line":1677,"column":25},"end":{"line":1677,"column":42}},"56":{"start":{"line":1679,"column":2},"end":{"line":1679,"column":17}}},"fnMap":{"0":{"name":"(anonymous_0)","decl":{"start":{"line":1529,"column":8},"end":{"line":1529,"column":9}},"loc":{"start":{"line":1529,"column":18},"end":{"line":1529,"column":59}}},"1":{"name":"computeKeywordConfidence","decl":{"start":{"line":1577,"column":9},"end":{"line":1577,"column":33}},"loc":{"start":{"line":1580,"column":20},"end":{"line":1609,"column":1}}},"2":{"name":"matchDreamKeywords","decl":{"start":{"line":1635,"column":16},"end":{"line":1635,"column":34}},"loc":{"start":{"line":1635,"column":52},"end":{"line":1680,"column":1}}},"3":{"name":"(anonymous_3)","decl":{"start":{"line":1677,"column":15},"end":{"line":1677,"column":16}},"loc":{"start":{"line":1677,"column":25},"end":{"line":1677,"column":42}}}},"branchMap":{"0":{"loc":{"start":{"line":1519,"column":4},"end":{"line":1523,"column":5}},"type":"if","locations":[{"start":{"line":1519,"column":4},"end":{"line":1523,"column":5}},{"start":{"line":1521,"column":11},"end":{"line":1523,"column":5}}]},"1":{"loc":{"start":{"line":1529,"column":18},"end":{"line":1529,"column":59}},"type":"binary-expr","locations":[{"start":{"line":1529,"column":18},"end":{"line":1529,"column":37}},{"start":{"line":1529,"column":41},"end":{"line":1529,"column":59}}]},"2":{"loc":{"start":{"line":1585,"column":2},"end":{"line":1585,"column":33}},"type":"if","locations":[{"start":{"line":1585,"column":2},"end":{"line":1585,"column":33}}]},"3":{"loc":{"start":{"line":1586,"column":2},"end":{"line":1586,"column":34}},"type":"if","locations":[{"start":{"line":1586,"column":2},"end":{"line":1586,"column":34}}]},"4":{"loc":{"start":{"line":1590,"column":2},"end":{"line":1595,"column":3}},"type":"if","locations":[{"start":{"line":1590,"column":2},"end":{"line":1595,"column":3}},{"start":{"line":1593,"column":9},"end":{"line":1595,"column":3}}]},"5":{"loc":{"start":{"line":1592,"column":17},"end":{"line":1592,"column":70}},"type":"cond-expr","locations":[{"start":{"line":1592,"column":61},"end":{"line":1592,"column":64}},{"start":{"line":1592,"column":67},"end":{"line":1592,"column":70}}]},"6":{"loc":{"start":{"line":1599,"column":2},"end":{"line":1599,"column":50}},"type":"if","locations":[{"start":{"line":1599,"column":2},"end":{"line":1599,"column":50}}]},"7":{"loc":{"start":{"line":1604,"column":2},"end":{"line":1606,"column":3}},"type":"if","locations":[{"start":{"line":1604,"column":2},"end":{"line":1606,"column":3}}]},"8":{"loc":{"start":{"line":1604,"column":6},"end":{"line":1604,"column":55}},"type":"binary-expr","locations":[{"start":{"line":1604,"column":6},"end":{"line":1604,"column":18}},{"start":{"line":1604,"column":22},"end":{"line":1604,"column":55}}]},"9":{"loc":{"start":{"line":1636,"column":2},"end":{"line":1636,"column":59}},"type":"if","locations":[{"start":{"line":1636,"column":2},"end":{"line":1636,"column":59}}]},"10":{"loc":{"start":{"line":1636,"column":6},"end":{"line":1636,"column":47}},"type":"binary-expr","locations":[{"start":{"line":1636,"column":6},"end":{"line":1636,"column":16}},{"start":{"line":1636,"column":20},"end":{"line":1636,"column":47}}]},"11":{"loc":{"start":{"line":1647,"column":6},"end":{"line":1647,"column":28}},"type":"if","locations":[{"start":{"line":1647,"column":6},"end":{"line":1647,"column":28}}]},"12":{"loc":{"start":{"line":1650,"column":21},"end":{"line":1650,"column":51}},"type":"cond-expr","locations":[{"start":{"line":1650,"column":31},"end":{"line":1650,"column":45}},{"start":{"line":1650,"column":48},"end":{"line":1650,"column":51}}]},"13":{"loc":{"start":{"line":1651,"column":20},"end":{"line":1651,"column":81}},"type":"cond-expr","locations":[{"start":{"line":1651,"column":53},"end":{"line":1651,"column":75}},{"start":{"line":1651,"column":78},"end":{"line":1651,"column":81}}]},"14":{"loc":{"start":{"line":1653,"column":8},"end":{"line":1653,"column":53}},"type":"binary-expr","locations":[{"start":{"line":1653,"column":8},"end":{"line":1653,"column":40}},{"start":{"line":1653,"column":44},"end":{"line":1653,"column":53}}]},"15":{"loc":{"start":{"line":1655,"column":8},"end":{"line":1655,"column":75}},"type":"binary-expr","locations":[{"start":{"line":1655,"column":8},"end":{"line":1655,"column":39}},{"start":{"line":1655,"column":43},"end":{"line":1655,"column":75}}]},"16":{"loc":{"start":{"line":1657,"column":6},"end":{"line":1670,"column":7}},"type":"if","locations":[{"start":{"line":1657,"column":6},"end":{"line":1670,"column":7}}]},"17":{"loc":{"start":{"line":1657,"column":10},"end":{"line":1657,"column":47}},"type":"binary-expr","locations":[{"start":{"line":1657,"column":10},"end":{"line":1657,"column":24}},{"start":{"line":1657,"column":28},"end":{"line":1657,"column":47}}]},"18":{"loc":{"start":{"line":1661,"column":8},"end":{"line":1669,"column":9}},"type":"if","locations":[{"start":{"line":1661,"column":8},"end":{"line":1669,"column":9}}]},"19":{"loc":{"start":{"line":1662,"column":26},"end":{"line":1662,"column":53}},"type":"binary-expr","locations":[{"start":{"line":1662,"column":26},"end":{"line":1662,"column":47}},{"start":{"line":1662,"column":51},"end":{"line":1662,"column":53}}]},"20":{"loc":{"start":{"line":1664,"column":12},"end":{"line":1667,"column":13}},"type":"if","locations":[{"start":{"line":1664,"column":12},"end":{"line":1667,"column":13}}]}},"s":{"0":2,"1":2,"2":2,"3":2,"4":458,"5":2646,"6":2646,"7":2646,"8":70,"9":2576,"10":2,"11":23142,"12":2,"13":2,"14":2,"15":86,"16":86,"17":2,"18":84,"19":21,"20":63,"21":2,"22":61,"23":63,"24":63,"25":3,"26":63,"27":63,"28":1,"29":63,"30":35,"31":3,"32":32,"33":32,"34":32,"35":32,"36":41216,"37":41216,"38":41343,"39":41343,"40":41216,"41":127,"42":127,"43":127,"44":127,"45":127,"46":86,"47":86,"48":84,"49":84,"50":85,"51":72,"52":72,"53":127,"54":32,"55":76,"56":32},"f":{"0":23142,"1":86,"2":35,"3":76},"b":{"0":[70,2576],"1":[23142,13618],"2":[2],"3":[21],"4":[2,61],"5":[1,1],"6":[3],"7":[1],"8":[63,1],"9":[3],"10":[35,34],"11":[41216],"12":[125,2],"13":[125,2],"14":[127,31],"15":[127,28],"16":[86],"17":[127,96],"18":[84],"19":[84,0],"20":[72]}}
,"/Users/brittany/Downloads/mysky/services/premium/dreamPatternEngine.ts": {"path":"/Users/brittany/Downloads/mysky/services/premium/dreamPatternEngine.ts","statementMap":{"0":{"start":{"line":232,"column":0},"end":{"line":232,"column":16}},"1":{"start":{"line":745,"column":0},"end":{"line":745,"column":16}},"2":{"start":{"line":914,"column":0},"end":{"line":914,"column":16}},"3":{"start":{"line":990,"column":0},"end":{"line":990,"column":16}},"4":{"start":{"line":1198,"column":0},"end":{"line":1198,"column":16}},"5":{"start":{"line":1435,"column":0},"end":{"line":1435,"column":16}},"6":{"start":{"line":25,"column":0},"end":{"line":25,"column":43}},"7":{"start":{"line":87,"column":61},"end":{"line":100,"column":2}},"8":{"start":{"line":117,"column":25},"end":{"line":188,"column":11}},"9":{"start":{"line":195,"column":16},"end":{"line":195,"column":39}},"10":{"start":{"line":199,"column":2},"end":{"line":201,"column":3}},"11":{"start":{"line":200,"column":4},"end":{"line":200,"column":20}},"12":{"start":{"line":202,"column":2},"end":{"line":204,"column":3}},"13":{"start":{"line":203,"column":4},"end":{"line":203,"column":20}},"14":{"start":{"line":205,"column":2},"end":{"line":207,"column":3}},"15":{"start":{"line":206,"column":4},"end":{"line":206,"column":27}},"16":{"start":{"line":209,"column":2},"end":{"line":211,"column":3}},"17":{"start":{"line":210,"column":4},"end":{"line":210,"column":22}},"18":{"start":{"line":214,"column":2},"end":{"line":214,"column":59}},"19":{"start":{"line":214,"column":43},"end":{"line":214,"column":59}},"20":{"start":{"line":215,"column":2},"end":{"line":215,"column":94}},"21":{"start":{"line":215,"column":78},"end":{"line":215,"column":94}},"22":{"start":{"line":216,"column":2},"end":{"line":216,"column":223}},"23":{"start":{"line":216,"column":203},"end":{"line":216,"column":223}},"24":{"start":{"line":221,"column":4},"end":{"line":221,"column":91}},"25":{"start":{"line":222,"column":2},"end":{"line":224,"column":3}},"26":{"start":{"line":223,"column":4},"end":{"line":223,"column":24}},"27":{"start":{"line":226,"column":2},"end":{"line":226,"column":19}},"28":{"start":{"line":239,"column":16},"end":{"line":239,"column":39}},"29":{"start":{"line":242,"column":29},"end":{"line":242,"column":31}},"30":{"start":{"line":243,"column":2},"end":{"line":245,"column":3}},"31":{"start":{"line":244,"column":4},"end":{"line":244,"column":46}},"32":{"start":{"line":244,"column":27},"end":{"line":244,"column":46}},"33":{"start":{"line":247,"column":2},"end":{"line":252,"column":3}},"34":{"start":{"line":248,"column":4},"end":{"line":251,"column":5}},"35":{"start":{"line":249,"column":20},"end":{"line":249,"column":39}},"36":{"start":{"line":250,"column":6},"end":{"line":250,"column":58}},"37":{"start":{"line":250,"column":37},"end":{"line":250,"column":58}},"38":{"start":{"line":255,"column":31},"end":{"line":255,"column":33}},"39":{"start":{"line":256,"column":2},"end":{"line":258,"column":3}},"40":{"start":{"line":257,"column":4},"end":{"line":257,"column":48}},"41":{"start":{"line":257,"column":27},"end":{"line":257,"column":48}},"42":{"start":{"line":259,"column":2},"end":{"line":264,"column":3}},"43":{"start":{"line":260,"column":4},"end":{"line":263,"column":5}},"44":{"start":{"line":261,"column":20},"end":{"line":261,"column":39}},"45":{"start":{"line":262,"column":6},"end":{"line":262,"column":62}},"46":{"start":{"line":262,"column":39},"end":{"line":262,"column":62}},"47":{"start":{"line":267,"column":28},"end":{"line":267,"column":30}},"48":{"start":{"line":268,"column":2},"end":{"line":270,"column":3}},"49":{"start":{"line":269,"column":4},"end":{"line":269,"column":45}},"50":{"start":{"line":269,"column":27},"end":{"line":269,"column":45}},"51":{"start":{"line":273,"column":27},"end":{"line":275,"column":47}},"52":{"start":{"line":274,"column":17},"end":{"line":274,"column":33}},"53":{"start":{"line":275,"column":14},"end":{"line":275,"column":46}},"54":{"start":{"line":278,"column":37},"end":{"line":278,"column":39}},"55":{"start":{"line":279,"column":44},"end":{"line":290,"column":4}},"56":{"start":{"line":291,"column":2},"end":{"line":293,"column":3}},"57":{"start":{"line":292,"column":4},"end":{"line":292,"column":56}},"58":{"start":{"line":292,"column":27},"end":{"line":292,"column":56}},"59":{"start":{"line":296,"column":34},"end":{"line":296,"column":36}},"60":{"start":{"line":297,"column":2},"end":{"line":299,"column":3}},"61":{"start":{"line":298,"column":4},"end":{"line":298,"column":51}},"62":{"start":{"line":298,"column":27},"end":{"line":298,"column":51}},"63":{"start":{"line":302,"column":34},"end":{"line":302,"column":36}},"64":{"start":{"line":303,"column":2},"end":{"line":305,"column":3}},"65":{"start":{"line":304,"column":4},"end":{"line":304,"column":51}},"66":{"start":{"line":304,"column":27},"end":{"line":304,"column":51}},"67":{"start":{"line":308,"column":35},"end":{"line":308,"column":37}},"68":{"start":{"line":309,"column":2},"end":{"line":311,"column":3}},"69":{"start":{"line":310,"column":4},"end":{"line":310,"column":52}},"70":{"start":{"line":310,"column":27},"end":{"line":310,"column":52}},"71":{"start":{"line":314,"column":36},"end":{"line":314,"column":38}},"72":{"start":{"line":315,"column":2},"end":{"line":317,"column":3}},"73":{"start":{"line":316,"column":4},"end":{"line":316,"column":53}},"74":{"start":{"line":316,"column":27},"end":{"line":316,"column":53}},"75":{"start":{"line":320,"column":34},"end":{"line":320,"column":36}},"76":{"start":{"line":321,"column":2},"end":{"line":323,"column":3}},"77":{"start":{"line":322,"column":4},"end":{"line":322,"column":51}},"78":{"start":{"line":322,"column":27},"end":{"line":322,"column":51}},"79":{"start":{"line":326,"column":33},"end":{"line":326,"column":35}},"80":{"start":{"line":327,"column":2},"end":{"line":329,"column":3}},"81":{"start":{"line":328,"column":4},"end":{"line":328,"column":50}},"82":{"start":{"line":328,"column":27},"end":{"line":328,"column":50}},"83":{"start":{"line":332,"column":27},"end":{"line":332,"column":82}},"84":{"start":{"line":332,"column":63},"end":{"line":332,"column":79}},"85":{"start":{"line":334,"column":2},"end":{"line":348,"column":4}},"86":{"start":{"line":380,"column":57},"end":{"line":681,"column":2}},"87":{"start":{"line":690,"column":50},"end":{"line":706,"column":2}},"88":{"start":{"line":709,"column":45},"end":{"line":709,"column":54}},"89":{"start":{"line":710,"column":0},"end":{"line":714,"column":1}},"90":{"start":{"line":711,"column":2},"end":{"line":713,"column":3}},"91":{"start":{"line":712,"column":4},"end":{"line":712,"column":53}},"92":{"start":{"line":718,"column":2},"end":{"line":718,"column":73}},"93":{"start":{"line":727,"column":2},"end":{"line":727,"column":37}},"94":{"start":{"line":727,"column":28},"end":{"line":727,"column":37}},"95":{"start":{"line":728,"column":2},"end":{"line":736,"column":3}},"96":{"start":{"line":729,"column":28},"end":{"line":729,"column":67}},"97":{"start":{"line":730,"column":26},"end":{"line":730,"column":64}},"98":{"start":{"line":731,"column":16},"end":{"line":731,"column":17}},"99":{"start":{"line":732,"column":4},"end":{"line":734,"column":5}},"100":{"start":{"line":733,"column":6},"end":{"line":733,"column":42}},"101":{"start":{"line":733,"column":34},"end":{"line":733,"column":42}},"102":{"start":{"line":735,"column":4},"end":{"line":735,"column":17}},"103":{"start":{"line":737,"column":24},"end":{"line":737,"column":67}},"104":{"start":{"line":737,"column":50},"end":{"line":737,"column":65}},"105":{"start":{"line":738,"column":2},"end":{"line":738,"column":72}},"106":{"start":{"line":738,"column":29},"end":{"line":738,"column":63}},"107":{"start":{"line":746,"column":56},"end":{"line":746,"column":58}},"108":{"start":{"line":748,"column":39},"end":{"line":751,"column":4}},"109":{"start":{"line":753,"column":22},"end":{"line":753,"column":82}},"110":{"start":{"line":755,"column":2},"end":{"line":839,"column":3}},"111":{"start":{"line":756,"column":17},"end":{"line":756,"column":39}},"112":{"start":{"line":757,"column":14},"end":{"line":757,"column":26}},"113":{"start":{"line":759,"column":14},"end":{"line":759,"column":15}},"114":{"start":{"line":760,"column":22},"end":{"line":760,"column":23}},"115":{"start":{"line":763,"column":4},"end":{"line":766,"column":5}},"116":{"start":{"line":764,"column":19},"end":{"line":764,"column":65}},"117":{"start":{"line":765,"column":6},"end":{"line":765,"column":56}},"118":{"start":{"line":767,"column":4},"end":{"line":767,"column":30}},"119":{"start":{"line":770,"column":4},"end":{"line":773,"column":5}},"120":{"start":{"line":771,"column":19},"end":{"line":771,"column":69}},"121":{"start":{"line":772,"column":6},"end":{"line":772,"column":60}},"122":{"start":{"line":774,"column":4},"end":{"line":774,"column":32}},"123":{"start":{"line":777,"column":4},"end":{"line":780,"column":5}},"124":{"start":{"line":778,"column":19},"end":{"line":778,"column":65}},"125":{"start":{"line":779,"column":6},"end":{"line":779,"column":56}},"126":{"start":{"line":781,"column":4},"end":{"line":781,"column":30}},"127":{"start":{"line":784,"column":4},"end":{"line":787,"column":5}},"128":{"start":{"line":785,"column":19},"end":{"line":785,"column":70}},"129":{"start":{"line":786,"column":6},"end":{"line":786,"column":56}},"130":{"start":{"line":788,"column":4},"end":{"line":788,"column":30}},"131":{"start":{"line":791,"column":4},"end":{"line":794,"column":5}},"132":{"start":{"line":792,"column":19},"end":{"line":792,"column":75}},"133":{"start":{"line":793,"column":6},"end":{"line":793,"column":66}},"134":{"start":{"line":795,"column":4},"end":{"line":795,"column":35}},"135":{"start":{"line":798,"column":4},"end":{"line":801,"column":5}},"136":{"start":{"line":799,"column":19},"end":{"line":799,"column":63}},"137":{"start":{"line":800,"column":6},"end":{"line":800,"column":54}},"138":{"start":{"line":802,"column":4},"end":{"line":802,"column":29}},"139":{"start":{"line":805,"column":4},"end":{"line":808,"column":5}},"140":{"start":{"line":806,"column":19},"end":{"line":806,"column":71}},"141":{"start":{"line":807,"column":6},"end":{"line":807,"column":56}},"142":{"start":{"line":809,"column":4},"end":{"line":809,"column":30}},"143":{"start":{"line":812,"column":4},"end":{"line":815,"column":5}},"144":{"start":{"line":813,"column":19},"end":{"line":813,"column":73}},"145":{"start":{"line":814,"column":6},"end":{"line":814,"column":58}},"146":{"start":{"line":816,"column":4},"end":{"line":816,"column":31}},"147":{"start":{"line":819,"column":4},"end":{"line":822,"column":5}},"148":{"start":{"line":820,"column":19},"end":{"line":820,"column":69}},"149":{"start":{"line":821,"column":6},"end":{"line":821,"column":54}},"150":{"start":{"line":823,"column":4},"end":{"line":823,"column":29}},"151":{"start":{"line":826,"column":4},"end":{"line":829,"column":5}},"152":{"start":{"line":827,"column":19},"end":{"line":827,"column":67}},"153":{"start":{"line":828,"column":6},"end":{"line":828,"column":52}},"154":{"start":{"line":830,"column":4},"end":{"line":830,"column":28}},"155":{"start":{"line":833,"column":4},"end":{"line":835,"column":5}},"156":{"start":{"line":834,"column"
[...]
29}},"4":{"start":{"line":77,"column":19},"end":{"line":77,"column":29}},"5":{"start":{"line":78,"column":14},"end":{"line":78,"column":59}},"6":{"start":{"line":79,"column":2},"end":{"line":79,"column":18}},"7":{"start":{"line":82,"column":14},"end":{"line":82,"column":86}},"8":{"start":{"line":82,"column":55},"end":{"line":82,"column":86}},"9":{"start":{"line":84,"column":15},"end":{"line":97,"column":1}},"10":{"start":{"line":85,"column":18},"end":{"line":85,"column":57}},"11":{"start":{"line":86,"column":2},"end":{"line":86,"column":54}},"12":{"start":{"line":86,"column":23},"end":{"line":86,"column":54}},"13":{"start":{"line":87,"column":23},"end":{"line":87,"column":27}},"14":{"start":{"line":88,"column":14},"end":{"line":88,"column":23}},"15":{"start":{"line":89,"column":2},"end":{"line":95,"column":3}},"16":{"start":{"line":90,"column":15},"end":{"line":90,"column":21}},"17":{"start":{"line":91,"column":4},"end":{"line":94,"column":5}},"18":{"start":{"line":92,"column":6},"end":{"line":92,"column":15}},"19":{"start":{"line":93,"column":6},"end":{"line":93,"column":17}},"20":{"start":{"line":96,"column":2},"end":{"line":96,"column":53}},"21":{"start":{"line":101,"column":52},"end":{"line":107,"column":2}},"22":{"start":{"line":109,"column":62},"end":{"line":114,"column":2}},"23":{"start":{"line":120,"column":4},"end":{"line":122,"column":38}},"24":{"start":{"line":125,"column":4},"end":{"line":127,"column":37}},"25":{"start":{"line":129,"column":19},"end":{"line":129,"column":62}},"26":{"start":{"line":130,"column":21},"end":{"line":130,"column":61}},"27":{"start":{"line":131,"column":20},"end":{"line":131,"column":58}},"28":{"start":{"line":133,"column":2},"end":{"line":200,"column":4}},"29":{"start":{"line":206,"column":13},"end":{"line":208,"column":2}},"30":{"start":{"line":207,"column":10},"end":{"line":207,"column":48}},"31":{"start":{"line":212,"column":16},"end":{"line":217,"column":11}},"32":{"start":{"line":221,"column":31},"end":{"line":225,"column":1}},"33":{"start":{"line":222,"column":15},"end":{"line":222,"column":105}},"34":{"start":{"line":222,"column":64},"end":{"line":222,"column":70}},"35":{"start":{"line":223,"column":2},"end":{"line":223,"column":73}},"36":{"start":{"line":223,"column":29},"end":{"line":223,"column":73}},"37":{"start":{"line":224,"column":2},"end":{"line":224,"column":14}},"38":{"start":{"line":243,"column":34},"end":{"line":243,"column":38}},"39":{"start":{"line":244,"column":19},"end":{"line":244,"column":37}},"40":{"start":{"line":245,"column":15},"end":{"line":245,"column":34}},"41":{"start":{"line":247,"column":24},"end":{"line":247,"column":57}},"42":{"start":{"line":249,"column":18},"end":{"line":249,"column":92}},"43":{"start":{"line":250,"column":20},"end":{"line":250,"column":91}},"44":{"start":{"line":261,"column":32},"end":{"line":261,"column":34}},"45":{"start":{"line":263,"column":2},"end":{"line":301,"column":3}},"46":{"start":{"line":264,"column":25},"end":{"line":264,"column":58}},"47":{"start":{"line":265,"column":4},"end":{"line":265,"column":38}},"48":{"start":{"line":265,"column":29},"end":{"line":265,"column":38}},"49":{"start":{"line":267,"column":12},"end":{"line":267,"column":24}},"50":{"start":{"line":271,"column":4},"end":{"line":279,"column":5}},"51":{"start":{"line":276,"column":16},"end":{"line":276,"column":69}},"52":{"start":{"line":277,"column":6},"end":{"line":277,"column":13}},"53":{"start":{"line":278,"column":6},"end":{"line":278,"column":79}},"54":{"start":{"line":283,"column":4},"end":{"line":291,"column":5}},"55":{"start":{"line":288,"column":16},"end":{"line":288,"column":74}},"56":{"start":{"line":289,"column":6},"end":{"line":289,"column":13}},"57":{"start":{"line":290,"column":6},"end":{"line":290,"column":77}},"58":{"start":{"line":294,"column":4},"end":{"line":296,"column":5}},"59":{"start":{"line":295,"column":6},"end":{"line":295,"column":34}},"60":{"start":{"line":298,"column":4},"end":{"line":300,"column":5}},"61":{"start":{"line":299,"column":6},"end":{"line":299,"column":97}},"62":{"start":{"line":304,"column":2},"end":{"line":304,"column":83}},"63":{"start":{"line":304,"column":24},"end":{"line":304,"column":81}},"64":{"start":{"line":306,"column":23},"end":{"line":306,"column":47}},"65":{"start":{"line":307,"column":34},"end":{"line":307,"column":36}},"66":{"start":{"line":309,"column":2},"end":{"line":314,"column":3}},"67":{"start":{"line":310,"column":4},"end":{"line":310,"column":56}},"68":{"start":{"line":310,"column":47},"end":{"line":310,"column":56}},"69":{"start":{"line":311,"column":4},"end":{"line":311,"column":42}},"70":{"start":{"line":312,"column":4},"end":{"line":312,"column":25}},"71":{"start":{"line":313,"column":4},"end":{"line":313,"column":43}},"72":{"start":{"line":313,"column":37},"end":{"line":313,"column":43}},"73":{"start":{"line":317,"column":2},"end":{"line":350,"column":5}},"74":{"start":{"line":318,"column":31},"end":{"line":318,"column":86}},"75":{"start":{"line":319,"column":30},"end":{"line":321,"column":17}},"76":{"start":{"line":324,"column":78},"end":{"line":326,"column":6}},"77":{"start":{"line":327,"column":4},"end":{"line":331,"column":5}},"78":{"start":{"line":328,"column":6},"end":{"line":330,"column":7}},"79":{"start":{"line":329,"column":8},"end":{"line":329,"column":71}},"80":{"start":{"line":332,"column":4},"end":{"line":332,"column":92}},"81":{"start":{"line":332,"column":35},"end":{"line":332,"column":90}},"82":{"start":{"line":334,"column":4},"end":{"line":349,"column":6}}},"fnMap":{"0":{"name":"(anonymous_0)","decl":{"start":{"line":76,"column":16},"end":{"line":76,"column":17}},"loc":{"start":{"line":76,"column":56},"end":{"line":80,"column":1}}},"1":{"name":"(anonymous_1)","decl":{"start":{"line":82,"column":14},"end":{"line":82,"column":15}},"loc":{"start":{"line":82,"column":55},"end":{"line":82,"column":86}}},"2":{"name":"(anonymous_2)","decl":{"start":{"line":84,"column":15},"end":{"line":84,"column":34}},"loc":{"start":{"line":84,"column":101},"end":{"line":97,"column":1}}},"3":{"name":"buildVariants","decl":{"start":{"line":118,"column":9},"end":{"line":118,"column":22}},"loc":{"start":{"line":118,"column":45},"end":{"line":201,"column":1}}},"4":{"name":"(anonymous_4)","decl":{"start":{"line":207,"column":2},"end":{"line":207,"column":3}},"loc":{"start":{"line":207,"column":10},"end":{"line":207,"column":48}}},"5":{"name":"(anonymous_5)","decl":{"start":{"line":221,"column":31},"end":{"line":221,"column":32}},"loc":{"start":{"line":221,"column":92},"end":{"line":225,"column":1}}},"6":{"name":"(anonymous_6)","decl":{"start":{"line":222,"column":57},"end":{"line":222,"column":58}},"loc":{"start":{"line":222,"column":64},"end":{"line":222,"column":70}}},"7":{"name":"selectThemesForDream","decl":{"start":{"line":237,"column":16},"end":{"line":237,"column":36}},"loc":{"start":{"line":242,"column":1},"end":{"line":351,"column":1}}},"8":{"name":"(anonymous_8)","decl":{"start":{"line":304,"column":14},"end":{"line":304,"column":15}},"loc":{"start":{"line":304,"column":24},"end":{"line":304,"column":81}}},"9":{"name":"(anonymous_9)","decl":{"start":{"line":317,"column":22},"end":{"line":317,"column":23}},"loc":{"start":{"line":317,"column":33},"end":{"line":350,"column":3}}},"10":{"name":"(anonymous_10)","decl":{"start":{"line":332,"column":25},"end":{"line":332,"column":26}},"loc":{"start":{"line":332,"column":35},"end":{"line":332,"column":90}}}},"branchMap":{"0":{"loc":{"start":{"line":77,"column":2},"end":{"line":77,"column":29}},"type":"if","locations":[{"start":{"line":77,"column":2},"end":{"line":77,"column":29}}]},"1":{"loc":{"start":{"line":86,"column":2},"end":{"line":86,"column":54}},"type":"if","locations":[{"start":{"line":86,"column":2},"end":{"line":86,"column":54}}]},"2":{"loc":{"start":{"line":90,"column":15},"end":{"line":90,"column":21}},"type":"binary-expr","locations":[{"start":{"line":90,"column":15},"end":{"line":90,"column":16}},{"start":{"line":90,"column":20},"end":{"line":90,"column":21}}]},"3":{"loc":{"start":{"line":91,"column":4},"end":{"line":94,"column":5}},"type":"if","locations":[{"start":{"line":91,"column":4},"end":{"line":94,"column":5}}]},"4":{"loc":{"start":{"line":96,"column":29},"end":{"line":96,"column":50}},"type":"cond-expr","locations":[{"start":{"line":96,"column":41},"end":{"line":96,"column":46}},{"start":{"line":96,"column":49},"end":{"line":96,"column":50}}]},"5":{"loc":{"start":{"line":120,"column":4},"end":{"line":122,"column":38}},"type":"cond-expr","locations":[{"start":{"line":121,"column":8},"end":{"line":121,"column":51}},{"start":{"line":122,"column":8},"end":{"line":122,"column":38}}]},"6":{"loc":{"start":{"line":125,"column":4},"end":{"line":127,"column":37}},"type":"cond-expr","locations":[{"start":{"line":126,"column":8},"end":{"line":126,"column":47}},{"start":{"line":127,"column":8},"end":{"line":127,"column":37}}]},"7":{"loc":{"start":{"line":129,"column":19},"end":{"line":129,"column":62}},"type":"binary-expr","locations":[{"start":{"line":129,"column":19},"end":{"line":129,"column":35}},{"start":{"line":129,"column":39},"end":{"line":129,"column":62}}]},"8":{"loc":{"start":{"line":223,"column":53},"end":{"line":223,"column":65}},"type":"binary-expr","locations":[{"start":{"line":223,"column":53},"end":{"line":223,"column":60}},{"start":{"line":223,"column":64},"end":{"line":223,"column":65}}]},"9":{"loc":{"start":{"line":244,"column":19},"end":{"line":244,"column":37}},"type":"binary-expr","locations":[{"start":{"line":244,"column":19},"end":{"line":244,"column":32}},{"start":{"line":244,"column":36},"end":{"line":244,"column":37}}]},"10":{"loc":{"start":{"line":245,"column":15},"end":{"line":245,"column":34}},"type":"binary-expr","locations":[{"start":{"line":245,"column":15},"end":{"line":245,"column":24}},{"start":{"line":245,"column":28},"end":{"line":245,"column":34}}]},"11":{"loc":{"start":{"line":249,"column":18},"end":{"line":249,"column":92}},"type":"cond-expr","locations":[{"start":{"line":249,"column":29},"end":{"line":249,"column":66}},{"start":{"line":249,"column":69},"end":{"line":249,"column":92}}]},"12":{"loc":{"start":{"line":250,"column":20},"end":{"line":250,"column":91}},"type":"cond-expr","locations":[{"start":{"line":250,"column":31},"end":{"line":250,"column":65}},{"start":{"line":250,"column":68},"end":{"line":250,"column":91}}]},"13":{"loc":{"start":{"line":264,"column":25},"end":{"line":264,"column":58}},"type":"binary-expr","locations":[{"start":{"line":264,"column":25},"end":{"line":264,"column":53}},{"start":{"line":264,"column":57},"end":{"line":264,"column":58}}]},"14":{"loc":{"start":{"line":265,"column":4},"end":{"line":265,"column":38}},"type":"if","locations":[{"start":{"line":265,"column":4},"end":{"line":265,"column":38}}]},"15":{"loc":{"start":{"line":271,"column":4},"end":{"line":279,"column":5}},"type":"if","locations":[{"start":{"line":271,"column":4},"end":{"line":279,"column":5}}]},"16":{"loc":{"start":{"line":272,"column":6},"end":{"line":274,"column":64}},"type":"binary-expr","locations":[{"start":{"line":272,"column":6},"end":{"line":272,"column":39}},{"start":{"line":273,"column":6},"end":{"line":273,"column":17}},{"start":{"line":274,"column":7},"end":{"line":274,"column":64}}]},"17":{"loc":{"start":{"line":283,"column":4},"end":{"line":291,"column":5}},"type":"if","locations":[{"start":{"line":283,"column":4},"end":{"line":291,"column":5}}]},"18":{"loc":{"start":{"line":284,"column":6},"end":{"line":286,"column":69}},"type":"binary-expr","locations":[{"start":{"line":284,"column":6},"end":{"line":284,"column":42}},{"start":{"line":285,"column":6},"end":{"line":285,"column":19}},{"start":{"line":286,"column":7},"end":{"line":286,"column":69}}]},"19":{"loc":{"start":{"line":294,"column":4},"end":{"line":296,"column":5}},"type":"if","locations":[{"start":{"line":294,"column":4},"end":{"line":296,"column":5}}]},"20":{"loc":{"start":{"line":298,"column":4},"end":{"line":300,"column":5}},"type":"if","locations":[{"start":{"line":298,"column":4},"end":{"line":300,"column":5}}]},"21":{"loc":{"start":{"line":304,"column":24},"end":{"line":304,"column":81}},"type":"binary-expr","locations":[{"start":{"line":304,"column":24},"end":{"line":304,"column":41}},{"start":{"line":304,"column":45},"end":{"line":304,"column":81}}]},"22":{"loc":{"start":{"line":310,"column":4},"end":{"line":310,"column":56}},"type":"if","locations":[{"start":{"line":310,"column":4},"end":{"line":310,"column":56}}]},"23":{"loc":{"start":{"line":313,"column":4},"end":{"line":313,"column":43}},"type":"if","locations":[{"start":{"line":313,"column":4},"end":{"line":313,"column":43}}]},"24":{"loc":{"start":{"line":319,"column":30},"end":{"line":321,"column":17}},"type":"cond-expr","locations":[{"start":{"line":320,"column":8},"end":{"line":320,"column":62}},{"start":{"line":321,"column":8},"end":{"line":321,"column":17}}]},"25":{"loc":{"start":{"line":328,"column":6},"end":{"line":330,"column":7}},"type":"if","locations":[{"start":{"line":328,"column":6},"end":{"line":330,"column":7}}]},"26":{"loc":{"start":{"line":328,"column":10},"end":{"line":328,"column":90}},"type":"binary-expr","locations":[{"start":{"line":328,"column":10},"end":{"line":328,"column":40}},{"start":{"line":328,"column":44},"end":{"line":328,"column":60}},{"start":{"line":328,"column":64},"end":{"line":328,"column":90}}]},"27":{"loc":{"start":{"line":332,"column":35},"end":{"line":332,"column":90}},"type":"binary-expr","locations":[{"start":{"line":332,"column":35},"end":{"line":332,"column":52}},{"start":{"line":332,"column":56},"end":{"line":332,"column":90}}]}},"s":{"0":1,"1":1,"2":1,"3":40,"4":0,"5":40,"6":40,"7":1,"8":140,"9":1,"10":20,"11":20,"12":0,"13":20,"14":20,"15":20,"16":100,"17":100,"18":50,"19":50,"20":20,"21":1,"22":1,"23":22,"24":22,"25":22,"26":22,"27":22,"28":22,"29":1,"30":22,"31":1,"32":1,"33":10,"34":220,"35":10,"36":20,"37":10,"38":10,"39":10,"40":10,"41":10,"42":10,"43":10,"44":10,"45":10,"46":660,"47":660,"48":600,"49":60,"50":60,"51":40,"52":40,"53":40,"54":60,"55":20,"56":20,"57":20,"58":60,"59":40,"60":60,"61":60,"62":10,"63":90,"64":10,"65":10,"66":10,"67":60,"68":40,"69":20,"70":20,"71":20,"72":0,"73":10,"74":20,"75":20,"76":20,"77":20,"78":40,"79":20,"80":20,"81":20,"82":20},"f":{"0":40,"1":140,"2":20,"3":22,"4":22,"5":10,"6":220,"7":10,"8":90,"9":20,"10":20},"b":{"0":[0],"1":[0],"2":[100,0],"3":[50],"4":[20,0],"5":[22,0],"6":[22,0],"7":[22,0],"8":[20,0],"9":[10,0],"10":[10,0],"11":[10,0],"12":[10,0],"13":[660,0],"14":[600],"15":[40],"16":[60,40,40],"17":[20],"18":[60,40,40],"19":[40],"20":[60],"21":[90,0],"22":[40],"23":[0],"24":[20,0],"25":[20],"26":[40,20,20],"27":[20,0]}}
,"/Users/brittany/Downloads/mysky/services/premium/triggerTaxonomy.ts": {"path":"/Users/brittany/Downloads/mysky/services/premium/triggerTaxonomy.ts","statementMap":{"0":{"start":{"line":490,"column":0},"end":{"line":490,"column":16}},"1":{"start":{"line":495,"column":0},"end":{"line":495,"column":16}},"2":{"start":{"line":503,"column":0},"end":{"line":503,"column":16}},"3":{"start":{"line":513,"column":0},"end":{"line":513,"column":16}},"4":{"start":{"line":540,"column":0},"end":{"line":540,"column":16}},"5":{"start":{"line":65,"column":13},"end":{"line":485,"column":2}},"6":{"start":{"line":491,"column":2},"end":{"line":491,"column":35}},"7":{"start":{"line":496,"column":16},"end":{"line":496,"column":41}},"8":{"start":{"line":497,"column":2},"end":{"line":497,"column":51}},"9":{"start":{"line":497,"column":41},"end":{"line":497,"column":51}},"10":{"start":{"line":498,"column":14},"end":{"line":498,"column":81}},"11":{"start":{"line":499,"column":2},"end":{"line":499,"column":40}},"12":{"start":{"line":504,"column":2},"end":{"line":506,"column":55}},"13":{"start":{"line":506,"column":14},"end":{"line":506,"column":53}},"14":{"start":{"line":516,"column":2},"end":{"line":516,"column":68}},"15":{"start":{"line":516,"column":29},"end":{"line":516,"column":68}},"16":{"start":{"line":518,"column":20},"end":{"line":518,"column":21}},"17":{"start":{"line":519,"column":24},"end":{"line":519,"column":25}},"18":{"start":{"line":520,"column":27},"end":{"line":520,"column":28}},"19":{"start":{"line":522,"column":2},"end":{"line":528,"column":3}},"20":{"start":{"line":523,"column":18},"end":{"line":523,"column":45}},"21":{"start":{"line":524,"column":14},"end":{"line":524,"column":21}},"22":{"start":{"line":525,"column":4},"end":{"line":525,"column":21}},"23":{"start":{"line":526,"column":4},"end":{"line":526,"column":48}},"24":{"start":{"line":527,"column":4},"end":{"line":527,"column":54}},"25":{"start":{"line":530,"column":2},"end":{"line":533,"column":4}},"26":{"start":{"line":543,"column":2},"end":{"line":545,"column":72}},"27":{"start":{"line":544,"column":17},"end":{"line":544,"column":56}},"28":{"start":{"line":545,"column":15},"end":{"line":545,"column":69}}},"fnMap":{"0":{"name":"getTriggerTaxonomy","decl":{"start":{"line":490,"column":16},"end":{"line":490,"column":34}},"loc":{"start":{"line":490,"column":57},"end":{"line":492,"column":1}}},"1":{"name":"getTriggerReflectionQuestion","decl":{"start":{"line":495,"column":16},"end":{"line":495,"column":44}},"loc":{"start":{"line":495,"column":81},"end":{"line":500,"column":1}}},"2":{"name":"getInterpretationFrames","decl":{"start":{"line":503,"column":16},"end":{"line":503,"column":39}},"loc":{"start":{"line":503,"column":80},"end":{"line":507,"column":1}}},"3":{"name":"(anonymous_3)","decl":{"start":{"line":506,"column":9},"end":{"line":506,"column":10}},"loc":{"start":{"line":506,"column":14},"end":{"line":506,"column":53}}},"4":{"name":"inferDefaultsFromTriggers","decl":{"start":{"line":513,"column":16},"end":{"line":513,"column":41}},"loc":{"start":{"line":514,"column":55},"end":{"line":534,"column":1}}},"5":{"name":"getCautionTriggers","decl":{"start":{"line":540,"column":16},"end":{"line":540,"column":34}},"loc":{"start":{"line":541,"column":27},"end":{"line":546,"column":1}}},"6":{"name":"(anonymous_6)","decl":{"start":{"line":544,"column":12},"end":{"line":544,"column":13}},"loc":{"start":{"line":544,"column":17},"end":{"line":544,"column":56}}},"7":{"name":"(anonymous_7)","decl":{"start":{"line":545,"column":9},"end":{"line":545,"column":10}},"loc":{"start":{"line":545,"column":15},"end":{"line":545,"column":69}}}},"branchMap":{"0":{"loc":{"start":{"line":497,"column":2},"end":{"line":497,"column":51}},"type":"if","locations":[{"start":{"line":497,"column":2},"end":{"line":497,"column":51}}]},"1":{"loc":{"start":{"line":503,"column":67},"end":{"line":503,"column":80}},"type":"default-arg","locations":[{"start":{"line":503,"column":79},"end":{"line":503,"column":80}}]},"2":{"loc":{"start":{"line":516,"column":2},"end":{"line":516,"column":68}},"type":"if","locations":[{"start":{"line":516,"column":2},"end":{"line":516,"column":68}}]},"3":{"loc":{"start":{"line":531,"column":13},"end":{"line":531,"column":64}},"type":"cond-expr","locations":[{"start":{"line":531,"column":31},"end":{"line":531,"column":60}},{"start":{"line":531,"column":63},"end":{"line":531,"column":64}}]},"4":{"loc":{"start":{"line":532,"column":16},"end":{"line":532,"column":72}},"type":"cond-expr","locations":[{"start":{"line":532,"column":34},"end":{"line":532,"column":66}},{"start":{"line":532,"column":69},"end":{"line":532,"column":72}}]}},"s":{"0":2,"1":2,"2":2,"3":2,"4":2,"5":2,"6":6,"7":0,"8":0,"9":0,"10":0,"11":0,"12":0,"13":0,"14":2,"15":0,"16":2,"17":2,"18":2,"19":2,"20":3,"21":3,"22":3,"23":3,"24":3,"25":2,"26":0,"27":0,"28":0},"f":{"0":6,"1":0,"2":0,"3":0,"4":2,"5":0,"6":0,"7":0},"b":{"0":[0],"1":[0],"2":[0],"3":[2,0],"4":[2,0]}}
,"/Users/brittany/Downloads/mysky/services/premium/triggerTaxonomy22.ts": {"path":"/Users/brittany/Downloads/mysky/services/premium/triggerTaxonomy22.ts","statementMap":{"0":{"start":{"line":66,"column":13},"end":{"line":71,"column":11}},"1":{"start":{"line":73,"column":13},"end":{"line":580,"column":2}}},"fnMap":{},"branchMap":{},"s":{"0":1,"1":1},"f":{},"b":{}}
}
