{"/Users/brittany/Downloads/mysky/app/_layout.tsx": {"path":"/Users/brittany/Downloads/mysky/app/_layout.tsx","statementMap":{"0":{"start":{"line":44,"column":0},"end":{"line":44,"column":52}},"1":{"start":{"line":53,"column":2},"end":{"line":53,"column":58}},"2":{"start":{"line":53,"column":26},"end":{"line":53,"column":56}},"3":{"start":{"line":58,"column":24},"end":{"line":61,"column":1}},"4":{"start":{"line":60,"column":8},"end":{"line":60,"column":89}},"5":{"start":{"line":62,"column":28},"end":{"line":65,"column":1}},"6":{"start":{"line":64,"column":8},"end":{"line":64,"column":93}},"7":{"start":{"line":66,"column":26},"end":{"line":69,"column":1}},"8":{"start":{"line":68,"column":8},"end":{"line":68,"column":91}},"9":{"start":{"line":70,"column":25},"end":{"line":73,"column":1}},"10":{"start":{"line":72,"column":8},"end":{"line":72,"column":93}},"11":{"start":{"line":78,"column":36},"end":{"line":108,"column":2}},"12":{"start":{"line":110,"column":28},"end":{"line":148,"column":2}},"13":{"start":{"line":153,"column":4},"end":{"line":153,"column":17}},"14":{"start":{"line":154,"column":4},"end":{"line":154,"column":37}},"15":{"start":{"line":158,"column":4},"end":{"line":158,"column":30}},"16":{"start":{"line":162,"column":4},"end":{"line":162,"column":72}},"17":{"start":{"line":163,"column":4},"end":{"line":167,"column":7}},"18":{"start":{"line":164,"column":6},"end":{"line":164,"column":103}},"19":{"start":{"line":171,"column":4},"end":{"line":185,"column":5}},"20":{"start":{"line":172,"column":6},"end":{"line":184,"column":8}},"21":{"start":{"line":177,"column":63},"end":{"line":177,"column":97}},"22":{"start":{"line":186,"column":4},"end":{"line":186,"column":31}},"23":{"start":{"line":191,"column":2},"end":{"line":197,"column":3}},"24":{"start":{"line":192,"column":24},"end":{"line":192,"column":47}},"25":{"start":{"line":193,"column":18},"end":{"line":193,"column":65}},"26":{"start":{"line":194,"column":4},"end":{"line":194,"column":28}},"27":{"start":{"line":196,"column":4},"end":{"line":196,"column":17}},"28":{"start":{"line":201,"column":2},"end":{"line":206,"column":3}},"29":{"start":{"line":202,"column":24},"end":{"line":202,"column":47}},"30":{"start":{"line":203,"column":4},"end":{"line":203,"column":80}},"31":{"start":{"line":205,"column":4},"end":{"line":205,"column":74}},"32":{"start":{"line":210,"column":2},"end":{"line":220,"column":4}},"33":{"start":{"line":230,"column":2},"end":{"line":230,"column":82}},"34":{"start":{"line":230,"column":38},"end":{"line":230,"column":80}},"35":{"start":{"line":235,"column":2},"end":{"line":235,"column":68}},"36":{"start":{"line":235,"column":38},"end":{"line":235,"column":66}},"37":{"start":{"line":240,"column":2},"end":{"line":240,"column":75}},"38":{"start":{"line":240,"column":38},"end":{"line":240,"column":73}},"39":{"start":{"line":245,"column":2},"end":{"line":245,"column":69}},"40":{"start":{"line":245,"column":38},"end":{"line":245,"column":67}},"41":{"start":{"line":250,"column":2},"end":{"line":250,"column":84}},"42":{"start":{"line":250,"column":38},"end":{"line":250,"column":82}},"43":{"start":{"line":255,"column":2},"end":{"line":255,"column":66}},"44":{"start":{"line":255,"column":38},"end":{"line":255,"column":64}},"45":{"start":{"line":259,"column":16},"end":{"line":259,"column":29}},"46":{"start":{"line":260,"column":17},"end":{"line":260,"column":46}},"47":{"start":{"line":261,"column":17},"end":{"line":261,"column":28}},"48":{"start":{"line":262,"column":44},"end":{"line":262,"column":53}},"49":{"start":{"line":266,"column":25},"end":{"line":266,"column":44}},"50":{"start":{"line":267,"column":2},"end":{"line":267,"column":76}},"51":{"start":{"line":267,"column":20},"end":{"line":267,"column":57}},"52":{"start":{"line":270,"column":2},"end":{"line":270,"column":29}},"53":{"start":{"line":272,"column":48},"end":{"line":272,"column":62}},"54":{"start":{"line":273,"column":32},"end":{"line":273,"column":47}},"55":{"start":{"line":274,"column":42},"end":{"line":274,"column":57}},"56":{"start":{"line":276,"column":56},"end":{"line":276,"column":71}},"57":{"start":{"line":280,"column":52},"end":{"line":280,"column":67}},"58":{"start":{"line":282,"column":54},"end":{"line":282,"column":69}},"59":{"start":{"line":283,"column":50},"end":{"line":283,"column":65}},"60":{"start":{"line":286,"column":58},"end":{"line":286,"column":73}},"61":{"start":{"line":289,"column":35},"end":{"line":289,"column":48}},"62":{"start":{"line":290,"column":25},"end":{"line":290,"column":75}},"63":{"start":{"line":291,"column":24},"end":{"line":291,"column":37}},"64":{"start":{"line":293,"column":36},"end":{"line":293,"column":49}},"65":{"start":{"line":294,"column":30},"end":{"line":294,"column":39}},"66":{"start":{"line":295,"column":29},"end":{"line":295,"column":64}},"67":{"start":{"line":297,"column":34},"end":{"line":309,"column":3}},"68":{"start":{"line":298,"column":20},"end":{"line":298,"column":47}},"69":{"start":{"line":299,"column":16},"end":{"line":299,"column":40}},"70":{"start":{"line":300,"column":4},"end":{"line":308,"column":7}},"71":{"start":{"line":311,"column":38},"end":{"line":318,"column":3}},"72":{"start":{"line":312,"column":4},"end":{"line":312,"column":43}},"73":{"start":{"line":313,"column":4},"end":{"line":317,"column":7}},"74":{"start":{"line":314,"column":53},"end":{"line":314,"column":90}},"75":{"start":{"line":315,"column":49},"end":{"line":315,"column":77}},"76":{"start":{"line":320,"column":38},"end":{"line":332,"column":3}},"77":{"start":{"line":321,"column":21},"end":{"line":321,"column":48}},"78":{"start":{"line":322,"column":25},"end":{"line":322,"column":49}},"79":{"start":{"line":324,"column":4},"end":{"line":329,"column":5}},"80":{"start":{"line":325,"column":6},"end":{"line":325,"column":95}},"81":{"start":{"line":326,"column":6},"end":{"line":326,"column":42}},"82":{"start":{"line":327,"column":6},"end":{"line":327,"column":50}},"83":{"start":{"line":328,"column":6},"end":{"line":328,"column":13}},"84":{"start":{"line":331,"column":4},"end":{"line":331,"column":49}},"85":{"start":{"line":334,"column":40},"end":{"line":372,"column":3}},"86":{"start":{"line":335,"column":4},"end":{"line":371,"column":5}},"87":{"start":{"line":336,"column":29},"end":{"line":336,"column":60}},"88":{"start":{"line":337,"column":6},"end":{"line":339,"column":7}},"89":{"start":{"line":338,"column":8},"end":{"line":338,"column":21}},"90":{"start":{"line":342,"column":8},"end":{"line":343,"column":51}},"91":{"start":{"line":344,"column":6},"end":{"line":347,"column":7}},"92":{"start":{"line":345,"column":8},"end":{"line":345,"column":78}},"93":{"start":{"line":346,"column":8},"end":{"line":346,"column":21}},"94":{"start":{"line":349,"column":18},"end":{"line":349,"column":42}},"95":{"start":{"line":350,"column":6},"end":{"line":364,"column":9}},"96":{"start":{"line":366,"column":6},"end":{"line":366,"column":70}},"97":{"start":{"line":367,"column":6},"end":{"line":367,"column":18}},"98":{"start":{"line":369,"column":6},"end":{"line":369,"column":88}},"99":{"start":{"line":370,"column":6},"end":{"line":370,"column":19}},"100":{"start":{"line":374,"column":40},"end":{"line":394,"column":3}},"101":{"start":{"line":375,"column":4},"end":{"line":393,"column":5}},"102":{"start":{"line":376,"column":6},"end":{"line":376,"column":33}},"103":{"start":{"line":377,"column":21},"end":{"line":377,"column":46}},"104":{"start":{"line":378,"column":6},"end":{"line":381,"column":7}},"105":{"start":{"line":379,"column":8},"end":{"line":379,"column":36}},"106":{"start":{"line":380,"column":8},"end":{"line":380,"column":20}},"107":{"start":{"line":385,"column":32},"end":{"line":385,"column":69}},"108":{"start":{"line":386,"column":22},"end":{"line":386,"column":39}},"109":{"start":{"line":387,"column":6},"end":{"line":387,"column":37}},"110":{"start":{"line":388,"column":6},"end":{"line":388,"column":21}},"111":{"start":{"line":390,"column":6},"end":{"line":390,"column":58}},"112":{"start":{"line":391,"column":6},"end":{"line":391,"column":35}},"113":{"start":{"line":392,"column":6},"end":{"line":392,"column":19}},"114":{"start":{"line":396,"column":36},"end":{"line":433,"column":3}},"115":{"start":{"line":397,"column":4},"end":{"line":397,"column":49}},"116":{"start":{"line":397,"column":42},"end":{"line":397,"column":49}},"117":{"start":{"line":398,"column":4},"end":{"line":398,"column":44}},"118":{"start":{"line":400,"column":4},"end":{"line":432,"column":5}},"119":{"start":{"line":402,"column":6},"end":{"line":402,"column":52}},"120":{"start":{"line":403,"column":6},"end":{"line":403,"column":56}},"121":{"start":{"line":404,"column":6},"end":{"line":404,"column":61}},"122":{"start":{"line":405,"column":6},"end":{"line":405,"column":51}},"123":{"start":{"line":406,"column":6},"end":{"line":406,"column":60}},"124":{"start":{"line":407,"column":6},"end":{"line":407,"column":35}},"125":{"start":{"line":410,"column":6},"end":{"line":410,"column":61}},"126":{"start":{"line":411,"column":6},"end":{"line":413,"column":8}},"127":{"start":{"line":412,"column":8},"end":{"line":412,"column":58}},"128":{"start":{"line":416,"column":6},"end":{"line":427,"column":7}},"129":{"start":{"line":417,"column":24},"end":{"line":417,"column":61}},"130":{"start":{"line":422,"column":8},"end":{"line":426,"column":9}},"131":{"start":{"line":423,"column":10},"end":{"line":423,"column":39}},"132":{"start":{"line":424,"column":10},"end":{"line":424,"column":37}},"133":{"start":{"line":425,"column":10},"end":{"line":425,"column":39}},"134":{"start":{"line":429,"column":6},"end":{"line":429,"column":65}},"135":{"start":{"line":431,"column":6},"end":{"line":431,"column":23}},"136":{"start":{"line":435,"column":2},"end":{"line":537,"column":9}},"137":{"start":{"line":436,"column":26},"end":{"line":518,"column":5}},"138":{"start":{"line":437,"column":6},"end":{"line":517,"column":7}},"139":{"start":{"line":441,"column":8},"end":{"line":441,"column":55}},"140":{"start":{"line":442,"column":8},"end":{"line":448,"column":9}},"141":{"start":{"line":443,"column":10},"end":{"line":445,"column":13}},"142":{"start":{"line":444,"column":12},"end":{"line":444,"column":81}},"143":{"start":{"line":444,"column":59},"end":{"line":444,"column":81}},"144":{"start":{"line":447,"column":10},"end":{"line":447,"column":63}},"145":{"start":{"line":454,"column":8},"end":{"line":454,"column":61}},"146":{"start":{"line":455,"column":8},"end":{"line":460,"column":11}},"147":{"start":{"line":456,"column":10},"end":{"line":456,"column":61}},"148":{"start":{"line":456,"column":41},"end":{"line":456,"column":51}},"149":{"start":{"line":456,"column":52},"end":{"line":456,"column":59}},"150":{"start":{"line":457,"column":24},"end":{"line":459,"column":16}},"151":{"start":{"line":458,"column":12},"end":{"line":458,"column":77}},"152":{"start":{"line":458,"column":43},"end":{"line":458,"column":64}},"153":{"start":{"line":458,"column":65},"end":{"line":458,"column":75}},"154":{"start":{"line":462,"column":8},"end":{"line":462,"column":52}},"155":{"start":{"line":463,"column":31},"end":{"line":463,"column":61}},"156":{"start":{"line":464,"column":28},"end":{"line":464,"column":65}},"157":{"start":{"line":466,"column":8},"end":{"line":466,"column":50}},"158":{"start":{"line":467,"column":28},"end":{"line":467,"column":51}},"159":{"start":{"line":473,"column":55},"end":{"line":473,"column":87}},"160":{"start":{"line":474,"column":8},"end":{"line":488,"column":9}},"161":{"start":{"line":475,"column":10},"end":{"line":475,"column":81}},"162":{"start":{"line":476,"column":10},"end":{"line":483,"column":13}},"163":{"start":{"line":484,"column":10},"end":{"line":487,"column":12}},"164":{"start":{"line":490,"column":8},"end":{"line":494,"column":9}},"165":{"start":{"line":491,"column":10},"end":{"line":491,"column":79}},"166":{"start":{"line":492,"column":10},"end":{"line":492,"column":38}},"167":{"start":{"line":493,"column":10},"end":{"line":493,"column":31}},"168":{"start":{"line":495,"column":8},"end":{"line":495,"column":55}},"169":{"start":{"line":496,"column":8},"end":{"line":496,"column":45}},"170":{"start":{"line":499,"column":8},"end":{"line":506,"column":9}},"171":{"start":{"line":500,"column":10},"end":{"line":500,"column":64}},"172":{"start":{"line":501,"column":10},"end":{"line":501,"column":57}},"173":{"start":{"line":505,"column":10},"end":{"line":505,"column":27}},"174":{"start":{"line":507,"column":8},"end":{"line":507,"column":39}},"175":{"start":{"line":509,"column":8},"end":{"line":509,"column":57}},"176":{"start":{"line":510,"column":8},"end":{"line":510,"column":25}},"177":{"start":{"line":512,"column":8},"end":{"line":512,"column":34}},"178":{"start":{"line":513,"column":8},"end":{"line":516,"column":9}},"179":{"start":{"line":514,"column":10},"end":{"line":514,"column":47}},"180":{"start":{"line":515,"column":10},"end":{"line":515,"column":40}},"181":{"start":{"line":521,"column":4},"end":{"line":526,"column":15}},"182":{"start":{"line":522,"column":6},"end":{"line":525,"column":7}},"183":{"start":{"line":523,"column":8},"end":{"line":523,"column":30}},"184":{"start":{"line":524,"column":8},"end":{"line":524,"column":70}},"185":{"start":{"line":528,"column":4},"end":{"line":528,"column":20}},"186":{"start":{"line":530,"column":4},"end":{"line":535,"column":6}},"187":{"start":{"line":531,"column":6},"end":{"line":534,"column":7}},"188":{"start":{"line":532,"column":8},"end":{"line":532,"column":45}},"189":{"start":{"line":533,"column":8},"end":{"line":533,"column":38}},"190":{"start":{"line":539,"column":20},"end":{"line":579,"column":3}},"191":{"start":{"line":540,"column":4},"end":{"line":540,"column":27}},"192":{"start":{"line":541,"column":4},"end":{"line":541,"column":29}},"193":{"start":{"line":542,"column":4},"end":{"line":542,"column":22}},"194":{"start":{"line":543,"column":4},"end":{"line":543,"column":35}},"195":{"start":{"line":544,"column":4},"end":{"line":544,"column":45}},"196":{"start":{"line":545,"column":4},"end":{"line":545,"column":46}},"197":{"start":{"line":547,"column":4},"end":{"line":550,"column":15}},"198":{"start":{"line":548,"column":6},"end":{"line":548,"column":28}},"199":{"start":{"line":549,"column":6},"end":{"line":549,"column":57}},"200":{"start":{"line":552,"column":31},"end":{"line":576,"column":5}},"201":{"start":{"line":553,"column":6},"end":{"line":575,"column":7}},"202":{"start":{"line":554,"column":31},"end":{"line":554,"column":61}},"203":{"start":{"line":555,"column":30},"end":{"line":555,"column":67}},"204":{"start":{"line":556,"column":8},"end":{"line":556,"column":55}},"205":{"start":{"line":558,"column":30},"end":{"line":558,"column":53}},"206":{"start":{"line":559,"column":8},"end":{"line":559,"column":45}},"207":{"start":{"line":561,"column":8},"end":{"line":565,"column":9}},"208":{"start":{"line":562,"column":10},"end":{"line":562,"column":57}},"209":{"start":{"line":564,"column":10},"end":{"line":564,"column":27}},"210":{"start":{"line":567,"column":8},"end":{"line":567,"column":60}},"211":{"start":{"line":568,"column":8},"end":{"line":568,"column":25}},"212":{"start":{"line":570,"column":8},"end":{"line":570,"column":34}},"213":{"start":{"line":571,"column":8},"end":{"line":574,"column":9}},"214":{"start":{"line":572,"column":10},"end":{"line":572,"column":47}},"215":{"start":{"line":573,"column":10},"end":{"line":573,"column":40}},"216":{"start":{"line":578,"column":4},"end":{"line":578,"column":25}},"217":{"start":{"line":582,"column":2},"end":{"line":602,"column":9}},"218":{"start":{"line":583,"column":23},"end":{"line":590,"column":6}},"219":{"start":{"line":584,"column":6},"end":{"line":584,"column":35}},"220":{"start":{"line":585,"column":6},"end":{"line":585,"column":33}},"221":{"start":{"line":586,"column":6},"end":{"line":586,"column":35}},"222":{"start":{"line":588,"column":6},"end":{"line":588,"column":47}},"223":{"start":{"line":589,"column":6},"end":{"line":589,"column":58}},"224":{"start":{"line":594,"column":26},"end":{"line":596,"column":6}},"225":{"start":{"line":595,"column":6},"end":{"line":595,"column":34}},"226":{"start":{"line":598,"column":4},"end":{"line":601,"column":6}},"227":{"start":{"line":599,"column":6},"end":{"line":599,"column":26}},"228":{"start":{"line":600,"column":6},"end":{"line":600,"column":29}},"229":{"start":{"line":605,"column":2},"end":{"line":616,"column":15}},"230":{"start":{"line":607,"column":4},"end":{"line":614,"column":23}},"231":{"start":{"line":608,"column":6},"end":{"line":613,"column":9}},"232":{"start":{"line":609,"column":22},"end":{"line":609,"column":93}},"233":{"start":{"line":610,"column":8},"end":{"line":612,"column":9}},"234":{"start":{"line":611,"column":10},"end":{"line":611,"column":59}},"235":{"start":{"line":615,"column":4},"end":{"line":615,"column":31}},"236":{"start":{"line":615,"column":17},"end":{"line":615,"column":30}},"237":{"start":{"line":618,"column":31},"end":{"line":654,"column":3}},"238":{"start":{"line":619,"column":4},"end":{"line":653,"column":5}},"239":{"start":{"line":620,"column":6},"end":{"line":624,"column":7}},"240":{"start":{"line":622,"column":8},"end":{"line":622,"column":37}},"241":{"start":{"line":623,"column":8},"end":{"line":623,"column":15}},"242":{"start":{"line":627,"column":6},"end":{"line":639,"column":7}},"243":{"start":{"line":628,"column":27},"end":{"line":628,"column":57}},"244":{"start":{"line":629,"column":8},"end":{"line":636,"column":11}},"245":{"start":{"line":638,"column":8},"end":{"line":638,"column":76}},"246":{"start":{"line":641,"column":6},"end":{"line":641,"column":36}},"247":{"start":{"line":644,"column":6},"end":{"line":644,"column":34}},"248":{"start":{"line":645,"column":6},"end":{"line":645,"column":34}},"249":{"start":{"line":649,"column":6},"end":{"line":649,"column":45}},"250":{"start":{"line":651,"column":6},"end":{"line":651,"column":62}},"251":{"start":{"line":652,"column":6},"end":{"line":652,"column":35}},"252":{"start":{"line":658,"column":2},"end":{"line":666,"column":16}},"253":{"start":{"line":659,"column":4},"end":{"line":665,"column":5}},"254":{"start":{"line":660,"column":6},"end":{"line":660,"column":39}},"255":{"start":{"line":661,"column":6},"end":{"line":661,"column":48}},"256":{"start":{"line":662,"column":6},"end":{"line":662,"column":37}},"257":{"start":{"line":663,"column":6},"end":{"line":663,"column":33}},"258":{"start":{"line":664,"column":6},"end":{"line":664,"column":40}},"259":{"start":{"line":670,"column":2},"end":{"line":711,"column":26}},"260":{"start":{"line":671,"column":4},"end":{"line":671,"column":25}},"261":{"start":{"line":671,"column":18},"end":{"line":671,"column":25}},"262":{"start":{"line":672,"column":24},"end":{"line":672,"column":53}},"263":{"start":{"line":673,"column":4},"end":{"line":673,"column":31}},"264":{"start":{"line":675,"column":20},"end":{"line":675,"column":69}},"265":{"start":{"line":675,"column":26},"end":{"line":675,"column":69}},"266":{"start":{"line":677,"column":4},"end":{"line":709,"column":9}},"267":{"start":{"line":678,"column":6},"end":{"line":678,"column":28}},"268":{"start":{"line":678,"column":21},"end":{"line":678,"column":28}},"269":{"start":{"line":679,"column":6},"end":{"line":681,"column":8}},"270":{"start":{"line":680,"column":8},"end":{"line":680,"column":76}},"271":{"start":{"line":682,"column":6},"end":{"line":682,"column":28}},"272":{"start":{"line":682,"column":21},"end":{"line":682,"column":28}},"273":{"start":{"line":684,"column":6},"end":{"line":694,"column":7}},"274":{"start":{"line":685,"column":76},"end":{"line":685,"column":99}},"275":{"start":{"line":686,"column":8},"end":{"line":686,"column":30}},"276":{"start":{"line":686,"column":23},"end":{"line":686,"column":30}},"277":{"start":{"line":687,"column":8},"end":{"line":687,"column":111}},"278":{"start":{"line":687,"column":64},"end":{"line":687,"column":109}},"279":{"start":{"line":688,"column":8},"end":{"line":688,"column":30}},"280":{"start":{"line":688,"column":23},"end":{"line":688,"column":30}},"281":{"start":{"line":689,"column":8},"end":{"line":689,"column":95}},"282":{"start":{"line":689,"column":49},"end":{"line":689,"column":93}},"283":{"start":{"line":690,"column":8},"end":{"line":690,"column":30}},"284":{"start":{"line":690,"column":23},"end":{"line":690,"column":30}},"285":{"start":{"line":691,"column":8},"end":{"line":691,"column":94}},"286":{"start":{"line":691,"column":55},"end":{"line":691,"column":92}},"287":{"start":{"line":693,"column":8},"end":{"line":693,"column":85}},"288":{"start":{"line":696,"column":6},"end":{"line":696,"column":28}},"289":{"start":{"line":696,"column":21},"end":{"line":696,"column":28}},"290":{"start":{"line":697,"column":6},"end":{"line":697,"column":121}},"291":{"start":{"line":697,"column":73},"end":{"line":697,"column":119}},"292":{"start":{"line":698,"column":6},"end":{"line":698,"column":28}},"293":{"start":{"line":698,"column":21},"end":{"line":698,"column":28}},"294":{"start":{"line":700,"column":6},"end":{"line":704,"column":7}},"295":{"start":{"line":701,"column":8},"end":{"line":701,"column":36}},"296":{"start":{"line":702,"column":8},"end":{"line":702,"column":34}},"297":{"start":{"line":703,"column":8},"end":{"line":703,"column":15}},"298":{"start":{"line":706,"column":6},"end":{"line":706,"column":63}},"299":{"start":{"line":706,"column":56},"end":{"line":706,"column":61}},"300":{"start":{"line":707,"column":6},"end":{"line":707,"column":28}},"301":{"start":{"line":707,"column":21},"end":{"line":707,"column":28}},"302":{"start":{"line":708,"column":6},"end":{"line":708,"column":32}},"303":{"start":{"line":716,"column":2},"end":{"line":728,"column":83}},"304":{"start":{"line":717,"column":4},"end":{"line":727,"column":5}},"305":{"start":{"line":724,"column":6},"end":{"line":724,"column":47}},"306":{"start":{"line":725,"column":6},"end":{"line":725,"column":37}},"307":{"start":{"line":726,"column":6},"end":{"line":726,"column":37}},"308":{"start":{"line":730,"column":35},"end":{"line":741,"column":3}},"309":{"start":{"line":731,"column":4},"end":{"line":731,"column":34}},"310":{"start":{"line":732,"column":4},"end":{"line":732,"column":32}},"311":{"start":{"line":734,"column":4},"end":{"line":739,"column":5}},"312":{"start":{"line":735,"column":35},"end":{"line":735,"column":62}},"313":{"start":{"line":736,"column":6},"end":{"line":736,"column":53}},"314":{"start":{"line":738,"column":6},"end":{"line":738,"column":76}},"315":{"start":{"line":743,"column":39},"end":{"line":754,"column":3}},"316":{"start":{"line":744,"column":4},"end":{"line":744,"column":48}},"317":{"start":{"line":745,"column":4},"end":{"line":745,"column":34}},"318":{"start":{"line":746,"column":4},"end":{"line":746,"column":32}},"319":{"start":{"line":748,"column":4},"end":{"line":753,"column":5}},"320":{"start":{"line":749,"column":6},"end":{"line":749,"column":39}},"321":{"start":{"line":751,"column":6},"end":{"line":751,"column":34}},"322":{"start":{"line":752,"column":6},"end":{"line":752,"column":34}},"323":{"start":{"line":759,"column":2},"end":{"line":767,"column":73}},"324":{"start":{"line":760,"column":4},"end":{"line":766,"column":5}},"325":{"start":{"line":761,"column":6},"end":{"line":761,"column":35}},"326":{"start":{"line":762,"column":6},"end":{"line":762,"column":47}},"327":{"start":{"line":763,"column":6},"end":{"line":765,"column":25}},"328":{"start":{"line":764,"column":8},"end":{"line":764,"column":71}},"329":{"start":{"line":764,"column":14},"end":{"line":764,"column":27}},"330":{"start":{"line":769,"column":2},"end":{"line":788,"column":3}},"331":{"start":{"line":770,"column":4},"end":{"line":786,"column":5}},"332":{"start":{"line":771,"column":6},"end":{"line":785,"column":8}},"333":{"start":{"line":787,"column":4},"end":{"line":787,"column":16}},"334":{"start":{"line":790,"column":2},"end":{"line":874,"column":4}},"335":{"start":{"line":852,"column":40},"end":{"line":852,"column":66}},"336":{"start":{"line":877,"column":21},"end":{"line":915,"column":2}},"337":{"start":{"line":877,"column":42},"end":{"line":915,"column":2}}},"fnMap":{"0":{"name":"(anonymous_0)","decl":{"start":{"line":44,"column":42},"end":{"line":44,"column":43}},"loc":{"start":{"line":44,"column":48},"end":{"line":44,"column":50}},"line":44},"1":{"name":"lazyRequire","decl":{"start":{"line":50,"column":9},"end":{"line":50,"column":20}},"loc":{"start":{"line":52,"column":32},"end":{"line":54,"column":1}},"line":52},"2":{"name":"(anonymous_2)","decl":{"start":{"line":53,"column":20},"end":{"line":53,"column":21}},"loc":{"start":{"line":53,"column":26},"end":{"line":53,"column":56}},"line":53},"3":{"name":"(anonymous_3)","decl":{"start":{"line":60,"column":2},"end":{"line":60,"column":3}},"loc":{"start":{"line":60,"column":8},"end":{"line":60,"column":89}},"line":60},"4":{"name":"(anonymous_4)","decl":{"start":{"line":64,"column":2},"end":{"line":64,"column":3}},"loc":{"start":{"line":64,"column":8},"end":{"line":64,"column":93}},"line":64},"5":{"name":"(anonymous_5)","decl":{"start":{"line":68,"column":2},"end":{"line":68,"column":3}},"loc":{"start":{"line":68,"column":8},"end":{"line":68,"column":91}},"line":68},"6":{"name":"(anonymous_6)","decl":{"start":{"line":72,"column":2},"end":{"line":72,"column":3}},"loc":{"start":{"line":72,"column":8},"end":{"line":72,"column":93}},"line":72},"7":{"name":"(anonymous_7)","decl":{"start":{"line":152,"column":2},"end":{"line":152,"column":3}},"loc":{"start":{"line":152,"column":46},"end":{"line":155,"column":3}},"line":152},"8":{"name":"(anonymous_8)","decl":{"start":{"line":157,"column":2},"end":{"line":157,"column":3}},"loc":{"start":{"line":157,"column":36},"end":{"line":159,"column":3}},"line":157},"9":{"name":"(anonymous_9)","decl":{"start":{"line":161,"column":2},"end":{"line":161,"column":3}},"loc":{"start":{"line":161,"column":68},"end":{"line":168,"column":3}},"line":161},"10":{"name":"(anonymous_10)","decl":{"start":{"line":163,"column":22},"end":{"line":163,"column":23}},"loc":{"start":{"line":163,"column":38},"end":{"line":165,"column":5}},"line":163},"11":{"name":"(anonymous_11)","decl":{"start":{"line":165,"column":13},"end":{"line":165,"column":14}},"loc":{"start":{"line":165,"column":19},"end":{"line":167,"column":5}},"line":165},"12":{"name":"(anonymous_12)","decl":{"start":{"line":170,"column":2},"end":{"line":170,"column":3}},"loc":{"start":{"line":170,"column":11},"end":{"line":187,"column":3}},"line":170},"13":{"name":"(anonymous_13)","decl":{"start":{"line":177,"column":57},"end":{"line":177,"column":58}},"loc":{"start":{"line":177,"column":63},"end":{"line":177,"column":97}},"line":177},"14":{"name":"getTermsConsent","decl":{"start":{"line":190,"column":15},"end":{"line":190,"column":30}},"loc":{"start":{"line":190,"column":51},"end":{"line":198,"column":1}},"line":190},"15":{"name":"setTermsConsent","decl":{"start":{"line":200,"column":15},"end":{"line":200,"column":30}},"loc":{"start":{"line":200,"column":49},"end":{"line":207,"column":1}},"line":200},"16":{"name":"RootLayout","decl":{"start":{"line":209,"column":9},"end":{"line":209,"column":19}},"loc":{"start":{"line":209,"column":22},"end":{"line":221,"column":1}},"line":209},"17":{"name":"loadSyncService","decl":{"start":{"line":228,"column":9},"end":{"line":228,"column":24}},"loc":{"start":{"line":228,"column":27},"end":{"line":231,"column":1}},"line":228},"18":{"name":"(anonymous_18)","decl":{"start":{"line":230,"column":32},"end":{"line":230,"column":33}},"loc":{"start":{"line":230,"column":38},"end":{"line":230,"column":80}},"line":230},"19":{"name":"loadSecureStore","decl":{"start":{"line":233,"column":9},"end":{"line":233,"column":24}},"loc":{"start":{"line":233,"column":27},"end":{"line":236,"column":1}},"line":233},"20":{"name":"(anonymous_20)","decl":{"start":{"line":235,"column":32},"end":{"line":235,"column":33}},"loc":{"start":{"line":235,"column":38},"end":{"line":235,"column":66}},"line":235},"21":{"name":"loadWebCrypto","decl":{"start":{"line":238,"column":9},"end":{"line":238,"column":22}},"loc":{"start":{"line":238,"column":25},"end":{"line":241,"column":1}},"line":238},"22":{"name":"(anonymous_22)","decl":{"start":{"line":240,"column":32},"end":{"line":240,"column":33}},"loc":{"start":{"line":240,"column":38},"end":{"line":240,"column":73}},"line":240},"23":{"name":"loadNotifications","decl":{"start":{"line":243,"column":9},"end":{"line":243,"column":26}},"loc":{"start":{"line":243,"column":29},"end":{"line":246,"column":1}},"line":243},"24":{"name":"(anonymous_24)","decl":{"start":{"line":245,"column":32},"end":{"line":245,"column":33}},"loc":{"start":{"line":245,"column":38},"end":{"line":245,"column":67}},"line":245},"25":{"name":"loadGrowthAnalytics","decl":{"start":{"line":248,"column":9},"end":{"line":248,"column":28}},"loc":{"start":{"line":248,"column":31},"end":{"line":251,"column":1}},"line":248},"26":{"name":"(anonymous_26)","decl":{"start":{"line":250,"column":32},"end":{"line":250,"column":33}},"loc":{"start":{"line":250,"column":38},"end":{"line":250,"column":82}},"line":250},"27":{"name":"loadSentry","decl":{"start":{"line":253,"column":9},"end":{"line":253,"column":19}},"loc":{"start":{"line":253,"column":22},"end":{"line":256,"column":1}},"line":253},"28":{"name":"(anonymous_28)","decl":{"start":{"line":255,"column":32},"end":{"line":255,"column":33}},"loc":{"start":{"line":255,"column":38},"end":{"line":255,"column":64}},"line":255},"29":{"name":"AppShell","decl":{"start":{"line":258,"column":9},"end":{"line":258,"column":17}},"loc":{"start":{"line":258,"column":20},"end":{"line":875,"column":1}},"line":258},"30":{"name":"(anonymous_30)","decl":{"start":{"line":267,"column":12},"end":{"line":267,"column":13}},"loc":{"start":{"line":267,"column":18},"end":{"line":267,"column":59}},"line":267},"31":{"name":"(anonymous_31)","decl":{"start":{"line":297,"column":34},"end":{"line":297,"column":35}},"loc":{"start":{"line":297,"column":84},"end":{"line":309,"column":3}},"line":297},"32":{"name":"(anonymous_32)","decl":{"start":{"line":311,"column":38},"end":{"line":311,"column":39}},"loc":{"start":{"line":311,"column":50},"end":{"line":318,"column":3}},"line":311},"33":{"name":"(anonymous_33)","decl":{"start":{"line":314,"column":44},"end":{"line":314,"column":45}},"loc":{"start":{"line":314,"column":53},"end":{"line":314,"column":90}},"line":314},"34":{"name":"(anonymous_34)","decl":{"start":{"line":315,"column":40},"end":{"line":315,"column":41}},"loc":{"start":{"line":315,"column":49},"end":{"line":315,"column":77}},"line":315},"35":{"name":"(anonymous_35)","decl":{"start":{"line":316,"column":44},"end":{"line":316,"column":45}},"loc":{"start":{"line":316,"column":50},"end":{"line":316,"column":52}},"line":316},"36":{"name":"(anonymous_36)","decl":{"start":{"line":320,"column":38},"end":{"line":320,"column":39}},"loc":{"start":{"line":320,"column":64},"end":{"line":332,"column":3}},"line":320},"37":{"name":"(anonymous_37)","decl":{"start":{"line":334,"column":40},"end":{"line":334,"column":41}},"loc":{"start":{"line":334,"column":52},"end":{"line":372,"column":3}},"line":334},"38":{"name":"(anonymous_38)","decl":{"start":{"line":374,"column":40},"end":{"line":374,"column":41}},"loc":{"start":{"line":374,"column":52},"end":{"line":394,"column":3}},"line":374},"39":{"name":"(anonymous_39)","decl":{"start":{"line":396,"column":36},"end":{"line":396,"column":37}},"loc":{"start":{"line":396,"column":70},"end":{"line":433,"column":3}},"line":396},"40":{"name":"(anonymous_40)","decl":{"start":{"line":411,"column":57},"end":{"line":411,"column":58}},"loc":{"start":{"line":412,"column":8},"end":{"line":412,"column":58}},"line":412},"41":{"name":"(anonymous_41)","decl":{"start":{"line":435,"column":12},"end":{"line":435,"column":13}},"loc":{"start":{"line":435,"column":18},"end":{"line":537,"column":3}},"line":435},"42":{"name":"(anonymous_42)","decl":{"start":{"line":436,"column":26},"end":{"line":436,"column":27}},"loc":{"start":{"line":436,"column":38},"end":{"line":518,"column":5}},"line":436},"43":{"name":"(anonymous_43)","decl":{"start":{"line":443,"column":37},"end":{"line":443,"column":38}},"loc":{"start":{"line":443,"column":44},"end":{"line":445,"column":11}},"line":443},"44":{"name":"(anonymous_44)","decl":{"start":{"line":455,"column":32},"end":{"line":455,"column":33}},"loc":{"start":{"line":455,"column":45},"end":{"line":460,"column":9}},"line":455},"45":{"name":"(anonymous_45)","decl":{"start":{"line":457,"column":36},"end":{"line":457,"column":37}},"loc":{"start":{"line":457,"column":42},"end":{"line":459,"column":11}},"line":457},"46":{"name":"(anonymous_46)","decl":{"start":{"line":521,"column":40},"end":{"line":521,"column":41}},"loc":{"start":{"line":521,"column":46},"end":{"line":526,"column":5}},"line":521},"47":{"name":"(anonymous_47)","decl":{"start":{"line":530,"column":11},"end":{"line":530,"column":12}},"loc":{"start":{"line":530,"column":17},"end":{"line":535,"column":5}},"line":530},"48":{"name":"(anonymous_48)","decl":{"start":{"line":539,"column":20},"end":{"line":539,"column":21}},"loc":{"start":{"line":539,"column":26},"end":{"line":579,"column":3}},"line":539},"49":{"name":"(anonymous_49)","decl":{"start":{"line":547,"column":40},"end":{"line":547,"column":41}},"loc":{"start":{"line":547,"column":46},"end":{"line":550,"column":5}},"line":547},"50":{"name":"(anonymous_50)","decl":{"start":{"line":552,"column":31},"end":{"line":552,"column":32}},"loc":{"start":{"line":552,"column":43},"end":{"line":576,"column":5}},"line":552},"51":{"name":"(anonymous_51)","decl":{"start":{"line":582,"column":12},"end":{"line":582,"column":13}},"loc":{"start":{"line":582,"column":18},"end":{"line":602,"column":3}},"line":582},"52":{"name":"(anonymous_52)","decl":{"start":{"line":583,"column":75},"end":{"line":583,"column":76}},"loc":{"start":{"line":583,"column":81},"end":{"line":590,"column":5}},"line":583},"53":{"name":"(anonymous_53)","decl":{"start":{"line":594,"column":80},"end":{"line":594,"column":81}},"loc":{"start":{"line":594,"column":86},"end":{"line":596,"column":5}},"line":594},"54":{"name":"(anonymous_54)","decl":{"start":{"line":598,"column":11},"end":{"line":598,"column":12}},"loc":{"start":{"line":598,"column":17},"end":{"line":601,"column":5}},"line":598},"55":{"name":"(anonymous_55)","decl":{"start":{"line":605,"column":12},"end":{"line":605,"column":13}},"loc":{"start":{"line":605,"column":18},"end":{"line":616,"column":3}},"line":605},"56":{"name":"(anonymous_56)","decl":{"start":{"line":607,"column":29},"end":{"line":607,"column":30}},"loc":{"start":{"line":607,"column":48},"end":{"line":614,"column":5}},"line":607},"57":{"name":"(anonymous_57)","decl":{"start":{"line":608,"column":66},"end":{"line":608,"column":67}},"loc":{"start":{"line":608,"column":131},"end":{"line":613,"column":7}},"line":608},"58":{"name":"(anonymous_58)","decl":{"start":{"line":614,"column":13},"end":{"line":614,"column":14}},"loc":{"start":{"line":614,"column":19},"end":{"line":614,"column":21}},"line":614},"59":{"name":"(anonymous_59)","decl":{"start":{"line":615,"column":11},"end":{"line":615,"column":12}},"loc":{"start":{"line":615,"column":17},"end":{"line":615,"column":30}},"line":615},"60":{"name":"(anonymous_60)","decl":{"start":{"line":618,"column":31},"end":{"line":618,"column":32}},"loc":{"start":{"line":618,"column":59},"end":{"line":654,"column":3}},"line":618},"61":{"name":"(anonymous_61)","decl":{"start":{"line":658,"column":12},"end":{"line":658,"column":13}},"loc":{"start":{"line":658,"column":18},"end":{"line":666,"column":3}},"line":658},"62":{"name":"(anonymous_62)","decl":{"start":{"line":670,"column":12},"end":{"line":670,"column":13}},"loc":{"start":{"line":670,"column":18},"end":{"line":711,"column":3}},"line":670},"63":{"name":"(anonymous_63)","decl":{"start":{"line":675,"column":20},"end":{"line":675,"column":21}},"loc":{"start":{"line":675,"column":26},"end":{"line":675,"column":69}},"line":675},"64":{"name":"(anonymous_64)","decl":{"start":{"line":677,"column":5},"end":{"line":677,"column":6}},"loc":{"start":{"line":677,"column":17},"end":{"line":709,"column":5}},"line":677},"65":{"name":"(anonymous_65)","decl":{"start":{"line":679,"column":63},"end":{"line":679,"column":64}},"loc":{"start":{"line":680,"column":8},"end":{"line":680,"column":76}},"line":680},"66":{"name":"(anonymous_66)","decl":{"start":{"line":687,"column":48},"end":{"line":687,"column":49}},"loc":{"start":{"line":687,"column":64},"end":{"line":687,"column":109}},"line":687},"67":{"name":"(anonymous_67)","decl":{"start":{"line":689,"column":33},"end":{"line":689,"column":34}},"loc":{"start":{"line":689,"column":49},"end":{"line":689,"column":93}},"line":689},"68":{"name":"(anonymous_68)","decl":{"start":{"line":691,"column":39},"end":{"line":691,"column":40}},"loc":{"start":{"line":691,"column":55},"end":{"line":691,"column":92}},"line":691},"69":{"name":"(anonymous_69)","decl":{"start":{"line":697,"column":66},"end":{"line":697,"column":67}},"loc":{"start":{"line":697,"column":73},"end":{"line":697,"column":119}},"line":697},"70":{"name":"(anonymous_70)","decl":{"start":{"line":706,"column":50},"end":{"line":706,"column":51}},"loc":{"start":{"line":706,"column":56},"end":{"line":706,"column":61}},"line":706},"71":{"name":"(anonymous_71)","decl":{"start":{"line":716,"column":12},"end":{"line":716,"column":13}},"loc":{"start":{"line":716,"column":18},"end":{"line":728,"column":3}},"line":716},"72":{"name":"(anonymous_72)","decl":{"start":{"line":730,"column":35},"end":{"line":730,"column":36}},"loc":{"start":{"line":730,"column":104},"end":{"line":741,"column":3}},"line":730},"73":{"name":"(anonymous_73)","decl":{"start":{"line":743,"column":39},"end":{"line":743,"column":40}},"loc":{"start":{"line":743,"column":51},"end":{"line":754,"column":3}},"line":743},"74":{"name":"(anonymous_74)","decl":{"start":{"line":759,"column":12},"end":{"line":759,"column":13}},"loc":{"start":{"line":759,"column":18},"end":{"line":767,"column":3}},"line":759},"75":{"name":"(anonymous_75)","decl":{"start":{"line":762,"column":37},"end":{"line":762,"column":38}},"loc":{"start":{"line":762,"column":43},"end":{"line":762,"column":45}},"line":762},"76":{"name":"(anonymous_76)","decl":{"start":{"line":763,"column":24},"end":{"line":763,"column":25}},"loc":{"start":{"line":763,"column":44},"end":{"line":765,"column":7}},"line":763},"77":{"name":"(anonymous_77)","decl":{"start":{"line":765,"column":15},"end":{"line":765,"column":16}},"loc":{"start":{"line":765,"column":21},"end":{"line":765,"column":23}},"line":765},"78":{"name":"(anonymous_78)","decl":{"start":{"line":852,"column":34},"end":{"line":852,"column":35}},"loc":{"start":{"line":852,"column":40},"end":{"line":852,"column":66}},"line":852},"79":{"name":"(anonymous_79)","decl":{"start":{"line":877,"column":21},"end":{"line":877,"column":22}},"loc":{"start":{"line":877,"column":42},"end":{"line":915,"column":2}},"line":877}},"branchMap":{"0":{"loc":{"start":{"line":171,"column":4},"end":{"line":185,"column":5}},"type":"if","locations":[{"start":{"line":171,"column":4},"end":{"line":185,"column":5}},{"start":{},"end":{}}],"line":171},"1":{"loc":{"start":{"line":203,"column":52},"end":{"line":203,"column":78}},"type":"cond-expr","locations":[{"start":{"line":203,"column":62},"end":{"line":203,"column":68}},{"start":{"line":203,"column":71},"end":{"line":203,"column":78}}],"line":203},"2":{"loc":{"start":{"line":297,"column":57},"end":{"line":297,"column":79}},"type":"default-arg","locations":[{"start":{"line":297,"column":74},"end":{"line":297,"column":79}}],"line":297},"3":{"loc":{"start":{"line":302,"column":24},"end":{"line":302,"column":58}},"type":"binary-expr","locations":[{"start":{"line":302,"column":24},"end":{"line":302,"column":49}},{"start":{"line":302,"column":53},"end":{"line":302,"column":58}}],"line":302},"4":{"loc":{"start":{"line":303,"column":18},"end":{"line":303,"column":66}},"type":"cond-expr","locations":[{"start":{"line":303,"column":35},"end":{"line":303,"column":44}},{"start":{"line":303,"column":47},"end":{"line":303,"column":66}}],"line":303},"5":{"loc":{"start":{"line":306,"column":17},"end":{"line":306,"column":42}},"type":"binary-expr","locations":[{"start":{"line":306,"column":17},"end":{"line":306,"column":35}},{"start":{"line":306,"column":39},"end":{"line":306,"column":42}}],"line":306},"6":{"loc":{"start":{"line":322,"column":25},"end":{"line":322,"column":49}},"type":"binary-expr","locations":[{"start":{"line":322,"column":25},"end":{"line":322,"column":41}},{"start":{"line":322,"column":45},"end":{"line":322,"column":49}}],"line":322},"7":{"loc":{"start":{"line":324,"column":4},"end":{"line":329,"column":5}},"type":"if","locations":[{"start":{"line":324,"column":4},"end":{"line":329,"column":5}},{"start":{},"end":{}}],"line":324},"8":{"loc":{"start":{"line":324,"column":8},"end":{"line":324,"column":47}},"type":"binary-expr","locations":[{"start":{"line":324,"column":8},"end":{"line":324,"column":20}},{"start":{"line":324,"column":24},"end":{"line":324,"column":47}}],"line":324},"9":{"loc":{"start":{"line":337,"column":6},"end":{"line":339,"column":7}},"type":"if","locations":[{"start":{"line":337,"column":6},"end":{"line":339,"column":7}},{"start":{},"end":{}}],"line":337},"10":{"loc":{"start":{"line":337,"column":10},"end":{"line":337,"column":75}},"type":"binary-expr","locations":[{"start":{"line":337,"column":10},"end":{"line":337,"column":36}},{"start":{"line":337,"column":40},"end":{"line":337,"column":75}}],"line":337},"11":{"loc":{"start":{"line":342,"column":8},"end":{"line":343,"column":51}},"type":"binary-expr","locations":[{"start":{"line":342,"column":8},"end":{"line":342,"column":51}},{"start":{"line":343,"column":8},"end":{"line":343,"column":51}}],"line":342},"12":{"loc":{"start":{"line":344,"column":6},"end":{"line":347,"column":7}},"type":"if","locations":[{"start":{"line":344,"column":6},"end":{"line":347,"column":7}},{"start":{},"end":{}}],"line":344},"13":{"loc":{"start":{"line":352,"column":14},"end":{"line":352,"column":54}},"type":"binary-expr","locations":[{"start":{"line":352,"column":14},"end":{"line":352,"column":40}},{"start":{"line":352,"column":44},"end":{"line":352,"column":54}}],"line":352},"14":{"loc":{"start":{"line":354,"column":19},"end":{"line":354,"column":87}},"type":"cond-expr","locations":[{"start":{"line":354,"column":51},"end":{"line":354,"column":60}},{"start":{"line":354,"column":63},"end":{"line":354,"column":87}}],"line":354},"15":{"loc":{"start":{"line":378,"column":6},"end":{"line":381,"column":7}},"type":"if","locations":[{"start":{"line":378,"column":6},"end":{"line":381,"column":7}},{"start":{},"end":{}}],"line":378},"16":{"loc":{"start":{"line":397,"column":4},"end":{"line":397,"column":49}},"type":"if","locations":[{"start":{"line":397,"column":4},"end":{"line":397,"column":49}},{"start":{},"end":{}}],"line":397},"17":{"loc":{"start":{"line":416,"column":6},"end":{"line":427,"column":7}},"type":"if","locations":[{"start":{"line":416,"column":6},"end":{"line":427,"column":7}},{"start":{},"end":{}}],"line":416},"18":{"loc":{"start":{"line":422,"column":8},"end":{"line":426,"column":9}},"type":"if","locations":[{"start":{"line":422,"column":8},"end":{"line":426,"column":9}},{"start":{},"end":{}}],"line":422},"19":{"loc":{"start":{"line":444,"column":12},"end":{"line":444,"column":81}},"type":"if","locations":[{"start":{"line":444,"column":12},"end":{"line":444,"column":81}},{"start":{},"end":{}}],"line":444},"20":{"loc":{"start":{"line":456,"column":10},"end":{"line":456,"column":61}},"type":"if","locations":[{"start":{"line":456,"column":10},"end":{"line":456,"column":61}},{"start":{},"end":{}}],"line":456},"21":{"loc":{"start":{"line":458,"column":12},"end":{"line":458,"column":77}},"type":"if","locations":[{"start":{"line":458,"column":12},"end":{"line":458,"column":77}},{"start":{},"end":{}}],"line":458},"22":{"loc":{"start":{"line":474,"column":8},"end":{"line":488,"column":9}},"type":"if","locations":[{"start":{"line":474,"column":8},"end":{"line":488,"column":9}},{"start":{},"end":{}}],"line":474},"23":{"loc":{"start":{"line":474,"column":12},"end":{"line":474,"column":53}},"type":"binary-expr","locations":[{"start":{"line":474,"column":12},"end":{"line":474,"column":34}},{"start":{"line":474,"column":38},"end":{"line":474,"column":53}}],"line":474},"24":{"loc":{"start":{"line":490,"column":8},"end":{"line":494,"column":9}},"type":"if","locations":[{"start":{"line":490,"column":8},"end":{"line":494,"column":9}},{"start":{},"end":{}}],"line":490},"25":{"loc":{"start":{"line":490,"column":12},"end":{"line":490,"column":45}},"type":"binary-expr","locations":[{"start":{"line":490,"column":12},"end":{"line":490,"column":26}},{"start":{"line":490,"column":30},"end":{"line":490,"column":45}}],"line":490},"26":{"loc":{"start":{"line":499,"column":8},"end":{"line":506,"column":9}},"type":"if","locations":[{"start":{"line":499,"column":8},"end":{"line":506,"column":9}},{"start":{"line":502,"column":15},"end":{"line":506,"column":9}}],"line":499},"27":{"loc":{"start":{"line":513,"column":8},"end":{"line":516,"column":9}},"type":"if","locations":[{"start":{"line":513,"column":8},"end":{"line":516,"column":9}},{"start":{},"end":{}}],"line":513},"28":{"loc":{"start":{"line":522,"column":6},"end":{"line":525,"column":7}},"type":"if","locations":[{"start":{"line":522,"column":6},"end":{"line":525,"column":7}},{"start":{},"end":{}}],"line":522},"29":{"loc":{"start":{"line":522,"column":10},"end":{"line":522,"column":37}},"type":"binary-expr","locations":[{"start":{"line":522,"column":10},"end":{"line":522,"column":25}},{"start":{"line":522,"column":29},"end":{"line":522,"column":37}}],"line":522},"30":{"loc":{"start":{"line":531,"column":6},"end":{"line":534,"column":7}},"type":"if","locations":[{"start":{"line":531,"column":6},"end":{"line":534,"column":7}},{"start":{},"end":{}}],"line":531},"31":{"loc":{"start":{"line":561,"column":8},"end":{"line":565,"column":9}},"type":"if","locations":[{"start":{"line":561,"column":8},"end":{"line":565,"column":9}},{"start":{"line":563,"column":15},"end":{"line":565,"column":9}}],"line":561},"32":{"loc":{"start":{"line":571,"column":8},"end":{"line":574,"column":9}},"type":"if","locations":[{"start":{"line":571,"column":8},"end":{"line":574,"column":9}},{"start":{},"end":{}}],"line":571},"33":{"loc":{"start":{"line":610,"column":8},"end":{"line":612,"column":9}},"type":"if","locations":[{"start":{"line":610,"column":8},"end":{"line":612,"column":9}},{"start":{},"end":{}}],"line":610},"34":{"loc":{"start":{"line":610,"column":12},"end":{"line":610,"column":59}},"type":"binary-expr","locations":[{"start":{"line":610,"column":12},"end":{"line":610,"column":17}},{"start":{"line":610,"column":21},"end":{"line":610,"column":59}}],"line":610},"35":{"loc":{"start":{"line":620,"column":6},"end":{"line":624,"column":7}},"type":"if","locations":[{"start":{"line":620,"column":6},"end":{"line":624,"column":7}},{"start":{},"end":{}}],"line":620},"36":{"loc":{"start":{"line":659,"column":4},"end":{"line":665,"column":5}},"type":"if","locations":[{"start":{"line":659,"column":4},"end":{"line":665,"column":5}},{"start":{},"end":{}}],"line":659},"37":{"loc":{"start":{"line":671,"column":4},"end":{"line":671,"column":25}},"type":"if","locations":[{"start":{"line":671,"column":4},"end":{"line":671,"column":25}},{"start":{},"end":{}}],"line":671},"38":{"loc":{"start":{"line":678,"column":6},"end":{"line":678,"column":28}},"type":"if","locations":[{"start":{"line":678,"column":6},"end":{"line":678,"column":28}},{"start":{},"end":{}}],"line":678},"39":{"loc":{"start":{"line":682,"column":6},"end":{"line":682,"column":28}},"type":"if","locations":[{"start":{"line":682,"column":6},"end":{"line":682,"column":28}},{"start":{},"end":{}}],"line":682},"40":{"loc":{"start":{"line":686,"column":8},"end":{"line":686,"column":30}},"type":"if","locations":[{"start":{"line":686,"column":8},"end":{"line":686,"column":30}},{"start":{},"end":{}}],"line":686},"41":{"loc":{"start":{"line":688,"column":8},"end":{"line":688,"column":30}},"type":"if","locations":[{"start":{"line":688,"column":8},"end":{"line":688,"column":30}},{"start":{},"end":{}}],"line":688},"42":{"loc":{"start":{"line":690,"column":8},"end":{"line":690,"column":30}},"type":"if","locations":[{"start":{"line":690,"column":8},"end":{"line":690,"column":30}},{"start":{},"end":{}}],"line":690},"43":{"loc":{"start":{"line":696,"column":6},"end":{"line":696,"column":28}},"type":"if","locations":[{"start":{"line":696,"column":6},"end":{"line":696,"column":28}},{"start":{},"end":{}}],"line":696},"44":{"loc":{"start":{"line":698,"column":6},"end":{"line":698,"column":28}},"type":"if","locations":[{"start":{"line":698,"column":6},"end":{"line":698,"column":28}},{"start":{},"end":{}}],"line":698},"45":{"loc":{"start":{"line":700,"column":6},"end":{"line":704,"column":7}},"type":"if","locations":[{"start":{"line":700,"column":6},"end":{"line":704,"column":7}},{"start":{},"end":{}}],"line":700},"46":{"loc":{"start":{"line":707,"column":6},"end":{"line":707,"column":28}},"type":"if","locations":[{"start":{"line":707,"column":6},"end":{"line":707,"column":28}},{"start":{},"end":{}}],"line":707},"47":{"loc":{"start":{"line":717,"column":4},"end":{"line":727,"column":5}},"type":"if","locations":[{"start":{"line":717,"column":4},"end":{"line":727,"column":5}},{"start":{},"end":{}}],"line":717},"48":{"loc":{"start":{"line":718,"column":6},"end":{"line":722,"column":40}},"type":"binary-expr","locations":[{"start":{"line":718,"column":6},"end":{"line":718,"column":24}},{"start":{"line":719,"column":6},"end":{"line":719,"column":15}},{"start":{"line":720,"column":6},"end":{"line":720,"column":22}},{"start":{"line":721,"column":6},"end":{"line":721,"column":26}},{"start":{"line":722,"column":6},"end":{"line":722,"column":40}}],"line":718},"49":{"loc":{"start":{"line":748,"column":4},"end":{"line":753,"column":5}},"type":"if","locations":[{"start":{"line":748,"column":4},"end":{"line":753,"column":5}},{"start":{"line":750,"column":11},"end":{"line":753,"column":5}}],"line":748},"50":{"loc":{"start":{"line":760,"column":4},"end":{"line":766,"column":5}},"type":"if","locations":[{"start":{"line":760,"column":4},"end":{"line":766,"column":5}},{"start":{},"end":{}}],"line":760},"51":{"loc":{"start":{"line":760,"column":8},"end":{"line":760,"column":111}},"type":"binary-expr","locations":[{"start":{"line":760,"column":8},"end":{"line":760,"column":24}},{"start":{"line":760,"column":28},"end":{"line":760,"column":35}},{"start":{"line":760,"column":39},"end":{"line":760,"column":51}},{"start":{"line":760,"column":56},"end":{"line":760,"column":64}},{"start":{"line":760,"column":68},"end":{"line":760,"column":84}},{"start":{"line":760,"column":89},"end":{"line":760,"column":111}}],"line":760},"52":{"loc":{"start":{"line":769,"column":2},"end":{"line":788,"column":3}},"type":"if","locations":[{"start":{"line":769,"column":2},"end":{"line":788,"column":3}},{"start":{},"end":{}}],"line":769},"53":{"loc":{"start":{"line":769,"column":6},"end":{"line":769,"column":33}},"type":"binary-expr","locations":[{"start":{"line":769,"column":6},"end":{"line":769,"column":21}},{"start":{"line":769,"column":25},"end":{"line":769,"column":33}}],"line":769},"54":{"loc":{"start":{"line":770,"column":4},"end":{"line":786,"column":5}},"type":"if","locations":[{"start":{"line":770,"column":4},"end":{"line":786,"column":5}},{"start":{},"end":{}}],"line":770},"55":{"loc":{"start":{"line":845,"column":13},"end":{"line":847,"column":13}},"type":"binary-expr","locations":[{"start":{"line":845,"column":13},"end":{"line":845,"column":32}},{"start":{"line":845,"column":36},"end":{"line":845,"column":54}},{"start":{"line":846,"column":14},"end":{"line":846,"column":78}}],"line":845},"56":{"loc":{"start":{"line":849,"column":13},"end":{"line":856,"column":13}},"type":"binary-expr","locations":[{"start":{"line":849,"column":13},"end":{"line":849,"column":32}},{"start":{"line":850,"column":14},"end":{"line":855,"column":16}}],"line":849},"57":{"loc":{"start":{"line":861,"column":16},"end":{"line":865,"column":24}},"type":"binary-expr","locations":[{"start":{"line":861,"column":16},"end":{"line":861,"column":37}},{"start":{"line":862,"column":16},"end":{"line":862,"column":36}},{"start":{"line":863,"column":16},"end":{"line":863,"column":34}},{"start":{"line":864,"column":16},"end":{"line":864,"column":28}},{"start":{"line":865,"column":16},"end":{"line":865,"column":24}}],"line":861}},"s":{"0":1,"1":4,"2":0,"3":1,"4":0,"5":1,"6":0,"7":1,"8":0,"9":1,"10":0,"11":1,"12":1,"13":1,"14":1,"15":0,"16":0,"17":0,"18":0,"19":1,"20":0,"21":0,"22":1,"23":1,"24":1,"25":1,"26":1,"27":0,"28":1,"29":1,"30":1,"31":0,"32":1,"33":1,"34":1,"35":2,"36":2,"37":1,"38":1,"39":2,"40":2,"41":0,"42":0,"43":1,"44":1,"45":2,"46":2,"47":2,"48":2,"49":2,"50":2,"51":1,"52":2,"53":2,"54":2,"55":2,"56":2,"57":2,"58":2,"59":2,"60":2,"61":2,"62":2,"63":2,"64":2,"65":2,"66":2,"67":2,"68":2,"69":2,"70":2,"71":2,"72":1,"73":1,"74":2,"75":2,"76":2,"77":1,"78":1,"79":1,"80":1,"81":1,"82":1,"83":1,"84":0,"85":2,"86":2,"87":2,"88":2,"89":2,"90":0,"91":0,"92":0,"93":0,"94":0,"95":0,"96":0,"97":0,"98":0,"99":0,"100":2,"101":2,"102":2,"103":2,"104":2,"105":0,"106":0,"107":2,"108":2,"109":2,"110":2,"111":0,"112":0,"113":0,"114":2,"115":1,"116":0,"117":1,"118":1,"119":1,"120":1,"121":1,"122":1,"123":1,"124":1,"125":1,"126":1,"127":0,"128":1,"129":1,"130":1,"131":1,"132":1,"133":1,"134":0,"135":1,"136":2,"137":1,"138":1,"139":1,"140":1,"141":1,"142":1,"143":1,"144":0,"145":1,"146":1,"147":1,"148":1,"149":1,"150":0,"151":0,"152":0,"153":0,"154":1,"155":1,"156":1,"157":1,"158":1,"159":1,"160":1,"161":0,"162":0,"163":0,"164":1,"165":0,"166":0,"167":0,"168":1,"169":1,"170":1,"171":1,"172":1,"173":0,"174":1,"175":0,"176":0,"177":1,"178":1,"179":1,"180":1,"181":1,"182":0,"183":0,"184":0,"185":1,"186":1,"187":1,"188":0,"189":0,"190":2,"191":0,"192":0,"193":0,"194":0,"195":0,"196":0,"197":0,"198":0,"199":0,"200":0,"201":0,"202":0,"203":0,"204":0,"205":0,"206":0,"207":0,"208":0,"209":0,"210":0,"211":0,"212":0,"213":0,"214":0,"215":0,"216":0,"217":2,"218":1,"219":0,"220":0,"221":0,"222":0,"223":0,"224":1,"225":0,"226":1,"227":1,"228":1,"229":2,"230":2,"231":2,"232":0,"233":0,"234":0,"235":2,"236":2,"237":2,"238":0,"239":0,"240":0,"241":0,"242":0,"243":0,"244":0,"245":0,"246":0,"247":0,"248":0,"249":0,"250":0,"251":0,"252":2,"253":1,"254":0,"255":0,"256":0,"257":0,"258":0,"259":2,"260":1,"261":0,"262":1,"263":1,"264":1,"265":8,"266":1,"267":1,"268":0,"269":1,"270":0,"271":1,"272":0,"273":1,"274":1,"275":1,"276":0,"277":1,"278":0,"279":1,"280":0,"281":1,"282":0,"283":1,"284":0,"285":1,"286":0,"287":0,"288":1,"289":0,"290":1,"291":0,"292":1,"293":0,"294":1,"295":0,"296":0,"297":0,"298":1,"299":0,"300":1,"301":0,"302":1,"303":2,"304":2,"305":0,"306":0,"307":0,"308":2,"309":0,"310":0,"311":0,"312":0,"313":0,"314":0,"315":2,"316":0,"317":0,"318":0,"319":0,"320":0,"321":0,"322":0,"323":2,"324":2,"325":1,"326":1,"327":1,"328":1,"329":1,"330":2,"331":1,"332":0,"333":1,"334":1,"335":0,"336":1,"337":2},"f":{"0":0,"1":4,"2":0,"3":0,"4":0,"5":0,"6":0,"7":1,"8":0,"9":0,"10":0,"11":0,"12":1,"13":0,"14":1,"15":1,"16":1,"17":1,"18":1,"19":2,"20":2,"21":1,"22":1,"23":2,"24":2,"25":0,"26":0,"27":1,"28":1,"29":2,"30":1,"31":2,"32":1,"33":2,"34":2,"35":0,"36":1,"37":2,"38":2,"39":1,"40":0,"41":1,"42":1,"43":1,"44":1,"45":0,"46":0,"47":1,"48":0,"49":0,"50":0,"51":1,"52":0,"53":0,"54":1,"55":2,"56":2,"57":0,"58":0,"59":2,"60":0,"61":1,"62":1,"63":8,"64":1,"65":0,"66":0,"67":0,"68":0,"69":0,"70":0,"71":2,"72":0,"73":0,"74":2,"75":0,"76":1,"77":0,"78":0,"79":2},"b":{"0":[0,1],"1":[0,1],"2":[0],"3":[2,0],"4":[1,1],"5":[2,0],"6":[1,0],"7":[1,0],"8":[1,1],"9":[2,0],"10":[2,0],"11":[0,0],"12":[0,0],"13":[0,0],"14":[0,0],"15":[0,2],"16":[0,1],"17":[1,0],"18":[1,0],"19":[1,0],"20":[1,0],"21":[0,0],"22":[0,1],"23":[1,0],"24":[0,1],"25":[1,0],"26":[1,0],"27":[1,0],"28":[0,0],"29":[0,0],"30":[0,1],"31":[0,0],"32":[0,0],"33":[0,0],"34":[0,0],"35":[0,0],"36":[0,1],"37":[0,1],"38":[0,1],"39":[0,1],"40":[0,1],"41":[0,1],"42":[0,1],"43":[0,1],"44":[0,1],"45":[0,1],"46":[0,1],"47":[0,2],"48":[2,0,0,0,0],"49":[0,0],"50":[1,1],"51":[2,1,1,1,1,1],"52":[1,1],"53":[2,1],"54":[0,1],"55":[1,1,0],"56":[1,1],"57":[1,1,0,0,0]},"_coverageSchema":"1a1c01bbd47fc00a2c39e90264f33305004495a9","hash":"adee145d29baa8021d9ac103324781bde1aa9214"}
,"/Users/brittany/Downloads/mysky/app/(tabs)/chartHelpers.ts": {"path":"/Users/brittany/Downloads/mysky/app/(tabs)/chartHelpers.ts","statementMap":{"0":{"start":{"line":5,"column":2},"end":{"line":7,"column":3}},"1":{"start":{"line":6,"column":4},"end":{"line":6,"column":83}},"2":{"start":{"line":8,"column":2},"end":{"line":10,"column":3}},"3":{"start":{"line":9,"column":4},"end":{"line":9,"column":127}},"4":{"start":{"line":11,"column":2},"end":{"line":13,"column":3}},"5":{"start":{"line":12,"column":4},"end":{"line":12,"column":132}},"6":{"start":{"line":14,"column":2},"end":{"line":14,"column":166}}},"fnMap":{"0":{"name":"personalizeLifeThemeSummary","decl":{"start":{"line":1,"column":16},"end":{"line":1,"column":43}},"loc":{"start":{"line":4,"column":2},"end":{"line":15,"column":1}},"line":4}},"branchMap":{"0":{"loc":{"start":{"line":5,"column":2},"end":{"line":7,"column":3}},"type":"if","locations":[{"start":{"line":5,"column":2},"end":{"line":7,"column":3}},{"start":{},"end":{}}],"line":5},"1":{"loc":{"start":{"line":8,"column":2},"end":{"line":10,"column":3}},"type":"if","locations":[{"start":{"line":8,"column":2},"end":{"line":10,"column":3}},{"start":{},"end":{}}],"line":8},"2":{"loc":{"start":{"line":11,"column":2},"end":{"line":13,"column":3}},"type":"if","locations":[{"start":{"line":11,"column":2},"end":{"line":13,"column":3}},{"start":{},"end":{}}],"line":11}},"s":{"0":4,"1":1,"2":3,"3":1,"4":2,"5":1,"6":1},"f":{"0":4},"b":{"0":[1,3],"1":[1,2],"2":[1,1]},"_coverageSchema":"1a1c01bbd47fc00a2c39e90264f33305004495a9","hash":"da0cdbd088e52e221bc5c8017a4307d988b74c6d"}
,"/Users/brittany/Downloads/mysky/app/(tabs)/patternsHelpers.ts": {"path":"/Users/brittany/Downloads/mysky/app/(tabs)/patternsHelpers.ts","statementMap":{"0":{"start":{"line":10,"column":21},"end":{"line":10,"column":84}},"1":{"start":{"line":10,"column":58},"end":{"line":10,"column":80}},"2":{"start":{"line":11,"column":23},"end":{"line":11,"column":38}},"3":{"start":{"line":13,"column":2},"end":{"line":19,"column":3}},"4":{"start":{"line":14,"column":4},"end":{"line":18,"column":6}},"5":{"start":{"line":21,"column":20},"end":{"line":21,"column":45}},"6":{"start":{"line":22,"column":24},"end":{"line":22,"column":49}},"7":{"start":{"line":23,"column":18},"end":{"line":23,"column":19}},"8":{"start":{"line":24,"column":23},"end":{"line":24,"column":24}},"9":{"start":{"line":26,"column":2},"end":{"line":35,"column":3}},"10":{"start":{"line":27,"column":4},"end":{"line":27,"column":37}},"11":{"start":{"line":27,"column":22},"end":{"line":27,"column":37}},"12":{"start":{"line":28,"column":4},"end":{"line":28,"column":48}},"13":{"start":{"line":28,"column":28},"end":{"line":28,"column":48}},"14":{"start":{"line":29,"column":4},"end":{"line":31,"column":5}},"15":{"start":{"line":30,"column":6},"end":{"line":30,"column":56}},"16":{"start":{"line":32,"column":4},"end":{"line":34,"column":5}},"17":{"start":{"line":33,"column":6},"end":{"line":33,"column":72}},"18":{"start":{"line":37,"column":18},"end":{"line":37,"column":82}},"19":{"start":{"line":37,"column":58},"end":{"line":37,"column":69}},"20":{"start":{"line":38,"column":22},"end":{"line":38,"column":124}},"21":{"start":{"line":38,"column":66},"end":{"line":38,"column":77}},"22":{"start":{"line":38,"column":101},"end":{"line":38,"column":111}},"23":{"start":{"line":39,"column":38},"end":{"line":39,"column":40}},"24":{"start":{"line":41,"column":2},"end":{"line":46,"column":3}},"25":{"start":{"line":42,"column":4},"end":{"line":45,"column":7}},"26":{"start":{"line":44,"column":38},"end":{"line":44,"column":56}},"27":{"start":{"line":48,"column":2},"end":{"line":53,"column":3}},"28":{"start":{"line":49,"column":4},"end":{"line":52,"column":7}},"29":{"start":{"line":51,"column":46},"end":{"line":51,"column":68}},"30":{"start":{"line":55,"column":2},"end":{"line":62,"column":3}},"31":{"start":{"line":56,"column":4},"end":{"line":61,"column":7}},"32":{"start":{"line":64,"column":2},"end":{"line":68,"column":4}},"33":{"start":{"line":72,"column":2},"end":{"line":75,"column":52}},"34":{"start":{"line":75,"column":32},"end":{"line":75,"column":50}},"35":{"start":{"line":79,"column":2},"end":{"line":85,"column":3}},"36":{"start":{"line":80,"column":4},"end":{"line":84,"column":6}},"37":{"start":{"line":87,"column":2},"end":{"line":87,"column":17}}},"fnMap":{"0":{"name":"buildPatternLibraryState","decl":{"start":{"line":9,"column":16},"end":{"line":9,"column":40}},"loc":{"start":{"line":9,"column":76},"end":{"line":69,"column":1}},"line":9},"1":{"name":"(anonymous_1)","decl":{"start":{"line":10,"column":44},"end":{"line":10,"column":45}},"loc":{"start":{"line":10,"column":58},"end":{"line":10,"column":80}},"line":10},"2":{"name":"(anonymous_2)","decl":{"start":{"line":37,"column":48},"end":{"line":37,"column":49}},"loc":{"start":{"line":37,"column":58},"end":{"line":37,"column":69}},"line":37},"3":{"name":"(anonymous_3)","decl":{"start":{"line":38,"column":56},"end":{"line":38,"column":57}},"loc":{"start":{"line":38,"column":66},"end":{"line":38,"column":77}},"line":38},"4":{"name":"(anonymous_4)","decl":{"start":{"line":38,"column":86},"end":{"line":38,"column":87}},"loc":{"start":{"line":38,"column":101},"end":{"line":38,"column":111}},"line":38},"5":{"name":"(anonymous_5)","decl":{"start":{"line":44,"column":27},"end":{"line":44,"column":28}},"loc":{"start":{"line":44,"column":38},"end":{"line":44,"column":56}},"line":44},"6":{"name":"(anonymous_6)","decl":{"start":{"line":51,"column":31},"end":{"line":51,"column":32}},"loc":{"start":{"line":51,"column":46},"end":{"line":51,"column":68}},"line":51},"7":{"name":"readableLabel","decl":{"start":{"line":71,"column":16},"end":{"line":71,"column":29}},"loc":{"start":{"line":71,"column":45},"end":{"line":76,"column":1}},"line":71},"8":{"name":"(anonymous_8)","decl":{"start":{"line":75,"column":22},"end":{"line":75,"column":23}},"loc":{"start":{"line":75,"column":32},"end":{"line":75,"column":50}},"line":75},"9":{"name":"refineCrossRefCopy","decl":{"start":{"line":78,"column":16},"end":{"line":78,"column":34}},"loc":{"start":{"line":78,"column":78},"end":{"line":88,"column":1}},"line":78}},"branchMap":{"0":{"loc":{"start":{"line":13,"column":2},"end":{"line":19,"column":3}},"type":"if","locations":[{"start":{"line":13,"column":2},"end":{"line":19,"column":3}},{"start":{},"end":{}}],"line":13},"1":{"loc":{"start":{"line":27,"column":4},"end":{"line":27,"column":37}},"type":"if","locations":[{"start":{"line":27,"column":4},"end":{"line":27,"column":37}},{"start":{},"end":{}}],"line":27},"2":{"loc":{"start":{"line":28,"column":4},"end":{"line":28,"column":48}},"type":"if","locations":[{"start":{"line":28,"column":4},"end":{"line":28,"column":48}},{"start":{},"end":{}}],"line":28},"3":{"loc":{"start":{"line":30,"column":26},"end":{"line":30,"column":49}},"type":"binary-expr","locations":[{"start":{"line":30,"column":26},"end":{"line":30,"column":44}},{"start":{"line":30,"column":48},"end":{"line":30,"column":49}}],"line":30},"4":{"loc":{"start":{"line":33,"column":34},"end":{"line":33,"column":65}},"type":"binary-expr","locations":[{"start":{"line":33,"column":34},"end":{"line":33,"column":60}},{"start":{"line":33,"column":64},"end":{"line":33,"column":65}}],"line":33},"5":{"loc":{"start":{"line":41,"column":2},"end":{"line":46,"column":3}},"type":"if","locations":[{"start":{"line":41,"column":2},"end":{"line":46,"column":3}},{"start":{},"end":{}}],"line":41},"6":{"loc":{"start":{"line":48,"column":2},"end":{"line":53,"column":3}},"type":"if","locations":[{"start":{"line":48,"column":2},"end":{"line":53,"column":3}},{"start":{},"end":{}}],"line":48},"7":{"loc":{"start":{"line":55,"column":2},"end":{"line":62,"column":3}},"type":"if","locations":[{"start":{"line":55,"column":2},"end":{"line":62,"column":3}},{"start":{},"end":{}}],"line":55},"8":{"loc":{"start":{"line":55,"column":6},"end":{"line":55,"column":43}},"type":"binary-expr","locations":[{"start":{"line":55,"column":6},"end":{"line":55,"column":20}},{"start":{"line":55,"column":24},"end":{"line":55,"column":43}}],"line":55},"9":{"loc":{"start":{"line":58,"column":12},"end":{"line":60,"column":169}},"type":"cond-expr","locations":[{"start":{"line":59,"column":10},"end":{"line":59,"column":129}},{"start":{"line":60,"column":10},"end":{"line":60,"column":169}}],"line":58},"10":{"loc":{"start":{"line":79,"column":2},"end":{"line":85,"column":3}},"type":"if","locations":[{"start":{"line":79,"column":2},"end":{"line":85,"column":3}},{"start":{},"end":{}}],"line":79}},"s":{"0":2,"1":5,"2":2,"3":2,"4":1,"5":1,"6":1,"7":1,"8":1,"9":1,"10":3,"11":3,"12":3,"13":3,"14":3,"15":4,"16":3,"17":4,"18":1,"19":1,"20":1,"21":1,"22":2,"23":1,"24":1,"25":1,"26":2,"27":1,"28":1,"29":2,"30":1,"31":1,"32":1,"33":5,"34":5,"35":1,"36":1,"37":0},"f":{"0":2,"1":5,"2":1,"3":1,"4":2,"5":2,"6":2,"7":5,"8":5,"9":1},"b":{"0":[1,1],"1":[3,0],"2":[3,0],"3":[4,2],"4":[4,2],"5":[1,0],"6":[1,0],"7":[1,0],"8":[1,0],"9":[1,0],"10":[1,0]},"_coverageSchema":"1a1c01bbd47fc00a2c39e90264f33305004495a9","hash":"ab9d267b81ccf879996d10062298c4a37af8597b"}
,"/Users/brittany/Downloads/mysky/app/(tabs)/journal/dreamArchiveSummary.ts": {"path":"/Users/brittany/Downloads/mysky/app/(tabs)/journal/dreamArchiveSummary.ts","statementMap":{"0":{"start":{"line":4,"column":23},"end":{"line":4,"column":75}},"1":{"start":{"line":4,"column":49},"end":{"line":4,"column":74}},"2":{"start":{"line":5,"column":2},"end":{"line":5,"column":43}},"3":{"start":{"line":5,"column":31},"end":{"line":5,"column":43}},"4":{"start":{"line":7,"column":24},"end":{"line":7,"column":49}},"5":{"start":{"line":8,"column":22},"end":{"line":8,"column":47}},"6":{"start":{"line":10,"column":2},"end":{"line":38,"column":3}},"7":{"start":{"line":11,"column":4},"end":{"line":26,"column":5}},"8":{"start":{"line":12,"column":6},"end":{"line":25,"column":7}},"9":{"start":{"line":13,"column":23},"end":{"line":13,"column":96}},"10":{"start":{"line":14,"column":8},"end":{"line":18,"column":9}},"11":{"start":{"line":15,"column":24},"end":{"line":15,"column":66}},"12":{"start":{"line":16,"column":10},"end":{"line":16,"column":31}},"13":{"start":{"line":16,"column":22},"end":{"line":16,"column":31}},"14":{"start":{"line":17,"column":10},"end":{"line":17,"column":72}},"15":{"start":{"line":20,"column":8},"end":{"line":24,"column":9}},"16":{"start":{"line":21,"column":29},"end":{"line":21,"column":41}},"17":{"start":{"line":22,"column":10},"end":{"line":22,"column":36}},"18":{"start":{"line":22,"column":27},"end":{"line":22,"column":36}},"19":{"start":{"line":23,"column":10},"end":{"line":23,"column":82}},"20":{"start":{"line":28,"column":4},"end":{"line":37,"column":5}},"21":{"start":{"line":29,"column":6},"end":{"line":36,"column":7}},"22":{"start":{"line":30,"column":23},"end":{"line":30,"column":83}},"23":{"start":{"line":31,"column":8},"end":{"line":33,"column":9}},"24":{"start":{"line":32,"column":10},"end":{"line":32,"column":96}},"25":{"start":{"line":40,"column":22},"end":{"line":40,"column":124}},"26":{"start":{"line":40,"column":66},"end":{"line":40,"column":77}},"27":{"start":{"line":40,"column":101},"end":{"line":40,"column":111}},"28":{"start":{"line":41,"column":20},"end":{"line":41,"column":120}},"29":{"start":{"line":41,"column":62},"end":{"line":41,"column":73}},"30":{"start":{"line":41,"column":97},"end":{"line":41,"column":107}},"31":{"start":{"line":42,"column":16},"end":{"line":45,"column":15}},"32":{"start":{"line":43,"column":34},"end":{"line":43,"column":61}},"33":{"start":{"line":44,"column":38},"end":{"line":44,"column":67}},"34":{"start":{"line":47,"column":2},"end":{"line":53,"column":3}},"35":{"start":{"line":48,"column":4},"end":{"line":52,"column":6}},"36":{"start":{"line":55,"column":2},"end":{"line":59,"column":4}},"37":{"start":{"line":63,"column":2},"end":{"line":65,"column":52}},"38":{"start":{"line":65,"column":32},"end":{"line":65,"column":50}}},"fnMap":{"0":{"name":"buildDreamArchiveSummary","decl":{"start":{"line":3,"column":16},"end":{"line":3,"column":40}},"loc":{"start":{"line":3,"column":64},"end":{"line":60,"column":1}},"line":3},"1":{"name":"(anonymous_1)","decl":{"start":{"line":4,"column":38},"end":{"line":4,"column":39}},"loc":{"start":{"line":4,"column":49},"end":{"line":4,"column":74}},"line":4},"2":{"name":"(anonymous_2)","decl":{"start":{"line":40,"column":56},"end":{"line":40,"column":57}},"loc":{"start":{"line":40,"column":66},"end":{"line":40,"column":77}},"line":40},"3":{"name":"(anonymous_3)","decl":{"start":{"line":40,"column":86},"end":{"line":40,"column":87}},"loc":{"start":{"line":40,"column":101},"end":{"line":40,"column":111}},"line":40},"4":{"name":"(anonymous_4)","decl":{"start":{"line":41,"column":52},"end":{"line":41,"column":53}},"loc":{"start":{"line":41,"column":62},"end":{"line":41,"column":73}},"line":41},"5":{"name":"(anonymous_5)","decl":{"start":{"line":41,"column":82},"end":{"line":41,"column":83}},"loc":{"start":{"line":41,"column":97},"end":{"line":41,"column":107}},"line":41},"6":{"name":"(anonymous_6)","decl":{"start":{"line":43,"column":21},"end":{"line":43,"column":22}},"loc":{"start":{"line":43,"column":34},"end":{"line":43,"column":61}},"line":43},"7":{"name":"(anonymous_7)","decl":{"start":{"line":44,"column":23},"end":{"line":44,"column":24}},"loc":{"start":{"line":44,"column":38},"end":{"line":44,"column":67}},"line":44},"8":{"name":"toReadableDreamLabel","decl":{"start":{"line":62,"column":16},"end":{"line":62,"column":36}},"loc":{"start":{"line":62,"column":52},"end":{"line":66,"column":1}},"line":62},"9":{"name":"(anonymous_9)","decl":{"start":{"line":65,"column":22},"end":{"line":65,"column":23}},"loc":{"start":{"line":65,"column":32},"end":{"line":65,"column":50}},"line":65}},"branchMap":{"0":{"loc":{"start":{"line":5,"column":2},"end":{"line":5,"column":43}},"type":"if","locations":[{"start":{"line":5,"column":2},"end":{"line":5,"column":43}},{"start":{},"end":{}}],"line":5},"1":{"loc":{"start":{"line":11,"column":4},"end":{"line":26,"column":5}},"type":"if","locations":[{"start":{"line":11,"column":4},"end":{"line":26,"column":5}},{"start":{},"end":{}}],"line":11},"2":{"loc":{"start":{"line":15,"column":25},"end":{"line":15,"column":58}},"type":"binary-expr","locations":[{"start":{"line":15,"column":25},"end":{"line":15,"column":38}},{"start":{"line":15,"column":42},"end":{"line":15,"column":52}},{"start":{"line":15,"column":56},"end":{"line":15,"column":58}}],"line":15},"3":{"loc":{"start":{"line":16,"column":10},"end":{"line":16,"column":31}},"type":"if","locations":[{"start":{"line":16,"column":10},"end":{"line":16,"column":31}},{"start":{},"end":{}}],"line":16},"4":{"loc":{"start":{"line":17,"column":36},"end":{"line":17,"column":65}},"type":"binary-expr","locations":[{"start":{"line":17,"column":36},"end":{"line":17,"column":60}},{"start":{"line":17,"column":64},"end":{"line":17,"column":65}}],"line":17},"5":{"loc":{"start":{"line":22,"column":10},"end":{"line":22,"column":36}},"type":"if","locations":[{"start":{"line":22,"column":10},"end":{"line":22,"column":36}},{"start":{},"end":{}}],"line":22},"6":{"loc":{"start":{"line":23,"column":41},"end":{"line":23,"column":75}},"type":"binary-expr","locations":[{"start":{"line":23,"column":41},"end":{"line":23,"column":70}},{"start":{"line":23,"column":74},"end":{"line":23,"column":75}}],"line":23},"7":{"loc":{"start":{"line":28,"column":4},"end":{"line":37,"column":5}},"type":"if","locations":[{"start":{"line":28,"column":4},"end":{"line":37,"column":5}},{"start":{},"end":{}}],"line":28},"8":{"loc":{"start":{"line":31,"column":8},"end":{"line":33,"column":9}},"type":"if","locations":[{"start":{"line":31,"column":8},"end":{"line":33,"column":9}},{"start":{},"end":{}}],"line":31},"9":{"loc":{"start":{"line":32,"column":48},"end":{"line":32,"column":89}},"type":"binary-expr","locations":[{"start":{"line":32,"column":48},"end":{"line":32,"column":84}},{"start":{"line":32,"column":88},"end":{"line":32,"column":89}}],"line":32},"10":{"loc":{"start":{"line":47,"column":2},"end":{"line":53,"column":3}},"type":"if","locations":[{"start":{"line":47,"column":2},"end":{"line":53,"column":3}},{"start":{},"end":{}}],"line":47}},"s":{"0":3,"1":8,"2":3,"3":1,"4":2,"5":2,"6":2,"7":6,"8":6,"9":6,"10":3,"11":3,"12":3,"13":0,"14":3,"15":3,"16":3,"17":3,"18":0,"19":3,"20":6,"21":6,"22":6,"23":6,"24":6,"25":2,"26":3,"27":5,"28":2,"29":2,"30":4,"31":2,"32":1,"33":1,"34":2,"35":1,"36":1,"37":3,"38":5},"f":{"0":3,"1":8,"2":3,"3":5,"4":2,"5":4,"6":1,"7":1,"8":3,"9":5},"b":{"0":[1,2],"1":[6,0],"2":[3,0,0],"3":[0,3],"4":[3,2],"5":[0,3],"6":[3,3],"7":[6,0],"8":[6,0],"9":[6,4],"10":[1,1]},"_coverageSchema":"1a1c01bbd47fc00a2c39e90264f33305004495a9","hash":"d34aa122e6a61dcfaf587a59585dddf4bec99144"}
,"/Users/brittany/Downloads/mysky/components/AuthRequiredModal.tsx": {"path":"/Users/brittany/Downloads/mysky/components/AuthRequiredModal.tsx","statementMap":{"0":{"start":{"line":44,"column":16},"end":{"line":44,"column":29}},"1":{"start":{"line":45,"column":17},"end":{"line":45,"column":46}},"2":{"start":{"line":46,"column":29},"end":{"line":46,"column":113}},"3":{"start":{"line":47,"column":28},"end":{"line":47,"column":40}},"4":{"start":{"line":48,"column":34},"end":{"line":48,"column":46}},"5":{"start":{"line":49,"column":42},"end":{"line":49,"column":57}},"6":{"start":{"line":50,"column":42},"end":{"line":50,"column":57}},"7":{"start":{"line":51,"column":50},"end":{"line":51,"column":65}},"8":{"start":{"line":52,"column":44},"end":{"line":52,"column":56}},"9":{"start":{"line":53,"column":42},"end":{"line":53,"column":54}},"10":{"start":{"line":54,"column":50},"end":{"line":54,"column":62}},"11":{"start":{"line":55,"column":64},"end":{"line":55,"column":76}},"12":{"start":{"line":56,"column":58},"end":{"line":56,"column":73}},"13":{"start":{"line":57,"column":32},"end":{"line":57,"column":47}},"14":{"start":{"line":58,"column":26},"end":{"line":58,"column":68}},"15":{"start":{"line":60,"column":29},"end":{"line":67,"column":3}},"16":{"start":{"line":61,"column":4},"end":{"line":61,"column":27}},"17":{"start":{"line":62,"column":4},"end":{"line":62,"column":31}},"18":{"start":{"line":63,"column":4},"end":{"line":63,"column":24}},"19":{"start":{"line":64,"column":4},"end":{"line":64,"column":28}},"20":{"start":{"line":65,"column":4},"end":{"line":65,"column":35}},"21":{"start":{"line":66,"column":4},"end":{"line":66,"column":35}},"22":{"start":{"line":69,"column":27},"end":{"line":77,"column":3}},"23":{"start":{"line":70,"column":4},"end":{"line":70,"column":35}},"24":{"start":{"line":71,"column":4},"end":{"line":71,"column":24}},"25":{"start":{"line":72,"column":4},"end":{"line":72,"column":28}},"26":{"start":{"line":73,"column":4},"end":{"line":73,"column":35}},"27":{"start":{"line":74,"column":4},"end":{"line":74,"column":35}},"28":{"start":{"line":75,"column":4},"end":{"line":75,"column":31}},"29":{"start":{"line":76,"column":4},"end":{"line":76,"column":26}},"30":{"start":{"line":79,"column":33},"end":{"line":104,"column":3}},"31":{"start":{"line":80,"column":25},"end":{"line":80,"column":45}},"32":{"start":{"line":82,"column":4},"end":{"line":85,"column":5}},"33":{"start":{"line":83,"column":6},"end":{"line":83,"column":92}},"34":{"start":{"line":84,"column":6},"end":{"line":84,"column":13}},"35":{"start":{"line":86,"column":4},"end":{"line":89,"column":5}},"36":{"start":{"line":87,"column":6},"end":{"line":87,"column":74}},"37":{"start":{"line":88,"column":6},"end":{"line":88,"column":13}},"38":{"start":{"line":91,"column":4},"end":{"line":91,"column":21}},"39":{"start":{"line":92,"column":4},"end":{"line":103,"column":5}},"40":{"start":{"line":93,"column":6},"end":{"line":93,"column":54}},"41":{"start":{"line":94,"column":6},"end":{"line":94,"column":32}},"42":{"start":{"line":95,"column":6},"end":{"line":98,"column":8}},"43":{"start":{"line":100,"column":6},"end":{"line":100,"column":117}},"44":{"start":{"line":102,"column":6},"end":{"line":102,"column":24}},"45":{"start":{"line":106,"column":33},"end":{"line":147,"column":3}},"46":{"start":{"line":107,"column":25},"end":{"line":107,"column":45}},"47":{"start":{"line":109,"column":4},"end":{"line":112,"column":5}},"48":{"start":{"line":110,"column":6},"end":{"line":110,"column":88}},"49":{"start":{"line":111,"column":6},"end":{"line":111,"column":13}},"50":{"start":{"line":113,"column":4},"end":{"line":116,"column":5}},"51":{"start":{"line":114,"column":6},"end":{"line":114,"column":87}},"52":{"start":{"line":115,"column":6},"end":{"line":115,"column":13}},"53":{"start":{"line":117,"column":4},"end":{"line":120,"column":5}},"54":{"start":{"line":118,"column":6},"end":{"line":118,"column":83}},"55":{"start":{"line":119,"column":6},"end":{"line":119,"column":13}},"56":{"start":{"line":121,"column":4},"end":{"line":124,"column":5}},"57":{"start":{"line":122,"column":6},"end":{"line":122,"column":96}},"58":{"start":{"line":123,"column":6},"end":{"line":123,"column":13}},"59":{"start":{"line":126,"column":4},"end":{"line":126,"column":21}},"60":{"start":{"line":127,"column":4},"end":{"line":146,"column":5}},"61":{"start":{"line":128,"column":6},"end":{"line":132,"column":9}},"62":{"start":{"line":133,"column":24},"end":{"line":136,"column":8}},"63":{"start":{"line":137,"column":6},"end":{"line":137,"column":29}},"64":{"start":{"line":137,"column":17},"end":{"line":137,"column":29}},"65":{"start":{"line":139,"column":6},"end":{"line":139,"column":29}},"66":{"start":{"line":140,"column":6},"end":{"line":140,"column":36}},"67":{"start":{"line":141,"column":6},"end":{"line":141,"column":27}},"68":{"start":{"line":143,"column":6},"end":{"line":143,"column":107}},"69":{"start":{"line":145,"column":6},"end":{"line":145,"column":24}},"70":{"start":{"line":149,"column":21},"end":{"line":197,"column":3}},"71":{"start":{"line":150,"column":4},"end":{"line":153,"column":5}},"72":{"start":{"line":151,"column":6},"end":{"line":151,"column":77}},"73":{"start":{"line":152,"column":6},"end":{"line":152,"column":13}},"74":{"start":{"line":154,"column":4},"end":{"line":157,"column":5}},"75":{"start":{"line":155,"column":6},"end":{"line":155,"column":74}},"76":{"start":{"line":156,"column":6},"end":{"line":156,"column":13}},"77":{"start":{"line":158,"column":4},"end":{"line":161,"column":5}},"78":{"start":{"line":159,"column":6},"end":{"line":159,"column":83}},"79":{"start":{"line":160,"column":6},"end":{"line":160,"column":13}},"80":{"start":{"line":163,"column":4},"end":{"line":163,"column":21}},"81":{"start":{"line":164,"column":4},"end":{"line":196,"column":5}},"82":{"start":{"line":165,"column":6},"end":{"line":186,"column":7}},"83":{"start":{"line":166,"column":23},"end":{"line":169,"column":10}},"84":{"start":{"line":170,"column":8},"end":{"line":177,"column":9}},"85":{"start":{"line":172,"column":10},"end":{"line":175,"column":12}},"86":{"start":{"line":176,"column":10},"end":{"line":176,"column":29}},"87":{"start":{"line":180,"column":26},"end":{"line":183,"column":10}},"88":{"start":{"line":184,"column":8},"end":{"line":184,"column":31}},"89":{"start":{"line":184,"column":19},"end":{"line":184,"column":31}},"90":{"start":{"line":190,"column":22},"end":{"line":192,"column":28}},"91":{"start":{"line":193,"column":6},"end":{"line":193,"column":36}},"92":{"start":{"line":195,"column":6},"end":{"line":195,"column":24}},"93":{"start":{"line":199,"column":2},"end":{"line":421,"column":4}},"94":{"start":{"line":260,"column":41},"end":{"line":260,"column":87}},"95":{"start":{"line":260,"column":78},"end":{"line":260,"column":86}},"96":{"start":{"line":346,"column":37},"end":{"lin
[...]
line":46,"column":23},"end":{"line":46,"column":40}},{"start":{"line":46,"column":44},"end":{"line":46,"column":48}}],"line":46},"2":{"loc":{"start":{"line":47,"column":26},"end":{"line":47,"column":54}},"type":"binary-expr","locations":[{"start":{"line":47,"column":26},"end":{"line":47,"column":46}},{"start":{"line":47,"column":50},"end":{"line":47,"column":54}}],"line":47},"3":{"loc":{"start":{"line":52,"column":4},"end":{"line":52,"column":35}},"type":"if","locations":[{"start":{"line":52,"column":4},"end":{"line":52,"column":35}},{"start":{},"end":{}}],"line":52},"4":{"loc":{"start":{"line":56,"column":4},"end":{"line":59,"column":5}},"type":"if","locations":[{"start":{"line":56,"column":4},"end":{"line":59,"column":5}},{"start":{},"end":{}}],"line":56},"5":{"loc":{"start":{"line":61,"column":26},"end":{"line":61,"column":74}},"type":"cond-expr","locations":[{"start":{"line":61,"column":33},"end":{"line":61,"column":66}},{"start":{"line":61,"column":69},"end":{"line":61,"column":74}}],"line":61},"6":{"loc":{"start":{"line":65,"column":6},"end":{"line":67,"column":7}},"type":"if","locations":[{"start":{"line":65,"column":6},"end":{"line":67,"column":7}},{"start":{},"end":{}}],"line":65},"7":{"loc":{"start":{"line":65,"column":10},"end":{"line":65,"column":61}},"type":"binary-expr","locations":[{"start":{"line":65,"column":10},"end":{"line":65,"column":23}},{"start":{"line":65,"column":27},"end":{"line":65,"column":32}},{"start":{"line":65,"column":36},"end":{"line":65,"column":61}}],"line":65},"8":{"loc":{"start":{"line":88,"column":6},"end":{"line":90,"column":7}},"type":"if","locations":[{"start":{"line":88,"column":6},"end":{"line":90,"column":7}},{"start":{},"end":{}}],"line":88},"9":{"loc":{"start":{"line":88,"column":10},"end":{"line":88,"column":47}},"type":"binary-expr","locations":[{"start":{"line":88,"column":10},"end":{"line":88,"column":24}},{"start":{"line":88,"column":28},"end":{"line":88,"column":47}}],"line":88},"10":{"loc":{"start":{"line":96,"column":6},"end":{"line":96,"column":47}},"type":"if","locations":[{"start":{"line":96,"column":6},"end":{"line":96,"column":47}},{"start":{},"end":{}}],"line":96},"11":{"loc":{"start":{"line":104,"column":25},"end":{"line":104,"column":103}},"type":"cond-expr","locations":[{"start":{"line":104,"column":47},"end":{"line":104,"column":95}},{"start":{"line":104,"column":98},"end":{"line":104,"column":103}}],"line":104},"12":{"loc":{"start":{"line":105,"column":6},"end":{"line":107,"column":7}},"type":"if","locations":[{"start":{"line":105,"column":6},"end":{"line":107,"column":7}},{"start":{},"end":{}}],"line":105},"13":{"loc":{"start":{"line":105,"column":10},"end":{"line":105,"column":47}},"type":"binary-expr","locations":[{"start":{"line":105,"column":10},"end":{"line":105,"column":24}},{"start":{"line":105,"column":28},"end":{"line":105,"column":47}}],"line":105},"14":{"loc":{"start":{"line":113,"column":6},"end":{"line":113,"column":47}},"type":"if","locations":[{"start":{"line":113,"column":6},"end":{"line":113,"column":47}},{"start":{},"end":{}}],"line":113},"15":{"loc":{"start":{"line":124,"column":6},"end":{"line":124,"column":30}},"type":"if","locations":[{"start":{"line":124,"column":6},"end":{"line":124,"column":30}},{"start":{},"end":{}}],"line":124},"16":{"loc":{"start":{"line":126,"column":6},"end":{"line":131,"column":7}},"type":"if","locations":[{"start":{"line":126,"column":6},"end":{"line":131,"column":7}},{"start":{},"end":{}}],"line":126},"17":{"loc":{"start":{"line":133,"column":6},"end":{"line":136,"column":7}},"type":"if","locations":[{"start":{"line":133,"column":6},"end":{"line":136,"column":7}},{"start":{},"end":{}}],"line":133},"18":{"loc":{"start":{"line":134,"column":8},"end":{"line":134,"column":48}},"type":"if","locations":[{"start":{"line":134,"column":8},"end":{"line":134,"column":48}},{"start":{},"end":{}}],"line":134},"19":{"loc":{"start":{"line":142,"column":8},"end":{"line":153,"column":9}},"type":"if","locations":[{"start":{"line":142,"column":8},"end":{"line":153,"column":9}},{"start":{},"end":{}}],"line":142},"20":{"loc":{"start":{"line":160,"column":8},"end":{"line":165,"column":9}},"type":"if","locations":[{"start":{"line":160,"column":8},"end":{"line":165,"column":9}},{"start":{},"end":{}}],"line":160},"21":{"loc":{"start":{"line":168,"column":8},"end":{"line":168,"column":48}},"type":"if","locations":[{"start":{"line":168,"column":8},"end":{"line":168,"column":48}},{"start":{},"end":{}}],"line":168},"22":{"loc":{"start":{"line":176,"column":6},"end":{"line":183,"column":7}},"type":"if","locations":[{"start":{"line":176,"column":6},"end":{"line":183,"column":7}},{"start":{},"end":{}}],"line":176},"23":{"loc":{"start":{"line":180,"column":12},"end":{"line":180,"column":103}},"type":"if","locations":[{"start":{"line":180,"column":12},"end":{"line":180,"column":103}},{"start":{},"end":{}}],"line":180},"24":{"loc":{"start":{"line":207,"column":2},"end":{"line":209,"column":3}},"type":"if","locations":[{"start":{"line":207,"column":2},"end":{"line":209,"column":3}},{"start":{},"end":{}}],"line":207}},"s":{"0":1,"1":1,"2":8,"3":8,"4":8,"5":8,"6":8,"7":8,"8":8,"9":8,"10":8,"11":8,"12":8,"13":3,"14":0,"15":3,"16":3,"17":0,"18":0,"19":3,"20":3,"21":3,"22":1,"23":3,"24":3,"25":8,"26":0,"27":0,"28":0,"29":0,"30":8,"31":0,"32":0,"33":0,"34":0,"35":0,"36":0,"37":0,"38":0,"39":0,"40":0,"41":8,"42":0,"43":0,"44":0,"45":0,"46":0,"47":0,"48":0,"49":0,"50":0,"51":0,"52":0,"53":8,"54":4,"55":4,"56":4,"57":4,"58":0,"59":4,"60":4,"61":4,"62":4,"63":4,"64":4,"65":1,"66":1,"67":1,"68":3,"69":3,"70":3,"71":3,"72":3,"73":0,"74":3,"75":3,"76":0,"77":3,"78":3,"79":3,"80":3,"81":3,"82":3,"83":3,"84":3,"85":0,"86":0,"87":0,"88":4,"89":4,"90":4,"91":4,"92":0,"93":0,"94":0,"95":8,"96":7,"97":8,"98":8,"99":8,"100":0,"101":8},"f":{"0":8,"1":3,"2":3,"3":0,"4":0,"5":0,"6":0,"7":4,"8":4,"9":0,"10":4,"11":0,"12":0,"13":7,"14":8},"b":{"0":[1,1],"1":[8,2],"2":[8,2],"3":[0,3],"4":[0,3],"5":[3,0],"6":[1,2],"7":[3,1,1],"8":[0,0],"9":[0,0],"10":[0,0],"11":[0,0],"12":[0,0],"13":[0,0],"14":[0,0],"15":[0,4],"16":[4,0],"17":[1,3],"18":[1,0],"19":[3,0],"20":[3,0],"21":[0,0],"22":[0,4],"23":[0,0],"24":[0,8]},"_coverageSchema":"1a1c01bbd47fc00a2c39e90264f33305004495a9","hash":"d757eb5893ff1b340fef470410d641b802bfd77e"}
,"/Users/brittany/Downloads/mysky/services/auth/signUpSession.ts": {"path":"/Users/brittany/Downloads/mysky/services/auth/signUpSession.ts","statementMap":{"0":{"start":{"line":20,"column":26},"end":{"line":20,"column":38}},"1":{"start":{"line":22,"column":26},"end":{"line":25,"column":4}},"2":{"start":{"line":26,"column":2},"end":{"line":26,"column":25}},"3":{"start":{"line":26,"column":13},"end":{"line":26,"column":25}},"4":{"start":{"line":28,"column":27},"end":{"line":28,"column":47}},"5":{"start":{"line":29,"column":2},"end":{"line":35,"column":3}},"6":{"start":{"line":30,"column":4},"end":{"line":34,"column":6}},"7":{"start":{"line":37,"column":2},"end":{"line":63,"column":3}},"8":{"start":{"line":38,"column":25},"end":{"line":41,"column":6}},"9":{"start":{"line":43,"column":4},"end":{"line":49,"column":5}},"10":{"start":{"line":44,"column":6},"end":{"line":48,"column":8}},"11":{"start":{"line":51,"column":20},"end":{"line":51,"column":55}},"12":{"start":{"line":52,"column":4},"end":{"line":56,"column":6}},"13":{"start":{"line":58,"column":4},"end":{"line":62,"column":6}}},"fnMap":{"0":{"name":"signUpAndEnsureSession","decl":{"start":{"line":16,"column":22},"end":{"line":16,"column":44}},"loc":{"start":{"line":19,"column":72},"end":{"line":64,"column":1}},"line":19}},"branchMap":{"0":{"loc":{"start":{"line":26,"column":2},"end":{"line":26,"column":25}},"type":"if","locations":[{"start":{"line":26,"column":2},"end":{"line":26,"column":25}},{"start":{},"end":{}}],"line":26},"1":{"loc":{"start":{"line":28,"column":27},"end":{"line":28,"column":47}},"type":"binary-expr","locations":[{"start":{"line":28,"column":27},"end":{"line":28,"column":39}},{"start":{"line":28,"column":43},"end":{"line":28,"column":47}}],"line":28},"2":{"loc":{"start":{"line":29,"column":2},"end":{"line":35,"column":3}},"type":"if","locations":[{"start":{"line":29,"column":2},"end":{"line":35,"column":3}},{"start":{},"end":{}}],"line":29},"3":{"loc":{"start":{"line":32,"column":12},"end":{"line":32,"column":54}},"type":"binary-expr","locations":[{"start":{"line":32,"column":12},"end":{"line":32,"column":21}},{"start":{"line":32,"column":25},"end":{"line":32,"column":46}},{"start":{"line":32,"column":50},"end":{"line":32,"column":54}}],"line":32},"4":{"loc":{"start":{"line":43,"column":4},"end":{"line":49,"column":5}},"type":"if","locations":[{"start":{"line":43,"column":4},"end":{"line":49,"column":5}},{"start":{},"end":{}}],"line":43},"5":{"loc":{"start":{"line":46,"column":14},"end":{"line":46,"column":31}},"type":"binary-expr","locations":[{"start":{"line":46,"column":14},"end":{"line":46,"column":23}},{"start":{"line":46,"column":27},"end":{"line":46,"column":31}}],"line":46},"6":{"loc":{"start":{"line":51,"column":20},"end":{"line":51,"column":55}},"type":"binary-expr","locations":[{"start":{"line":51,"column":20},"end":{"line":51,"column":47}},{"start":{"line":51,"column":51},"end":{"line":51,"column":55}}],"line":51},"7":{"loc":{"start":{"line":54,"column":12},"end":{"line":54,"column":74}},"type":"binary-expr","locations":[{"start":{"line":54,"column":12},"end":{"line":54,"column":36}},{"start":{"line":54,"column":40},"end":{"line":54,"column":53}},{"start":{"line":54,"column":57},"end":{"line":54,"column":66}},{"start":{"line":54,"column":70},"end":{"line":54,"column":74}}],"line":54},"8":{"loc":{"start":{"line":60,"column":12},"end":{"line":60,"column":29}},"type":"binary-expr","locations":[{"start":{"line":60,"column":12},"end":{"line":60,"column":21}},{"start":{"line":60,"column":25},"end":{"line":60,"column":29}}],"line":60}},"s":{"0":4,"1":4,"2":4,"3":1,"4":3,"5":3,"6":0,"7":3,"8":3,"9":3,"10":1,"11":2,"12":2,"13":0},"f":{"0":4},"b":{"0":[1,3],"1":[3,2],"2":[0,3],"3":[0,0,0],"4":[1,2],"5":[1,1],"6":[2,1],"7":[2,1,1,1],"8":[0,0]},"_coverageSchema":"1a1c01bbd47fc00a2c39e90264f33305004495a9","hash":"5b38289d896f9434c0a10fc05000391d8ce9ebb2"}
,"/Users/brittany/Downloads/mysky/services/storage/models.ts": {"path":"/Users/brittany/Downloads/mysky/services/storage/models.ts","statementMap":{"0":{"start":{"line":135,"column":2},"end":{"line":135,"column":29}}},"fnMap":{"0":{"name":"generateId","decl":{"start":{"line":134,"column":16},"end":{"line":134,"column":26}},"loc":{"start":{"line":134,"column":37},"end":{"line":136,"column":1}},"line":134}},"branchMap":{},"s":{"0":0},"f":{"0":0},"b":{},"_coverageSchema":"1a1c01bbd47fc00a2c39e90264f33305004495a9","hash":"8af64d3280b471871cd69f74e5c991366253d499"}
,"/Users/brittany/Downloads/mysky/utils/logger.ts": {"path":"/Users/brittany/Downloads/mysky/utils/logger.ts","statementMap":{"0":{"start":{"line":3,"column":14},"end":{"line":3,"column":94}},"1":{"start":{"line":7,"column":2},"end":{"line":63,"column":3}},"2":{"start":{"line":8,"column":4},"end":{"line":62,"column":5}},"3":{"start":{"line":10,"column":6},"end":{"line":16,"column":7}},"4":{"start":{"line":11,"column":8},"end":{"line":15,"column":10}},"5":{"start":{"line":18,"column":18},"end":{"line":18,"column":103}},"6":{"start":{"line":21,"column":6},"end":{"line":23,"column":7}},"7":{"start":{"line":22,"column":8},"end":{"line":22,"column":32}},"8":{"start":{"line":25,"column":29},"end":{"line":43,"column":7}},"9":{"start":{"line":45,"column":6},"end":{"line":58,"column":7}},"10":{"start":{"line":46,"column":8},"end":{"line":55,"column":9}},"11":{"start":{"line":47,"column":10},"end":{"line":54,"column":11}},"12":{"start":{"line":48,"column":12},"end":{"line":48,"column":63}},"13":{"start":{"line":49,"column":17},"end":{"line":54,"column":11}},"14":{"start":{"line":53,"column":12},"end":{"line":53,"column":94}},"15":{"start":{"line":57,"column":8},"end":{"line":57,"column":96}},"16":{"start":{"line":57,"column":31},"end":{"line":57,"column":94}},"17":{"start":{"line":59,"column":6},"end":{"line":59,"column":17}},"18":{"start":{"line":61,"column":6},"end":{"line":61,"column":39}},"19":{"start":{"line":64,"column":2},"end":{"line":64,"column":15}},"20":{"start":{"line":68,"column":19},"end":{"line":68,"column":35}},"21":{"start":{"line":71,"column":2},"end":{"line":71,"column":64}},"22":{"start":{"line":71,"column":57},"end":{"line":71,"column":64}},"23":{"start":{"line":73,"column":2},"end":{"line":73,"column":47}},"24":{"start":{"line":76,"column":22},"end":{"line":97,"column":1}},"25":{"start":{"line":77,"column":33},"end":{"line":77,"column":55}},"26":{"start":{"line":78,"column":32},"end":{"line":78,"column":53}},"27":{"start":{"line":79,"column":32},"end":{"line":79,"column":53}},"28":{"start":{"line":81,"column":4},"end":{"line":81,"column":27}},"29":{"start":{"line":83,"column":4},"end":{"line":95,"column":5}},"30":{"start":{"line":84,"column":31},"end":{"line":84,"column":50}},"31":{"start":{"line":85,"column":20},"end":{"line":85,"column":27}},"32":{"start":{"line":86,"column":6},"end":{"line":92,"column":7}},"33":{"start":{"line":87,"column":8},"end":{"line":87,"column":28}},"34":{"start":{"line":88,"column":13},"end":{"line":92,"column":7}},"35":{"start":{"line":89,"column":8},"end":{"line":89,"column":30}},"36":{"start":{"line":91,"column":8},"end":{"line":91,"column":36}}},"fnMap":{"0":{"name":"redact","decl":{"start":{"line":5,"column":9},"end":{"line":5,"column":15}},"loc":{"start":{"line":5,"column":41},"end":{"line":65,"column":1}},"line":5},"1":{"name":"(anonymous_1)","decl":{"start":{"line":57,"column":23},"end":{"line":57,"column":24}},"loc":{"start":{"line":57,"column":31},"end":{"line":57,"column":94}},"line":57},"2":{"name":"emit","decl":{"start":{"line":67,"column":9},"end":{"line":67,"column":13}},"loc":{"start":{"line":67,"column":51},"end":{"line":74,"column":1}},"line":67},"3":{"name":"(anonymous_3)","decl":{"start":{"line":77,"column":9},"end":{"line":77,"column":10}},"loc":{"start":{"line":77,"column":33},"end":{"line":77,"column":55}},"line":77},"4":{"name":"(anonymous_4)","decl":{"start":{"line":78,"column":8},"end":{"line":78,"column":9}},"loc":{"start":{"line":78,"column":32},"end":{"line":78,"column":53}},"line":78},"5":{"name":"(anonymous_5)","decl":{"start":{"line":79,"column":8},"end":{"line":79,"column":9}},"loc":{"start":{"line":79,"column":32},"end":{"line":79,"column":53}},"line":79},"6":{"name":"(anonymous_6)","decl":{"start":{"line":80,"column":9},"end":{"line":80,"column":10}},"loc":{"start":{"line":80,"column":33},"end":{"line":96,"column":3}},"line":80}},"branchMap":{"0":{"loc":{"start":{"line":3,"column":14},"end":{"line":3,"column":94}},"type":"cond-expr","locations":[{"start":{"line":3,"column":47},"end":{"line":3,"column":54}},{"start":{"line":3,"column":57},"end":{"line":3,"column":94}}],"line":3},"1":{"loc":{"start":{"line":7,"column":2},"end":{"line":63,"column":3}},"type":"if","locations":[{"start":{"line":7,"column":2},"end":{"line":63,"column":3}},{"start":{},"end":{}}],"line":7},"2":{"loc":{"start":{"line":7,"column":6},"end":{"line":7,"column":40}},"type":"binary-expr","locations":[{"start":{"line":7,"column":6},"end":{"line":7,"column":11}},{"start":{"line":7,"column":15},"end":{"line":7,"column":40}}],"line":7},"3":{"loc":{"start":{"line":10,"column":6},"end":{"line":16,"column":7}},"type":"if","locations":[{"start":{"line":10,"column":6},"end":{"line":16,"column":7}},{"start":{},"end":{}}],"line":10},"4":{"loc":{"start":{"line":14,"column":14},"end":{"line":14,"column":63}},"type":"cond-expr","locations":[{"start":{"line":14,"column":28},"end":{"line":14,"column":58}},{"start":{"line":14,"column":61},"end":{"line":14,"column":63}}],"line":14},"5":{"loc":{"start":{"line":18,"column":18},"end":{"line":18,"column":103}},"type":"cond-expr","locations":[{"start":{"line":18,"column":41},"end":{"line":18,"column":59}},{"start":{"line":18,"column":62},"end":{"line":18,"column":103}}],"line":18},"6":{"loc":{"start":{"line":21,"column":6},"end":{"line":23,"column":7}},"type":"if","locations":[{"start":{"line":21,"column":6},"end":{"line":23,"column":7}},{"start":{},"end":{}}],"line":21},"7":{"loc":{"start":{"line":21,"column":10},"end":{"line":21,"column":62}},"type":"binary-expr","locations":[{"start":{"line":21,"column":10},"end":{"line":21,"column":29}},{"start":{"line":21,"column":33},"end":{"line":21,"column":62}}],"line":21},"8":{"loc":{"start":{"line":45,"column":6},"end":{"line":58,"column":7}},"type":"if","locations":[{"start":{"line":45,"column":6},"end":{"line":58,"column":7}},{"start":{"line":56,"column":13},"end":{"line":58,"column":7}}],"line":45},"9":{"loc":{"start":{"line":47,"column":10},"end":{"line":54,"column":11}},"type":"if","locations":[{"start":{"line":47,"column":10},"end":{"line":54,"column":11}},{"start":{"line":49,"column":17},"end":{"line":54,"column":11}}],"line":47},"10":{"loc":{"start":{"line":49,"column":17},"end":{"line":54,"column":11}},"type":"if","locations":[{"start":{"line":49,"column":17},"end":{"line":54,"column":11}},{"start":{},"end":{}}],"line":49},"11":{"loc":{"start":{"line":50,"column":12},"end":{"line":51,"column":56}},"type":"binary-expr","locations":[{"start":{"line":50,"column":12},"end":{"line":50,"column":67}},{"start":{"line":51,"column":12},"end":{"line":51,"column":56}}],"line":50},"12":{"loc":{"start":{"line":57,"column":31},"end":{"line":57,"column":94}},"type":"cond-expr","locations":[{"start":{"line":57,"column":75},"end":{"line":57,"column":87}},{"start":{"line":57,"column":90},"end":{"line":57,"column":94}}],"line":57},"13":{"loc":{"start":{"line":57,"column":31},"end":{"line":57,"column":72}},"type":"binary-expr","locations":[{"start":{"line":57,"column":31},"end":{"line":57,"column":55}},{"start":{"line":57,"column":59},"end":{"line":57,"column":72}}],"line":57},"14":{"loc":{"start":{"line":71,"column":2},"end":{"line":71,"column":64}},"type":"if","locations":[{"start":{"line":71,"column":2},"end":{"line":71,"column":64}},{"start":{},"end":{}}],"line":71},"15":{"loc":{"start":{"line":71,"column":6},"end":{"line":71,"column":55}},"type":"binary-expr","locations":[{"start":{"line":71,"column":6},"end":{"line":71,"column":12}},{"start":{"line":71,"column":17},"end":{"line":71,"column":34}},{"start":{"line":71,"column":38},"end":{"line":71,"column":54}}],"line":71},"16":{"loc":{"start":{"line":73,"column":3},"end":{"line":73,"column":32}},"type":"binary-expr","locations":[{"start":{"line":73,"column":3},"end":{"line":73,"column":17}},{"start":{"line":73,"column":21},"end":{"line":73,"column":32}}],"line":73},"17":{"loc":{"start":{"line":86,"column":6},"end":{"line":92,"column":7}},"type":"if","locations":[{"start":{"line":86,"column":6},"end":{"line":92,"column":7}},{"start":{"line":88,"column":13},"end":{"line":92,"column":7}}],"line":86},"18":{"loc":{"start":{"line":88,"column":13},"end":{"line":92,"column":7}},"type":"if","locations":[{"start":{"line":88,"column":13},"end":{"line":92,"column":7}},{"start":{"line":90,"column":13},"end":{"line":92,"column":7}}],"line":88},"19":{"loc":{"start":{"line":88,"column":17},"end":{"line":88,"column":60}},"type":"binary-expr","locations":[{"start":{"line":88,"column":17},"end":{"line":88,"column":32}},{"start":{"line":88,"column":36},"end":{"line":88,"column":60}}],"line":88}},"s":{"0":1,"1":11,"2":0,"3":0,"4":0,"5":0,"6":0,"7":0,"8":0,"9":0,"10":0,"11":0,"12":0,"13":0,"14":0,"15":0,"16":0,"17":0,"18":0,"19":11,"20":11,"21":11,"22":0,"23":11,"24":1,"25":0,"26":11,"27":0,"28":0,"29":0,"30":0,"31":0,"32":0,"33":0,"34":0,"35":0,"36":0},"f":{"0":11,"1":0,"2":11,"3":0,"4":11,"5":0,"6":0},"b":{"0":[1,0],"1":[0,11],"2":[11,11],"3":[0,0],"4":[0,0],"5":[0,0],"6":[0,0],"7":[0,0],"8":[0,0],"9":[0,0],"10":[0,0],"11":[0,0],"12":[0,0],"13":[0,0],"14":[0,11],"15":[11,0,0],"16":[11,0],"17":[0,0],"18":[0,0],"19":[0,0]},"_coverageSchema":"1a1c01bbd47fc00a2c39e90264f33305004495a9","hash":"16490afa11651f29149ff923eae07db1d6de031b"}
}
