TN:
SF:components/screens/chartCardPalette.ts
FN:15,(anonymous_0)
FNF:1
FNH:0
FNDA:0,(anonymous_0)
DA:1,0
DA:15,0
DA:16,0
DA:17,0
DA:23,0
LF:5
LH:0
BRDA:17,0,0,0
BRDA:17,0,1,0
BRF:2
BRH:0
end_of_record
TN:
SF:components/ui/patternOrbitHelpers.ts
FN:15,derivePatternOrbitScores
FN:16,(anonymous_1)
FN:18,(anonymous_2)
FN:18,(anonymous_3)
FN:18,(anonymous_4)
FN:19,(anonymous_5)
FN:20,(anonymous_6)
FN:21,(anonymous_7)
FN:22,(anonymous_8)
FN:34,(anonymous_9)
FN:37,getPatternOrbitThemes
FN:39,(anonymous_11)
FN:40,(anonymous_12)
FN:42,(anonymous_13)
FN:45,getPatternOrbitSummary
FN:56,clampScore
FNF:16
FNH:16
FNDA:2,derivePatternOrbitScores
FNDA:7,(anonymous_1)
FNDA:6,(anonymous_2)
FNDA:30,(anonymous_3)
FNDA:79,(anonymous_4)
FNDA:5,(anonymous_5)
FNDA:5,(anonymous_6)
FNDA:5,(anonymous_7)
FNDA:5,(anonymous_8)
FNDA:7,(anonymous_9)
FNDA:1,getPatternOrbitThemes
FNDA:7,(anonymous_11)
FNDA:12,(anonymous_12)
FNDA:3,(anonymous_13)
FNDA:2,getPatternOrbitSummary
FNDA:9,clampScore
DA:3,1
DA:15,1
DA:16,7
DA:18,79
DA:19,5
DA:20,5
DA:21,5
DA:22,5
DA:24,1
DA:34,7
DA:37,1
DA:38,1
DA:39,7
DA:40,12
DA:42,3
DA:45,1
DA:46,2
DA:48,1
DA:49,1
DA:50,1
DA:51,0
DA:52,0
DA:53,0
DA:56,1
DA:57,9
LF:25
LH:22
BRDA:16,0,0,1
BRDA:30,1,0,1
BRDA:30,1,1,0
BRDA:34,2,0,7
BRDA:34,2,1,0
BRDA:39,3,0,1
BRDA:39,3,1,6
BRDA:39,4,0,7
BRDA:39,4,1,0
BRDA:46,5,0,1
BRDA:48,6,0,1
BRDA:48,6,1,0
BRDA:49,7,0,0
BRDA:50,8,0,1
BRDA:51,9,0,0
BRDA:52,10,0,0
BRF:16
BRH:9
end_of_record
TN:
SF:components/ui/editorial/theme.ts
FNF:0
FNH:0
DA:1,0
DA:4,0
DA:23,0
DA:35,0
DA:37,0
DA:100,0
LF:6
LH:0
BRDA:35,0,0,0
BRDA:35,0,1,0
BRF:2
BRH:0
end_of_record
TN:
SF:lib/supabase.ts
FN:29,(anonymous_1)
FN:35,(anonymous_2)
FN:36,(anonymous_3)
FN:38,(anonymous_4)
FNF:4
FNH:0
FNDA:0,(anonymous_1)
FNDA:0,(anonymous_2)
FNDA:0,(anonymous_3)
FNDA:0,(anonymous_4)
DA:15,0
DA:16,0
DA:22,0
DA:23,0
DA:25,0
DA:27,0
DA:29,0
DA:30,0
DA:31,0
DA:33,0
DA:36,0
DA:39,0
DA:43,0
LF:13
LH:0
BRDA:29,0,0,0
BRDA:39,1,0,0
BRDA:44,2,0,0
BRDA:44,2,1,0
BRDA:45,3,0,0
BRDA:45,3,1,0
BRF:6
BRH:0
end_of_record
TN:
SF:lib/insights/engine.ts
FN:81,scaleTo100
FN:86,inverseScaleTo100
FN:94,computeStabilityScore
FN:111,computeRestorationScore
FN:128,computeStrainScore
FN:148,computeDailyScores
FN:204,computeTrendDirection
FN:214,computeVolatility
FN:216,(anonymous_8)
FN:217,(anonymous_9)
FN:231,countMatches
FN:233,(anonymous_11)
FN:236,extractJournalSignals
FN:241,(anonymous_13)
FN:273,analyzeDreamThemes
FN:280,(anonymous_15)
FN:301,analyzeSleepMoodRelationship
FN:306,(anonymous_17)
FN:307,(anonymous_18)
FN:312,(anonymous_19)
FN:313,(anonymous_20)
FN:314,(anonymous_21)
FN:320,(anonymous_22)
FN:320,(anonymous_23)
FN:336,detectBestDayPatterns
FN:341,(anonymous_25)
FN:342,(anonymous_26)
FN:345,(anonymous_27)
FN:346,(anonymous_28)
FN:348,(anonymous_29)
FN:349,(anonymous_30)
FN:354,(anonymous_31)
FN:354,(anonymous_32)
FN:355,(anonymous_33)
FN:355,(anonymous_34)
FN:356,(anonymous_35)
FN:356,(anonymous_36)
FN:357,(anonymous_37)
FN:357,(anonymous_38)
FN:362,detectHardDayPatterns
FN:367,(anonymous_40)
FN:368,(anonymous_41)
FN:371,(anonymous_42)
FN:372,(anonymous_43)
FN:374,(anonymous_44)
FN:375,(anonymous_45)
FN:380,(anonymous_46)
FN:380,(anonymous_47)
FN:381,(anonymous_48)
FN:381,(anonymous_49)
FN:382,(anonymous_50)
FN:382,(anonymous_51)
FN:383,(anonymous_52)
FN:383,(anonymous_53)
FN:392,computeInsightConfidence
FN:411,buildInsightCards
FN:416,(anonymous_56)
FN:440,buildSleepCard
FN:468,buildBestDayCard
FN:495,buildHardDayCard
FN:522,buildEmergingThemeCard
FN:523,(anonymous_61)
FN:526,(anonymous_62)
FN:528,(anonymous_63)
FN:529,(anonymous_64)
FN:531,(anonymous_65)
FN:532,(anonymous_66)
FN:533,(anonymous_67)
FN:534,(anonymous_68)
FN:535,(anonymous_69)
FN:562,buildDreamThemeCard
FN:563,(anonymous_71)
FN:566,(anonymous_72)
FN:587,(anonymous_73)
FNF:74
FNH:74
FNDA:6809,scaleTo100
FNDA:1507,inverseScaleTo100
FNDA:753,computeStabilityScore
FNDA:753,computeRestorationScore
FNDA:753,computeStrainScore
FNDA:751,computeDailyScores
FNDA:19,computeTrendDirection
FNDA:14,computeVolatility
FNDA:51,(anonymous_8)
FNDA:51,(anonymous_9)
FNDA:845,countMatches
FNDA:6084,(anonymous_11)
FNDA:171,extractJournalSignals
FNDA:845,(anonymous_13)
FNDA:74,analyzeDreamThemes
FNDA:2146,(anonymous_15)
FNDA:47,analyzeSleepMoodRelationship
FNDA:36,(anonymous_17)
FNDA:674,(anonymous_18)
FNDA:333,(anonymous_19)
FNDA:333,(anonymous_20)
FNDA:333,(anonymous_21)
FNDA:40,(anonymous_22)
FNDA:153,(anonymous_23)
FNDA:46,detectBestDayPatterns
FNDA:332,(anonymous_25)
FNDA:497,(anonymous_26)
FNDA:91,(anonymous_27)
FNDA:241,(anonymous_28)
FNDA:288,(anonymous_29)
FNDA:1328,(anonymous_30)
FNDA:91,(anonymous_31)
FNDA:241,(anonymous_32)
FNDA:91,(anonymous_33)
FNDA:241,(anonymous_34)
FNDA:91,(anonymous_35)
FNDA:241,(anonymous_36)
FNDA:91,(anonymous_37)
FNDA:241,(anonymous_38)
FNDA:45,detectHardDayPatterns
FNDA:327,(anonymous_40)
FNDA:655,(anonymous_41)
FNDA:89,(anonymous_42)
FNDA:238,(anonymous_43)
FNDA:280,(anonymous_44)
FNDA:1308,(anonymous_45)
FNDA:89,(anonymous_46)
FNDA:238,(anonymous_47)
FNDA:89,(anonymous_48)
FNDA:238,(anonymous_49)
FNDA:89,(anonymous_50)
FNDA:238,(anonymous_51)
FNDA:89,(anonymous_52)
FNDA:238,(anonymous_53)
FNDA:113,computeInsightConfidence
FNDA:41,buildInsightCards
FNDA:93,(anonymous_56)
FNDA:41,buildSleepCard
FNDA:41,buildBestDayCard
FNDA:41,buildHardDayCard
FNDA:41,buildEmergingThemeCard
FNDA:328,(anonymous_61)
FNDA:150,(anonymous_62)
FNDA:80,(anonymous_63)
FNDA:750,(anonymous_64)
FNDA:150,(anonymous_65)
FNDA:150,(anonymous_66)
FNDA:150,(anonymous_67)
FNDA:150,(anonymous_68)
FNDA:150,(anonymous_69)
FNDA:41,buildDreamThemeCard
FNDA:328,(anonymous_71)
FNDA:56,(anonymous_72)
FNDA:56,(anonymous_73)
DA:81,9
DA:82,6809
DA:83,6809
DA:86,9
DA:87,1507
DA:94,9
DA:103,753
DA:108,753
DA:111,9
DA:120,753
DA:125,753
DA:128,9
DA:137,753
DA:141,753
DA:148,9
DA:149,751
DA:150,751
DA:151,751
DA:152,751
DA:153,751
DA:154,751
DA:155,751
DA:156,751
DA:157,751
DA:159,751
DA:171,751
DA:179,751
DA:187,751
DA:194,751
DA:204,9
DA:208,19
DA:209,19
DA:210,14
DA:211,10
DA:214,9
DA:215,14
DA:216,51
DA:217,51
DA:218,10
DA:225,9
DA:226,9
DA:227,9
DA:228,9
DA:229,9
DA:232,845
DA:233,6084
DA:236,9
DA:237,171
DA:238,2
DA:241,169
DA:242,845
DA:244,169
DA:245,169
DA:246,169
DA:247,169
DA:248,169
DA:250,169
DA:257,9
DA:265,9
DA:273,9
DA:274,74
DA:275,74
DA:276,74
DA:277,74
DA:279,74
DA:280,2146
DA:281,370
DA:282,370
DA:283,370
DA:284,70
DA:285,70
DA:289,74
DA:290,74
DA:292,74
DA:299,9
DA:301,9
DA:302,47
DA:303,11
DA:306,36
DA:307,674
DA:308,36
DA:309,36
DA:312,333
DA:313,333
DA:314,333
DA:316,36
DA:317,16
DA:320,153
DA:321,20
DA:322,20
DA:323,20
DA:325,20
DA:326,20
DA:327,20
DA:329,20
DA:336,9
DA:337,46
DA:338,10
DA:341,332
DA:342,497
DA:344,36
DA:345,91
DA:346,241
DA:348,36
DA:349,1328
DA:351,36
DA:354,241
DA:355,241
DA:356,241
DA:357,241
DA:362,9
DA:363,45
DA:364,10
DA:367,327
DA:368,655
DA:370,35
DA:371,89
DA:372,238
DA:374,35
DA:375,1308
DA:377,35
DA:380,238
DA:381,238
DA:382,238
DA:383,238
DA:392,9
DA:400,113
DA:404,113
DA:411,9
DA:412,41
DA:413,41
DA:414,41
DA:416,41
DA:417,93
DA:418,93
DA:419,93
DA:423,41
DA:426,41
DA:429,41
DA:432,41
DA:435,41
DA:437,41
DA:441,41
DA:442,41
DA:444,17
DA:451,17
DA:454,17
DA:455,14
DA:457,3
DA:460,17
DA:469,41
DA:470,41
DA:472,32
DA:473,32
DA:474,32
DA:475,32
DA:476,32
DA:478,32
DA:480,27
DA:487,27
DA:496,41
DA:497,41
DA:499,32
DA:500,32
DA:501,32
DA:502,32
DA:503,32
DA:505,32
DA:507,27
DA:514,27
DA:523,328
DA:524,41
DA:526,150
DA:528,16
DA:529,750
DA:531,150
DA:532,150
DA:533,150
DA:534,150
DA:535,150
DA:537,16
DA:538,16
DA:540,8
DA:541,8
DA:542,8
DA:543,8
DA:544,8
DA:545,8
DA:547,8
DA:554,8
DA:563,328
DA:564,41
DA:566,56
DA:569,14
DA:570,14
DA:571,56
DA:572,280
DA:576,14
DA:577,14
DA:578,14
DA:579,70
DA:580,14
DA:581,14
DA:585,14
DA:587,56
DA:589,14
DA:591,14
DA:599,14
DA:601,14
DA:608,14
LF:210
LH:210
BRDA:209,0,0,5
BRDA:210,1,0,4
BRDA:215,2,0,4
BRDA:237,3,0,2
BRDA:237,4,0,171
BRDA:237,4,1,170
BRDA:242,5,0,0
BRDA:242,5,1,845
BRDA:283,6,0,70
BRDA:289,7,0,70
BRDA:289,7,1,4
BRDA:302,8,0,11
BRDA:309,9,0,17
BRDA:309,9,1,19
BRDA:316,10,0,16
BRDA:316,11,0,36
BRDA:316,11,1,26
BRDA:325,12,0,19
BRDA:325,12,1,1
BRDA:325,13,0,1
BRDA:325,13,1,0
BRDA:327,14,0,15
BRDA:327,14,1,5
BRDA:327,15,0,5
BRDA:327,15,1,0
BRDA:337,16,0,10
BRDA:363,17,0,10
BRDA:417,18,0,0
BRDA:442,19,0,24
BRDA:447,20,0,12
BRDA:447,20,1,5
BRDA:447,21,0,5
BRDA:447,21,1,0
BRDA:451,22,0,0
BRDA:454,23,0,14
BRDA:454,23,1,3
BRDA:470,24,0,9
BRDA:473,25,0,26
BRDA:474,26,0,24
BRDA:475,27,0,23
BRDA:476,28,0,24
BRDA:478,29,0,5
BRDA:482,30,0,24
BRDA:482,30,1,3
BRDA:483,31,0,24
BRDA:483,31,1,3
BRDA:497,32,0,9
BRDA:500,33,0,27
BRDA:501,34,0,23
BRDA:502,35,0,24
BRDA:503,36,0,23
BRDA:505,37,0,5
BRDA:509,38,0,24
BRDA:509,38,1,3
BRDA:510,39,0,24
BRDA:510,39,1,3
BRDA:523,40,0,328
BRDA:523,40,1,150
BRDA:524,41,0,25
BRDA:538,42,0,8
BRDA:541,43,0,0
BRDA:542,44,0,7
BRDA:543,45,0,7
BRDA:544,46,0,0
BRDA:545,47,0,1
BRDA:557,48,0,6
BRDA:557,48,1,2
BRDA:563,49,0,328
BRDA:563,49,1,57
BRDA:563,49,2,57
BRDA:564,50,0,27
BRDA:572,51,0,280
BRDA:572,51,1,236
BRDA:579,52,0,14
BRDA:585,53,0,0
BRDA:585,54,0,14
BRDA:585,54,1,14
BRDA:589,55,0,14
BRDA:589,55,1,0
BRDA:599,56,0,14
BRDA:599,56,1,0
BRF:81
BRH:70
end_of_record
TN:
SF:services/astrology/accuracyValidation.ts
FN:37,(anonymous_1)
FN:42,(anonymous_2)
FN:43,(anonymous_3)
FN:48,(anonymous_4)
FN:54,(anonymous_5)
FN:95,(anonymous_6)
FN:113,(anonymous_7)
FN:115,(anonymous_8)
FN:116,(anonymous_9)
FNF:9
FNH:9
FNDA:45,(anonymous_1)
FNDA:45,(anonymous_2)
FNDA:408,(anonymous_3)
FNDA:45,(anonymous_4)
FNDA:10,(anonymous_5)
FNDA:55,(anonymous_6)
FNDA:55,(anonymous_7)
FNDA:45,(anonymous_8)
FNDA:32,(anonymous_9)
DA:1,5
DA:3,5
DA:4,5
DA:6,5
DA:19,5
DA:32,5
DA:33,5
DA:34,5
DA:35,5
DA:37,5
DA:38,45
DA:39,45
DA:42,5
DA:43,408
DA:44,45
DA:45,45
DA:48,5
DA:49,45
DA:50,45
DA:51,45
DA:54,5
DA:55,10
DA:56,10
DA:57,10
DA:64,10
DA:65,10
DA:66,10
DA:67,10
DA:68,3
DA:69,3
DA:70,3
DA:71,3
DA:72,3
DA:73,0
DA:74,0
DA:76,3
DA:79,0
DA:80,0
DA:84,10
DA:85,0
DA:94,10
DA:96,55
DA:97,55
DA:98,45
DA:99,45
DA:101,45
DA:102,45
DA:103,45
DA:104,45
DA:106,45
DA:113,55
DA:115,45
DA:116,32
DA:118,10
LF:54
LH:49
BRDA:39,0,0,1
BRDA:39,0,1,44
BRDA:44,1,0,0
BRDA:51,2,0,45
BRDA:51,2,1,0
BRDA:51,3,0,45
BRDA:51,3,1,45
BRDA:55,4,0,10
BRDA:55,4,1,1
BRDA:67,5,0,3
BRDA:71,6,0,3
BRDA:72,7,0,0
BRDA:74,8,0,0
BRDA:79,9,0,0
BRDA:79,9,1,0
BRDA:84,10,0,0
BRDA:90,11,0,0
BRDA:90,11,1,0
BRDA:97,12,0,10
BRDA:99,13,0,0
BRDA:103,14,0,45
BRDA:103,14,1,0
BRDA:116,15,0,10
BRDA:116,15,1,9
BRF:24
BRH:13
end_of_record
TN:
SF:services/astrology/advancedLayers.ts
FN:9,normalize360
FN:13,signFromLongitude
FN:21,angularDifference
FN:27,getCorePlanets
FN:56,analyzeSect
FN:78,(anonymous_5)
FN:103,(anonymous_6)
FN:111,(anonymous_7)
FN:112,(anonymous_8)
FN:114,(anonymous_9)
FN:117,(anonymous_10)
FN:174,getDecanIndex
FN:180,analyzeDecans
FN:182,(anonymous_13)
FN:218,isCriticalDegree
FN:225,detectCriticalDegrees
FN:304,detectFixedStarConjunctions
FN:307,(anonymous_17)
FN:331,(anonymous_18)
FN:561,lookupSabianSymbol
FN:571,analyzeSabianSymbols
FN:573,(anonymous_21)
FN:592,calculateArabicLots
FN:607,makeLot
FN:689,calculateMidpoints
FN:717,findPlanetLon
FN:720,(anonymous_26)
FN:773,(anonymous_27)
FN:806,getTermRuler
FN:817,analyzeTerms
FN:819,(anonymous_30)
FN:847,analyzeFaces
FN:849,(anonymous_32)
FN:885,rankPlanetStrengths
FN:891,(anonymous_34)
FN:982,(anonymous_35)
FN:983,(anonymous_36)
FN:1000,analyzeOrientalOccidental
FN:1004,(anonymous_38)
FN:1032,buildAspectGrid
FN:1088,calculateAnnualProfection
FN:1101,(anonymous_41)
FN:1147,generateAdvancedLayers
FNF:43
FNH:15
FNDA:774,normalize360
FNDA:0,signFromLongitude
FNDA:387,angularDifference
FNDA:6,getCorePlanets
FNDA:3,analyzeSect
FNDA:27,(anonymous_5)
FNDA:27,(anonymous_6)
FNDA:6,(anonymous_7)
FNDA:6,(anonymous_8)
FNDA:0,(anonymous_9)
FNDA:0,(anonymous_10)
FNDA:20,getDecanIndex
FNDA:2,analyzeDecans
FNDA:20,(anonymous_13)
FNDA:20,isCriticalDegree
FNDA:2,detectCriticalDegrees
FNDA:2,detectFixedStarConjunctions
FNDA:20,(anonymous_17)
FNDA:0,(anonymous_18)
FNDA:0,lookupSabianSymbol
FNDA:0,analyzeSabianSymbols
FNDA:0,(anonymous_21)
FNDA:0,calculateArabicLots
FNDA:0,makeLot
FNDA:0,calculateMidpoints
FNDA:0,findPlanetLon
FNDA:0,(anonymous_26)
FNDA:0,(anonymous_27)
FNDA:0,getTermRuler
FNDA:0,analyzeTerms
FNDA:0,(anonymous_30)
FNDA:0,analyzeFaces
FNDA:0,(anonymous_32)
FNDA:0,rankPlanetStrengths
FNDA:0,(anonymous_34)
FNDA:0,(anonymous_35)
FNDA:0,(anonymous_36)
FNDA:0,analyzeOrientalOccidental
FNDA:0,(anonymous_38)
FNDA:0,buildAspectGrid
FNDA:0,calculateAnnualProfection
FNDA:0,(anonymous_41)
FNDA:0,generateAdvancedLayers
DA:10,774
DA:14,0
DA:18,0
DA:22,387
DA:23,387
DA:24,387
DA:28,6
DA:56,1
DA:57,3
DA:59,3
DA:61,3
DA:62,3
DA:65,3
DA:66,3
DA:67,3
DA:68,3
DA:69,3
DA:72,3
DA:73,3
DA:78,3
DA:79,27
DA:83,27
DA:85,0
DA:86,0
DA:87,27
DA:89,0
DA:90,0
DA:91,27
DA:93,6
DA:94,6
DA:96,21
DA:97,21
DA:100,27
DA:103,27
DA:105,3
DA:106,3
DA:107,3
DA:108,3
DA:110,3
DA:111,6
DA:112,6
DA:113,3
DA:114,0
DA:116,3
DA:117,0
DA:121,3
DA:143,1
DA:159,1
DA:175,20
DA:176,18
DA:177,6
DA:180,1
DA:181,2
DA:182,2
DA:183,20
DA:184,20
DA:185,20
DA:186,20
DA:187,20
DA:188,20
DA:189,20
DA:191,20
DA:214,1
DA:215,1
DA:216,1
DA:219,20
DA:220,8
DA:221,6
DA:222,0
DA:225,1
DA:226,2
DA:227,2
DA:229,2
DA:230,20
DA:231,20
DA:232,20
DA:235,20
DA:236,0
DA:243,20
DA:244,0
DA:251,20
DA:252,0
DA:260,2
DA:284,1
DA:302,1
DA:304,1
DA:305,2
DA:307,20
DA:310,2
DA:311,2
DA:313,2
DA:315,2
DA:316,24
DA:317,360
DA:318,360
DA:319,2
DA:331,2
DA:332,2
DA:347,1
DA:383,1
DA:561,1
DA:563,0
DA:564,0
DA:565,0
DA:566,0
DA:568,0
DA:571,1
DA:572,0
DA:573,0
DA:574,0
DA:575,0
DA:592,1
DA:593,0
DA:595,0
DA:596,0
DA:597,0
DA:598,0
DA:599,0
DA:600,0
DA:602,0
DA:603,0
DA:605,0
DA:608,0
DA:609,0
DA:610,0
DA:611,0
DA:612,0
DA:614,0
DA:615,0
DA:616,0
DA:617,0
DA:618,0
DA:619,0
DA:620,0
DA:621,0
DA:624,0
DA:629,0
DA:632,0
DA:637,0
DA:638,0
DA:641,0
DA:646,0
DA:649,0
DA:654,0
DA:657,0
DA:660,0
DA:665,0
DA:666,0
DA:669,0
DA:673,0
DA:689,1
DA:693,0
DA:694,0
DA:696,0
DA:699,0
DA:718,0
DA:719,0
DA:720,0
DA:721,0
DA:724,0
DA:725,0
DA:726,0
DA:727,0
DA:730,0
DA:732,0
DA:733,0
DA:736,0
DA:737,0
DA:738,0
DA:739,0
DA:741,0
DA:745,0
DA:746,0
DA:747,0
DA:748,0
DA:749,0
DA:750,0
DA:751,0
DA:759,0
DA:760,0
DA:761,0
DA:762,0
DA:765,0
DA:766,0
DA:767,0
DA:768,0
DA:773,0
DA:775,0
DA:791,1
DA:807,0
DA:808,0
DA:809,0
DA:810,0
DA:811,0
DA:812,0
DA:814,0
DA:817,1
DA:818,0
DA:819,0
DA:820,0
DA:821,0
DA:822,0
DA:845,1
DA:847,1
DA:848,0
DA:849,0
DA:850,0
DA:851,0
DA:852,0
DA:853,0
DA:854,0
DA:863,1
DA:882,1
DA:883,1
DA:885,1
DA:886,0
DA:887,0
DA:888,0
DA:889,0
DA:891,0
DA:892,0
DA:893,0
DA:894,0
DA:895,0
DA:898,0
DA:899,0
DA:900,0
DA:901,0
DA:902,0
DA:903,0
DA:904,0
DA:905,0
DA:906,0
DA:910,0
DA:911,0
DA:912,0
DA:913,0
DA:914,0
DA:915,0
DA:919,0
DA:920,0
DA:924,0
DA:925,0
DA:926,0
DA:927,0
DA:928,0
DA:929,0
DA:930,0
DA:935,0
DA:936,0
DA:937,0
DA:938,0
DA:939,0
DA:940,0
DA:941,0
DA:942,0
DA:946,0
DA:947,0
DA:948,0
DA:949,0
DA:950,0
DA:951,0
DA:952,0
DA:954,0
DA:955,0
DA:956,0
DA:957,0
DA:963,0
DA:964,0
DA:965,0
DA:966,0
DA:967,0
DA:968,0
DA:969,0
DA:970,0
DA:971,0
DA:972,0
DA:973,0
DA:977,0
DA:978,0
DA:982,0
DA:983,0
DA:984,0
DA:985,0
DA:988,0
DA:1000,1
DA:1001,0
DA:1002,0
DA:1004,0
DA:1007,0
DA:1008,0
DA:1010,0
DA:1032,1
DA:1036,0
DA:1037,0
DA:1038,0
DA:1040,0
DA:1041,0
DA:1042,0
DA:1043,0
DA:1044,0
DA:1045,0
DA:1046,0
DA:1047,0
DA:1050,0
DA:1051,0
DA:1052,0
DA:1053,0
DA:1054,0
DA:1055,0
DA:1056,0
DA:1057,0
DA:1058,0
DA:1059,0
DA:1061,0
DA:1064,0
DA:1067,0
DA:1082,1
DA:1088,1
DA:1089,0
DA:1091,0
DA:1092,0
DA:1093,0
DA:1095,0
DA:1096,0
DA:1097,0
DA:1098,0
DA:1100,0
DA:1101,0
DA:1102,0
DA:1103,0
DA:1105,0
DA:1120,0
DA:1147,1
DA:1149,0
DA:1150,0
DA:1155,0
DA:1159,0
DA:1165,0
DA:1169,0
DA:1170,0
DA:1171,0
DA:1172,0
DA:1173,0
DA:1174,0
DA:1175,0
DA:1176,0
DA:1179,0
LF:348
LH:105
BRDA:23,0,0,111
BRDA:57,1,0,0
BRDA:61,2,0,3
BRDA:61,2,1,3
BRDA:62,3,0,3
BRDA:62,3,1,0
BRDA:65,4,0,3
BRDA:65,4,1,0
BRDA:66,5,0,3
BRDA:66,5,1,0
BRDA:67,6,0,3
BRDA:67,6,1,0
BRDA:68,7,0,3
BRDA:68,7,1,0
BRDA:69,8,0,3
BRDA:69,8,1,0
BRDA:83,9,0,0
BRDA:83,9,1,27
BRDA:87,10,0,0
BRDA:87,10,1,27
BRDA:91,11,0,6
BRDA:91,11,1,21
BRDA:105,12,0,3
BRDA:105,12,1,0
BRDA:106,13,0,3
BRDA:106,13,1,0
BRDA:110,14,0,3
BRDA:113,15,0,0
BRDA:114,16,0,0
BRDA:114,16,1,0
BRDA:116,17,0,0
BRDA:117,18,0,0
BRDA:117,18,1,0
BRDA:175,19,0,2
BRDA:176,20,0,12
BRDA:183,21,0,0
BRDA:183,21,1,20
BRDA:185,22,0,20
BRDA:185,22,1,0
BRDA:186,23,0,20
BRDA:186,23,1,0
BRDA:198,24,0,2
BRDA:198,24,1,18
BRDA:198,25,0,12
BRDA:198,25,1,6
BRDA:219,26,0,12
BRDA:220,27,0,2
BRDA:221,28,0,6
BRDA:230,29,0,20
BRDA:230,29,1,0
BRDA:231,30,0,20
BRDA:231,30,1,0
BRDA:232,31,0,20
BRDA:232,31,1,0
BRDA:235,32,0,0
BRDA:235,32,1,20
BRDA:243,33,0,0
BRDA:243,33,1,20
BRDA:243,34,0,20
BRDA:243,34,1,0
BRDA:251,35,0,0
BRDA:251,36,0,20
BRDA:251,36,1,20
BRDA:310,37,0,2
BRDA:311,38,0,2
BRDA:318,39,0,2
BRDA:563,40,0,0
BRDA:563,40,1,0
BRDA:563,41,0,0
BRDA:563,41,1,0
BRDA:566,42,0,0
BRDA:566,42,1,0
BRDA:574,43,0,0
BRDA:574,43,1,0
BRDA:593,44,0,0
BRDA:603,45,0,0
BRDA:603,45,1,0
BRDA:614,46,0,0
BRDA:614,47,0,0
BRDA:614,47,1,0
BRDA:621,48,0,0
BRDA:629,49,0,0
BRDA:629,49,1,0
BRDA:638,50,0,0
BRDA:638,50,1,0
BRDA:646,51,0,0
BRDA:646,51,1,0
BRDA:654,52,0,0
BRDA:654,52,1,0
BRDA:655,53,0,0
BRDA:655,53,1,0
BRDA:657,54,0,0
BRDA:657,54,1,0
BRDA:666,55,0,0
BRDA:666,55,1,0
BRDA:718,56,0,0
BRDA:718,57,0,0
BRDA:718,57,1,0
BRDA:719,58,0,0
BRDA:719,59,0,0
BRDA:719,59,1,0
BRDA:721,60,0,0
BRDA:721,60,1,0
BRDA:727,61,0,0
BRDA:727,62,0,0
BRDA:727,62,1,0
BRDA:732,63,0,0
BRDA:748,64,0,0
BRDA:748,65,0,0
BRDA:748,65,1,0
BRDA:750,66,0,0
BRDA:759,67,0,0
BRDA:759,68,0,0
BRDA:759,68,1,0
BRDA:759,68,2,0
BRDA:761,69,0,0
BRDA:765,70,0,0
BRDA:765,71,0,0
BRDA:765,71,1,0
BRDA:765,71,2,0
BRDA:767,72,0,0
BRDA:773,73,0,0
BRDA:773,73,1,0
BRDA:773,74,0,0
BRDA:773,74,1,0
BRDA:808,75,0,0
BRDA:811,76,0,0
BRDA:820,77,0,0
BRDA:820,77,1,0
BRDA:850,78,0,0
BRDA:850,78,1,0
BRDA:888,79,0,0
BRDA:888,79,1,0
BRDA:889,80,0,0
BRDA:889,80,1,0
BRDA:893,81,0,0
BRDA:893,81,1,0
BRDA:898,82,0,0
BRDA:898,82,1,0
BRDA:901,83,0,0
BRDA:901,83,1,0
BRDA:904,84,0,0
BRDA:910,85,0,0
BRDA:910,85,1,0
BRDA:913,86,0,0
BRDA:913,87,0,0
BRDA:913,87,1,0
BRDA:919,88,0,0
BRDA:924,89,0,0
BRDA:924,89,1,0
BRDA:925,90,0,0
BRDA:925,90,1,0
BRDA:928,91,0,0
BRDA:937,92,0,0
BRDA:937,92,1,0
BRDA:937,93,0,0
BRDA:937,93,1,0
BRDA:940,94,0,0
BRDA:940,95,0,0
BRDA:940,95,1,0
BRDA:947,96,0,0
BRDA:947,96,1,0
BRDA:947,97,0,0
BRDA:947,97,1,0
BRDA:948,98,0,0
BRDA:949,99,0,0
BRDA:949,99,1,0
BRDA:950,100,0,0
BRDA:950,101,0,0
BRDA:950,101,1,0
BRDA:951,102,0,0
BRDA:951,102,1,0
BRDA:952,103,0,0
BRDA:954,104,0,0
BRDA:954,105,0,0
BRDA:954,105,1,0
BRDA:955,106,0,0
BRDA:963,107,0,0
BRDA:965,108,0,0
BRDA:965,108,1,0
BRDA:968,109,0,0
BRDA:968,109,1,0
BRDA:971,110,0,0
BRDA:985,111,0,0
BRDA:985,111,1,0
BRDA:985,112,0,0
BRDA:985,112,1,0
BRDA:985,113,0,0
BRDA:985,113,1,0
BRDA:985,114,0,0
BRDA:985,114,1,0
BRDA:1012,115,0,0
BRDA:1012,115,1,0
BRDA:1013,116,0,0
BRDA:1013,116,1,0
BRDA:1037,117,0,0
BRDA:1038,118,0,0
BRDA:1040,119,0,0
BRDA:1040,119,1,0
BRDA:1054,120,0,0
BRDA:1055,121,0,0
BRDA:1058,122,0,0
BRDA:1058,122,1,0
BRDA:1089,123,0,0
BRDA:1089,124,0,0
BRDA:1089,124,1,0
BRDA:1093,125,0,0
BRDA:1097,126,0,0
BRDA:1097,127,0,0
BRDA:1097,127,1,0
BRDA:1097,127,2,0
BRDA:1098,128,0,0
BRDA:1102,129,0,0
BRDA:1102,129,1,0
BRDA:1102,130,0,0
BRDA:1102,130,1,0
BRDA:1103,131,0,0
BRDA:1103,131,1,0
BRDA:1125,132,0,0
BRDA:1125,132,1,0
BRDA:1125,133,0,0
BRDA:1125,133,1,0
BRDA:1125,134,0,0
BRDA:1125,134,1,0
BRDA:1125,135,0,0
BRDA:1125,135,1,0
BRDA:1170,136,0,0
BRDA:1170,136,1,0
BRDA:1172,137,0,0
BRDA:1173,138,0,0
BRDA:1174,139,0,0
BRDA:1175,140,0,0
BRF:232
BRH:39
end_of_record
TN:
SF:services/astrology/aspectPatterns.ts
FN:40,getCorePlanets
FN:47,angularDiff
FN:53,isAspect
FN:60,detectAspectPatterns
FN:165,(anonymous_4)
FN:214,(anonymous_5)
FN:224,analyzeHemisphereEmphasis
FN:226,(anonymous_7)
FN:277,analyzeHouseEmphasis
FN:279,(anonymous_9)
FN:311,detectExtendedPatterns
FNF:11
FNH:11
FNDA:18,getCorePlanets
FNDA:4680,angularDiff
FNDA:2664,isAspect
FNDA:6,detectAspectPatterns
FNDA:54,(anonymous_4)
FNDA:42,(anonymous_5)
FNDA:6,analyzeHemisphereEmphasis
FNDA:60,(anonymous_7)
FNDA:6,analyzeHouseEmphasis
FNDA:60,(anonymous_9)
FNDA:6,detectExtendedPatterns
DA:41,18
DA:48,4680
DA:49,4680
DA:50,4680
DA:54,2664
DA:61,6
DA:62,6
DA:63,6
DA:64,6
DA:65,6
DA:66,6
DA:67,6
DA:70,6
DA:71,60
DA:72,270
DA:73,30
DA:74,42
DA:76,6
DA:77,6
DA:78,6
DA:89,6
DA:90,60
DA:91,270
DA:92,18
DA:93,180
DA:94,144
DA:96,12
DA:97,12
DA:98,12
DA:109,6
DA:110,60
DA:111,270
DA:112,18
DA:113,60
DA:114,0
DA:115,0
DA:119,0
DA:120,0
DA:132,6
DA:133,60
DA:134,270
DA:135,42
DA:136,420
DA:137,336
DA:139,0
DA:140,0
DA:141,0
DA:152,6
DA:153,60
DA:154,270
DA:155,30
DA:156,42
DA:157,36
DA:159,6
DA:160,60
DA:162,42
DA:163,42
DA:164,126
DA:165,54
DA:166,18
DA:168,12
DA:169,12
DA:182,6
DA:183,60
DA:184,270
DA:185,18
DA:186,60
DA:187,30
DA:188,30
DA:189,42
DA:191,12
DA:193,12
DA:195,12
DA:197,12
DA:199,12
DA:200,12
DA:201,12
DA:213,6
DA:214,6
DA:215,42
DA:216,42
DA:217,42
DA:218,42
DA:225,6
DA:226,60
DA:228,6
DA:229,6
DA:231,6
DA:232,6
DA:233,60
DA:234,60
DA:237,6
DA:238,6
DA:240,6
DA:241,6
DA:243,6
DA:244,0
DA:245,0
DA:246,6
DA:247,0
DA:248,0
DA:249,6
DA:250,0
DA:251,0
DA:252,6
DA:253,6
DA:254,6
DA:255,0
DA:256,0
DA:257,0
DA:258,0
DA:259,0
DA:260,0
DA:261,0
DA:262,0
DA:263,0
DA:264,0
DA:265,0
DA:266,0
DA:268,0
DA:269,0
DA:272,6
DA:278,6
DA:279,60
DA:281,6
DA:282,6
DA:284,6
DA:285,6
DA:286,60
DA:287,24
DA:288,18
DA:291,6
DA:295,6
DA:296,6
DA:297,6
DA:298,0
DA:299,0
DA:300,0
DA:302,0
DA:303,0
DA:306,6
DA:311,1
DA:312,6
LF:143
LH:111
BRDA:49,0,0,1194
BRDA:54,1,0,2664
BRDA:54,1,1,2016
BRDA:72,2,0,240
BRDA:74,3,0,6
BRDA:74,4,0,42
BRDA:74,4,1,6
BRDA:91,5,0,252
BRDA:93,6,0,36
BRDA:93,7,0,180
BRDA:93,7,1,162
BRDA:94,8,0,12
BRDA:94,9,0,144
BRDA:94,9,1,12
BRDA:111,10,0,252
BRDA:113,11,0,60
BRDA:115,12,0,0
BRDA:115,13,0,0
BRDA:115,13,1,0
BRDA:115,13,2,0
BRDA:115,13,3,0
BRDA:134,14,0,228
BRDA:136,15,0,84
BRDA:136,16,0,420
BRDA:136,16,1,378
BRDA:137,17,0,0
BRDA:137,18,0,336
BRDA:137,18,1,6
BRDA:154,19,0,240
BRDA:156,20,0,36
BRDA:156,21,0,42
BRDA:156,21,1,6
BRDA:160,22,0,18
BRDA:160,23,0,60
BRDA:160,23,1,54
BRDA:160,23,2,48
BRDA:164,24,0,108
BRDA:166,25,0,12
BRDA:166,26,0,18
BRDA:166,26,1,18
BRDA:184,27,0,252
BRDA:186,28,0,30
BRDA:186,29,0,60
BRDA:186,29,1,54
BRDA:189,30,0,30
BRDA:191,31,0,12
BRDA:191,31,1,0
BRDA:193,32,0,12
BRDA:193,32,1,0
BRDA:195,33,0,12
BRDA:195,33,1,12
BRDA:197,34,0,12
BRDA:197,34,1,12
BRDA:199,35,0,12
BRDA:199,36,0,12
BRDA:199,36,1,12
BRDA:199,36,2,0
BRDA:199,36,3,0
BRDA:216,37,0,0
BRDA:226,38,0,0
BRDA:233,39,0,18
BRDA:233,39,1,42
BRDA:234,40,0,24
BRDA:234,40,1,36
BRDA:243,41,0,0
BRDA:243,41,1,6
BRDA:243,42,0,6
BRDA:243,42,1,0
BRDA:246,43,0,0
BRDA:246,43,1,6
BRDA:246,44,0,6
BRDA:246,44,1,0
BRDA:249,45,0,0
BRDA:249,45,1,6
BRDA:249,46,0,6
BRDA:249,46,1,6
BRDA:252,47,0,6
BRDA:252,47,1,0
BRDA:252,48,0,6
BRDA:252,48,1,6
BRDA:255,49,0,0
BRDA:255,49,1,0
BRDA:258,50,0,0
BRDA:258,50,1,0
BRDA:261,51,0,0
BRDA:261,51,1,0
BRDA:264,52,0,0
BRDA:264,52,1,0
BRDA:279,53,0,0
BRDA:286,54,0,36
BRDA:286,54,1,24
BRDA:287,55,0,6
BRDA:287,55,1,18
BRDA:295,56,0,6
BRDA:295,56,1,0
BRDA:298,57,0,0
BRDA:298,57,1,0
BRF:97
BRH:67
end_of_record
TN:
SF:services/astrology/astrologySettingsService.ts
FN:179,(anonymous_0)
FN:180,(anonymous_1)
FN:192,(anonymous_2)
FN:220,(anonymous_3)
FN:248,(anonymous_4)
FN:256,(anonymous_5)
FN:263,(anonymous_6)
FN:271,(anonymous_7)
FN:278,(anonymous_8)
FN:286,(anonymous_9)
FN:293,(anonymous_10)
FN:301,(anonymous_11)
FN:308,(anonymous_12)
FN:322,(anonymous_13)
FN:330,(anonymous_14)
FN:341,(anonymous_15)
FN:350,(anonymous_16)
FN:359,(anonymous_17)
FN:363,(anonymous_18)
FN:365,(anonymous_19)
FN:373,(anonymous_20)
FN:374,(anonymous_21)
FN:381,(anonymous_22)
FN:382,(anonymous_23)
FNF:24
FNH:0
FNDA:0,(anonymous_0)
FNDA:0,(anonymous_1)
FNDA:0,(anonymous_2)
FNDA:0,(anonymous_3)
FNDA:0,(anonymous_4)
FNDA:0,(anonymous_5)
FNDA:0,(anonymous_6)
FNDA:0,(anonymous_7)
FNDA:0,(anonymous_8)
FNDA:0,(anonymous_9)
FNDA:0,(anonymous_10)
FNDA:0,(anonymous_11)
FNDA:0,(anonymous_12)
FNDA:0,(anonymous_13)
FNDA:0,(anonymous_14)
FNDA:0,(anonymous_15)
FNDA:0,(anonymous_16)
FNDA:0,(anonymous_17)
FNDA:0,(anonymous_18)
FNDA:0,(anonymous_19)
FNDA:0,(anonymous_20)
FNDA:0,(anonymous_21)
FNDA:0,(anonymous_22)
FNDA:0,(anonymous_23)
DA:14,3
DA:15,3
DA:80,3
DA:82,3
DA:92,3
DA:97,3
DA:104,3
DA:110,3
DA:117,3
DA:159,3
DA:176,3
DA:177,3
DA:180,0
DA:181,0
DA:182,0
DA:184,0
DA:194,0
DA:195,0
DA:198,0
DA:199,0
DA:201,0
DA:202,0
DA:204,0
DA:206,0
DA:209,0
DA:211,0
DA:212,0
DA:213,0
DA:221,0
DA:222,0
DA:223,0
DA:229,0
DA:230,0
DA:231,0
DA:233,0
DA:238,0
DA:240,0
DA:241,0
DA:249,0
DA:250,0
DA:257,0
DA:264,0
DA:265,0
DA:272,0
DA:279,0
DA:280,0
DA:287,0
DA:294,0
DA:295,0
DA:302,0
DA:309,0
DA:311,0
DA:312,0
DA:316,0
DA:323,0
DA:324,0
DA:331,0
DA:332,0
DA:333,0
DA:334,0
DA:335,0
DA:342,0
DA:351,0
DA:352,0
DA:360,0
DA:364,0
DA:365,0
DA:366,0
DA:374,0
DA:375,0
DA:382,0
DA:383,0
DA:388,3
LF:73
LH:13
BRDA:194,0,0,0
BRDA:201,1,0,0
BRDA:201,1,1,0
BRDA:311,2,0,0
BRDA:311,3,0,0
BRDA:311,3,1,0
BRDA:311,3,2,0
BRDA:316,4,0,0
BRDA:316,4,1,0
BRDA:324,5,0,0
BRDA:324,5,1,0
BRDA:324,5,2,0
BRDA:351,6,0,0
BRDA:351,6,1,0
BRDA:352,7,0,0
BRDA:352,7,1,0
BRDA:375,8,0,0
BRDA:375,8,1,0
BRDA:383,9,0,0
BRDA:383,9,1,0
BRF:20
BRH:0
end_of_record
TN:
SF:services/astrology/calculator.ts
FN:63,getTimeWindowForApproximation
FN:76,ensurePointPlanet
FN:84,convertToLegacyPlanetPlacement
FN:109,buildAspectDefs
FN:131,computeAspects
FN:155,(anonymous_5)
FN:159,isDayChartFromSunHouse
FN:173,(anonymous_7)
FN:189,(anonymous_8)
FN:193,(anonymous_9)
FN:217,(anonymous_10)
FN:243,(anonymous_11)
FN:381,(anonymous_12)
FN:391,(anonymous_13)
FN:412,(anonymous_14)
FN:465,(anonymous_15)
FN:507,(anonymous_16)
FN:565,(anonymous_17)
FN:638,(anonymous_18)
FN:657,(anonymous_19)
FN:667,(anonymous_20)
FN:688,(anonymous_21)
FN:769,(anonymous_22)
FN:841,(anonymous_23)
FN:842,(anonymous_24)
FN:845,(anonymous_25)
FN:855,(anonymous_26)
FN:866,(anonymous_27)
FN:884,(anonymous_28)
FN:895,(anonymous_29)
FN:904,(anonymous_30)
FN:934,(anonymous_31)
FN:957,(anonymous_32)
FN:958,(anonymous_33)
FN:958,(anonymous_34)
FN:1015,(anonymous_35)
FN:1024,(anonymous_36)
FN:1045,(anonymous_37)
FN:1061,(anonymous_38)
FN:1080,(anonymous_39)
FN:1094,(anonymous_40)
FN:1114,(anonymous_41)
FN:1181,(anonymous_42)
FN:1193,(anonymous_43)
FN:1199,(anonymous_44)
FNF:45
FNH:36
FNDA:1,getTimeWindowForApproximation
FNDA:4,ensurePointPlanet
FNDA:37,convertToLegacyPlanetPlacement
FNDA:3,buildAspectDefs
FNDA:3,computeAspects
FNDA:390,(anonymous_5)
FNDA:2,isDayChartFromSunHouse
FNDA:12,(anonymous_7)
FNDA:0,(anonymous_8)
FNDA:12,(anonymous_9)
FNDA:4,(anonymous_10)
FNDA:0,(anonymous_11)
FNDA:0,(anonymous_12)
FNDA:0,(anonymous_13)
FNDA:3,(anonymous_14)
FNDA:3,(anonymous_15)
FNDA:47,(anonymous_16)
FNDA:2,(anonymous_17)
FNDA:4,(anonymous_18)
FNDA:2,(anonymous_19)
FNDA:3,(anonymous_20)
FNDA:3,(anonymous_21)
FNDA:3,(anonymous_22)
FNDA:24,(anonymous_23)
FNDA:24,(anonymous_24)
FNDA:24,(anonymous_25)
FNDA:24,(anonymous_26)
FNDA:2,(anonymous_27)
FNDA:3,(anonymous_28)
FNDA:102,(anonymous_29)
FNDA:279,(anonymous_30)
FNDA:102,(anonymous_31)
FNDA:3,(anonymous_32)
FNDA:36,(anonymous_33)
FNDA:237,(anonymous_34)
FNDA:3,(anonymous_35)
FNDA:39,(anonymous_36)
FNDA:102,(anonymous_37)
FNDA:3,(anonymous_38)
FNDA:3,(anonymous_39)
FNDA:0,(anonymous_40)
FNDA:0,(anonymous_41)
FNDA:0,(anonymous_42)
FNDA:0,(anonymous_43)
FNDA:0,(anonymous_44)
DA:1,4
DA:14,4
DA:15,4
DA:16,4
DA:17,4
DA:46,4
DA:47,4
DA:48,4
DA:57,4
DA:60,4
DA:64,1
DA:65,0
DA:66,0
DA:67,0
DA:68,0
DA:69,1
DA:77,4
DA:90,37
DA:91,37
DA:92,37
DA:94,37
DA:95,37
DA:97,37
DA:110,3
DA:111,3
DA:118,3
DA:119,0
DA:128,3
DA:132,3
DA:133,3
DA:134,3
DA:135,47
DA:136,350
DA:137,350
DA:138,350
DA:140,350
DA:141,1549
DA:142,1549
DA:143,102
DA:150,102
DA:155,390
DA:156,3
DA:162,2
DA:165,4
DA:166,4
DA:167,4
DA:170,4
DA:171,4
DA:174,12
DA:190,0
DA:194,12
DA:195,12
DA:196,12
DA:198,4
DA:199,4
DA:200,4
DA:203,3
DA:204,0
DA:205,0
DA:207,3
DA:209,3
DA:211,1
DA:212,1
DA:213,1
DA:218,4
DA:219,3
DA:221,3
DA:224,3
DA:225,0
DA:226,0
DA:230,0
DA:235,3
DA:236,3
DA:253,0
DA:256,0
DA:257,0
DA:258,0
DA:259,0
DA:261,0
DA:265,0
DA:266,0
DA:267,0
DA:270,0
DA:271,0
DA:288,0
DA:289,0
DA:290,0
DA:292,0
DA:293,0
DA:296,0
DA:297,0
DA:298,0
DA:304,0
DA:305,0
DA:306,0
DA:307,0
DA:308,0
DA:310,0
DA:312,0
DA:314,0
DA:315,0
DA:316,0
DA:322,0
DA:323,0
DA:326,0
DA:327,0
DA:328,0
DA:334,0
DA:336,0
DA:337,0
DA:338,0
DA:344,0
DA:347,0
DA:348,0
DA:349,0
DA:350,0
DA:356,0
DA:359,0
DA:360,0
DA:361,0
DA:362,0
DA:363,0
DA:364,0
DA:370,0
DA:376,0
DA:377,0
DA:381,0
DA:382,0
DA:383,0
DA:391,0
DA:398,0
DA:402,0
DA:422,3
DA:432,3
DA:444,3
DA:448,3
DA:451,3
DA:452,2
DA:455,3
DA:484,3
DA:485,2
DA:486,0
DA:490,2
DA:492,2
DA:495,2
DA:496,22
DA:497,22
DA:500,2
DA:501,2
DA:505,3
DA:506,3
DA:507,47
DA:508,3
DA:509,3
DA:512,3
DA:516,3
DA:517,2
DA:518,2
DA:519,2
DA:521,2
DA:522,2
DA:524,2
DA:528,2
DA:529,2
DA:531,2
DA:533,2
DA:542,2
DA:547,3
DA:549,3
DA:553,3
DA:554,1
DA:555,1
DA:556,1
DA:557,1
DA:558,0
DA:563,1
DA:564,1
DA:565,2
DA:566,1
DA:567,1
DA:568,1
DA:569,1
DA:570,1
DA:571,1
DA:572,5
DA:573,5
DA:574,5
DA:575,5
DA:577,1
DA:587,0
DA:591,3
DA:640,4
DA:642,1
DA:643,1
DA:645,3
DA:648,4
DA:658,2
DA:659,0
DA:660,0
DA:661,0
DA:662,0
DA:663,2
DA:668,3
DA:669,3
DA:670,1
DA:671,1
DA:679,2
DA:689,3
DA:703,3
DA:704,3
DA:705,3
DA:706,3
DA:708,3
DA:709,33
DA:710,33
DA:711,33
DA:713,33
DA:714,33
DA:715,33
DA:719,33
DA:723,33
DA:725,33
DA:735,33
DA:736,33
DA:737,33
DA:738,33
DA:742,3
DA:743,3
DA:747,6
DA:748,6
DA:749,6
DA:751,6
DA:752,6
DA:754,6
DA:763,6
DA:766,3
DA:776,3
DA:777,3
DA:783,3
DA:784,2
DA:785,2
DA:787,2
DA:788,2
DA:790,2
DA:792,2
DA:793,2
DA:794,2
DA:795,2
DA:801,2
DA:802,2
DA:805,2
DA:806,2
DA:807,2
DA:808,2
DA:814,2
DA:816,2
DA:817,2
DA:818,2
DA:824,2
DA:827,2
DA:828,2
DA:829,2
DA:830,2
DA:836,2
DA:839,2
DA:840,2
DA:841,24
DA:842,24
DA:844,2
DA:845,2
DA:846,24
DA:847,24
DA:855,24
DA:863,3
DA:871,2
DA:872,22
DA:874,2
DA:875,26
DA:876,26
DA:877,26
DA:879,26
DA:880,26
DA:890,3
DA:891,3
DA:892,37
DA:895,3
DA:897,102
DA:901,102
DA:904,279
DA:908,102
DA:909,102
DA:910,102
DA:918,102
DA:942,102
DA:944,0
DA:945,0
DA:948,0
DA:949,0
DA:950,0
DA:951,0
DA:954,0
DA:958,237
DA:960,3
DA:961,3
DA:962,3
DA:963,3
DA:964,3
DA:965,3
DA:966,3
DA:967,3
DA:968,3
DA:969,3
DA:971,3
DA:972,0
DA:975,3
DA:976,3
DA:979,3
DA:980,3
DA:982,3
DA:983,3
DA:984,2
DA:985,0
DA:995,3
DA:1022,3
DA:1026,39
DA:1028,3
DA:1029,3
DA:1031,3
DA:1032,3
DA:1036,9
DA:1037,9
DA:1039,24
DA:1040,24
DA:1042,39
DA:1045,102
DA:1048,3
DA:1049,3
DA:1058,3
DA:1059,3
DA:1060,3
DA:1061,3
DA:1063,3
DA:1066,3
DA:1081,3
DA:1082,3
DA:1095,0
DA:1096,0
DA:1097,0
DA:1098,0
DA:1101,0
DA:1104,0
DA:1106,0
DA:1107,0
DA:1108,0
DA:1109,0
DA:1110,0
DA:1111,0
DA:1113,0
DA:1114,0
DA:1115,0
DA:1118,0
DA:1119,0
DA:1123,0
DA:1133,0
DA:1144,0
DA:1145,0
DA:1147,0
DA:1149,0
DA:1150,0
DA:1151,0
DA:1152,0
DA:1154,0
DA:1155,0
DA:1159,0
DA:1160,0
DA:1162,0
DA:1163,0
DA:1164,0
DA:1167,0
DA:1169,0
DA:1171,0
DA:1172,0
DA:1187,0
DA:1188,0
DA:1189,0
DA:1191,0
DA:1192,0
DA:1193,0
DA:1194,0
DA:1197,0
DA:1198,0
DA:1199,0
DA:1200,0
DA:1203,0
DA:1213,4
LF:395
LH:260
BRDA:64,0,0,0
BRDA:64,0,1,0
BRDA:64,0,2,0
BRDA:64,0,3,0
BRDA:64,0,4,1
BRDA:79,1,0,2
BRDA:79,1,1,2
BRDA:94,2,0,37
BRDA:94,2,1,35
BRDA:95,3,0,4
BRDA:95,3,1,33
BRDA:109,4,0,0
BRDA:110,5,0,3
BRDA:110,5,1,3
BRDA:118,6,0,0
BRDA:120,7,0,0
BRDA:120,7,1,0
BRDA:121,8,0,0
BRDA:121,8,1,0
BRDA:122,9,0,0
BRDA:122,9,1,0
BRDA:123,10,0,0
BRDA:123,10,1,0
BRDA:124,11,0,0
BRDA:124,11,1,0
BRDA:125,12,0,0
BRDA:125,12,1,0
BRDA:131,13,0,0
BRDA:142,14,0,102
BRDA:196,15,0,8
BRDA:203,16,0,0
BRDA:205,17,0,0
BRDA:211,18,0,1
BRDA:211,18,1,0
BRDA:221,19,0,3
BRDA:221,19,1,2
BRDA:224,20,0,0
BRDA:253,21,0,0
BRDA:253,21,1,0
BRDA:256,22,0,0
BRDA:256,22,1,0
BRDA:257,23,0,0
BRDA:257,23,1,0
BRDA:259,24,0,0
BRDA:259,24,1,0
BRDA:266,25,0,0
BRDA:266,25,1,0
BRDA:267,26,0,0
BRDA:267,26,1,0
BRDA:296,27,0,0
BRDA:296,27,1,0
BRDA:310,28,0,0
BRDA:310,29,0,0
BRDA:310,29,1,0
BRDA:310,29,2,0
BRDA:314,30,0,0
BRDA:326,31,0,0
BRDA:347,32,0,0
BRDA:359,33,0,0
BRDA:451,34,0,2
BRDA:451,35,0,3
BRDA:451,35,1,2
BRDA:484,36,0,2
BRDA:484,37,0,3
BRDA:484,37,1,2
BRDA:485,38,0,0
BRDA:485,39,0,2
BRDA:485,39,1,2
BRDA:490,40,0,2
BRDA:490,40,1,0
BRDA:490,41,0,2
BRDA:490,41,1,2
BRDA:490,42,0,2
BRDA:490,42,1,0
BRDA:492,43,0,2
BRDA:492,43,1,0
BRDA:492,44,0,2
BRDA:492,44,1,2
BRDA:492,45,0,2
BRDA:492,45,1,0
BRDA:497,46,0,0
BRDA:497,47,0,22
BRDA:497,47,1,22
BRDA:506,48,0,3
BRDA:506,48,1,3
BRDA:516,49,0,2
BRDA:516,50,0,3
BRDA:516,50,1,2
BRDA:521,51,0,2
BRDA:521,52,0,2
BRDA:521,52,1,2
BRDA:521,52,2,2
BRDA:524,53,0,2
BRDA:524,53,1,0
BRDA:531,54,0,2
BRDA:531,54,1,0
BRDA:531,55,0,2
BRDA:531,55,1,2
BRDA:539,56,0,2
BRDA:539,56,1,0
BRDA:553,57,0,1
BRDA:553,58,0,3
BRDA:553,58,1,2
BRDA:557,59,0,0
BRDA:557,59,1,1
BRDA:566,60,0,1
BRDA:574,61,0,5
BRDA:574,61,1,0
BRDA:575,62,0,1
BRDA:640,63,0,1
BRDA:640,63,1,3
BRDA:645,64,0,3
BRDA:645,64,1,1
BRDA:658,65,0,0
BRDA:658,65,1,0
BRDA:658,65,2,0
BRDA:658,65,3,0
BRDA:658,65,4,2
BRDA:669,66,0,1
BRDA:703,67,0,3
BRDA:703,67,1,0
BRDA:711,68,0,0
BRDA:719,69,0,33
BRDA:719,69,1,33
BRDA:719,69,2,33
BRDA:719,69,3,33
BRDA:723,70,0,0
BRDA:723,70,1,33
BRDA:723,71,0,33
BRDA:723,71,1,0
BRDA:742,72,0,3
BRDA:742,72,1,0
BRDA:749,73,0,0
BRDA:783,74,0,2
BRDA:783,75,0,3
BRDA:783,75,1,2
BRDA:792,76,0,2
BRDA:805,77,0,2
BRDA:827,78,0,2
BRDA:839,79,0,2
BRDA:839,79,1,0
BRDA:842,80,0,24
BRDA:842,80,1,24
BRDA:844,81,0,2
BRDA:876,82,0,0
BRDA:880,83,0,22
BRDA:897,84,0,102
BRDA:897,84,1,0
BRDA:901,85,0,102
BRDA:901,85,1,20
BRDA:904,86,0,102
BRDA:904,86,1,0
BRDA:908,87,0,102
BRDA:908,87,1,11
BRDA:909,88,0,102
BRDA:909,88,1,41
BRDA:911,89,0,102
BRDA:911,89,1,0
BRDA:912,90,0,102
BRDA:912,90,1,0
BRDA:924,91,0,102
BRDA:924,91,1,0
BRDA:942,92,0,102
BRDA:942,93,0,102
BRDA:942,93,1,102
BRDA:971,94,0,0
BRDA:971,95,0,3
BRDA:971,95,1,3
BRDA:971,95,2,3
BRDA:971,95,3,3
BRDA:971,95,4,3
BRDA:971,95,5,3
BRDA:971,95,6,3
BRDA:971,95,7,3
BRDA:971,95,8,3
BRDA:971,95,9,3
BRDA:982,96,0,3
BRDA:982,96,1,2
BRDA:983,97,0,2
BRDA:983,97,1,1
BRDA:984,98,0,0
BRDA:984,99,0,2
BRDA:984,99,1,2
BRDA:1019,100,0,0
BRDA:1022,101,0,0
BRDA:1022,101,1,3
BRDA:1026,102,0,3
BRDA:1026,102,1,3
BRDA:1026,102,2,3
BRDA:1026,102,3,6
BRDA:1026,102,4,9
BRDA:1026,102,5,24
BRDA:1045,103,0,3
BRDA:1045,103,1,0
BRDA:1059,104,0,3
BRDA:1063,105,0,3
BRDA:1063,105,1,0
BRDA:1070,106,0,0
BRDA:1070,106,1,3
BRDA:1072,107,0,3
BRDA:1072,107,1,0
BRDA:1081,108,0,3
BRDA:1081,108,1,2
BRDA:1094,109,0,0
BRDA:1097,110,0,0
BRDA:1097,111,0,0
BRDA:1097,111,1,0
BRDA:1104,112,0,0
BRDA:1104,112,1,0
BRDA:1108,113,0,0
BRDA:1108,113,1,0
BRDA:1109,114,0,0
BRDA:1111,115,0,0
BRDA:1111,115,1,0
BRDA:1119,116,0,0
BRDA:1119,116,1,0
BRDA:1144,117,0,0
BRDA:1144,117,1,0
BRDA:1152,118,0,0
BRDA:1162,119,0,0
BRDA:1164,120,0,0
BRDA:1171,121,0,0
BRDA:1171,121,1,0
BRDA:1187,122,0,0
BRDA:1187,122,1,0
BRDA:1188,123,0,0
BRDA:1188,123,1,0
BRDA:1189,124,0,0
BRDA:1189,124,1,0
BRDA:1192,125,0,0
BRDA:1193,126,0,0
BRDA:1193,126,1,0
BRDA:1193,126,2,0
BRDA:1194,127,0,0
BRDA:1194,127,1,0
BRDA:1198,128,0,0
BRDA:1198,129,0,0
BRDA:1198,129,1,0
BRDA:1199,130,0,0
BRDA:1199,130,1,0
BRDA:1199,130,2,0
BRDA:1199,130,3,0
BRDA:1204,131,0,0
BRDA:1204,131,1,0
BRDA:1204,131,2,0
BRF:245
BRH:122
end_of_record
TN:
SF:services/astrology/chartDisplayManager.ts
FN:12,(anonymous_0)
FN:16,(anonymous_1)
FN:17,(anonymous_2)
FN:30,(anonymous_3)
FN:38,(anonymous_4)
FN:41,(anonymous_5)
FN:42,(anonymous_6)
FNF:7
FNH:7
FNDA:3,(anonymous_0)
FNDA:15,(anonymous_1)
FNDA:5,(anonymous_2)
FNDA:2,(anonymous_3)
FNDA:2,(anonymous_4)
FNDA:2,(anonymous_5)
FNDA:2,(anonymous_6)
DA:2,1
DA:11,1
DA:13,3
DA:14,3
DA:15,3
DA:16,15
DA:17,5
DA:19,3
DA:34,2
DA:35,1
DA:38,2
DA:42,2
LF:12
LH:12
BRDA:34,0,0,1
BRDA:42,1,0,2
BRDA:42,1,1,0
BRF:3
BRH:2
end_of_record
TN:
SF:services/astrology/chartPatterns.ts
FN:99,getCorePlanets
FN:110,detectStelliums
FN:146,(anonymous_2)
FN:202,(anonymous_3)
FN:228,annotatePlanetMix
FN:229,(anonymous_5)
FN:230,(anonymous_6)
FN:230,(anonymous_7)
FN:239,annotateRetrograde
FN:240,(anonymous_9)
FN:241,(anonymous_10)
FN:250,getSignElement
FN:260,getElementCloser
FN:270,prioritizeStelliums
FN:274,(anonymous_14)
FN:280,(anonymous_15)
FN:281,(anonymous_16)
FN:294,parseHouseNumber
FN:299,getHouseStelliumFlavor
FN:369,getSignStelliumFlavor
FN:435,getHouseTheme
FN:453,ordinal
FN:481,detectChartRuler
FN:490,(anonymous_23)
FN:505,getChartRulerDescription
FN:511,getChartRulerFlavor
FN:531,detectConjunctionClusters
FN:533,(anonymous_27)
FN:546,(anonymous_28)
FN:556,(anonymous_29)
FN:568,(anonymous_30)
FN:569,(anonymous_31)
FN:579,(anonymous_32)
FN:590,(anonymous_33)
FN:593,getClusterDescription
FN:628,detectRetrogradeEmphasis
FN:631,(anonymous_36)
FN:634,(anonymous_37)
FN:635,(anonymous_38)
FN:654,getRetrogradeFlavor
FN:672,analyzeElementBalance
FN:690,(anonymous_41)
FN:692,(anonymous_42)
FN:702,getElementDescription
FN:712,getMissingElementNote
FN:726,analyzeModalityBalance
FN:744,(anonymous_46)
FN:760,analyzePolarityBalance
FN:788,detectDominantFactors
FN:810,(anonymous_49)
FN:823,(anonymous_50)
FN:831,(anonymous_51)
FN:847,(anonymous_52)
FN:873,detectChartPatterns
FNF:54
FNH:44
FNDA:88,getCorePlanets
FNDA:11,detectStelliums
FNDA:267,(anonymous_2)
FNDA:11,(anonymous_3)
FNDA:11,annotatePlanetMix
FNDA:12,(anonymous_5)
FNDA:23,(anonymous_6)
FNDA:31,(anonymous_7)
FNDA:11,annotateRetrograde
FNDA:34,(anonymous_9)
FNDA:267,(anonymous_10)
FNDA:0,getSignElement
FNDA:0,getElementCloser
FNDA:11,prioritizeStelliums
FNDA:0,(anonymous_14)
FNDA:0,(anonymous_15)
FNDA:0,(anonymous_16)
FNDA:0,parseHouseNumber
FNDA:0,getHouseStelliumFlavor
FNDA:11,getSignStelliumFlavor
FNDA:0,getHouseTheme
FNDA:0,ordinal
FNDA:11,detectChartRuler
FNDA:22,(anonymous_23)
FNDA:11,getChartRulerDescription
FNDA:11,getChartRulerFlavor
FNDA:11,detectConjunctionClusters
FNDA:253,(anonymous_27)
FNDA:482,(anonymous_28)
FNDA:34,(anonymous_29)
FNDA:34,(anonymous_30)
FNDA:34,(anonymous_31)
FNDA:34,(anonymous_32)
FNDA:11,(anonymous_33)
FNDA:11,getClusterDescription
FNDA:11,detectRetrogradeEmphasis
FNDA:110,(anonymous_36)
FNDA:88,(anonymous_37)
FNDA:11,(anonymous_38)
FNDA:11,getRetrogradeFlavor
FNDA:11,analyzeElementBalance
FNDA:55,(anonymous_41)
FNDA:44,(anonymous_42)
FNDA:11,getElementDescription
FNDA:0,getMissingElementNote
FNDA:11,analyzeModalityBalance
FNDA:44,(anonymous_46)
FNDA:11,analyzePolarityBalance
FNDA:11,detectDominantFactors
FNDA:243,(anonymous_49)
FNDA:112,(anonymous_50)
FNDA:112,(anonymous_51)
FNDA:11,(anonymous_52)
FNDA:11,detectChartPatterns
DA:100,88
DA:111,11
DA:112,11
DA:114,11
DA:115,11
DA:118,11
DA:119,11
DA:120,110
DA:121,110
DA:122,110
DA:126,11
DA:127,11
DA:128,110
DA:129,110
DA:130,110
DA:134,11
DA:135,11
DA:136,110
DA:140,11
DA:141,11
DA:142,77
DA:144,11
DA:145,11
DA:146,267
DA:147,34
DA:148,34
DA:149,34
DA:152,11
DA:153,11
DA:155,11
DA:156,11
DA:166,11
DA:167,11
DA:168,11
DA:169,11
DA:175,11
DA:176,77
DA:178,11
DA:179,11
DA:181,0
DA:182,0
DA:183,0
DA:193,0
DA:194,0
DA:195,0
DA:199,11
DA:200,77
DA:202,11
DA:203,11
DA:205,0
DA:206,0
DA:215,0
DA:216,0
DA:217,0
DA:221,11
DA:222,11
DA:223,11
DA:229,12
DA:230,31
DA:232,11
DA:233,0
DA:234,11
DA:235,10
DA:240,11
DA:241,267
DA:242,34
DA:245,11
DA:246,0
DA:251,0
DA:257,0
DA:261,0
DA:267,0
DA:271,11
DA:272,11
DA:274,11
DA:276,0
DA:277,0
DA:280,0
DA:281,0
DA:282,0
DA:285,0
DA:286,0
DA:287,0
DA:290,0
DA:295,0
DA:296,0
DA:300,0
DA:362,0
DA:370,11
DA:432,11
DA:436,0
DA:450,0
DA:454,0
DA:455,0
DA:456,0
DA:466,4
DA:482,11
DA:484,11
DA:485,11
DA:486,11
DA:489,11
DA:490,22
DA:491,11
DA:493,11
DA:506,11
DA:512,11
DA:524,11
DA:532,11
DA:533,253
DA:534,11
DA:535,11
DA:536,11
DA:538,11
DA:539,110
DA:541,87
DA:542,87
DA:543,439
DA:546,439
DA:547,482
DA:548,482
DA:549,482
DA:552,439
DA:555,87
DA:556,34
DA:560,11
DA:562,0
DA:563,0
DA:564,0
DA:568,34
DA:569,34
DA:570,11
DA:571,11
DA:572,34
DA:573,36
DA:574,36
DA:575,36
DA:579,34
DA:581,11
DA:590,11
DA:594,11
DA:595,11
DA:600,0
DA:601,0
DA:614,0
DA:615,0
DA:616,0
DA:618,0
DA:620,0
DA:629,11
DA:631,11
DA:632,110
DA:634,88
DA:635,11
DA:637,11
DA:638,11
DA:639,0
DA:640,11
DA:641,11
DA:643,0
DA:644,0
DA:647,0
DA:651,11
DA:655,11
DA:665,11
DA:673,11
DA:674,11
DA:675,11
DA:677,11
DA:678,110
DA:679,110
DA:680,110
DA:681,110
DA:683,110
DA:687,11
DA:688,11
DA:690,55
DA:691,11
DA:692,44
DA:694,11
DA:695,11
DA:696,0
DA:699,11
DA:703,11
DA:709,11
DA:713,0
DA:719,0
DA:727,11
DA:728,11
DA:729,11
DA:731,11
DA:732,110
DA:733,110
DA:734,110
DA:735,110
DA:737,110
DA:741,11
DA:742,11
DA:744,44
DA:745,11
DA:747,11
DA:753,11
DA:761,11
DA:762,11
DA:763,11
DA:765,11
DA:766,110
DA:767,110
DA:768,88
DA:771,11
DA:773,11
DA:775,11
DA:781,11
DA:789,11
DA:792,11
DA:793,110
DA:795,11
DA:796,77
DA:797,77
DA:798,77
DA:799,77
DA:803,11
DA:804,11
DA:805,11
DA:806,110
DA:807,110
DA:808,110
DA:810,243
DA:813,11
DA:816,11
DA:817,11
DA:818,110
DA:819,110
DA:820,110
DA:821,110
DA:823,112
DA:826,11
DA:827,11
DA:828,110
DA:829,110
DA:831,112
DA:832,11
DA:834,11
DA:847,11
DA:848,11
DA:849,11
DA:850,11
DA:853,11
DA:873,4
DA:874,11
DA:875,11
LF:250
LH:198
BRDA:121,0,0,77
BRDA:128,1,0,0
BRDA:129,2,0,77
BRDA:136,3,0,110
BRDA:142,4,0,66
BRDA:147,5,0,34
BRDA:148,6,0,11
BRDA:153,7,0,11
BRDA:176,8,0,66
BRDA:179,9,0,11
BRDA:179,10,0,11
BRDA:179,10,1,11
BRDA:200,11,0,66
BRDA:203,12,0,11
BRDA:230,13,0,11
BRDA:230,13,1,11
BRDA:232,14,0,0
BRDA:232,14,1,11
BRDA:234,15,0,10
BRDA:245,16,0,0
BRDA:245,17,0,11
BRDA:245,17,1,0
BRDA:257,18,0,0
BRDA:257,18,1,0
BRDA:267,19,0,0
BRDA:267,19,1,0
BRDA:276,20,0,0
BRDA:276,21,0,0
BRDA:276,21,1,0
BRDA:277,22,0,0
BRDA:277,23,0,0
BRDA:277,23,1,0
BRDA:282,24,0,0
BRDA:285,25,0,0
BRDA:285,25,1,0
BRDA:285,26,0,0
BRDA:285,26,1,0
BRDA:286,27,0,0
BRDA:286,27,1,0
BRDA:286,28,0,0
BRDA:286,28,1,0
BRDA:287,29,0,0
BRDA:296,30,0,0
BRDA:296,30,1,0
BRDA:362,31,0,0
BRDA:362,31,1,0
BRDA:432,32,0,11
BRDA:432,32,1,0
BRDA:450,33,0,0
BRDA:450,33,1,0
BRDA:456,34,0,0
BRDA:456,34,1,0
BRDA:456,34,2,0
BRDA:482,35,0,0
BRDA:486,36,0,0
BRDA:491,37,0,0
BRDA:524,38,0,11
BRDA:524,38,1,0
BRDA:539,39,0,23
BRDA:543,40,0,0
BRDA:548,41,0,142
BRDA:552,42,0,23
BRDA:555,43,0,11
BRDA:560,44,0,0
BRDA:563,45,0,0
BRDA:564,46,0,0
BRDA:574,47,0,0
BRDA:575,48,0,13
BRDA:594,49,0,11
BRDA:616,50,0,0
BRDA:616,50,1,0
BRDA:618,51,0,0
BRDA:632,52,0,110
BRDA:632,52,1,99
BRDA:638,53,0,0
BRDA:638,53,1,11
BRDA:640,54,0,11
BRDA:640,54,1,0
BRDA:643,55,0,0
BRDA:643,55,1,0
BRDA:665,56,0,11
BRDA:665,56,1,0
BRDA:678,57,0,110
BRDA:681,58,0,22
BRDA:681,58,1,88
BRDA:682,59,0,33
BRDA:682,59,1,55
BRDA:687,60,0,11
BRDA:688,61,0,11
BRDA:690,62,0,55
BRDA:690,62,1,1
BRDA:695,63,0,0
BRDA:709,64,0,11
BRDA:709,64,1,0
BRDA:719,65,0,0
BRDA:719,65,1,0
BRDA:732,66,0,110
BRDA:735,67,0,22
BRDA:735,67,1,88
BRDA:736,68,0,33
BRDA:736,68,1,55
BRDA:741,69,0,11
BRDA:742,70,0,11
BRDA:744,71,0,44
BRDA:744,71,1,0
BRDA:753,72,0,11
BRDA:753,72,1,0
BRDA:767,73,0,22
BRDA:767,73,1,88
BRDA:767,74,0,110
BRDA:767,74,1,99
BRDA:768,75,0,88
BRDA:768,76,0,88
BRDA:768,76,1,43
BRDA:773,77,0,0
BRDA:773,77,1,11
BRDA:773,78,0,0
BRDA:773,78,1,11
BRDA:795,79,0,11
BRDA:795,79,1,0
BRDA:798,80,0,77
BRDA:798,81,0,77
BRDA:798,81,1,77
BRDA:798,82,0,77
BRDA:798,82,1,0
BRDA:799,83,0,77
BRDA:799,84,0,77
BRDA:799,84,1,77
BRDA:799,85,0,77
BRDA:799,85,1,0
BRDA:806,86,0,110
BRDA:806,86,1,0
BRDA:807,87,0,67
BRDA:807,87,1,43
BRDA:807,88,0,110
BRDA:807,88,1,110
BRDA:810,89,0,11
BRDA:810,89,1,0
BRDA:818,90,0,0
BRDA:818,90,1,110
BRDA:818,91,0,110
BRDA:818,91,1,0
BRDA:819,92,0,0
BRDA:820,93,0,110
BRDA:820,93,1,55
BRDA:821,94,0,110
BRDA:821,94,1,77
BRDA:823,95,0,11
BRDA:823,95,1,0
BRDA:828,96,0,0
BRDA:829,97,0,110
BRDA:829,97,1,77
BRDA:832,98,0,11
BRDA:832,98,1,0
BRDA:850,99,0,11
BRDA:850,99,1,11
BRDA:850,99,2,11
BRDA:858,100,0,11
BRDA:858,100,1,0
BRDA:859,101,0,11
BRDA:859,101,1,0
BRDA:862,102,0,11
BRDA:862,102,1,0
BRF:163
BRH:90
end_of_record
TN:
SF:services/astrology/constants.ts
FNF:0
FNH:0
DA:6,17
DA:34,17
DA:133,17
DA:135,17
DA:216,17
DA:280,17
DA:299,17
LF:7
LH:7
BRF:0
BRH:0
end_of_record
TN:
SF:services/astrology/dailyInsightEngine.ts
FN:895,getAspectTone
FN:912,getHouseBoundaries
FN:917,(anonymous_2)
FN:918,(anonymous_3)
FN:919,(anonymous_4)
FN:924,(anonymous_5)
FN:925,(anonymous_6)
FN:926,(anonymous_7)
FN:936,getNatalHouseForTarget
FN:939,(anonymous_9)
FN:951,(anonymous_10)
FN:973,(anonymous_11)
FN:986,buildGenericTemplate
FN:1003,(anonymous_13)
FN:1037,(anonymous_14)
FN:1062,(anonymous_15)
FN:1068,(anonymous_16)
FN:1070,(anonymous_17)
FN:1082,(anonymous_18)
FN:1087,(anonymous_19)
FN:1088,(anonymous_20)
FN:1089,(anonymous_21)
FN:1090,(anonymous_22)
FN:1091,(anonymous_23)
FN:1150,(anonymous_24)
FN:1168,(anonymous_25)
FN:1182,(anonymous_26)
FN:1220,(anonymous_27)
FN:1264,(anonymous_28)
FN:1344,(anonymous_29)
FN:1351,(anonymous_30)
FN:1388,(anonymous_31)
FN:1415,(anonymous_32)
FN:1427,(anonymous_33)
FN:1457,(anonymous_34)
FN:1471,(anonymous_35)
FNF:36
FNH:31
FNDA:20,getAspectTone
FNDA:1,getHouseBoundaries
FNDA:0,(anonymous_2)
FNDA:0,(anonymous_3)
FNDA:0,(anonymous_4)
FNDA:12,(anonymous_5)
FNDA:12,(anonymous_6)
FNDA:20,(anonymous_7)
FNDA:310,getNatalHouseForTarget
FNDA:1296,(anonymous_9)
FNDA:0,(anonymous_10)
FNDA:0,(anonymous_11)
FNDA:20,buildGenericTemplate
FNDA:20,(anonymous_13)
FNDA:57,(anonymous_14)
FNDA:20,(anonymous_15)
FNDA:57,(anonymous_16)
FNDA:57,(anonymous_17)
FNDA:20,(anonymous_18)
FNDA:57,(anonymous_19)
FNDA:55,(anonymous_20)
FNDA:37,(anonymous_21)
FNDA:57,(anonymous_22)
FNDA:56,(anonymous_23)
FNDA:19,(anonymous_24)
FNDA:19,(anonymous_25)
FNDA:20,(anonymous_26)
FNDA:20,(anonymous_27)
FNDA:20,(anonymous_28)
FNDA:867,(anonymous_29)
FNDA:20,(anonymous_30)
FNDA:20,(anonymous_31)
FNDA:76,(anonymous_32)
FNDA:1,(anonymous_33)
FNDA:1,(anonymous_34)
FNDA:20,(anonymous_35)
DA:6,3
DA:7,3
DA:8,3
DA:14,3
DA:76,3
DA:91,3
DA:106,3
DA:119,3
DA:134,3
DA:145,3
DA:161,3
DA:183,3
DA:778,3
DA:845,3
DA:896,20
DA:898,20
DA:900,0
DA:902,0
DA:904,0
DA:906,0
DA:908,0
DA:915,1
DA:916,0
DA:917,0
DA:918,0
DA:919,0
DA:922,1
DA:923,1
DA:924,12
DA:925,12
DA:926,20
DA:929,0
DA:938,310
DA:939,1296
DA:940,306
DA:941,306
DA:945,4
DA:946,0
DA:949,0
DA:950,0
DA:951,0
DA:954,0
DA:956,0
DA:957,0
DA:959,0
DA:960,0
DA:961,0
DA:964,0
DA:966,0
DA:972,0
DA:973,0
DA:974,0
DA:975,0
DA:979,0
DA:987,20
DA:988,20
DA:990,20
DA:991,20
DA:994,20
DA:996,20
DA:999,3
DA:1005,20
DA:1008,20
DA:1011,20
DA:1014,20
DA:1017,20
DA:1018,1
DA:1019,1
DA:1020,1
DA:1024,20
DA:1027,20
DA:1028,20
DA:1029,20
DA:1032,20
DA:1033,20
DA:1034,20
DA:1037,57
DA:1045,20
DA:1046,20
DA:1048,20
DA:1065,20
DA:1067,19
DA:1068,57
DA:1069,19
DA:1070,57
DA:1072,19
DA:1074,19
DA:1075,0
DA:1076,0
DA:1083,20
DA:1084,1
DA:1087,57
DA:1088,55
DA:1089,37
DA:1090,57
DA:1091,56
DA:1094,19
DA:1095,19
DA:1096,19
DA:1099,19
DA:1101,0
DA:1102,0
DA:1103,0
DA:1104,0
DA:1105,0
DA:1106,0
DA:1107,0
DA:1109,0
DA:1110,0
DA:1112,19
DA:1114,0
DA:1115,0
DA:1116,0
DA:1117,0
DA:1119,19
DA:1121,19
DA:1122,19
DA:1123,19
DA:1124,19
DA:1125,0
DA:1127,0
DA:1128,0
DA:1129,0
DA:1131,0
DA:1132,0
DA:1135,0
DA:1136,0
DA:1139,19
DA:1151,19
DA:1152,19
DA:1153,19
DA:1154,19
DA:1156,19
DA:1157,19
DA:1159,19
DA:1160,19
DA:1161,19
DA:1162,19
DA:1169,19
DA:1170,19
DA:1172,19
DA:1173,19
DA:1174,19
DA:1175,19
DA:1176,19
DA:1183,20
DA:1193,20
DA:1204,20
DA:1205,20
DA:1208,20
DA:1209,20
DA:1210,140
DA:1211,140
DA:1214,20
DA:1221,20
DA:1224,20
DA:1225,2
DA:1226,0
DA:1227,0
DA:1233,20
DA:1234,20
DA:1235,180
DA:1236,180
DA:1242,20
DA:1243,2
DA:1244,0
DA:1245,0
DA:1250,20
DA:1251,19
DA:1254,20
DA:1255,19
DA:1258,20
DA:1268,20
DA:1269,20
DA:1272,20
DA:1275,20
DA:1287,20
DA:1295,20
DA:1296,140
DA:1297,140
DA:1299,140
DA:1301,140
DA:1302,1260
DA:1303,1260
DA:1305,1148
DA:1306,1148
DA:1308,1148
DA:1309,4938
DA:1310,4938
DA:1311,4938
DA:1313,4938
DA:1315,310
DA:1316,310
DA:1317,310
DA:1318,310
DA:1319,310
DA:1322,310
DA:1323,310
DA:1324,310
DA:1325,310
DA:1327,310
DA:1337,310
DA:1344,867
DA:1345,20
DA:1352,20
DA:1353,20
DA:1354,20
DA:1356,20
DA:1357,76
DA:1360,57
DA:1361,19
DA:1362,19
DA:1363,19
DA:1364,19
DA:1368,38
DA:1369,38
DA:1372,38
DA:1375,38
DA:1376,38
DA:1377,38
DA:1378,38
DA:1382,20
DA:1393,20
DA:1395,20
DA:1396,57
DA:1397,57
DA:1399,57
DA:1400,57
DA:1409,20
DA:1416,76
DA:1417,76
DA:1418,76
DA:1421,76
DA:1428,1
DA:1429,1
DA:1431,1
DA:1433,1
DA:1434,1
DA:1435,6
DA:1436,6
DA:1439,6
DA:1440,6
DA:1441,6
DA:1443,0
DA:1446,6
DA:1451,0
DA:1458,1
DA:1459,1
DA:1476,20
DA:1477,1
DA:1478,1
DA:1479,1
DA:1485,19
DA:1486,19
DA:1487,19
DA:1488,19
DA:1496,0
LF:257
LH:200
BRDA:896,0,0,20
BRDA:896,0,1,0
BRDA:896,0,2,0
BRDA:896,0,3,0
BRDA:896,0,4,0
BRDA:896,0,5,0
BRDA:915,1,0,0
BRDA:915,2,0,1
BRDA:915,2,1,0
BRDA:917,3,0,0
BRDA:917,3,1,0
BRDA:922,4,0,1
BRDA:922,5,0,1
BRDA:922,5,1,1
BRDA:924,6,0,12
BRDA:924,6,1,12
BRDA:938,7,0,306
BRDA:938,8,0,310
BRDA:938,8,1,310
BRDA:940,9,0,306
BRDA:940,10,0,306
BRDA:940,10,1,306
BRDA:940,10,2,306
BRDA:940,10,3,306
BRDA:945,11,0,4
BRDA:946,12,0,0
BRDA:949,13,0,0
BRDA:949,14,0,0
BRDA:949,14,1,0
BRDA:950,15,0,0
BRDA:950,15,1,0
BRDA:956,16,0,0
BRDA:956,17,0,0
BRDA:956,17,1,0
BRDA:956,17,2,0
BRDA:964,18,0,0
BRDA:964,18,1,0
BRDA:964,19,0,0
BRDA:964,19,1,0
BRDA:964,20,0,0
BRDA:964,20,1,0
BRDA:966,21,0,0
BRDA:972,22,0,0
BRDA:972,23,0,0
BRDA:972,23,1,0
BRDA:974,24,0,0
BRDA:974,25,0,0
BRDA:974,25,1,0
BRDA:974,25,2,0
BRDA:974,25,3,0
BRDA:991,26,0,18
BRDA:991,26,1,2
BRDA:1003,27,0,0
BRDA:1017,28,0,1
BRDA:1027,29,0,20
BRDA:1027,29,1,0
BRDA:1032,30,0,20
BRDA:1032,30,1,0
BRDA:1038,31,0,54
BRDA:1038,31,1,3
BRDA:1065,32,0,1
BRDA:1070,33,0,57
BRDA:1070,33,1,2
BRDA:1070,33,2,1
BRDA:1074,34,0,19
BRDA:1075,35,0,0
BRDA:1083,36,0,1
BRDA:1099,37,0,0
BRDA:1099,37,1,19
BRDA:1102,38,0,0
BRDA:1102,38,1,0
BRDA:1105,39,0,0
BRDA:1105,39,1,0
BRDA:1112,40,0,0
BRDA:1112,40,1,19
BRDA:1119,41,0,19
BRDA:1119,41,1,0
BRDA:1125,42,0,0
BRDA:1125,42,1,0
BRDA:1129,43,0,0
BRDA:1129,43,1,0
BRDA:1159,44,0,0
BRDA:1159,45,0,19
BRDA:1159,45,1,19
BRDA:1160,46,0,0
BRDA:1160,47,0,19
BRDA:1160,47,1,19
BRDA:1161,48,0,0
BRDA:1172,49,0,0
BRDA:1173,50,0,0
BRDA:1174,51,0,0
BRDA:1175,52,0,0
BRDA:1195,53,0,20
BRDA:1195,53,1,20
BRDA:1204,54,0,20
BRDA:1204,54,1,0
BRDA:1211,55,0,140
BRDA:1224,56,0,2
BRDA:1226,57,0,0
BRDA:1233,58,0,20
BRDA:1235,59,0,180
BRDA:1235,60,0,180
BRDA:1235,60,1,180
BRDA:1242,61,0,2
BRDA:1244,62,0,0
BRDA:1250,63,0,19
BRDA:1250,64,0,20
BRDA:1250,64,1,19
BRDA:1254,65,0,19
BRDA:1254,66,0,20
BRDA:1254,66,1,19
BRDA:1297,67,0,0
BRDA:1299,68,0,140
BRDA:1299,68,1,0
BRDA:1303,69,0,112
BRDA:1306,70,0,457
BRDA:1310,71,0,4938
BRDA:1310,71,1,4283
BRDA:1311,72,0,1320
BRDA:1311,72,1,3618
BRDA:1313,73,0,310
BRDA:1315,74,0,310
BRDA:1315,74,1,0
BRDA:1316,75,0,310
BRDA:1316,75,1,0
BRDA:1317,76,0,310
BRDA:1317,76,1,0
BRDA:1323,77,0,310
BRDA:1323,77,1,0
BRDA:1324,78,0,310
BRDA:1324,78,1,4
BRDA:1325,79,0,310
BRDA:1325,79,1,0
BRDA:1325,79,2,0
BRDA:1344,80,0,867
BRDA:1344,80,1,216
BRDA:1344,80,2,0
BRDA:1357,81,0,19
BRDA:1360,82,0,19
BRDA:1372,83,0,0
BRDA:1372,84,0,38
BRDA:1372,84,1,0
BRDA:1375,85,0,38
BRDA:1375,86,0,38
BRDA:1375,86,1,2
BRDA:1397,87,0,0
BRDA:1421,88,0,76
BRDA:1421,88,1,20
BRDA:1429,89,0,0
BRDA:1433,90,0,1
BRDA:1440,91,0,6
BRDA:1440,91,1,0
BRDA:1441,92,0,6
BRDA:1441,92,1,6
BRDA:1443,93,0,0
BRDA:1443,93,1,0
BRDA:1446,94,0,1
BRDA:1458,95,0,1
BRDA:1458,95,1,0
BRDA:1460,96,0,1
BRDA:1460,96,1,0
BRDA:1476,97,0,1
BRDA:1477,98,0,1
BRDA:1477,98,1,0
BRDA:1486,99,0,19
BRDA:1490,100,0,18
BRDA:1490,100,1,1
BRDA:1497,101,0,0
BRDA:1497,101,1,0
BRF:169
BRH:89
end_of_record
TN:
SF:services/astrology/dignityService.ts
FN:55,getDignityLevel
FN:72,(anonymous_1)
FN:74,(anonymous_2)
FN:76,(anonymous_3)
FN:78,(anonymous_4)
FN:80,(anonymous_5)
FN:84,getPlanetDignity
FN:106,analyzeChartDignity
FN:112,(anonymous_8)
FN:116,(anonymous_9)
FN:117,(anonymous_10)
FN:118,(anonymous_11)
FN:122,(anonymous_12)
FN:124,(anonymous_13)
FN:126,(anonymous_14)
FN:126,(anonymous_15)
FN:143,getSignRuler
FN:147,analyzeDispositorChain
FN:160,(anonymous_18)
FN:242,detectChartShape
FN:250,(anonymous_20)
FN:250,(anonymous_21)
FN:251,(anonymous_22)
FN:269,(anonymous_23)
FN:354,detectSingletons
FN:407,detectInterceptions
FN:413,(anonymous_26)
FN:423,(anonymous_27)
FNF:28
FNH:26
FNDA:33,getDignityLevel
FNDA:10,(anonymous_1)
FNDA:4,(anonymous_2)
FNDA:5,(anonymous_3)
FNDA:3,(anonymous_4)
FNDA:11,(anonymous_5)
FNDA:33,getPlanetDignity
FNDA:2,analyzeChartDignity
FNDA:20,(anonymous_8)
FNDA:20,(anonymous_9)
FNDA:20,(anonymous_10)
FNDA:20,(anonymous_11)
FNDA:0,(anonymous_12)
FNDA:0,(anonymous_13)
FNDA:6,(anonymous_14)
FNDA:6,(anonymous_15)
FNDA:124,getSignRuler
FNDA:2,analyzeDispositorChain
FNDA:20,(anonymous_18)
FNDA:1,detectChartShape
FNDA:10,(anonymous_20)
FNDA:23,(anonymous_21)
FNDA:10,(anonymous_22)
FNDA:10,(anonymous_23)
FNDA:2,detectSingletons
FNDA:1,detectInterceptions
FNDA:12,(anonymous_26)
FNDA:12,(anonymous_27)
DA:9,2
DA:16,2
DA:23,2
DA:29,2
DA:37,2
DA:57,33
DA:59,23
DA:61,19
DA:63,16
DA:64,11
DA:67,2
DA:71,2
DA:73,10
DA:75,4
DA:77,5
DA:79,3
DA:81,11
DA:84,2
DA:85,33
DA:86,33
DA:106,2
DA:107,2
DA:112,2
DA:113,20
DA:116,20
DA:117,20
DA:118,20
DA:121,2
DA:122,0
DA:123,2
DA:124,0
DA:125,2
DA:126,6
DA:128,0
DA:131,2
DA:144,124
DA:147,2
DA:148,2
DA:153,2
DA:154,2
DA:155,20
DA:156,20
DA:160,2
DA:161,20
DA:162,20
DA:166,2
DA:167,2
DA:168,2
DA:169,20
DA:170,90
DA:171,90
DA:172,90
DA:173,90
DA:174,90
DA:175,2
DA:181,2
DA:182,2
DA:183,2
DA:184,2
DA:185,2
DA:186,6
DA:187,6
DA:188,6
DA:189,6
DA:190,6
DA:191,2
DA:192,2
DA:194,4
DA:195,4
DA:200,2
DA:201,0
DA:202,0
DA:203,0
DA:204,0
DA:211,2
DA:212,2
DA:213,2
DA:214,0
DA:215,0
DA:216,0
DA:218,0
DA:221,2
DA:242,2
DA:243,1
DA:248,1
DA:250,23
DA:251,10
DA:254,1
DA:255,10
DA:258,1
DA:259,1
DA:260,10
DA:261,10
DA:262,10
DA:263,10
DA:265,1
DA:266,1
DA:269,10
DA:272,1
DA:273,0
DA:280,1
DA:281,0
DA:289,1
DA:290,10
DA:291,10
DA:292,10
DA:293,90
DA:294,90
DA:295,90
DA:297,10
DA:298,10
DA:299,10
DA:301,0
DA:302,0
DA:311,1
DA:312,1
DA:319,0
DA:320,0
DA:321,0
DA:323,0
DA:324,0
DA:331,0
DA:332,0
DA:339,0
DA:354,2
DA:355,2
DA:360,2
DA:363,2
DA:364,2
DA:365,20
DA:366,20
DA:368,2
DA:369,8
DA:370,4
DA:380,2
DA:381,2
DA:382,20
DA:383,20
DA:385,2
DA:386,6
DA:387,2
DA:396,2
DA:407,2
DA:410,1
DA:411,1
DA:413,1
DA:414,12
DA:418,1
DA:422,1
DA:423,12
DA:426,1
DA:427,1
DA:428,1
DA:429,0
DA:430,0
DA:431,0
DA:432,0
DA:433,0
DA:434,0
DA:438,0
DA:439,0
DA:440,0
DA:441,0
DA:442,0
DA:443,0
DA:445,0
DA:446,0
DA:447,0
DA:448,0
DA:450,0
DA:451,0
DA:452,0
DA:453,0
DA:458,0
DA:465,1
LF:175
LH:131
BRDA:57,0,0,10
BRDA:57,1,0,33
BRDA:57,1,1,23
BRDA:59,2,0,4
BRDA:61,3,0,3
BRDA:63,4,0,5
BRDA:113,5,0,0
BRDA:113,5,1,20
BRDA:116,6,0,20
BRDA:116,6,1,16
BRDA:117,7,0,20
BRDA:117,7,1,16
BRDA:121,8,0,0
BRDA:121,8,1,2
BRDA:121,9,0,2
BRDA:121,9,1,2
BRDA:123,10,0,0
BRDA:123,10,1,2
BRDA:123,11,0,2
BRDA:123,11,1,2
BRDA:125,12,0,2
BRDA:125,12,1,0
BRDA:125,13,0,2
BRDA:125,13,1,2
BRDA:126,14,0,0
BRDA:126,14,1,2
BRDA:126,15,0,0
BRDA:126,15,1,2
BRDA:126,16,0,0
BRDA:126,16,1,2
BRDA:126,17,0,0
BRDA:126,17,1,2
BRDA:144,18,0,124
BRDA:144,18,1,0
BRDA:155,19,0,0
BRDA:155,19,1,20
BRDA:161,20,0,0
BRDA:161,20,1,20
BRDA:174,21,0,2
BRDA:174,22,0,90
BRDA:174,22,1,8
BRDA:184,23,0,2
BRDA:185,24,0,6
BRDA:185,24,1,6
BRDA:188,25,0,0
BRDA:190,26,0,2
BRDA:194,27,0,0
BRDA:200,28,0,0
BRDA:200,29,0,2
BRDA:200,29,1,0
BRDA:202,30,0,0
BRDA:202,31,0,0
BRDA:202,31,1,0
BRDA:211,32,0,2
BRDA:211,32,1,0
BRDA:212,33,0,2
BRDA:212,33,1,0
BRDA:214,34,0,0
BRDA:214,34,1,0
BRDA:248,35,0,0
BRDA:269,36,0,0
BRDA:269,36,1,10
BRDA:272,37,0,0
BRDA:280,38,0,0
BRDA:299,39,0,0
BRDA:301,40,0,0
BRDA:301,40,1,0
BRDA:311,41,0,1
BRDA:311,42,0,1
BRDA:311,42,1,1
BRDA:311,42,2,1
BRDA:321,43,0,0
BRDA:323,44,0,0
BRDA:331,45,0,0
BRDA:365,46,0,0
BRDA:365,46,1,20
BRDA:366,47,0,20
BRDA:366,48,0,20
BRDA:366,48,1,20
BRDA:369,49,0,4
BRDA:382,50,0,0
BRDA:382,50,1,20
BRDA:383,51,0,20
BRDA:383,52,0,20
BRDA:383,52,1,20
BRDA:386,53,0,2
BRDA:410,54,0,0
BRDA:410,55,0,1
BRDA:410,55,1,1
BRDA:411,56,0,0
BRDA:411,57,0,1
BRDA:411,57,1,1
BRDA:414,58,0,0
BRDA:414,58,1,12
BRDA:429,59,0,0
BRDA:448,60,0,0
BRDA:452,61,0,0
BRDA:453,62,0,0
BRF:98
BRH:57
end_of_record
TN:
SF:services/astrology/emotionalOperatingSystem.ts
FN:59,(anonymous_0)
FN:74,(anonymous_1)
FN:79,(anonymous_2)
FN:176,(anonymous_3)
FN:204,(anonymous_4)
FN:300,(anonymous_5)
FN:321,(anonymous_6)
FN:343,(anonymous_7)
FN:344,(anonymous_8)
FN:372,(anonymous_9)
FN:439,(anonymous_10)
FN:443,(anonymous_11)
FN:568,(anonymous_12)
FN:674,(anonymous_13)
FNF:14
FNH:14
FNDA:8,(anonymous_0)
FNDA:8,(anonymous_1)
FNDA:56,(anonymous_2)
FNDA:16,(anonymous_3)
FNDA:8,(anonymous_4)
FNDA:56,(anonymous_5)
FNDA:8,(anonymous_6)
FNDA:56,(anonymous_7)
FNDA:16,(anonymous_8)
FNDA:8,(anonymous_9)
FNDA:8,(anonymous_10)
FNDA:56,(anonymous_11)
FNDA:8,(anonymous_12)
FNDA:8,(anonymous_13)
DA:7,1
DA:54,1
DA:60,8
DA:75,8
DA:76,8
DA:79,8
DA:80,56
DA:83,8
DA:84,8
DA:85,8
DA:86,8
DA:89,8
DA:91,0
DA:92,0
DA:93,0
DA:94,0
DA:95,0
DA:98,0
DA:99,0
DA:100,0
DA:101,0
DA:102,0
DA:105,0
DA:106,0
DA:107,0
DA:108,0
DA:109,0
DA:112,0
DA:113,0
DA:114,0
DA:115,0
DA:116,0
DA:119,0
DA:120,0
DA:121,0
DA:122,0
DA:123,0
DA:126,8
DA:127,8
DA:128,8
DA:129,8
DA:130,8
DA:133,0
DA:134,0
DA:135,0
DA:136,0
DA:137,0
DA:140,0
DA:141,0
DA:142,0
DA:143,0
DA:144,0
DA:147,0
DA:148,0
DA:149,0
DA:150,0
DA:151,0
DA:154,0
DA:155,0
DA:156,0
DA:157,0
DA:158,0
DA:161,0
DA:162,0
DA:163,0
DA:164,0
DA:165,0
DA:168,0
DA:169,0
DA:170,0
DA:171,0
DA:172,0
DA:176,16
DA:177,8
DA:178,8
DA:179,8
DA:181,8
DA:182,0
DA:183,0
DA:184,8
DA:185,0
DA:186,0
DA:187,8
DA:188,0
DA:189,0
DA:193,8
DA:205,8
DA:207,8
DA:208,8
DA:209,8
DA:210,8
DA:213,8
DA:215,0
DA:216,0
DA:217,0
DA:218,0
DA:219,0
DA:222,0
DA:223,0
DA:224,0
DA:225,0
DA:226,0
DA:229,0
DA:230,0
DA:231,0
DA:232,0
DA:233,0
DA:236,0
DA:237,0
DA:238,0
DA:239,0
DA:240,0
DA:243,0
DA:244,0
DA:245,0
DA:246,0
DA:247,0
DA:250,0
DA:251,0
DA:252,0
DA:253,0
DA:254,0
DA:257,8
DA:258,8
DA:259,8
DA:260,8
DA:261,8
DA:264,0
DA:265,0
DA:266,0
DA:267,0
DA:268,0
DA:271,0
DA:272,0
DA:273,0
DA:274,0
DA:275,0
DA:278,0
DA:279,0
DA:280,0
DA:281,0
DA:282,0
DA:285,0
DA:286,0
DA:287,0
DA:288,0
DA:289,0
DA:292,0
DA:293,0
DA:294,0
DA:295,0
DA:296,0
DA:300,8
DA:301,56
DA:304,8
DA:305,8
DA:306,8
DA:307,8
DA:310,8
DA:322,8
DA:323,8
DA:326,8
DA:327,8
DA:329,0
DA:330,0
DA:332,8
DA:333,8
DA:335,0
DA:336,0
DA:338,0
DA:339,0
DA:343,56
DA:344,8
DA:345,16
DA:346,8
DA:348,16
DA:349,8
DA:351,16
DA:352,8
DA:357,8
DA:358,8
DA:359,0
DA:361,8
DA:362,0
DA:366,8
DA:373,8
DA:376,8
DA:377,8
DA:379,0
DA:380,0
DA:382,0
DA:383,0
DA:385,0
DA:386,0
DA:388,0
DA:389,0
DA:391,0
DA:392,0
DA:394,0
DA:395,0
DA:397,0
DA:398,0
DA:400,0
DA:401,0
DA:403,0
DA:404,0
DA:406,0
DA:407,0
DA:409,0
DA:410,0
DA:412,8
DA:413,8
DA:417,8
DA:418,8
DA:420,8
DA:421,8
DA:423,0
DA:424,0
DA:426,0
DA:427,0
DA:429,0
DA:430,0
DA:433,8
DA:440,8
DA:443,8
DA:444,56
DA:448,8
DA:449,8
DA:450,8
DA:451,8
DA:454,8
DA:456,8
DA:457,8
DA:458,8
DA:459,8
DA:460,8
DA:463,0
DA:464,0
DA:465,0
DA:466,0
DA:467,0
DA:470,0
DA:471,0
DA:472,0
DA:473,0
DA:474,0
DA:477,0
DA:478,0
DA:479,0
DA:480,0
DA:481,0
DA:484,0
DA:485,0
DA:486,0
DA:487,0
DA:488,0
DA:491,0
DA:492,0
DA:493,0
DA:494,0
DA:495,0
DA:498,0
DA:499,0
DA:500,0
DA:501,0
DA:502,0
DA:505,0
DA:506,0
DA:507,0
DA:508,0
DA:509,0
DA:512,0
DA:513,0
DA:514,0
DA:515,0
DA:516,0
DA:519,0
DA:520,0
DA:521,0
DA:522,0
DA:523,0
DA:526,0
DA:527,0
DA:528,0
DA:529,0
DA:530,0
DA:533,0
DA:534,0
DA:535,0
DA:536,0
DA:537,0
DA:541,8
DA:542,8
DA:543,8
DA:545,8
DA:546,0
DA:547,0
DA:548,8
DA:549,8
DA:550,8
DA:551,0
DA:552,0
DA:553,0
DA:557,8
DA:569,8
DA:571,8
DA:572,8
DA:573,8
DA:574,8
DA:577,8
DA:579,0
DA:580,0
DA:581,0
DA:582,0
DA:583,0
DA:586,0
DA:587,0
DA:588,0
DA:589,0
DA:590,0
DA:593,0
DA:594,0
DA:595,0
DA:596,0
DA:597,0
DA:600,0
DA:601,0
DA:602,0
DA:603,0
DA:604,0
DA:607,0
DA:608,0
DA:609,0
DA:610,0
DA:611,0
DA:614,0
DA:615,0
DA:616,0
DA:617,0
DA:618,0
DA:621,8
DA:622,8
DA:623,8
DA:624,8
DA:625,8
DA:628,0
DA:629,0
DA:630,0
DA:631,0
DA:632,0
DA:635,0
DA:636,0
DA:637,0
DA:638,0
DA:639,0
DA:642,0
DA:643,0
DA:644,0
DA:645,0
DA:646,0
DA:649,0
DA:650,0
DA:651,0
DA:652,0
DA:653,0
DA:656,0
DA:657,0
DA:658,0
DA:659,0
DA:660,0
DA:663,8
DA:675,8
DA:677,8
DA:678,8
DA:679,8
DA:680,8
DA:683,8
DA:685,0
DA:686,0
DA:687,0
DA:688,0
DA:689,0
DA:692,0
DA:693,0
DA:694,0
DA:695,0
DA:696,0
DA:699,0
DA:700,0
DA:701,0
DA:702,0
DA:703,0
DA:706,0
DA:707,0
DA:708,0
DA:709,0
DA:710,0
DA:713,0
DA:714,0
DA:715,0
DA:716,0
DA:717,0
DA:720,0
DA:721,0
DA:722,0
DA:723,0
DA:724,0
DA:727,0
DA:728,0
DA:729,0
DA:730,0
DA:731,0
DA:734,0
DA:735,0
DA:736,0
DA:737,0
DA:738,0
DA:741,0
DA:742,0
DA:743,0
DA:744,0
DA:745,0
DA:748,0
DA:749,0
DA:750,0
DA:751,0
DA:752,0
DA:755,0
DA:756,0
DA:757,0
DA:758,0
DA:759,0
DA:762,8
DA:763,8
DA:764,8
DA:765,8
DA:766,8
DA:769,8
LF:438
LH:116
BRDA:80,0,0,56
BRDA:80,0,1,48
BRDA:89,1,0,0
BRDA:89,1,1,0
BRDA:89,1,2,0
BRDA:89,1,3,0
BRDA:89,1,4,0
BRDA:89,1,5,8
BRDA:89,1,6,0
BRDA:89,1,7,0
BRDA:89,1,8,0
BRDA:89,1,9,0
BRDA:89,1,10,0
BRDA:89,1,11,0
BRDA:177,2,0,8
BRDA:179,3,0,0
BRDA:179,3,1,8
BRDA:181,4,0,0
BRDA:181,4,1,8
BRDA:184,5,0,0
BRDA:184,5,1,8
BRDA:187,6,0,0
BRDA:213,7,0,0
BRDA:213,7,1,0
BRDA:213,7,2,0
BRDA:213,7,3,0
BRDA:213,7,4,0
BRDA:213,7,5,0
BRDA:213,7,6,8
BRDA:213,7,7,0
BRDA:213,7,8,0
BRDA:213,7,9,0
BRDA:213,7,10,0
BRDA:213,7,11,0
BRDA:301,8,0,56
BRDA:301,8,1,40
BRDA:304,9,0,8
BRDA:327,10,0,0
BRDA:327,10,1,8
BRDA:327,10,2,0
BRDA:327,10,3,0
BRDA:345,11,0,8
BRDA:345,12,0,16
BRDA:345,12,1,8
BRDA:348,13,0,8
BRDA:348,14,0,16
BRDA:348,14,1,8
BRDA:351,15,0,8
BRDA:351,16,0,16
BRDA:351,16,1,16
BRDA:357,17,0,8
BRDA:358,18,0,0
BRDA:361,19,0,0
BRDA:377,20,0,0
BRDA:377,20,1,0
BRDA:377,20,2,0
BRDA:377,20,3,0
BRDA:377,20,4,0
BRDA:377,20,5,0
BRDA:377,20,6,0
BRDA:377,20,7,0
BRDA:377,20,8,0
BRDA:377,20,9,0
BRDA:377,20,10,0
BRDA:377,20,11,8
BRDA:418,21,0,8
BRDA:418,21,1,0
BRDA:418,21,2,0
BRDA:418,21,3,0
BRDA:444,22,0,56
BRDA:444,22,1,48
BRDA:444,22,2,8
BRDA:454,23,0,8
BRDA:454,23,1,0
BRDA:454,23,2,0
BRDA:454,23,3,0
BRDA:454,23,4,0
BRDA:454,23,5,0
BRDA:454,23,6,0
BRDA:454,23,7,0
BRDA:454,23,8,0
BRDA:454,23,9,0
BRDA:454,23,10,0
BRDA:454,23,11,0
BRDA:541,24,0,8
BRDA:543,25,0,8
BRDA:543,25,1,0
BRDA:545,26,0,0
BRDA:545,26,1,8
BRDA:548,27,0,8
BRDA:548,27,1,0
BRDA:551,28,0,0
BRDA:577,29,0,0
BRDA:577,29,1,0
BRDA:577,29,2,0
BRDA:577,29,3,0
BRDA:577,29,4,0
BRDA:577,29,5,0
BRDA:577,29,6,8
BRDA:577,29,7,0
BRDA:577,29,8,0
BRDA:577,29,9,0
BRDA:577,29,10,0
BRDA:577,29,11,0
BRDA:683,30,0,0
BRDA:683,30,1,0
BRDA:683,30,2,0
BRDA:683,30,3,0
BRDA:683,30,4,0
BRDA:683,30,5,0
BRDA:683,30,6,0
BRDA:683,30,7,0
BRDA:683,30,8,0
BRDA:683,30,9,0
BRDA:683,30,10,0
BRDA:683,30,11,8
BRF:116
BRH:34
end_of_record
TN:
SF:services/astrology/humanGuidance.ts
FN:1176,(anonymous_0)
FN:1181,(anonymous_1)
FN:1182,(anonymous_2)
FN:1183,(anonymous_3)
FN:1184,(anonymous_4)
FN:1185,(anonymous_5)
FN:1186,(anonymous_6)
FN:1202,(anonymous_7)
FN:1283,(anonymous_8)
FNF:9
FNH:7
FNDA:1,(anonymous_0)
FNDA:1,(anonymous_1)
FNDA:0,(anonymous_2)
FNDA:1,(anonymous_3)
FNDA:1,(anonymous_4)
FNDA:1,(anonymous_5)
FNDA:1,(anonymous_6)
FNDA:1,(anonymous_7)
FNDA:0,(anonymous_8)
DA:6,1
DA:7,1
DA:39,1
DA:347,1
DA:656,1
DA:965,1
DA:1069,1
DA:1172,1
DA:1178,1
DA:1181,1
DA:1182,0
DA:1183,1
DA:1184,1
DA:1185,1
DA:1186,1
DA:1189,1
DA:1192,1
DA:1197,1
DA:1202,1
DA:1203,1
DA:1205,1
DA:1213,1
DA:1214,1
DA:1217,1
DA:1218,1
DA:1219,1
DA:1220,1
DA:1221,0
DA:1222,0
DA:1224,0
DA:1228,1
DA:1229,1
DA:1230,1
DA:1231,1
DA:1233,0
DA:1237,1
DA:1242,1
DA:1245,1
DA:1255,1
DA:1258,1
DA:1260,1
DA:1284,0
DA:1287,0
DA:1288,0
DA:1289,0
DA:1290,0
DA:1291,0
DA:1293,0
DA:1294,0
DA:1300,0
LF:50
LH:36
BRDA:1176,0,0,0
BRDA:1181,1,0,1
BRDA:1181,1,1,0
BRDA:1183,2,0,1
BRDA:1183,2,1,1
BRDA:1185,3,0,1
BRDA:1185,3,1,1
BRDA:1192,4,0,1
BRDA:1192,4,1,0
BRDA:1197,5,0,0
BRDA:1197,5,1,1
BRDA:1203,6,0,1
BRDA:1203,6,1,0
BRDA:1205,7,0,0
BRDA:1205,7,1,1
BRDA:1205,8,0,1
BRDA:1205,8,1,1
BRDA:1207,9,0,0
BRDA:1207,9,1,0
BRDA:1208,10,0,0
BRDA:1208,10,1,0
BRDA:1208,11,0,0
BRDA:1208,11,1,0
BRDA:1219,12,0,1
BRDA:1219,12,1,0
BRDA:1221,13,0,0
BRDA:1221,13,1,0
BRDA:1230,14,0,1
BRDA:1230,14,1,0
BRDA:1231,15,0,1
BRDA:1231,15,1,0
BRDA:1242,16,0,1
BRDA:1242,16,1,0
BRDA:1255,17,0,1
BRDA:1255,17,1,0
BRDA:1258,18,0,1
BRDA:1258,18,1,0
BRDA:1283,19,0,0
BRDA:1294,20,0,0
BRDA:1294,20,1,0
BRDA:1296,21,0,0
BRDA:1296,21,1,0
BRF:42
BRH:17
end_of_record
TN:
SF:services/astrology/inputValidator.ts
FN:16,(anonymous_0)
FN:21,(anonymous_1)
FN:33,(anonymous_2)
FN:67,(anonymous_3)
FN:106,(anonymous_4)
FNF:5
FNH:5
FNDA:29,(anonymous_0)
FNDA:32,(anonymous_1)
FNDA:39,(anonymous_2)
FNDA:32,(anonymous_3)
FNDA:11,(anonymous_4)
DA:14,5
DA:16,5
DA:17,29
DA:18,29
DA:21,5
DA:22,32
DA:23,32
DA:24,29
DA:25,29
DA:26,29
DA:27,29
DA:28,29
DA:29,29
DA:30,29
DA:33,5
DA:34,39
DA:35,39
DA:36,39
DA:38,39
DA:39,39
DA:40,24
DA:41,24
DA:42,24
DA:49,15
DA:50,15
DA:51,8
DA:52,8
DA:53,8
DA:54,8
DA:55,8
DA:56,8
DA:63,7
DA:66,5
DA:68,32
DA:70,32
DA:71,4
DA:74,32
DA:75,3
DA:77,29
DA:78,29
DA:79,29
DA:80,1
DA:84,32
DA:85,30
DA:86,2
DA:87,28
DA:88,3
DA:92,32
DA:93,4
DA:96,32
DA:97,4
DA:100,32
DA:107,11
DA:108,11
LF:54
LH:54
BRDA:23,0,0,3
BRDA:30,1,0,29
BRDA:30,1,1,29
BRDA:30,1,2,29
BRDA:39,2,0,24
BRDA:50,3,0,8
BRDA:54,4,0,4
BRDA:54,5,0,8
BRDA:54,5,1,5
BRDA:55,6,0,1
BRDA:55,7,0,8
BRDA:55,7,1,3
BRDA:70,8,0,4
BRDA:70,9,0,32
BRDA:70,9,1,29
BRDA:74,10,0,3
BRDA:74,10,1,29
BRDA:79,11,0,1
BRDA:79,12,0,29
BRDA:79,12,1,28
BRDA:84,13,0,30
BRDA:85,14,0,2
BRDA:85,14,1,28
BRDA:87,15,0,3
BRDA:92,16,0,4
BRDA:92,17,0,32
BRDA:92,17,1,31
BRDA:92,17,2,30
BRDA:96,18,0,4
BRDA:96,19,0,32
BRDA:96,19,1,31
BRDA:96,19,2,30
BRDA:108,20,0,7
BRDA:108,20,1,4
BRF:34
BRH:34
end_of_record
TN:
SF:services/astrology/natalDeepInterpretations.ts
FN:70,getSignName
FN:74,generatePlanetDeepDive
FN:109,(anonymous_2)
FN:111,(anonymous_3)
FN:135,getOrdinal
FN:162,generateHouseDeepDives
FN:182,(anonymous_6)
FN:222,(anonymous_7)
FN:224,(anonymous_8)
FN:226,(anonymous_9)
FN:228,(anonymous_10)
FN:232,generateAngleInterpretations
FN:241,(anonymous_12)
FN:252,(anonymous_13)
FN:278,aspectImportanceScore
FN:288,selectKeyAspects
FN:291,(anonymous_16)
FN:293,(anonymous_17)
FN:304,buildAspectSynthesis
FN:330,(anonymous_19)
FN:332,(anonymous_20)
FN:334,(anonymous_21)
FN:336,(anonymous_22)
FN:338,(anonymous_23)
FN:340,(anonymous_24)
FN:344,generatePointInterpretations
FN:372,(anonymous_26)
FNF:27
FNH:16
FNDA:55,getSignName
FNDA:3,generatePlanetDeepDive
FNDA:21,(anonymous_2)
FNDA:6,(anonymous_3)
FNDA:51,getOrdinal
FNDA:2,generateHouseDeepDives
FNDA:24,(anonymous_6)
FNDA:2,(anonymous_7)
FNDA:0,(anonymous_8)
FNDA:2,(anonymous_9)
FNDA:0,(anonymous_10)
FNDA:2,generateAngleInterpretations
FNDA:0,(anonymous_12)
FNDA:0,(anonymous_13)
FNDA:44,aspectImportanceScore
FNDA:2,selectKeyAspects
FNDA:22,(anonymous_16)
FNDA:12,(anonymous_17)
FNDA:12,buildAspectSynthesis
FNDA:0,(anonymous_19)
FNDA:0,(anonymous_20)
FNDA:0,(anonymous_21)
FNDA:0,(anonymous_22)
FNDA:0,(anonymous_23)
FNDA:0,(anonymous_24)
FNDA:1,generatePointInterpretations
FNDA:0,(anonymous_26)
DA:6,1
DA:7,1
DA:11,1
DA:26,1
DA:43,1
DA:71,55
DA:74,1
DA:78,3
DA:79,3
DA:80,3
DA:81,3
DA:83,3
DA:84,3
DA:85,3
DA:86,3
DA:89,3
DA:90,3
DA:92,3
DA:93,3
DA:96,3
DA:97,1
DA:100,1
DA:103,3
DA:104,1
DA:108,3
DA:109,21
DA:111,3
DA:112,6
DA:113,6
DA:114,6
DA:117,3
DA:118,3
DA:119,3
DA:122,3
DA:124,3
DA:136,51
DA:137,47
DA:138,45
DA:139,41
DA:156,1
DA:162,1
DA:163,2
DA:165,2
DA:171,2
DA:172,2
DA:173,20
DA:174,20
DA:175,20
DA:179,2
DA:180,20
DA:182,2
DA:183,24
DA:184,24
DA:185,24
DA:186,24
DA:187,24
DA:188,24
DA:189,24
DA:190,24
DA:191,24
DA:194,24
DA:195,24
DA:196,24
DA:198,24
DA:199,24
DA:202,24
DA:203,14
DA:205,10
DA:208,24
DA:221,1
DA:223,2
DA:225,0
DA:227,2
DA:229,0
DA:232,1
DA:233,2
DA:235,2
DA:236,2
DA:237,2
DA:241,2
DA:242,2
DA:243,0
DA:244,0
DA:247,2
DA:248,2
DA:249,2
DA:252,2
DA:253,2
DA:254,0
DA:255,0
DA:258,2
DA:273,1
DA:274,1
DA:275,1
DA:276,1
DA:279,44
DA:280,44
DA:281,44
DA:282,44
DA:283,44
DA:284,44
DA:285,44
DA:288,1
DA:289,2
DA:291,22
DA:293,12
DA:305,12
DA:306,12
DA:307,12
DA:308,12
DA:309,12
DA:311,12
DA:312,8
DA:313,4
DA:314,4
DA:316,0
DA:329,1
DA:331,0
DA:333,0
DA:335,0
DA:337,0
DA:339,0
DA:341,0
DA:344,1
DA:345,1
DA:348,1
DA:349,0
DA:350,0
DA:351,0
DA:352,0
DA:353,0
DA:354,0
DA:355,0
DA:356,0
DA:362,1
DA:363,0
DA:364,0
DA:365,0
DA:366,0
DA:367,0
DA:372,1
DA:373,1
DA:374,0
DA:375,0
DA:376,0
DA:377,0
DA:381,1
LF:147
LH:117
BRDA:71,0,0,0
BRDA:71,0,1,55
BRDA:84,1,0,3
BRDA:84,1,1,0
BRDA:85,2,0,3
BRDA:85,2,1,0
BRDA:90,3,0,3
BRDA:90,3,1,0
BRDA:92,4,0,3
BRDA:92,5,0,3
BRDA:92,5,1,3
BRDA:96,6,0,1
BRDA:97,7,0,1
BRDA:97,7,1,0
BRDA:97,8,0,1
BRDA:97,8,1,0
BRDA:103,9,0,1
BRDA:109,10,0,21
BRDA:109,10,1,15
BRDA:112,11,0,6
BRDA:112,11,1,0
BRDA:113,12,0,4
BRDA:113,12,1,2
BRDA:113,13,0,2
BRDA:113,13,1,0
BRDA:117,14,0,3
BRDA:119,15,0,3
BRDA:119,15,1,0
BRDA:136,16,0,4
BRDA:137,17,0,2
BRDA:138,18,0,4
BRDA:163,19,0,0
BRDA:163,20,0,2
BRDA:163,20,1,2
BRDA:173,21,0,0
BRDA:174,22,0,14
BRDA:186,23,0,24
BRDA:186,23,1,0
BRDA:187,24,0,24
BRDA:187,24,1,0
BRDA:189,25,0,24
BRDA:189,25,1,0
BRDA:190,26,0,24
BRDA:190,26,1,0
BRDA:191,27,0,24
BRDA:191,27,1,10
BRDA:195,28,0,24
BRDA:195,28,1,0
BRDA:196,29,0,24
BRDA:196,29,1,0
BRDA:198,30,0,24
BRDA:198,31,0,24
BRDA:198,31,1,24
BRDA:198,31,2,24
BRDA:199,32,0,24
BRDA:199,32,1,0
BRDA:202,33,0,14
BRDA:202,33,1,10
BRDA:203,34,0,10
BRDA:203,34,1,4
BRDA:223,35,0,2
BRDA:223,35,1,0
BRDA:225,36,0,0
BRDA:225,36,1,0
BRDA:227,37,0,2
BRDA:227,37,1,0
BRDA:229,38,0,0
BRDA:229,38,1,0
BRDA:235,39,0,2
BRDA:241,40,0,2
BRDA:241,40,1,2
BRDA:242,41,0,0
BRDA:243,42,0,0
BRDA:243,42,1,0
BRDA:243,43,0,0
BRDA:243,43,1,0
BRDA:247,44,0,2
BRDA:252,45,0,2
BRDA:252,45,1,2
BRDA:253,46,0,0
BRDA:254,47,0,0
BRDA:254,47,1,0
BRDA:254,48,0,0
BRDA:254,48,1,0
BRDA:280,49,0,18
BRDA:280,50,0,44
BRDA:280,50,1,26
BRDA:281,51,0,0
BRDA:281,52,0,44
BRDA:281,52,1,44
BRDA:282,53,0,20
BRDA:282,54,0,44
BRDA:282,54,1,26
BRDA:283,55,0,0
BRDA:283,56,0,44
BRDA:283,56,1,44
BRDA:284,57,0,18
BRDA:288,58,0,1
BRDA:289,59,0,0
BRDA:289,60,0,2
BRDA:289,60,1,2
BRDA:311,61,0,8
BRDA:311,61,1,4
BRDA:312,62,0,8
BRDA:312,62,1,0
BRDA:312,63,0,8
BRDA:312,63,1,0
BRDA:312,64,0,8
BRDA:312,64,1,0
BRDA:312,65,0,8
BRDA:312,65,1,0
BRDA:313,66,0,4
BRDA:313,66,1,0
BRDA:314,67,0,4
BRDA:314,67,1,0
BRDA:314,68,0,4
BRDA:314,68,1,0
BRDA:314,69,0,4
BRDA:314,69,1,0
BRDA:314,70,0,4
BRDA:314,70,1,0
BRDA:316,71,0,0
BRDA:316,71,1,0
BRDA:316,72,0,0
BRDA:316,72,1,0
BRDA:331,73,0,0
BRDA:331,73,1,0
BRDA:333,74,0,0
BRDA:333,74,1,0
BRDA:335,75,0,0
BRDA:335,75,1,0
BRDA:335,76,0,0
BRDA:335,76,1,0
BRDA:335,77,0,0
BRDA:335,77,1,0
BRDA:337,78,0,0
BRDA:337,78,1,0
BRDA:337,79,0,0
BRDA:337,79,1,0
BRDA:339,80,0,0
BRDA:339,80,1,0
BRDA:339,81,0,0
BRDA:339,81,1,0
BRDA:339,82,0,0
BRDA:339,82,1,0
BRDA:341,83,0,0
BRDA:341,83,1,0
BRDA:348,84,0,0
BRDA:350,85,0,0
BRDA:350,85,1,0
BRDA:351,86,0,0
BRDA:351,86,1,0
BRDA:352,87,0,0
BRDA:352,87,1,0
BRDA:353,88,0,0
BRDA:353,88,1,0
BRDA:355,89,0,0
BRDA:362,90,0,0
BRDA:364,91,0,0
BRDA:364,91,1,0
BRDA:364,92,0,0
BRDA:364,92,1,0
BRDA:366,93,0,0
BRDA:372,94,0,1
BRDA:372,94,1,1
BRDA:373,95,0,0
BRDA:374,96,0,0
BRDA:374,96,1,0
BRDA:374,97,0,0
BRDA:374,97,1,0
BRDA:376,98,0,0
BRF:171
BRH:77
end_of_record
TN:
SF:services/astrology/natalInterpretations.ts
FN:20,getAspectInterpretation
FN:30,getGenericAspectInterpretation
FN:189,generateThemedSections
FN:221,placementLine
FN:228,generateCoreSelf
FN:260,generateEmotionalWorld
FN:274,(anonymous_6)
FN:289,generateLoveSection
FN:295,(anonymous_8)
FN:318,generateCommunicationSection
FN:321,(anonymous_10)
FN:345,generateCareerSection
FN:349,(anonymous_12)
FN:364,(anonymous_13)
FN:381,generateWoundsSection
FN:382,(anonymous_15)
FN:413,generateGrowthSection
FN:414,(anonymous_17)
FN:446,generateShadowSection
FN:449,(anonymous_19)
FN:462,(anonymous_20)
FN:464,(anonymous_21)
FN:477,(anonymous_22)
FN:494,getSunSignSummary
FN:512,getMoonSignSummary
FN:530,getVenusSignSummary
FN:548,getMarsInLoveSummary
FN:566,getMercurySignSummary
FN:584,getSaturnSignSummary
FN:602,getMCSignSummary
FN:620,getChironSignSummary
FN:638,getNorthNodeSummary
FN:656,getPlutoSignSummary
FN:671,getSunElementBrief
FN:681,getMoonElementBrief
FN:691,getMercuryElementBrief
FN:701,getVenusMarsInterplay
FN:720,getHouseLifeArea
FNF:38
FNH:29
FNDA:4,getAspectInterpretation
FNDA:1,getGenericAspectInterpretation
FNDA:5,generateThemedSections
FNDA:45,placementLine
FNDA:5,generateCoreSelf
FNDA:5,generateEmotionalWorld
FNDA:25,(anonymous_6)
FNDA:5,generateLoveSection
FNDA:35,(anonymous_8)
FNDA:5,generateCommunicationSection
FNDA:15,(anonymous_10)
FNDA:5,generateCareerSection
FNDA:0,(anonymous_12)
FNDA:0,(anonymous_13)
FNDA:5,generateWoundsSection
FNDA:0,(anonymous_15)
FNDA:5,generateGrowthSection
FNDA:0,(anonymous_17)
FNDA:5,generateShadowSection
FNDA:0,(anonymous_19)
FNDA:50,(anonymous_20)
FNDA:0,(anonymous_21)
FNDA:25,(anonymous_22)
FNDA:5,getSunSignSummary
FNDA:5,getMoonSignSummary
FNDA:5,getVenusSignSummary
FNDA:5,getMarsInLoveSummary
FNDA:5,getMercurySignSummary
FNDA:5,getSaturnSignSummary
FNDA:0,getMCSignSummary
FNDA:0,getChironSignSummary
FNDA:0,getNorthNodeSummary
FNDA:5,getPlutoSignSummary
FNDA:5,getSunElementBrief
FNDA:5,getMoonElementBrief
FNDA:5,getMercuryElementBrief
FNDA:5,getVenusMarsInterplay
FNDA:25,getHouseLifeArea
DA:20,1
DA:21,4
DA:22,4
DA:23,4
DA:26,4
DA:27,4
DA:31,1
DA:53,1
DA:54,1
DA:56,1
DA:68,1
DA:73,1
DA:189,1
DA:190,5
DA:193,5
DA:196,5
DA:199,5
DA:202,5
DA:205,5
DA:208,5
DA:209,5
DA:212,5
DA:213,5
DA:216,5
DA:218,5
DA:222,45
DA:223,45
DA:229,5
DA:230,5
DA:232,5
DA:233,5
DA:235,5
DA:238,5
DA:241,5
DA:242,5
DA:246,5
DA:247,5
DA:250,5
DA:261,5
DA:263,5
DA:264,5
DA:266,5
DA:268,5
DA:269,5
DA:273,5
DA:274,25
DA:275,5
DA:276,0
DA:279,5
DA:290,5
DA:295,35
DA:296,5
DA:297,5
DA:300,5
DA:301,5
DA:302,5
DA:304,5
DA:305,5
DA:308,5
DA:319,5
DA:321,15
DA:322,5
DA:324,5
DA:325,5
DA:327,5
DA:328,0
DA:331,5
DA:332,5
DA:335,5
DA:346,5
DA:347,5
DA:349,5
DA:350,5
DA:352,5
DA:353,0
DA:354,0
DA:357,5
DA:359,5
DA:360,5
DA:364,5
DA:365,0
DA:367,5
DA:368,0
DA:371,5
DA:382,5
DA:383,0
DA:385,5
DA:387,0
DA:388,0
DA:390,0
DA:396,0
DA:397,0
DA:399,0
DA:401,0
DA:403,0
DA:414,5
DA:415,0
DA:416,0
DA:418,5
DA:420,0
DA:421,0
DA:423,0
DA:428,0
DA:429,0
DA:430,0
DA:432,0
DA:433,0
DA:436,0
DA:447,5
DA:449,5
DA:450,0
DA:451,0
DA:453,5
DA:454,0
DA:455,0
DA:456,0
DA:460,5
DA:462,50
DA:463,5
DA:464,0
DA:467,5
DA:468,5
DA:470,5
DA:471,0
DA:472,0
DA:476,5
DA:477,25
DA:478,5
DA:479,0
DA:482,5
DA:495,5
DA:509,5
DA:513,5
DA:527,5
DA:531,5
DA:545,5
DA:549,5
DA:563,5
DA:567,5
DA:581,5
DA:585,5
DA:599,5
DA:603,0
DA:617,0
DA:621,0
DA:635,0
DA:639,0
DA:653,0
DA:657,5
DA:666,5
DA:672,5
DA:678,5
DA:682,5
DA:688,5
DA:692,5
DA:698,5
DA:702,5
DA:703,5
DA:717,5
DA:721,25
DA:735,25
LF:161
LH:120
BRDA:27,0,0,4
BRDA:27,0,1,1
BRDA:53,1,0,1
BRDA:53,1,1,0
BRDA:54,2,0,1
BRDA:54,2,1,0
BRDA:68,3,0,1
BRDA:68,3,1,0
BRDA:209,4,0,0
BRDA:213,5,0,0
BRDA:222,6,0,5
BRDA:222,6,1,40
BRDA:223,7,0,45
BRDA:223,7,1,0
BRDA:230,8,0,5
BRDA:241,9,0,5
BRDA:246,10,0,5
BRDA:268,11,0,5
BRDA:275,12,0,0
BRDA:296,13,0,5
BRDA:304,14,0,5
BRDA:322,15,0,5
BRDA:327,16,0,0
BRDA:331,17,0,5
BRDA:347,18,0,5
BRDA:352,19,0,0
BRDA:353,20,0,0
BRDA:353,20,1,0
BRDA:359,21,0,5
BRDA:364,22,0,5
BRDA:364,22,1,5
BRDA:365,23,0,0
BRDA:365,23,1,0
BRDA:367,24,0,0
BRDA:368,25,0,0
BRDA:368,25,1,0
BRDA:376,26,0,5
BRDA:376,26,1,0
BRDA:382,27,0,5
BRDA:382,27,1,5
BRDA:383,28,0,0
BRDA:383,28,1,0
BRDA:385,29,0,5
BRDA:387,30,0,0
BRDA:387,30,1,0
BRDA:391,31,0,0
BRDA:391,31,1,0
BRDA:414,32,0,5
BRDA:414,32,1,5
BRDA:415,33,0,0
BRDA:415,33,1,0
BRDA:416,34,0,0
BRDA:416,34,1,0
BRDA:416,34,2,0
BRDA:418,35,0,5
BRDA:420,36,0,0
BRDA:420,36,1,0
BRDA:424,37,0,0
BRDA:424,37,1,0
BRDA:432,38,0,0
BRDA:449,39,0,5
BRDA:449,39,1,5
BRDA:450,40,0,0
BRDA:450,40,1,0
BRDA:451,41,0,0
BRDA:451,41,1,0
BRDA:453,42,0,0
BRDA:454,43,0,0
BRDA:454,43,1,0
BRDA:456,44,0,0
BRDA:456,44,1,0
BRDA:463,45,0,0
BRDA:470,46,0,0
BRDA:471,47,0,0
BRDA:471,47,1,0
BRDA:478,48,0,0
BRDA:509,49,0,5
BRDA:509,49,1,0
BRDA:527,50,0,5
BRDA:527,50,1,0
BRDA:545,51,0,5
BRDA:545,51,1,0
BRDA:563,52,0,5
BRDA:563,52,1,0
BRDA:581,53,0,5
BRDA:581,53,1,0
BRDA:599,54,0,5
BRDA:599,54,1,0
BRDA:617,55,0,0
BRDA:617,55,1,0
BRDA:635,56,0,0
BRDA:635,56,1,0
BRDA:653,57,0,0
BRDA:653,57,1,0
BRDA:666,58,0,5
BRDA:666,58,1,0
BRDA:678,59,0,5
BRDA:678,59,1,0
BRDA:688,60,0,5
BRDA:688,60,1,0
BRDA:698,61,0,5
BRDA:698,61,1,0
BRDA:702,62,0,0
BRDA:717,63,0,5
BRDA:717,63,1,0
BRDA:735,64,0,25
BRDA:735,64,1,0
BRF:107
BRH:41
end_of_record
TN:
SF:services/astrology/natalSynthesis.ts
FN:10,signName
FN:14,signElement
FN:18,findPlanetsByHouse
FN:23,(anonymous_3)
FN:23,(anonymous_4)
FN:26,findAspectsInvolving
FN:28,(anonymous_6)
FN:32,hasAspectBetween
FN:34,(anonymous_8)
FN:106,generateCoreIdentitySummary
FN:113,(anonymous_10)
FN:168,generateRelationshipProfile
FN:177,(anonymous_12)
FN:250,generateCareerProfile
FN:265,(anonymous_14)
FN:315,generateEmotionalProfile
FN:325,(anonymous_16)
FN:395,generateShadowGrowth
FN:403,(anonymous_18)
FN:410,(anonymous_19)
FN:416,(anonymous_20)
FN:448,(anonymous_21)
FN:450,(anonymous_22)
FN:455,(anonymous_23)
FN:457,(anonymous_24)
FN:510,generateCommunicationProfile
FN:553,generateSpiritualProfile
FN:571,(anonymous_27)
FN:586,(anonymous_28)
FN:588,(anonymous_29)
FN:608,generateIntimacyProfile
FN:638,(anonymous_31)
FN:666,generateLifePathSummary
FN:677,(anonymous_33)
FN:691,(anonymous_34)
FN:696,(anonymous_35)
FN:697,(anonymous_36)
FN:699,(anonymous_37)
FN:706,(anonymous_38)
FN:708,(anonymous_39)
FN:710,(anonymous_40)
FN:712,(anonymous_41)
FNF:42
FNH:19
FNDA:14,signName
FNDA:9,signElement
FNDA:7,findPlanetsByHouse
FNDA:70,(anonymous_3)
FNDA:6,(anonymous_4)
FNDA:2,findAspectsInvolving
FNDA:14,(anonymous_6)
FNDA:7,hasAspectBetween
FNDA:42,(anonymous_8)
FNDA:1,generateCoreIdentitySummary
FNDA:2,(anonymous_10)
FNDA:1,generateRelationshipProfile
FNDA:0,(anonymous_12)
FNDA:1,generateCareerProfile
FNDA:0,(anonymous_14)
FNDA:1,generateEmotionalProfile
FNDA:5,(anonymous_16)
FNDA:1,generateShadowGrowth
FNDA:0,(anonymous_18)
FNDA:0,(anonymous_19)
FNDA:0,(anonymous_20)
FNDA:2,(anonymous_21)
FNDA:0,(anonymous_22)
FNDA:2,(anonymous_23)
FNDA:0,(anonymous_24)
FNDA:1,generateCommunicationProfile
FNDA:0,generateSpiritualProfile
FNDA:0,(anonymous_27)
FNDA:0,(anonymous_28)
FNDA:0,(anonymous_29)
FNDA:0,generateIntimacyProfile
FNDA:0,(anonymous_31)
FNDA:0,generateLifePathSummary
FNDA:0,(anonymous_33)
FNDA:0,(anonymous_34)
FNDA:0,(anonymous_35)
FNDA:0,(anonymous_36)
FNDA:0,(anonymous_37)
FNDA:0,(anonymous_38)
FNDA:0,(anonymous_39)
FNDA:0,(anonymous_40)
FNDA:0,(anonymous_41)
DA:6,1
DA:11,14
DA:15,9
DA:19,7
DA:23,70
DA:27,2
DA:28,14
DA:33,7
DA:34,42
DA:40,1
DA:55,1
DA:70,1
DA:87,1
DA:106,1
DA:107,1
DA:108,1
DA:109,1
DA:110,1
DA:111,1
DA:113,2
DA:115,1
DA:118,1
DA:119,1
DA:120,1
DA:122,1
DA:123,1
DA:124,1
DA:125,1
DA:126,1
DA:127,1
DA:131,1
DA:132,1
DA:134,1
DA:135,1
DA:137,1
DA:138,1
DA:140,1
DA:141,1
DA:142,1
DA:144,1
DA:145,1
DA:148,1
DA:149,1
DA:150,1
DA:151,1
DA:154,1
DA:168,1
DA:169,1
DA:170,1
DA:171,1
DA:172,1
DA:173,1
DA:174,1
DA:177,1
DA:178,1
DA:179,1
DA:180,1
DA:183,1
DA:186,1
DA:189,1
DA:192,1
DA:193,1
DA:194,0
DA:196,1
DA:200,1
DA:201,1
DA:202,1
DA:203,1
DA:204,0
DA:205,1
DA:206,0
DA:207,1
DA:208,0
DA:210,1
DA:213,1
DA:214,1
DA:217,1
DA:218,1
DA:219,1
DA:220,1
DA:222,1
DA:223,0
DA:225,1
DA:226,1
DA:229,1
DA:250,1
DA:251,1
DA:252,1
DA:253,1
DA:254,1
DA:255,1
DA:256,1
DA:257,1
DA:258,1
DA:260,1
DA:261,1
DA:264,1
DA:266,0
DA:267,0
DA:270,1
DA:273,1
DA:279,1
DA:280,0
DA:282,1
DA:286,1
DA:291,1
DA:295,1
DA:296,1
DA:297,1
DA:299,1
DA:301,1
DA:315,1
DA:316,1
DA:317,1
DA:318,1
DA:320,1
DA:321,1
DA:324,1
DA:325,5
DA:328,1
DA:331,1
DA:332,1
DA:334,1
DA:335,0
DA:336,1
DA:337,0
DA:338,1
DA:339,1
DA:341,0
DA:346,1
DA:347,0
DA:348,1
DA:349,1
DA:350,0
DA:351,0
DA:353,0
DA:358,1
DA:359,0
DA:360,1
DA:361,0
DA:363,1
DA:367,1
DA:369,1
DA:370,0
DA:371,1
DA:372,0
DA:373,1
DA:374,1
DA:376,0
DA:379,1
DA:381,1
DA:395,1
DA:396,1
DA:397,1
DA:398,1
DA:399,1
DA:402,1
DA:403,0
DA:405,1
DA:406,1
DA:409,1
DA:411,0
DA:412,0
DA:415,1
DA:417,0
DA:418,0
DA:421,1
DA:422,1
DA:425,1
DA:428,1
DA:433,1
DA:437,1
DA:438,0
DA:439,1
DA:440,0
DA:442,1
DA:446,1
DA:447,1
DA:448,2
DA:449,1
DA:450,0
DA:451,0
DA:454,1
DA:455,2
DA:456,1
DA:457,0
DA:458,0
DA:461,1
DA:462,1
DA:464,1
DA:465,0
DA:468,1
DA:470,1
DA:486,1
DA:501,1
DA:510,1
DA:511,1
DA:512,1
DA:513,1
DA:515,1
DA:517,1
DA:519,1
DA:520,1
DA:528,1
DA:529,1
DA:533,1
DA:537,1
DA:539,1
DA:553,1
DA:554,0
DA:555,0
DA:557,0
DA:559,0
DA:560,0
DA:564,0
DA:565,0
DA:570,0
DA:571,0
DA:573,0
DA:574,0
DA:575,0
DA:580,0
DA:581,0
DA:582,0
DA:583,0
DA:584,0
DA:585,0
DA:586,0
DA:587,0
DA:588,0
[...]
DA:731,1
DA:732,1
DA:734,1
DA:735,1
DA:736,1
DA:738,1
DA:749,2
DA:750,2
DA:752,2
DA:753,2
DA:758,2
DA:776,1
DA:778,1
DA:780,1
DA:781,4
DA:783,1
DA:784,1
DA:786,1
DA:787,1
DA:788,1
DA:789,8
DA:790,5
DA:791,1
DA:792,8
DA:793,3
DA:795,1
DA:796,1
DA:797,1
DA:798,1
DA:799,1
DA:800,1
DA:801,1
DA:806,1
DA:807,1
DA:809,1
DA:823,1
DA:851,1
DA:853,1
DA:854,1
DA:855,3
DA:858,1
DA:859,1
DA:860,2
DA:861,2
DA:862,4
DA:863,4
DA:864,2
DA:865,2
DA:868,2
DA:871,1
DA:873,1
DA:875,1
DA:876,1
DA:877,1
DA:879,1
DA:897,1
DA:899,1
DA:900,3
DA:902,1
DA:904,1
DA:905,1
DA:906,2
DA:908,1
DA:910,1
DA:911,1
DA:912,1
DA:914,1
DA:937,1
DA:949,1
DA:951,1
DA:952,2
DA:953,1
DA:955,1
DA:956,1
DA:958,1
DA:959,1
DA:960,1
DA:962,1
DA:980,1
DA:982,1
DA:983,1
DA:984,7
DA:985,7
DA:986,7
DA:987,7
DA:990,1
DA:992,1
DA:993,5
DA:994,5
DA:995,1
DA:996,7
DA:997,7
DA:999,1
DA:1001,5
DA:1002,7
DA:1003,1
DA:1005,1
DA:1007,1
DA:1009,1
DA:1010,1
DA:1011,1
DA:1013,1
DA:1037,1
DA:1042,7
DA:1044,7
DA:1045,1
DA:1048,7
DA:1049,4
DA:1050,4
DA:1053,7
DA:1054,3
DA:1057,7
DA:1058,1
DA:1059,1
DA:1062,7
DA:1063,1
DA:1064,1
DA:1067,7
DA:1068,2
DA:1071,7
DA:1072,1
DA:1073,1
DA:1076,7
DA:1077,1
DA:1078,1
DA:1081,7
DA:1082,1
DA:1083,1
DA:1086,7
DA:1087,1
DA:1088,1
DA:1091,7
DA:1092,1
DA:1093,1
DA:1096,7
DA:1097,1
DA:1098,1
DA:1101,7
DA:1102,17
DA:1103,17
LF:320
LH:261
BRDA:114,0,0,0
BRDA:118,1,0,14
BRDA:127,2,0,0
BRDA:127,2,1,0
BRDA:148,3,0,0
BRDA:148,3,1,0
BRDA:148,3,2,0
BRDA:148,3,3,0
BRDA:148,3,4,0
BRDA:158,4,0,0
BRDA:159,5,0,0
BRDA:171,6,0,1
BRDA:174,7,0,0
BRDA:181,8,0,0
BRDA:184,9,0,0
BRDA:187,10,0,0
BRDA:187,10,1,0
BRDA:189,11,0,0
BRDA:194,12,0,0
BRDA:194,13,0,0
BRDA:194,13,1,0
BRDA:195,14,0,0
BRDA:195,15,0,0
BRDA:195,15,1,0
BRDA:197,16,0,0
BRDA:197,16,1,0
BRDA:201,17,0,0
BRDA:201,17,1,0
BRDA:205,18,0,0
BRDA:205,18,1,0
BRDA:209,19,0,0
BRDA:209,19,1,0
BRDA:214,20,0,0
BRDA:214,20,1,0
BRDA:217,21,0,0
BRDA:217,21,1,0
BRDA:247,22,0,0
BRDA:254,23,0,12
BRDA:254,23,1,7
BRDA:255,24,0,12
BRDA:255,24,1,9
BRDA:256,25,0,0
BRDA:256,26,0,0
BRDA:256,26,1,0
BRDA:263,27,0,0
BRDA:263,28,0,4
BRDA:263,28,1,4
BRDA:267,29,0,4
BRDA:267,29,1,1
BRDA:268,30,0,0
BRDA:268,30,1,4
BRDA:272,31,0,3
BRDA:278,32,0,2
BRDA:278,33,0,3
BRDA:278,33,1,2
BRDA:283,34,0,2
BRDA:283,34,1,2
BRDA:286,35,0,0
BRDA:286,35,1,4
BRDA:293,36,0,2
BRDA:293,36,1,2
BRDA:296,37,0,0
BRDA:296,37,1,4
BRDA:300,38,0,2
BRDA:300,38,1,2
BRDA:359,39,0,0
BRDA:365,40,0,0
BRDA:365,40,1,0
BRDA:366,41,0,0
BRDA:366,41,1,0
BRDA:370,42,0,0
BRDA:371,43,0,0
BRDA:371,43,1,0
BRDA:375,44,0,0
BRDA:375,44,1,0
BRDA:381,45,0,0
BRDA:383,46,0,3
BRDA:383,46,1,0
BRDA:386,47,0,3
BRDA:389,48,0,0
BRDA:389,48,1,0
BRDA:389,49,0,0
BRDA:389,49,1,0
BRDA:393,50,0,0
BRDA:393,50,1,0
BRDA:395,51,0,0
BRDA:395,51,1,0
BRDA:399,52,0,0
BRDA:399,52,1,0
BRDA:399,53,0,0
BRDA:399,53,1,0
BRDA:407,54,0,0
BRDA:413,55,0,2
BRDA:416,56,0,1
BRDA:423,57,0,3
BRDA:423,57,1,0
BRDA:429,58,0,3
BRDA:429,58,1,3
BRDA:431,59,0,1
BRDA:431,59,1,2
BRDA:431,60,0,1
BRDA:431,60,1,0
BRDA:433,61,0,3
BRDA:433,61,1,0
BRDA:474,62,0,3
BRDA:484,63,0,0
BRDA:492,64,0,1
BRDA:492,64,1,3
BRDA:492,65,0,1
BRDA:492,65,1,1
BRDA:493,66,0,3
BRDA:493,66,1,2
BRDA:503,67,0,1
BRDA:505,68,0,1
BRDA:509,69,0,1
BRDA:509,70,0,1
BRDA:509,70,1,1
BRDA:513,71,0,1
BRDA:522,72,0,1
BRDA:522,72,1,0
BRDA:526,73,0,1
BRDA:526,73,1,0
BRDA:529,74,0,0
BRDA:529,74,1,1
BRDA:535,75,0,1
BRDA:535,75,1,0
BRDA:535,76,0,1
BRDA:535,76,1,1
BRDA:536,77,0,1
BRDA:536,77,1,0
BRDA:537,78,0,0
BRDA:537,78,1,1
BRDA:542,79,0,0
BRDA:542,79,1,0
BRDA:547,80,0,0
BRDA:558,81,0,0
BRDA:558,81,1,1
BRDA:558,82,0,1
BRDA:558,82,1,0
BRDA:559,83,0,0
BRDA:559,83,1,1
BRDA:560,84,0,0
BRDA:560,84,1,1
BRDA:560,85,0,1
BRDA:560,85,1,0
BRDA:563,86,0,1
BRDA:563,86,1,0
BRDA:563,87,0,1
BRDA:563,87,1,1
BRDA:567,88,0,1
BRDA:567,88,1,0
BRDA:567,89,0,1
BRDA:567,89,1,1
BRDA:569,90,0,0
BRDA:569,90,1,0
BRDA:569,91,0,0
BRDA:569,91,1,0
BRDA:571,92,0,0
BRDA:571,92,1,0
BRDA:590,93,0,0
BRDA:596,94,0,0
BRDA:600,95,0,0
BRDA:721,96,0,9
BRDA:721,96,1,9
BRDA:724,97,0,0
BRDA:749,98,0,0
BRDA:749,98,1,2
BRDA:749,99,0,1
BRDA:749,99,1,1
BRDA:750,100,0,0
BRDA:750,100,1,2
BRDA:750,101,0,2
BRDA:750,101,1,0
BRDA:753,102,0,2
BRDA:753,102,1,0
BRDA:776,103,0,0
BRDA:786,104,0,1
BRDA:786,105,0,1
BRDA:786,105,1,1
BRDA:789,106,0,8
BRDA:789,106,1,5
BRDA:792,107,0,8
BRDA:792,107,1,3
BRDA:795,108,0,1
BRDA:795,109,0,1
BRDA:795,109,1,1
BRDA:799,110,0,1
BRDA:851,111,0,0
BRDA:851,112,0,1
BRDA:851,112,1,1
BRDA:855,113,0,3
BRDA:855,113,1,2
BRDA:860,114,0,2
BRDA:860,114,1,0
BRDA:863,115,0,2
BRDA:863,116,0,4
BRDA:863,116,1,3
BRDA:868,117,0,1
BRDA:871,118,0,0
BRDA:897,119,0,0
BRDA:897,120,0,1
BRDA:897,120,1,1
BRDA:902,121,0,0
BRDA:906,122,0,2
BRDA:906,122,1,1
BRDA:949,123,0,0
BRDA:951,124,0,1
BRDA:951,124,1,0
BRDA:953,125,0,0
BRDA:980,126,0,0
BRDA:980,127,0,1
BRDA:980,127,1,1
BRDA:990,128,0,0
BRDA:999,129,0,0
BRDA:999,130,0,1
BRDA:999,130,1,1
BRDA:1005,131,0,0
BRDA:1007,132,0,1
BRDA:1007,132,1,0
BRDA:1018,133,0,1
BRDA:1018,133,1,0
BRDA:1018,134,0,1
BRDA:1018,134,1,0
BRDA:1020,135,0,1
BRDA:1020,135,1,0
BRDA:1040,136,0,7
BRDA:1044,137,0,1
BRDA:1048,138,0,4
BRDA:1050,139,0,4
BRDA:1053,140,0,3
BRDA:1057,141,0,1
BRDA:1059,142,0,1
BRDA:1062,143,0,1
BRDA:1064,144,0,1
BRDA:1067,145,0,2
BRDA:1071,146,0,1
BRDA:1073,147,0,1
BRDA:1076,148,0,1
BRDA:1078,149,0,1
BRDA:1081,150,0,1
BRDA:1081,151,0,7
BRDA:1081,151,1,1
BRDA:1083,152,0,1
BRDA:1086,153,0,1
BRDA:1086,154,0,7
BRDA:1086,154,1,1
BRDA:1088,155,0,1
BRDA:1091,156,0,1
BRDA:1091,157,0,7
BRDA:1091,157,1,1
BRDA:1093,158,0,1
BRDA:1096,159,0,1
BRDA:1098,160,0,1
BRF:253
BRH:135
end_of_record
TN:
SF:utils/sentry.ts
FN:54,scrubString
FN:61,scrubPII
FN:73,(anonymous_11)
FN:79,(anonymous_12)
FN:93,initSentry
FN:113,(anonymous_14)
FN:126,(anonymous_15)
FN:166,captureError
FNF:8
FNH:3
FNDA:2,scrubString
FNDA:5,scrubPII
FNDA:0,(anonymous_11)
FNDA:99,(anonymous_12)
FNDA:0,initSentry
FNDA:0,(anonymous_14)
FNDA:0,(anonymous_15)
FNDA:0,captureError
DA:9,1
DA:11,1
DA:13,1
DA:54,1
DA:55,2
DA:61,1
DA:62,5
DA:64,5
DA:65,1
DA:68,4
DA:69,0
DA:72,4
DA:73,0
DA:76,4
DA:77,4
DA:78,7
DA:79,99
DA:80,5
DA:82,2
DA:86,4
DA:93,1
DA:94,0
DA:96,0
DA:97,0
DA:114,0
DA:115,0
DA:117,0
DA:118,0
DA:121,0
DA:122,0
DA:125,0
DA:126,0
DA:133,0
DA:134,0
DA:135,0
DA:136,0
DA:137,0
DA:140,0
DA:141,0
DA:143,0
DA:144,0
DA:145,0
DA:147,0
DA:148,0
DA:154,0
DA:159,0
DA:166,1
DA:167,0
DA:169,0
DA:170,0
DA:171,0
DA:173,0
DA:183,1
LF:53
LH:21
BRDA:11,0,0,1
BRDA:11,0,1,1
BRDA:62,1,0,0
BRDA:64,2,0,1
BRDA:68,3,0,0
BRDA:72,4,0,0
BRDA:79,5,0,5
BRDA:79,5,1,2
BRDA:94,6,0,0
BRDA:117,7,0,0
BRDA:121,8,0,0
BRDA:125,9,0,0
BRDA:128,10,0,0
BRDA:128,10,1,0
BRDA:129,11,0,0
BRDA:129,11,1,0
BRDA:134,12,0,0
BRDA:136,13,0,0
BRDA:141,14,0,0
BRDA:144,15,0,0
BRDA:147,16,0,0
BRDA:167,17,0,0
BRDA:167,18,0,0
BRDA:167,18,1,0
BRDA:170,19,0,0
BRDA:170,19,1,0
BRDA:171,20,0,0
BRDA:171,20,1,0
BRDA:175,21,0,0
BRDA:175,21,1,0
BRF:30
BRH:5
end_of_record
TN:
SF:utils/stats.ts
FN:28,mean
FN:30,(anonymous_1)
FN:34,stdDev
FN:37,(anonymous_3)
FN:41,clamp
FN:53,linearRegression
FN:58,(anonymous_6)
FN:59,(anonymous_7)
FN:76,computeTrend
FN:113,cohensD
FN:132,confidence
FN:139,confidenceLabel
FN:148,trendArrow
FN:153,stressTrendArrow
FN:158,ordinal
FNF:15
FNH:15
FNDA:1152,mean
FNDA:9753,(anonymous_1)
FNDA:60,stdDev
FNDA:499,(anonymous_3)
FNDA:5,clamp
FNDA:10,linearRegression
FNDA:56,(anonymous_6)
FNDA:56,(anonymous_7)
FNDA:9,computeTrend
FNDA:16,cohensD
FNDA:26,confidence
FNDA:3,confidenceLabel
FNDA:3,trendArrow
FNDA:3,stressTrendArrow
FNDA:94,ordinal
DA:28,10
DA:29,1152
DA:30,9753
DA:34,10
DA:35,60
DA:36,58
DA:37,499
DA:41,10
DA:42,5
DA:53,10
DA:54,10
DA:55,10
DA:56,8
DA:57,8
DA:58,56
DA:59,56
DA:60,8
DA:61,8
DA:62,8
DA:76,10
DA:77,9
DA:78,9
DA:83,7
DA:84,1
DA:85,1
DA:86,1
DA:88,6
DA:89,6
DA:90,6
DA:94,7
DA:96,7
DA:113,10
DA:114,16
DA:115,14
DA:116,14
DA:117,14
DA:118,14
DA:119,14
DA:123,14
DA:124,8
DA:132,10
DA:133,26
DA:134,11
DA:135,2
DA:139,10
DA:140,3
DA:141,1
DA:142,1
DA:143,1
DA:148,10
DA:149,3
DA:153,10
DA:154,3
DA:158,10
DA:159,94
DA:160,92
DA:161,92
DA:162,92
LF:58
LH:58
BRDA:29,0,0,1
BRDA:35,1,0,2
BRDA:55,2,0,2
BRDA:61,3,0,0
BRDA:78,4,0,2
BRDA:83,5,0,1
BRDA:83,5,1,6
BRDA:94,6,0,4
BRDA:94,6,1,3
BRDA:94,7,0,2
BRDA:94,7,1,1
BRDA:100,8,0,5
BRDA:100,8,1,2
BRDA:114,9,0,2
BRDA:114,10,0,16
BRDA:114,10,1,15
BRDA:123,11,0,6
BRDA:133,12,0,15
BRDA:134,13,0,9
BRDA:140,14,0,1
BRDA:140,14,1,1
BRDA:140,14,2,1
BRDA:149,15,0,1
BRDA:149,15,1,2
BRDA:149,16,0,1
BRDA:149,16,1,1
BRDA:154,17,0,1
BRDA:154,17,1,2
BRDA:154,18,0,1
BRDA:154,18,1,1
BRDA:159,19,0,2
BRDA:162,20,0,92
BRDA:162,20,1,77
BRDA:162,20,2,44
BRF:34
BRH:33
end_of_record
TN:
SF:utils/tagAnalytics.ts
FN:26,capitalize
FN:56,tagLabel
FN:99,splitBestHard
FN:107,(anonymous_3)
FN:110,(anonymous_4)
FN:111,(anonymous_5)
FN:112,(anonymous_6)
FN:114,(anonymous_7)
FN:125,computeTagLift
FN:143,(anonymous_9)
FN:144,(anonymous_10)
FN:145,(anonymous_11)
FN:148,(anonymous_12)
FN:153,(anonymous_13)
FN:154,(anonymous_14)
FN:164,(anonymous_15)
FN:164,(anonymous_16)
FN:165,(anonymous_17)
FN:165,(anonymous_18)
FN:167,(anonymous_19)
FN:206,computeTagImpact
FN:218,(anonymous_21)
FN:219,(anonymous_22)
FN:223,(anonymous_23)
FN:224,(anonymous_24)
FN:227,(anonymous_25)
FN:228,(anonymous_26)
FN:231,(anonymous_27)
FN:232,(anonymous_28)
FN:274,(anonymous_29)
FN:280,(anonymous_30)
FN:324,computeTagPairs
FN:328,(anonymous_32)
FN:329,(anonymous_33)
FN:349,(anonymous_34)
FN:354,(anonymous_35)
FN:355,(anonymous_36)
FN:356,(anonymous_37)
FN:393,(anonymous_38)
FN:394,(anonymous_39)
FN:398,(anonymous_40)
FN:399,(anonymous_41)
FN:402,(anonymous_42)
FN:451,classifyTags
FN:482,(anonymous_44)
FN:483,(anonymous_45)
FN:484,(anonymous_46)
FN:487,(anonymous_47)
FN:539,(anonymous_48)
FN:540,(anonymous_49)
FN:541,(anonymous_50)
FN:543,(anonymous_51)
FN:597,computeTagJournalAgreement
FN:604,(anonymous_53)
FN:618,(anonymous_54)
FN:621,(anonymous_55)
FN:635,(anonymous_56)
FN:652,(anonymous_57)
FN:673,computeTagChartAgreement
FN:684,(anonymous_59)
FN:690,(anonymous_60)
FN:695,(anonymous_61)
FN:700,(anonymous_62)
FN:705,(anonymous_63)
FN:710,(anonymous_64)
FN:715,(anonymous_65)
FN:720,(anonymous_66)
FN:725,(anonymous_67)
FN:730,(anonymous_68)
FN:735,(anonymous_69)
FN:794,computeTagAnalytics
FN:805,(anonymous_71)
FN:806,(anonymous_72)
FNF:73
FNH:29
FNDA:6,capitalize
FNDA:14,tagLabel
FNDA:9,splitBestHard
FNDA:148,(anonymous_3)
FNDA:186,(anonymous_4)
FNDA:36,(anonymous_5)
FNDA:36,(anonymous_6)
FNDA:156,(anonymous_7)
FNDA:9,computeTagLift
FNDA:231,(anonymous_9)
FNDA:231,(anonymous_10)
FNDA:231,(anonymous_11)
FNDA:231,(anonymous_12)
FNDA:55,(anonymous_13)
FNDA:100,(anonymous_14)
FNDA:11,(anonymous_15)
FNDA:15,(anonymous_16)
FNDA:11,(anonymous_17)
FNDA:0,(anonymous_18)
FNDA:146,(anonymous_19)
FNDA:5,computeTagImpact
FNDA:56,(anonymous_21)
FNDA:56,(anonymous_22)
FNDA:21,(anonymous_23)
FNDA:21,(anonymous_24)
FNDA:21,(anonymous_25)
FNDA:21,(anonymous_26)
FNDA:21,(anonymous_27)
FNDA:21,(anonymous_28)
FNDA:0,(anonymous_29)
FNDA:56,(anonymous_30)
FNDA:0,computeTagPairs
FNDA:0,(anonymous_32)
FNDA:0,(anonymous_33)
FNDA:0,(anonymous_34)
FNDA:0,(anonymous_35)
FNDA:0,(anonymous_36)
FNDA:0,(anonymous_37)
FNDA:0,(anonymous_38)
FNDA:0,(anonymous_39)
FNDA:0,(anonymous_40)
FNDA:0,(anonymous_41)
FNDA:0,(anonymous_42)
FNDA:0,classifyTags
FNDA:0,(anonymous_44)
FNDA:0,(anonymous_45)
FNDA:0,(anonymous_46)
FNDA:0,(anonymous_47)
FNDA:0,(anonymous_48)
FNDA:0,(anonymous_49)
FNDA:0,(anonymous_50)
FNDA:0,(anonymous_51)
FNDA:0,computeTagJournalAgreement
FNDA:0,(anonymous_53)
FNDA:0,(anonymous_54)
FNDA:0,(anonymous_55)
FNDA:0,(anonymous_56)
FNDA:0,(anonymous_57)
FNDA:0,computeTagChartAgreement
FNDA:0,(anonymous_59)
FNDA:0,(anonymous_60)
FNDA:0,(anonymous_61)
FNDA:0,(anonymous_62)
FNDA:0,(anonymous_63)
FNDA:0,(anonymous_64)
FNDA:0,(anonymous_65)
FNDA:0,(anonymous_66)
FNDA:0,(anonymous_67)
FNDA:0,(anonymous_68)
FNDA:0,(anonymous_69)
FNDA:0,computeTagAnalytics
FNDA:0,(anonymous_71)
FNDA:0,(anonymous_72)
DA:20,3
DA:27,6
DA:30,3
DA:60,14
DA:61,0
DA:62,0
DA:64,14
DA:65,0
DA:66,0
DA:69,14
DA:102,9
DA:103,9
DA:105,8
DA:107,148
DA:108,8
DA:110,186
DA:111,36
DA:112,36
DA:113,8
DA:114,156
DA:116,8
DA:118,7
DA:125,3
DA:126,9
DA:127,9
DA:128,2
DA:131,7
DA:134,7
DA:135,7
DA:136,146
DA:139,7
DA:141,7
DA:142,11
DA:143,231
DA:144,231
DA:145,231
DA:146,11
DA:148,231
DA:151,11
DA:153,55
DA:154,100
DA:155,11
DA:158,11
DA:159,11
DA:161,11
DA:164,15
DA:165,11
DA:167,146
DA:169,7
DA:206,3
DA:207,5
DA:208,5
DA:210,4
DA:211,4
DA:212,56
DA:215,4
DA:217,4
DA:218,56
DA:219,56
DA:221,4
DA:223,21
DA:224,21
DA:225,3
DA:227,21
DA:228,21
DA:229,3
DA:231,21
DA:232,21
DA:233,3
DA:236,3
DA:237,0
DA:241,3
DA:244,3
DA:245,3
DA:246,3
DA:248,3
DA:249,0
DA:252,3
DA:253,3
DA:257,0
DA:262,3
DA:274,4
DA:275,0
DA:276,0
DA:277,0
DA:280,56
DA:282,4
DA:324,3
DA:325,0
DA:326,0
DA:328,0
DA:329,0
DA:332,0
DA:333,0
DA:334,0
DA:335,0
DA:336,0
DA:340,0
DA:343,0
DA:344,0
DA:345,0
DA:346,0
DA:348,0
DA:349,0
DA:352,0
DA:354,0
DA:355,0
DA:356,0
DA:358,0
DA:359,0
DA:362,0
DA:364,0
DA:365,0
DA:368,0
DA:369,0
DA:373,0
DA:378,0
DA:392,0
DA:393,0
DA:394,0
DA:397,0
DA:398,0
DA:399,0
DA:402,0
DA:404,0
DA:451,3
DA:456,0
DA:457,0
DA:460,0
DA:461,0
DA:462,0
DA:465,0
DA:466,0
DA:467,0
DA:471,0
DA:472,0
DA:473,0
DA:476,0
DA:477,0
DA:478,0
DA:480,0
DA:481,0
DA:482,0
DA:483,0
DA:484,0
DA:485,0
DA:487,0
DA:490,0
DA:492,0
DA:493,0
DA:495,0
DA:496,0
DA:497,0
DA:498,0
DA:500,0
DA:503,0
DA:504,0
DA:506,0
DA:507,0
DA:512,0
DA:513,0
DA:514,0
DA:515,0
DA:516,0
DA:517,0
DA:518,0
DA:519,0
DA:520,0
DA:521,0
DA:522,0
DA:523,0
DA:525,0
DA:526,0
DA:529,0
DA:533,0
DA:534,0
DA:535,0
DA:539,0
DA:540,0
DA:541,0
DA:543,0
DA:545,0
DA:574,3
DA:597,3
DA:600,0
DA:603,0
DA:604,0
DA:607,0
DA:609,0
DA:610,0
DA:611,0
DA:614,0
DA:615,0
DA:616,0
DA:618,0
DA:619,0
DA:620,0
DA:621,0
DA:624,0
DA:627,0
DA:628,0
DA:629,0
DA:630,0
DA:631,0
DA:635,0
DA:636,0
DA:638,0
DA:640,0
DA:652,0
DA:673,3
DA:677,0
DA:679,0
DA:680,0
DA:683,0
DA:685,0
DA:686,0
DA:687,0
DA:688,0
DA:691,0
DA:692,0
DA:693,0
DA:696,0
DA:697,0
DA:698,0
DA:701,0
DA:702,0
DA:703,0
DA:706,0
DA:707,0
DA:708,0
DA:711,0
DA:712,0
DA:713,0
DA:716,0
DA:717,0
DA:718,0
DA:721,0
DA:722,0
DA:723,0
DA:726,0
DA:727,0
DA:728,0
DA:731,0
DA:732,0
DA:733,0
DA:736,0
DA:737,0
DA:738,0
DA:742,0
DA:744,0
DA:745,0
DA:746,0
DA:748,0
DA:749,0
DA:751,0
DA:753,0
DA:762,0
DA:794,3
DA:798,0
DA:799,0
DA:800,0
DA:801,0
DA:802,0
DA:803,0
DA:805,0
DA:806,0
DA:808,0
LF:267
LH:83
BRDA:60,0,0,0
BRDA:62,1,0,0
BRDA:62,1,1,0
BRDA:64,2,0,0
BRDA:66,3,0,0
BRDA:66,3,1,0
BRDA:69,4,0,14
BRDA:69,4,1,6
BRDA:103,5,0,1
BRDA:107,6,0,148
BRDA:107,6,1,142
BRDA:110,7,0,186
BRDA:110,7,1,148
BRDA:116,8,0,1
BRDA:116,9,0,8
BRDA:116,9,1,7
BRDA:127,10,0,2
BRDA:151,11,0,0
BRDA:151,12,0,11
BRDA:151,12,1,0
BRDA:151,13,0,0
BRDA:151,13,1,0
BRDA:151,13,2,0
BRDA:158,14,0,0
BRDA:159,15,0,0
BRDA:164,16,0,15
BRDA:164,16,1,15
BRDA:165,17,0,0
BRDA:165,17,1,0
BRDA:172,18,0,7
BRDA:172,18,1,4
BRDA:208,19,0,1
BRDA:221,20,0,1
BRDA:221,21,0,4
BRDA:221,21,1,3
BRDA:236,22,0,0
BRDA:236,23,0,3
BRDA:236,23,1,0
BRDA:236,23,2,0
BRDA:248,24,0,0
BRDA:248,24,1,3
BRDA:248,25,0,3
BRDA:248,25,1,0
BRDA:249,26,0,0
BRDA:249,26,1,0
BRDA:252,27,0,3
BRDA:252,27,1,0
BRDA:253,28,0,3
BRDA:253,28,1,0
BRDA:257,29,0,0
BRDA:257,29,1,0
BRDA:326,30,0,0
BRDA:336,31,0,0
BRDA:349,32,0,0
BRDA:349,32,1,0
BRDA:352,33,0,0
BRDA:362,34,0,0
BRDA:362,35,0,0
BRDA:362,35,1,0
BRDA:368,36,0,0
BRDA:368,36,1,0
BRDA:369,37,0,0
BRDA:369,37,1,0
BRDA:373,38,0,0
BRDA:373,38,1,0
BRDA:393,39,0,0
BRDA:393,39,1,0
BRDA:398,40,0,0
BRDA:398,40,1,0
BRDA:407,41,0,0
BRDA:407,41,1,0
BRDA:457,42,0,0
BRDA:490,43,0,0
BRDA:490,44,0,0
BRDA:490,44,1,0
BRDA:490,45,0,0
BRDA:490,45,1,0
BRDA:490,45,2,0
BRDA:495,46,0,0
BRDA:495,46,1,0
BRDA:495,47,0,0
BRDA:495,47,1,0
BRDA:495,48,0,0
BRDA:495,48,1,0
BRDA:496,49,0,0
BRDA:496,49,1,0
BRDA:496,50,0,0
BRDA:496,50,1,0
BRDA:496,51,0,0
BRDA:496,51,1,0
BRDA:497,52,0,0
BRDA:497,52,1,0
BRDA:497,53,0,0
BRDA:497,53,1,0
BRDA:497,54,0,0
BRDA:497,54,1,0
BRDA:498,55,0,0
BRDA:498,55,1,0
BRDA:506,56,0,0
BRDA:506,56,1,0
BRDA:506,56,2,0
BRDA:506,56,3,0
BRDA:507,57,0,0
BRDA:507,57,1,0
BRDA:507,57,2,0
BRDA:507,57,3,0
BRDA:512,58,0,0
BRDA:512,58,1,0
BRDA:515,59,0,0
BRDA:516,60,0,0
BRDA:517,61,0,0
BRDA:517,61,1,0
BRDA:518,62,0,0
BRDA:518,62,1,0
BRDA:521,63,0,0
BRDA:522,64,0,0
BRDA:533,65,0,0
BRDA:533,65,1,0
BRDA:534,66,0,0
BRDA:534,66,1,0
BRDA:539,67,0,0
BRDA:539,67,1,0
BRDA:540,68,0,0
BRDA:540,68,1,0
BRDA:541,69,0,0
BRDA:541,69,1,0
BRDA:604,70,0,0
BRDA:604,70,1,0
BRDA:607,71,0,0
BRDA:616,72,0,0
BRDA:619,73,0,0
BRDA:624,74,0,0
BRDA:631,75,0,0
BRDA:646,76,0,0
BRDA:646,76,1,0
BRDA:652,77,0,0
BRDA:652,77,1,0
BRDA:677,78,0,0
BRDA:685,79,0,0
BRDA:686,80,0,0
BRDA:687,81,0,0
BRDA:691,82,0,0
BRDA:692,83,0,0
BRDA:696,84,0,0
BRDA:697,85,0,0
BRDA:701,86,0,0
BRDA:701,87,0,0
BRDA:701,87,1,0
BRDA:702,88,0,0
BRDA:706,89,0,0
BRDA:707,90,0,0
BRDA:711,91,0,0
BRDA:712,92,0,0
BRDA:716,93,0,0
BRDA:717,94,0,0
BRDA:721,95,0,0
BRDA:722,96,0,0
BRDA:726,97,0,0
BRDA:726,98,0,0
BRDA:726,98,1,0
BRDA:727,99,0,0
BRDA:731,100,0,0
BRDA:732,101,0,0
BRDA:736,102,0,0
BRDA:737,103,0,0
BRDA:746,104,0,0
BRDA:749,105,0,0
BRDA:751,106,0,0
BRDA:751,106,1,0
BRF:169
BRH:25
end_of_record
TN:
SF:utils/textLayout.ts
FN:1,keepLastWordsTogether
FN:16,normalizeDisplayText
FNF:2
FNH:0
FNDA:0,keepLastWordsTogether
FNDA:0,normalizeDisplayText
DA:1,0
DA:2,0
DA:3,0
DA:5,0
DA:6,0
DA:8,0
DA:9,0
DA:16,0
DA:17,0
DA:19,0
LF:10
LH:0
BRDA:1,0,0,0
BRDA:3,1,0,0
BRDA:6,2,0,0
BRDA:17,3,0,0
BRF:4
BRH:0
end_of_record
TN:
SF:utils/triggerLogHelpers.ts
FN:9,formatTime
FN:18,formatDate
FN:28,timeOfDayLabel
FNF:3
FNH:3
FNDA:6,formatTime
FNDA:4,formatDate
FNDA:14,timeOfDayLabel
DA:9,1
DA:10,6
DA:11,6
DA:12,6
DA:13,6
DA:14,6
DA:15,6
DA:18,1
DA:19,4
DA:20,4
DA:21,4
DA:22,4
DA:23,4
DA:24,3
DA:25,2
DA:28,1
DA:29,14
DA:30,14
DA:31,11
DA:32,8
DA:33,5
DA:34,2
LF:22
LH:22
BRDA:13,0,0,3
BRDA:13,0,1,3
BRDA:14,1,0,6
BRDA:14,1,1,2
BRDA:23,2,0,1
BRDA:24,3,0,1
BRDA:30,4,0,3
BRDA:31,5,0,3
BRDA:32,6,0,3
BRDA:33,7,0,3
BRF:10
BRH:10
end_of_record
TN:
SF:utils/triggerPatterns.ts
FN:30,timestampToTimeOfDay
FN:46,computeTriggerPatternSummary
FN:50,(anonymous_2)
FN:51,(anonymous_3)
FN:60,(anonymous_4)
FN:70,(anonymous_5)
FN:74,(anonymous_6)
FN:76,(anonymous_7)
FN:80,(anonymous_8)
FN:97,buildTriggerPatternNarrative
FNF:10
FNH:10
FNDA:40,timestampToTimeOfDay
FNDA:11,computeTriggerPatternSummary
FNDA:31,(anonymous_2)
FNDA:31,(anonymous_3)
FNDA:1,(anonymous_4)
FNDA:1,(anonymous_5)
FNDA:24,(anonymous_6)
FNDA:2,(anonymous_7)
FNDA:24,(anonymous_8)
FNDA:8,buildTriggerPatternNarrative
DA:30,1
DA:31,40
DA:32,40
DA:33,36
DA:34,27
DA:35,23
DA:36,20
DA:46,1
DA:50,31
DA:51,31
DA:54,11
DA:55,11
DA:56,24
DA:57,3
DA:60,11
DA:63,11
DA:64,11
DA:65,24
DA:66,24
DA:69,11
DA:70,1
DA:74,24
DA:75,11
DA:76,2
DA:80,24
DA:82,11
DA:97,1
DA:98,8
DA:101,8
DA:105,8
DA:109,8
DA:113,8
DA:118,8
DA:123,8
DA:127,8
LF:35
LH:35
BRDA:32,0,0,4
BRDA:33,1,0,9
BRDA:34,2,0,4
BRDA:35,3,0,3
BRDA:48,4,0,9
BRDA:56,5,0,3
BRDA:57,6,0,3
BRDA:57,6,1,2
BRDA:60,7,0,11
BRDA:60,7,1,10
BRDA:66,8,0,24
BRDA:66,8,1,10
BRDA:69,9,0,1
BRDA:69,9,1,10
BRDA:70,10,0,1
BRDA:70,10,1,0
BRDA:75,11,0,1
BRDA:75,11,1,10
BRDA:76,12,0,2
BRDA:76,12,1,0
BRDA:85,13,0,2
BRDA:85,13,1,9
BRDA:101,14,0,2
BRDA:101,14,1,6
BRDA:105,15,0,1
BRDA:105,15,1,7
BRDA:109,16,0,1
BRDA:109,16,1,7
BRDA:113,17,0,1
BRDA:113,17,1,7
BRDA:118,18,0,1
BRDA:118,18,1,7
BRDA:123,19,0,6
BRDA:123,19,1,2
BRF:34
BRH:32
end_of_record
TN:
SF:utils/withRetry.ts
FN:21,(anonymous_0)
FN:28,(anonymous_1)
FN:36,(anonymous_2)
FN:37,(anonymous_3)
FN:41,(anonymous_4)
FN:50,(anonymous_5)
FN:51,(anonymous_6)
FN:63,withRetry
FNF:8
FNH:0
FNDA:0,(anonymous_0)
FNDA:0,(anonymous_1)
FNDA:0,(anonymous_2)
FNDA:0,(anonymous_3)
FNDA:0,(anonymous_4)
FNDA:0,(anonymous_5)
FNDA:0,(anonymous_6)
FNDA:0,withRetry
DA:6,6
DA:16,6
DA:24,6
DA:29,0
DA:30,0
DA:31,0
DA:32,0
DA:36,6
DA:37,0
DA:38,0
DA:41,6
DA:45,0
DA:47,0
DA:48,0
DA:51,0
DA:52,0
DA:57,0
DA:58,0
DA:63,6
DA:68,0
DA:69,0
DA:70,0
DA:72,0
DA:73,0
DA:74,0
DA:76,0
DA:78,0
DA:79,0
DA:82,0
DA:87,0
DA:92,0
DA:93,0
DA:97,0
DA:100,6
LF:34
LH:7
BRDA:57,0,0,0
BRDA:66,1,0,0
BRDA:76,2,0,0
BRDA:76,2,1,0
BRDA:78,3,0,0
BRDA:97,4,0,0
BRDA:97,4,1,0
BRF:7
BRH:0
end_of_record
