TN:
SF:app/_layout.tsx
FN:44,(anonymous_0)
FN:50,lazyRequire
FN:53,(anonymous_2)
FN:60,(anonymous_3)
FN:64,(anonymous_4)
FN:68,(anonymous_5)
FN:72,(anonymous_6)
FN:152,(anonymous_7)
FN:157,(anonymous_8)
FN:161,(anonymous_9)
FN:163,(anonymous_10)
FN:165,(anonymous_11)
FN:170,(anonymous_12)
FN:177,(anonymous_13)
FN:190,getTermsConsent
FN:200,setTermsConsent
FN:209,RootLayout
FN:228,loadSyncService
FN:230,(anonymous_18)
FN:233,loadSecureStore
FN:235,(anonymous_20)
FN:238,loadWebCrypto
FN:240,(anonymous_22)
FN:243,loadNotifications
FN:245,(anonymous_24)
FN:248,loadGrowthAnalytics
FN:250,(anonymous_26)
FN:253,loadSentry
FN:255,(anonymous_28)
FN:258,AppShell
FN:267,(anonymous_30)
FN:297,(anonymous_31)
FN:311,(anonymous_32)
FN:314,(anonymous_33)
FN:315,(anonymous_34)
FN:316,(anonymous_35)
FN:320,(anonymous_36)
FN:334,(anonymous_37)
FN:374,(anonymous_38)
FN:396,(anonymous_39)
FN:411,(anonymous_40)
FN:435,(anonymous_41)
FN:436,(anonymous_42)
FN:443,(anonymous_43)
FN:455,(anonymous_44)
FN:457,(anonymous_45)
FN:521,(anonymous_46)
FN:530,(anonymous_47)
FN:539,(anonymous_48)
FN:547,(anonymous_49)
FN:552,(anonymous_50)
FN:582,(anonymous_51)
FN:583,(anonymous_52)
FN:594,(anonymous_53)
FN:598,(anonymous_54)
FN:605,(anonymous_55)
FN:607,(anonymous_56)
FN:608,(anonymous_57)
FN:614,(anonymous_58)
FN:615,(anonymous_59)
FN:618,(anonymous_60)
FN:658,(anonymous_61)
FN:670,(anonymous_62)
FN:675,(anonymous_63)
FN:677,(anonymous_64)
FN:679,(anonymous_65)
FN:687,(anonymous_66)
FN:689,(anonymous_67)
FN:691,(anonymous_68)
FN:697,(anonymous_69)
FN:706,(anonymous_70)
FN:716,(anonymous_71)
FN:730,(anonymous_72)
FN:743,(anonymous_73)
FN:759,(anonymous_74)
FN:762,(anonymous_75)
FN:763,(anonymous_76)
FN:765,(anonymous_77)
FN:852,(anonymous_78)
FN:877,(anonymous_79)
FNF:80
FNH:44
FNDA:0,(anonymous_0)
FNDA:4,lazyRequire
FNDA:0,(anonymous_2)
FNDA:0,(anonymous_3)
FNDA:0,(anonymous_4)
FNDA:0,(anonymous_5)
FNDA:0,(anonymous_6)
FNDA:1,(anonymous_7)
FNDA:0,(anonymous_8)
FNDA:0,(anonymous_9)
FNDA:0,(anonymous_10)
FNDA:0,(anonymous_11)
FNDA:1,(anonymous_12)
FNDA:0,(anonymous_13)
FNDA:1,getTermsConsent
FNDA:1,setTermsConsent
FNDA:1,RootLayout
FNDA:1,loadSyncService
FNDA:1,(anonymous_18)
FNDA:2,loadSecureStore
FNDA:2,(anonymous_20)
FNDA:1,loadWebCrypto
FNDA:1,(anonymous_22)
FNDA:2,loadNotifications
FNDA:2,(anonymous_24)
FNDA:0,loadGrowthAnalytics
FNDA:0,(anonymous_26)
FNDA:1,loadSentry
FNDA:1,(anonymous_28)
FNDA:2,AppShell
FNDA:1,(anonymous_30)
FNDA:2,(anonymous_31)
FNDA:1,(anonymous_32)
FNDA:2,(anonymous_33)
FNDA:2,(anonymous_34)
FNDA:0,(anonymous_35)
FNDA:1,(anonymous_36)
FNDA:2,(anonymous_37)
FNDA:2,(anonymous_38)
FNDA:1,(anonymous_39)
FNDA:0,(anonymous_40)
FNDA:1,(anonymous_41)
FNDA:1,(anonymous_42)
FNDA:1,(anonymous_43)
FNDA:1,(anonymous_44)
FNDA:0,(anonymous_45)
FNDA:0,(anonymous_46)
FNDA:1,(anonymous_47)
FNDA:0,(anonymous_48)
FNDA:0,(anonymous_49)
FNDA:0,(anonymous_50)
FNDA:1,(anonymous_51)
FNDA:0,(anonymous_52)
FNDA:0,(anonymous_53)
FNDA:1,(anonymous_54)
FNDA:2,(anonymous_55)
FNDA:2,(anonymous_56)
FNDA:0,(anonymous_57)
FNDA:0,(anonymous_58)
FNDA:2,(anonymous_59)
FNDA:0,(anonymous_60)
FNDA:1,(anonymous_61)
FNDA:1,(anonymous_62)
FNDA:8,(anonymous_63)
FNDA:1,(anonymous_64)
FNDA:0,(anonymous_65)
FNDA:0,(anonymous_66)
FNDA:0,(anonymous_67)
FNDA:0,(anonymous_68)
FNDA:0,(anonymous_69)
FNDA:0,(anonymous_70)
FNDA:2,(anonymous_71)
FNDA:0,(anonymous_72)
FNDA:0,(anonymous_73)
FNDA:2,(anonymous_74)
FNDA:0,(anonymous_75)
FNDA:1,(anonymous_76)
FNDA:0,(anonymous_77)
FNDA:0,(anonymous_78)
FNDA:2,(anonymous_79)
DA:44,1
DA:53,4
DA:58,1
DA:60,0
DA:62,1
DA:64,0
DA:66,1
DA:68,0
DA:70,1
DA:72,0
DA:78,1
DA:110,1
DA:153,1
DA:154,1
DA:158,0
DA:162,0
DA:163,0
DA:164,0
DA:171,1
DA:172,0
DA:177,0
DA:186,1
DA:191,1
DA:192,1
DA:193,1
DA:194,1
DA:196,0
DA:201,1
DA:202,1
DA:203,1
DA:205,0
DA:210,1
DA:230,1
DA:235,2
DA:240,1
DA:245,2
DA:250,0
DA:255,1
DA:259,2
DA:260,2
DA:261,2
DA:262,2
DA:266,2
DA:267,2
DA:270,2
DA:272,2
DA:273,2
DA:274,2
DA:276,2
DA:280,2
DA:282,2
DA:283,2
DA:286,2
DA:289,2
DA:290,2
DA:291,2
DA:293,2
DA:294,2
DA:295,2
DA:297,2
DA:298,2
DA:299,2
DA:300,2
DA:311,2
DA:312,1
DA:313,1
DA:314,2
DA:315,2
DA:320,2
DA:321,1
DA:322,1
DA:324,1
DA:325,1
DA:326,1
DA:327,1
DA:328,1
DA:331,0
DA:334,2
DA:335,2
DA:336,2
DA:337,2
DA:338,2
DA:342,0
DA:344,0
DA:345,0
DA:346,0
DA:349,0
DA:350,0
DA:366,0
DA:367,0
DA:369,0
DA:370,0
DA:374,2
DA:375,2
DA:376,2
DA:377,2
DA:378,2
DA:379,0
DA:380,0
DA:385,2
DA:386,2
DA:387,2
DA:388,2
DA:390,0
DA:391,0
DA:392,0
DA:396,2
DA:397,1
DA:398,1
DA:400,1
DA:402,1
DA:403,1
DA:404,1
DA:405,1
DA:406,1
DA:407,1
DA:410,1
DA:411,1
DA:412,0
DA:416,1
DA:417,1
DA:422,1
DA:423,1
DA:424,1
DA:425,1
DA:429,0
DA:431,1
DA:435,2
DA:436,1
DA:437,1
DA:441,1
DA:442,1
DA:443,1
DA:444,1
DA:447,0
DA:454,1
DA:455,1
DA:456,1
DA:457,0
DA:458,0
DA:462,1
DA:463,1
DA:464,1
DA:466,1
DA:467,1
DA:473,1
DA:474,1
DA:475,0
DA:476,0
DA:484,0
DA:490,1
DA:491,0
DA:492,0
DA:493,0
DA:495,1
DA:496,1
DA:499,1
DA:500,1
DA:501,1
DA:505,0
DA:507,1
DA:509,0
DA:510,0
DA:512,1
DA:513,1
DA:514,1
DA:515,1
DA:521,1
DA:522,0
DA:523,0
DA:524,0
DA:528,1
DA:530,1
DA:531,1
DA:532,0
DA:533,0
DA:539,2
DA:540,0
DA:541,0
DA:542,0
DA:543,0
DA:544,0
DA:545,0
DA:547,0
DA:548,0
DA:549,0
DA:552,0
DA:553,0
DA:554,0
DA:555,0
DA:556,0
DA:558,0
DA:559,0
DA:561,0
DA:562,0
DA:564,0
DA:567,0
DA:568,0
DA:570,0
DA:571,0
DA:572,0
DA:573,0
DA:578,0
DA:582,2
DA:583,1
DA:584,0
DA:585,0
DA:586,0
DA:588,0
DA:589,0
DA:594,1
DA:595,0
DA:598,1
DA:599,1
DA:600,1
DA:605,2
DA:607,2
DA:608,2
DA:609,0
DA:610,0
DA:611,0
DA:615,2
DA:618,2
DA:619,0
DA:620,0
DA:622,0
DA:623,0
DA:627,0
DA:628,0
DA:629,0
DA:638,0
DA:641,0
DA:644,0
DA:645,0
DA:649,0
DA:651,0
DA:652,0
DA:658,2
DA:659,1
DA:660,0
DA:661,0
DA:662,0
DA:663,0
DA:664,0
DA:670,2
DA:671,1
DA:672,1
DA:673,1
DA:675,8
DA:677,1
DA:678,1
DA:679,1
DA:680,0
DA:682,1
DA:684,1
DA:685,1
DA:686,1
DA:687,1
DA:688,1
DA:689,1
DA:690,1
DA:691,1
DA:693,0
DA:696,1
DA:697,1
DA:698,1
DA:700,1
DA:701,0
DA:702,0
DA:703,0
DA:706,1
DA:707,1
DA:708,1
DA:716,2
DA:717,2
DA:724,0
DA:725,0
DA:726,0
DA:730,2
DA:731,0
DA:732,0
DA:734,0
DA:735,0
DA:736,0
DA:738,0
DA:743,2
DA:744,0
DA:745,0
DA:746,0
DA:748,0
DA:749,0
DA:751,0
DA:752,0
DA:759,2
DA:760,2
DA:761,1
DA:762,1
DA:763,1
DA:764,1
DA:769,2
DA:770,1
DA:771,0
DA:787,1
DA:790,1
DA:852,0
DA:877,2
LF:306
LH:181
BRDA:171,0,0,0
BRDA:171,0,1,1
BRDA:203,1,0,0
BRDA:203,1,1,1
BRDA:297,2,0,0
BRDA:302,3,0,2
BRDA:302,3,1,0
BRDA:303,4,0,1
BRDA:303,4,1,1
BRDA:306,5,0,2
BRDA:306,5,1,0
BRDA:322,6,0,1
BRDA:322,6,1,0
BRDA:324,7,0,1
BRDA:324,7,1,0
BRDA:324,8,0,1
BRDA:324,8,1,1
BRDA:337,9,0,2
BRDA:337,9,1,0
BRDA:337,10,0,2
BRDA:337,10,1,0
BRDA:342,11,0,0
BRDA:342,11,1,0
BRDA:344,12,0,0
BRDA:344,12,1,0
BRDA:352,13,0,0
BRDA:352,13,1,0
BRDA:354,14,0,0
BRDA:354,14,1,0
BRDA:378,15,0,0
BRDA:378,15,1,2
BRDA:397,16,0,0
BRDA:397,16,1,1
BRDA:416,17,0,1
BRDA:416,17,1,0
BRDA:422,18,0,1
BRDA:422,18,1,0
BRDA:444,19,0,1
BRDA:444,19,1,0
BRDA:456,20,0,1
BRDA:456,20,1,0
BRDA:458,21,0,0
BRDA:458,21,1,0
BRDA:474,22,0,0
BRDA:474,22,1,1
BRDA:474,23,0,1
BRDA:474,23,1,0
BRDA:490,24,0,0
BRDA:490,24,1,1
BRDA:490,25,0,1
BRDA:490,25,1,0
BRDA:499,26,0,1
BRDA:499,26,1,0
BRDA:513,27,0,1
BRDA:513,27,1,0
BRDA:522,28,0,0
BRDA:522,28,1,0
BRDA:522,29,0,0
BRDA:522,29,1,0
BRDA:531,30,0,0
BRDA:531,30,1,1
BRDA:561,31,0,0
BRDA:561,31,1,0
BRDA:571,32,0,0
BRDA:571,32,1,0
BRDA:610,33,0,0
BRDA:610,33,1,0
BRDA:610,34,0,0
BRDA:610,34,1,0
BRDA:620,35,0,0
BRDA:620,35,1,0
BRDA:659,36,0,0
BRDA:659,36,1,1
BRDA:671,37,0,0
BRDA:671,37,1,1
BRDA:678,38,0,0
BRDA:678,38,1,1
BRDA:682,39,0,0
BRDA:682,39,1,1
BRDA:686,40,0,0
BRDA:686,40,1,1
BRDA:688,41,0,0
BRDA:688,41,1,1
BRDA:690,42,0,0
BRDA:690,42,1,1
BRDA:696,43,0,0
BRDA:696,43,1,1
BRDA:698,44,0,0
BRDA:698,44,1,1
BRDA:700,45,0,0
BRDA:700,45,1,1
BRDA:707,46,0,0
BRDA:707,46,1,1
BRDA:717,47,0,0
BRDA:717,47,1,2
BRDA:718,48,0,2
BRDA:718,48,1,0
BRDA:718,48,2,0
BRDA:718,48,3,0
BRDA:718,48,4,0
BRDA:748,49,0,0
BRDA:748,49,1,0
BRDA:760,50,0,1
BRDA:760,50,1,1
BRDA:760,51,0,2
BRDA:760,51,1,1
BRDA:760,51,2,1
BRDA:760,51,3,1
BRDA:760,51,4,1
BRDA:760,51,5,1
BRDA:769,52,0,1
BRDA:769,52,1,1
BRDA:769,53,0,2
BRDA:769,53,1,1
BRDA:770,54,0,0
BRDA:770,54,1,1
BRDA:845,55,0,1
BRDA:845,55,1,1
BRDA:845,55,2,0
BRDA:849,56,0,1
BRDA:849,56,1,1
BRDA:861,57,0,1
BRDA:861,57,1,1
BRDA:861,57,2,0
BRDA:861,57,3,0
BRDA:861,57,4,0
BRF:126
BRH:57
end_of_record
TN:
SF:app/(tabs)/chartHelpers.ts
FN:1,personalizeLifeThemeSummary
FNF:1
FNH:1
FNDA:4,personalizeLifeThemeSummary
DA:5,4
DA:6,1
DA:8,3
DA:9,1
DA:11,2
DA:12,1
DA:14,1
LF:7
LH:7
BRDA:5,0,0,1
BRDA:5,0,1,3
BRDA:8,1,0,1
BRDA:8,1,1,2
BRDA:11,2,0,1
BRDA:11,2,1,1
BRF:6
BRH:6
end_of_record
TN:
SF:app/(tabs)/patternsHelpers.ts
FN:9,buildPatternLibraryState
FN:10,(anonymous_1)
FN:37,(anonymous_2)
FN:38,(anonymous_3)
FN:38,(anonymous_4)
FN:44,(anonymous_5)
FN:51,(anonymous_6)
FN:71,readableLabel
FN:75,(anonymous_8)
FN:78,refineCrossRefCopy
FNF:10
FNH:10
FNDA:2,buildPatternLibraryState
FNDA:5,(anonymous_1)
FNDA:1,(anonymous_2)
FNDA:1,(anonymous_3)
FNDA:2,(anonymous_4)
FNDA:2,(anonymous_5)
FNDA:2,(anonymous_6)
FNDA:5,readableLabel
FNDA:5,(anonymous_8)
FNDA:1,refineCrossRefCopy
DA:10,5
DA:11,2
DA:13,2
DA:14,1
DA:21,1
DA:22,1
DA:23,1
DA:24,1
DA:26,1
DA:27,3
DA:28,3
DA:29,3
DA:30,4
DA:32,3
DA:33,4
DA:37,1
DA:38,2
DA:39,1
DA:41,1
DA:42,1
DA:44,2
DA:48,1
DA:49,1
DA:51,2
DA:55,1
DA:56,1
DA:64,1
DA:72,5
DA:75,5
DA:79,1
DA:80,1
DA:87,0
LF:32
LH:31
BRDA:13,0,0,1
BRDA:13,0,1,1
BRDA:27,1,0,3
BRDA:27,1,1,0
BRDA:28,2,0,3
BRDA:28,2,1,0
BRDA:30,3,0,4
BRDA:30,3,1,2
BRDA:33,4,0,4
BRDA:33,4,1,2
BRDA:41,5,0,1
BRDA:41,5,1,0
BRDA:48,6,0,1
BRDA:48,6,1,0
BRDA:55,7,0,1
BRDA:55,7,1,0
BRDA:55,8,0,1
BRDA:55,8,1,0
BRDA:58,9,0,1
BRDA:58,9,1,0
BRDA:79,10,0,1
BRDA:79,10,1,0
BRF:22
BRH:14
end_of_record
TN:
SF:app/(tabs)/journal/dreamArchiveSummary.ts
FN:3,buildDreamArchiveSummary
FN:4,(anonymous_1)
FN:40,(anonymous_2)
FN:40,(anonymous_3)
FN:41,(anonymous_4)
FN:41,(anonymous_5)
FN:43,(anonymous_6)
FN:44,(anonymous_7)
FN:62,toReadableDreamLabel
FN:65,(anonymous_9)
FNF:10
FNH:10
FNDA:3,buildDreamArchiveSummary
FNDA:8,(anonymous_1)
FNDA:3,(anonymous_2)
FNDA:5,(anonymous_3)
FNDA:2,(anonymous_4)
FNDA:4,(anonymous_5)
FNDA:1,(anonymous_6)
FNDA:1,(anonymous_7)
FNDA:3,toReadableDreamLabel
FNDA:5,(anonymous_9)
DA:4,8
DA:5,3
DA:7,2
DA:8,2
DA:10,2
DA:11,6
DA:12,6
DA:13,6
DA:14,3
DA:15,3
DA:16,3
DA:17,3
DA:20,3
DA:21,3
DA:22,3
DA:23,3
DA:28,6
DA:29,6
DA:30,6
DA:31,6
DA:32,6
DA:40,5
DA:41,4
DA:42,2
DA:43,1
DA:44,1
DA:47,2
DA:48,1
DA:55,1
DA:63,3
DA:65,5
LF:31
LH:31
BRDA:5,0,0,1
BRDA:5,0,1,2
BRDA:11,1,0,6
BRDA:11,1,1,0
BRDA:15,2,0,3
BRDA:15,2,1,0
BRDA:15,2,2,0
BRDA:16,3,0,0
BRDA:16,3,1,3
BRDA:17,4,0,3
BRDA:17,4,1,2
BRDA:22,5,0,0
BRDA:22,5,1,3
BRDA:23,6,0,3
BRDA:23,6,1,3
BRDA:28,7,0,6
BRDA:28,7,1,0
BRDA:31,8,0,6
BRDA:31,8,1,0
BRDA:32,9,0,6
BRDA:32,9,1,4
BRDA:47,10,0,1
BRDA:47,10,1,1
BRF:23
BRH:16
end_of_record
TN:
SF:components/AuthRequiredModal.tsx
FN:43,AuthRequiredModal
FN:60,(anonymous_1)
FN:69,(anonymous_2)
FN:79,(anonymous_3)
FN:106,(anonymous_4)
FN:149,(anonymous_5)
FN:260,(anonymous_6)
FN:260,(anonymous_7)
FN:346,(anonymous_8)
FN:346,(anonymous_9)
FN:405,(anonymous_10)
FN:424,(anonymous_11)
FNF:12
FNH:10
FNDA:58,AuthRequiredModal
FNDA:1,(anonymous_1)
FNDA:2,(anonymous_2)
FNDA:2,(anonymous_3)
FNDA:1,(anonymous_4)
FNDA:9,(anonymous_5)
FNDA:0,(anonymous_6)
FNDA:0,(anonymous_7)
FNDA:1,(anonymous_8)
FNDA:1,(anonymous_9)
FNDA:6,(anonymous_10)
FNDA:58,(anonymous_11)
DA:44,58
DA:45,58
DA:46,58
DA:47,58
DA:48,58
DA:49,58
DA:50,58
DA:51,58
DA:52,58
DA:53,58
DA:54,58
DA:55,58
DA:56,58
DA:57,58
DA:58,58
DA:60,58
DA:61,1
DA:62,1
DA:63,1
DA:64,1
DA:65,1
DA:66,1
DA:69,58
DA:70,2
DA:71,2
DA:72,2
DA:73,2
DA:74,2
DA:75,2
DA:76,2
DA:79,58
DA:80,2
DA:82,2
DA:83,0
DA:84,0
DA:86,2
DA:87,0
DA:88,0
DA:91,2
DA:92,2
DA:93,2
DA:94,2
DA:95,2
DA:100,0
DA:102,2
DA:106,58
DA:107,1
DA:109,1
DA:110,0
DA:111,0
DA:113,1
DA:114,0
DA:115,0
DA:117,1
DA:118,0
DA:119,0
DA:121,1
DA:122,0
DA:123,0
DA:126,1
DA:127,1
DA:128,1
DA:133,1
DA:137,1
DA:139,1
DA:140,1
DA:141,1
DA:143,0
DA:145,1
DA:149,58
DA:150,9
DA:151,1
DA:152,1
DA:154,8
DA:155,1
DA:156,1
DA:158,7
DA:159,1
DA:160,1
DA:163,6
DA:164,6
DA:165,6
DA:166,4
DA:170,3
DA:172,2
DA:176,2
DA:180,2
DA:184,2
DA:190,2
DA:193,2
DA:195,6
DA:199,58
DA:260,0
DA:346,1
DA:405,6
DA:424,58
LF:96
LH:81
BRDA:82,0,0,0
BRDA:82,0,1,2
BRDA:86,1,0,0
BRDA:86,1,1,2
BRDA:100,2,0,0
BRDA:100,2,1,0
BRDA:109,3,0,0
BRDA:109,3,1,1
BRDA:113,4,0,0
BRDA:113,4,1,1
BRDA:117,5,0,0
BRDA:117,5,1,1
BRDA:121,6,0,0
BRDA:121,6,1,1
BRDA:137,7,0,0
BRDA:137,7,1,1
BRDA:143,8,0,0
BRDA:143,8,1,0
BRDA:150,9,0,1
BRDA:150,9,1,8
BRDA:150,10,0,9
BRDA:150,10,1,8
BRDA:154,11,0,1
BRDA:154,11,1,7
BRDA:158,12,0,1
BRDA:158,12,1,6
BRDA:165,13,0,4
BRDA:165,13,1,2
BRDA:170,14,0,2
BRDA:170,14,1,1
BRDA:184,15,0,1
BRDA:184,15,1,1
BRDA:190,16,0,1
BRDA:190,16,1,1
BRDA:206,17,0,58
BRDA:206,17,1,0
BRDA:212,18,0,9
BRDA:212,18,1,49
BRDA:212,19,0,14
BRDA:212,19,1,35
BRDA:215,20,0,9
BRDA:215,20,1,49
BRDA:216,21,0,5
BRDA:216,21,1,4
BRDA:224,22,0,9
BRDA:224,22,1,49
BRDA:237,23,0,9
BRDA:237,23,1,5
BRDA:262,24,0,0
BRDA:262,24,1,5
BRDA:266,25,0,0
BRDA:266,25,1,5
BRDA:287,26,0,5
BRDA:287,26,1,4
BRDA:291,27,0,5
BRDA:291,27,1,4
BRDA:299,28,0,0
BRDA:299,28,1,9
BRDA:303,29,0,5
BRDA:303,29,1,4
BRDA:309,30,0,9
BRDA:309,30,1,5
BRDA:348,31,0,1
BRDA:348,31,1,48
BRDA:352,32,0,1
BRDA:352,32,1,48
BRDA:359,33,0,49
BRDA:359,33,1,14
BRDA:372,34,0,14
BRDA:372,34,1,35
BRDA:380,35,0,3
BRDA:380,35,1,46
BRDA:384,36,0,14
BRDA:384,36,1,32
BRDA:393,37,0,9
BRDA:393,37,1,49
BRDA:405,38,0,1
BRDA:405,38,1,5
BRDA:407,39,0,14
BRDA:407,39,1,35
BRDA:410,40,0,14
BRDA:410,40,1,35
BRDA:413,41,0,14
BRDA:413,41,1,35
BRF:84
BRH:69
end_of_record
TN:
SF:components/OnboardingModal.tsx
FN:113,LivingBackground
FN:120,ProcessingOrb
FN:123,(anonymous_2)
FN:132,(anonymous_3)
FN:137,(anonymous_4)
FN:141,(anonymous_5)
FN:156,ProgressIndicator
FN:159,(anonymous_7)
FN:173,BottomNav
FN:189,(anonymous_9)
FN:197,(anonymous_10)
FN:210,(anonymous_11)
FN:211,(anonymous_12)
FN:242,OnboardingModal
FN:289,(anonymous_14)
FN:294,(anonymous_15)
FN:295,(anonymous_16)
FN:304,(anonymous_17)
FN:305,(anonymous_18)
FN:309,(anonymous_19)
FN:318,(anonymous_20)
FN:327,(anonymous_21)
FN:337,(anonymous_22)
FN:364,(anonymous_23)
FN:409,(anonymous_24)
FN:456,(anonymous_25)
FN:457,(anonymous_26)
FN:462,(anonymous_27)
FN:464,(anonymous_28)
FN:468,(anonymous_29)
FN:469,(anonymous_30)
FN:473,(anonymous_31)
FN:474,(anonymous_32)
FN:478,(anonymous_33)
FN:479,(anonymous_34)
FN:484,(anonymous_35)
FN:487,(anonymous_36)
FN:508,(anonymous_37)
FN:543,(anonymous_38)
FN:545,(anonymous_39)
FN:551,(anonymous_40)
FN:556,(anonymous_41)
FN:568,(anonymous_42)
FN:597,(anonymous_43)
FN:598,(anonymous_44)
FN:608,(anonymous_45)
FN:612,(anonymous_46)
FN:613,(anonymous_47)
FN:625,(anonymous_48)
FN:658,(anonymous_49)
FN:660,(anonymous_50)
FN:665,(anonymous_51)
FN:671,(anonymous_52)
FN:681,(anonymous_53)
FN:769,(anonymous_54)
FN:769,(anonymous_55)
FN:798,(anonymous_56)
FN:799,(anonymous_57)
FN:854,(anonymous_58)
FN:854,(anonymous_59)
FN:874,(anonymous_60)
FN:875,(anonymous_61)
FN:890,(anonymous_62)
FN:957,(anonymous_63)
FN:960,(anonymous_64)
FN:961,(anonymous_65)
FN:974,(anonymous_66)
FN:985,(anonymous_67)
FN:1012,(anonymous_68)
FN:1013,(anonymous_69)
FN:1047,(anonymous_70)
FN:1077,(anonymous_71)
FN:1078,(anonymous_72)
FN:1083,(anonymous_73)
FN:1092,(anonymous_74)
FN:1093,(anonymous_75)
FN:1098,(anonymous_76)
FN:1110,(anonymous_77)
FN:1111,(anonymous_78)
FN:1116,(anonymous_79)
FN:1125,(anonymous_80)
FN:1126,(anonymous_81)
FN:1131,(anonymous_82)
FN:1140,(anonymous_83)
FN:1141,(anonymous_84)
FN:1146,(anonymous_85)
FN:1156,(anonymous_86)
FN:1188,(anonymous_87)
FN:1207,(anonymous_88)
FN:1215,(anonymous_89)
FN:1216,(anonymous_90)
FN:1292,(anonymous_91)
FN:1293,(anonymous_92)
FN:1306,(anonymous_93)
FN:1317,(anonymous_94)
FNF:95
FNH:40
FNDA:30,LivingBackground
FNDA:1,ProcessingOrb
FNDA:1,(anonymous_2)
FNDA:0,(anonymous_3)
FNDA:0,(anonymous_4)
FNDA:0,(anonymous_5)
FNDA:8,ProgressIndicator
FNDA:32,(anonymous_7)
FNDA:8,BottomNav
FNDA:0,(anonymous_9)
FNDA:6,(anonymous_10)
FNDA:0,(anonymous_11)
FNDA:0,(anonymous_12)
FNDA:32,OnboardingModal
FNDA:0,(anonymous_14)
FNDA:7,(anonymous_15)
FNDA:7,(anonymous_16)
FNDA:7,(anonymous_17)
FNDA:0,(anonymous_18)
FNDA:0,(anonymous_19)
FNDA:0,(anonymous_20)
FNDA:1,(anonymous_21)
FNDA:1,(anonymous_22)
FNDA:0,(anonymous_23)
FNDA:3,(anonymous_24)
FNDA:1,(anonymous_25)
FNDA:0,(anonymous_26)
FNDA:1,(anonymous_27)
FNDA:0,(anonymous_28)
FNDA:1,(anonymous_29)
FNDA:0,(anonymous_30)
FNDA:1,(anonymous_31)
FNDA:0,(anonymous_32)
FNDA:0,(anonymous_33)
FNDA:0,(anonymous_34)
FNDA:1,(anonymous_35)
FNDA:0,(anonymous_36)
FNDA:0,(anonymous_37)
FNDA:0,(anonymous_38)
FNDA:1,(anonymous_39)
FNDA:0,(anonymous_40)
FNDA:1,(anonymous_41)
FNDA:1,(anonymous_42)
FNDA:1,(anonymous_43)
FNDA:0,(anonymous_44)
FNDA:1,(anonymous_45)
FNDA:1,(anonymous_46)
FNDA:0,(anonymous_47)
FNDA:1,(anonymous_48)
FNDA:0,(anonymous_49)
FNDA:0,(anonymous_50)
FNDA:0,(anonymous_51)
FNDA:0,(anonymous_52)
FNDA:0,(anonymous_53)
FNDA:0,(anonymous_54)
FNDA:0,(anonymous_55)
FNDA:0,(anonymous_56)
FNDA:0,(anonymous_57)
FNDA:0,(anonymous_58)
FNDA:0,(anonymous_59)
FNDA:0,(anonymous_60)
FNDA:0,(anonymous_61)
FNDA:2,(anonymous_62)
FNDA:6,(anonymous_63)
FNDA:6,(anonymous_64)
FNDA:0,(anonymous_65)
FNDA:2,(anonymous_66)
FNDA:0,(anonymous_67)
FNDA:0,(anonymous_68)
FNDA:0,(anonymous_69)
FNDA:0,(anonymous_70)
FNDA:1,(anonymous_71)
FNDA:0,(anonymous_72)
FNDA:0,(anonymous_73)
FNDA:1,(anonymous_74)
FNDA:0,(anonymous_75)
FNDA:0,(anonymous_76)
FNDA:1,(anonymous_77)
FNDA:0,(anonymous_78)
FNDA:0,(anonymous_79)
FNDA:1,(anonymous_80)
FNDA:0,(anonymous_81)
FNDA:0,(anonymous_82)
FNDA:1,(anonymous_83)
FNDA:0,(anonymous_84)
FNDA:0,(anonymous_85)
FNDA:1,(anonymous_86)
FNDA:1,(anonymous_87)
FNDA:1,(anonymous_88)
FNDA:1,(anonymous_89)
FNDA:1,(anonymous_90)
FNDA:0,(anonymous_91)
FNDA:0,(anonymous_92)
FNDA:0,(anonymous_93)
FNDA:0,(anonymous_94)
DA:62,1
DA:76,1
DA:85,1
DA:86,1
DA:87,1
DA:101,1
DA:114,30
DA:121,1
DA:123,1
DA:124,1
DA:132,1
DA:137,1
DA:141,1
DA:145,1
DA:157,8
DA:160,32
DA:188,8
DA:189,8
DA:193,8
DA:197,6
DA:210,0
DA:211,0
DA:248,32
DA:249,32
DA:250,32
DA:251,32
DA:253,32
DA:254,32
DA:255,32
DA:256,32
DA:257,32
DA:258,32
DA:259,32
DA:260,32
DA:261,32
DA:262,32
DA:263,32
DA:264,32
DA:265,32
DA:266,32
DA:268,32
DA:269,32
DA:270,32
DA:271,32
DA:272,32
DA:273,32
DA:274,32
DA:275,32
DA:276,32
DA:278,32
DA:279,32
DA:280,32
DA:281,32
DA:283,32
DA:284,32
DA:285,32
DA:288,32
DA:289,32
DA:291,32
DA:292,32
DA:294,32
DA:295,7
DA:296,7
DA:297,7
DA:298,7
DA:302,32
DA:304,32
DA:305,7
DA:306,7
DA:309,32
DA:310,0
DA:311,0
DA:312,0
DA:314,0
DA:315,0
DA:318,32
DA:319,0
DA:320,0
DA:321,0
DA:322,0
DA:323,0
DA:324,0
DA:327,32
DA:328,1
DA:329,1
DA:330,1
DA:331,1
DA:332,1
DA:333,1
DA:334,1
DA:337,32
DA:338,1
DA:340,1
DA:341,0
DA:342,0
DA:344,1
DA:345,0
DA:346,0
DA:349,1
DA:350,1
DA:351,1
DA:352,1
DA:353,1
DA:358,0
DA:360,1
DA:364,32
DA:365,0
DA:367,0
DA:368,0
DA:369,0
DA:371,0
DA:372,0
DA:373,0
DA:375,0
DA:376,0
DA:377,0
DA:379,0
DA:380,0
DA:381,0
DA:384,0
DA:385,0
DA:386,0
DA:392,0
DA:396,0
DA:398,0
DA:399,0
DA:400,0
DA:401,0
DA:403,0
DA:405,0
DA:409,32
DA:410,3
DA:412,3
DA:413,0
DA:414,0
DA:416,3
DA:417,0
DA:418,0
DA:420,3
DA:421,0
DA:422,0
DA:425,3
DA:426,3
DA:427,3
DA:428,3
DA:429,3
DA:430,2
DA:434,2
DA:435,0
DA:436,0
DA:438,2
DA:441,1
DA:445,1
DA:446,1
DA:449,0
DA:451,3
DA:452,3
DA:456,32
DA:457,1
DA:458,1
DA:459,1
DA:462,32
DA:463,1
DA:464,1
DA:465,1
DA:468,32
DA:469,1
DA:470,1
DA:473,32
DA:474,1
DA:475,1
DA:478,32
DA:479,0
DA:480,0
DA:481,0
DA:484,32
DA:485,1
DA:486,1
DA:487,1
DA:488,1
DA:490,1
DA:491,1
DA:492,1
DA:495,1
DA:505,1
DA:506,1
DA:507,0
DA:508,0
DA:510,0
DA:513,1
DA:515,1
DA:531,1
DA:534,1
DA:543,0
DA:545,1
DA:546,1
DA:549,0
DA:550,0
DA:551,0
DA:556,32
DA:557,1
DA:558,1
DA:560,1
DA:562,1
DA:563,1
DA:564,0
DA:565,0
DA:568,1
DA:569,1
DA:570,1
DA:571,1
DA:573,1
DA:574,1
DA:581,1
DA:582,0
DA:584,1
DA:586,1
DA:587,1
DA:590,0
DA:592,1
DA:597,32
DA:598,1
DA:599,1
DA:600,1
DA:601,1
DA:602,1
DA:603,1
DA:604,1
DA:605,1
DA:608,32
DA:609,1
DA:612,32
DA:613,1
DA:614,1
DA:615,1
DA:616,1
DA:617,1
DA:618,1
DA:619,1
DA:621,0
DA:625,32
DA:626,1
DA:627,1
DA:628,1
DA:630,0
DA:631,0
DA:632,0
DA:633,0
DA:634,0
DA:635,0
DA:636,0
DA:646,0
DA:649,0
DA:658,0
DA:660,0
DA:661,0
DA:664,0
DA:665,0
DA:669,0
DA:670,0
DA:671,0
DA:676,32
DA:678,32
DA:680,31
DA:769,0
DA:798,0
DA:799,0
DA:854,0
DA:874,0
DA:875,0
DA:890,2
DA:958,6
DA:960,6
DA:961,0
DA:974,2
DA:985,0
DA:1012,0
DA:1013,0
DA:1048,0
DA:1077,1
DA:1079,0
DA:1080,0
DA:1081,0
DA:1082,0
DA:1083,0
DA:1092,1
DA:1094,0
DA:1095,0
DA:1096,0
DA:1097,0
DA:1098,0
DA:1110,1
DA:1112,0
DA:1113,0
DA:1114,0
DA:1115,0
DA:1116,0
DA:1125,1
DA:1127,0
DA:1128,0
DA:1129,0
DA:1130,0
DA:1131,0
DA:1140,1
DA:1142,0
DA:1143,0
DA:1144,0
DA:1145,0
DA:1146,0
DA:1156,1
DA:1189,1
DA:1190,1
DA:1208,1
DA:1209,1
DA:1210,1
DA:1211,1
DA:1215,1
DA:1216,1
DA:1292,0
DA:1293,0
DA:1306,0
DA:1317,0
DA:1327,1
LF:323
LH:200
BRDA:86,0,0,1
BRDA:86,0,1,0
BRDA:164,1,0,23
BRDA:164,1,1,9
BRDA:195,2,0,6
BRDA:195,2,1,2
BRDA:197,3,0,6
BRDA:197,3,1,0
BRDA:207,4,0,8
BRDA:207,4,1,4
BRDA:210,5,0,0
BRDA:210,5,1,0
BRDA:215,6,0,8
BRDA:215,6,1,4
BRDA:223,7,0,8
BRDA:223,7,1,4
BRDA:224,8,0,4
BRDA:224,8,1,4
BRDA:296,9,0,1
BRDA:296,9,1,6
BRDA:297,10,0,1
BRDA:297,10,1,6
BRDA:298,11,0,1
BRDA:298,11,1,6
BRDA:310,12,0,0
BRDA:310,12,1,0
BRDA:315,13,0,0
BRDA:315,13,1,0
BRDA:340,14,0,0
BRDA:340,14,1,1
BRDA:344,15,0,0
BRDA:344,15,1,1
BRDA:358,16,0,0
BRDA:358,16,1,0
BRDA:367,17,0,0
BRDA:367,17,1,0
BRDA:371,18,0,0
BRDA:371,18,1,0
BRDA:375,19,0,0
BRDA:375,19,1,0
BRDA:379,20,0,0
BRDA:379,20,1,0
BRDA:396,21,0,0
BRDA:396,21,1,0
BRDA:403,22,0,0
BRDA:403,22,1,0
BRDA:410,23,0,0
BRDA:410,23,1,3
BRDA:412,24,0,0
BRDA:412,24,1,3
BRDA:412,25,0,3
BRDA:412,25,1,3
BRDA:416,26,0,0
BRDA:416,26,1,3
BRDA:420,27,0,0
BRDA:420,27,1,3
BRDA:429,28,0,2
BRDA:429,28,1,1
BRDA:434,29,0,0
BRDA:434,29,1,2
BRDA:445,30,0,0
BRDA:445,30,1,1
BRDA:449,31,0,0
BRDA:449,31,1,0
BRDA:463,32,0,0
BRDA:463,32,1,1
BRDA:485,33,0,0
BRDA:485,33,1,1
BRDA:485,34,0,1
BRDA:485,34,1,1
BRDA:491,35,0,1
BRDA:491,35,1,0
BRDA:497,36,0,0
BRDA:497,36,1,1
BRDA:506,37,0,0
BRDA:506,37,1,1
BRDA:535,38,0,1
BRDA:535,38,1,0
BRDA:557,39,0,0
BRDA:557,39,1,1
BRDA:558,40,0,0
BRDA:558,40,1,1
BRDA:563,41,0,0
BRDA:563,41,1,1
BRDA:581,42,0,0
BRDA:581,42,1,1
BRDA:586,43,0,1
BRDA:586,43,1,0
BRDA:587,44,0,1
BRDA:587,44,1,0
BRDA:616,45,0,0
BRDA:616,45,1,1
BRDA:626,46,0,1
BRDA:626,46,1,0
BRDA:626,47,0,1
BRDA:626,47,1,1
BRDA:626,47,2,1
BRDA:635,48,0,0
BRDA:635,48,1,0
BRDA:650,49,0,0
BRDA:650,49,1,0
BRDA:678,50,0,1
BRDA:678,50,1,31
BRDA:697,51,0,31
BRDA:697,51,1,0
BRDA:699,52,0,31
BRDA:699,52,1,8
BRDA:708,53,0,31
BRDA:708,53,1,18
BRDA:711,54,0,3
BRDA:711,54,1,15
BRDA:711,55,0,9
BRDA:711,55,1,6
BRDA:713,56,0,3
BRDA:713,56,1,15
BRDA:714,57,0,1
BRDA:714,57,1,2
BRDA:717,58,0,9
BRDA:717,58,1,6
BRDA:724,59,0,3
BRDA:724,59,1,15
BRDA:740,60,0,3
BRDA:740,60,1,1
BRDA:768,61,0,0
BRDA:768,61,1,1
BRDA:772,62,0,0
BRDA:772,62,1,1
BRDA:800,63,0,1
BRDA:800,63,1,2
BRDA:804,64,0,0
BRDA:804,64,1,3
BRDA:805,65,0,0
BRDA:805,65,1,0
BRDA:807,66,0,1
BRDA:807,66,1,2
BRDA:812,67,0,3
BRDA:812,67,1,1
BRDA:853,68,0,0
BRDA:853,68,1,15
BRDA:857,69,0,0
BRDA:857,69,1,15
BRDA:865,70,0,15
BRDA:865,70,1,9
BRDA:880,71,0,0
BRDA:880,71,1,15
BRDA:881,72,0,0
BRDA:881,72,1,0
BRDA:883,73,0,9
BRDA:883,73,1,6
BRDA:890,74,0,2
BRDA:890,74,1,0
BRDA:892,75,0,9
BRDA:892,75,1,6
BRDA:895,76,0,9
BRDA:895,76,1,6
BRDA:909,77,0,31
BRDA:909,77,1,2
BRDA:960,78,0,6
BRDA:960,78,1,0
BRDA:974,79,0,2
BRDA:974,79,1,0
BRDA:993,80,0,31
BRDA:993,80,1,2
BRDA:1015,81,0,0
BRDA:1015,81,1,2
BRDA:1023,82,0,1
BRDA:1023,82,1,1
BRDA:1034,83,0,31
BRDA:1034,83,1,1
BRDA:1048,84,0,0
BRDA:1048,84,1,0
BRDA:1065,85,0,31
BRDA:1065,85,1,1
BRDA:1077,86,0,1
BRDA:1077,86,1,0
BRDA:1089,87,0,1
BRDA:1089,87,1,0
BRDA:1092,88,0,1
BRDA:1092,88,1,0
BRDA:1110,89,0,1
BRDA:1110,89,1,0
BRDA:1125,90,0,1
BRDA:1125,90,1,0
BRDA:1140,91,0,1
BRDA:1140,91,1,0
BRDA:1150,92,0,0
BRDA:1150,92,1,1
BRDA:1156,93,0,1
BRDA:1156,93,1,0
BRDA:1169,94,0,31
BRDA:1169,94,1,4
BRDA:1200,95,0,4
BRDA:1200,95,1,0
BRDA:1205,96,0,4
BRDA:1205,96,1,1
BRDA:1205,96,2,1
BRDA:1210,97,0,1
BRDA:1210,97,1,0
BRDA:1212,98,0,1
BRDA:1212,98,1,0
BRDA:1213,99,0,1
BRDA:1213,99,1,0
BRDA:1215,100,0,1
BRDA:1215,100,1,0
BRDA:1229,101,0,4
BRDA:1229,101,1,1
BRDA:1246,102,0,31
BRDA:1246,102,1,1
BRDA:1253,103,0,1
BRDA:1253,103,1,0
BRDA:1263,104,0,31
BRDA:1263,104,1,2
BRDA:1317,105,0,31
BRDA:1317,105,1,0
BRF:214
BRH:132
end_of_record
TN:
SF:components/PremiumScreen.tsx
FN:31,PremiumScreen
FN:41,(anonymous_1)
FN:51,(anonymous_2)
FN:52,(anonymous_3)
FN:63,(anonymous_4)
FN:64,(anonymous_5)
FN:65,(anonymous_6)
FN:67,(anonymous_7)
FN:77,(anonymous_8)
FN:80,(anonymous_9)
FN:83,(anonymous_10)
FN:96,(anonymous_11)
FN:97,(anonymous_12)
FN:117,(anonymous_13)
FN:132,(anonymous_14)
FN:141,(anonymous_15)
FN:143,(anonymous_16)
FN:146,(anonymous_17)
FN:147,(anonymous_18)
FN:169,(anonymous_19)
FN:234,(anonymous_20)
FN:262,(anonymous_21)
FN:268,(anonymous_22)
FN:319,(anonymous_23)
FN:350,(anonymous_24)
FN:354,(anonymous_25)
FN:363,(anonymous_26)
FN:405,(anonymous_27)
FN:409,(anonymous_28)
FN:425,(anonymous_29)
FNF:30
FNH:16
FNDA:17,PremiumScreen
FNDA:51,(anonymous_1)
FNDA:75,(anonymous_2)
FNDA:175,(anonymous_3)
FNDA:34,(anonymous_4)
FNDA:51,(anonymous_5)
FNDA:51,(anonymous_6)
FNDA:0,(anonymous_7)
FNDA:0,(anonymous_8)
FNDA:0,(anonymous_9)
FNDA:4,(anonymous_10)
FNDA:6,(anonymous_11)
FNDA:18,(anonymous_12)
FNDA:3,(anonymous_13)
FNDA:0,(anonymous_14)
FNDA:0,(anonymous_15)
FNDA:0,(anonymous_16)
FNDA:0,(anonymous_17)
FNDA:0,(anonymous_18)
FNDA:4,(anonymous_19)
FNDA:52,(anonymous_20)
FNDA:26,(anonymous_21)
FNDA:0,(anonymous_22)
FNDA:0,(anonymous_23)
FNDA:0,(anonymous_24)
FNDA:0,(anonymous_25)
FNDA:10,(anonymous_26)
FNDA:0,(anonymous_27)
FNDA:0,(anonymous_28)
FNDA:17,(anonymous_29)
DA:32,17
DA:33,17
DA:34,17
DA:35,17
DA:36,17
DA:37,17
DA:38,17
DA:41,17
DA:42,51
DA:44,48
DA:50,48
DA:51,48
DA:52,175
DA:55,48
DA:57,34
DA:63,34
DA:64,51
DA:65,51
DA:67,17
DA:68,0
DA:69,0
DA:70,0
DA:71,0
DA:73,0
DA:77,17
DA:78,0
DA:79,0
DA:80,0
DA:83,17
DA:84,4
DA:85,1
DA:86,1
DA:89,3
DA:95,3
DA:96,3
DA:97,18
DA:100,3
DA:101,0
DA:102,0
DA:105,3
DA:107,3
DA:109,3
DA:110,2
DA:111,2
DA:112,1
DA:113,1
DA:117,17
DA:118,3
DA:119,3
DA:120,3
DA:122,3
DA:123,1
DA:124,1
DA:125,2
DA:126,1
DA:128,1
DA:132,17
DA:133,0
DA:134,0
DA:135,0
DA:141,17
DA:142,0
DA:143,0
DA:146,17
DA:147,0
DA:151,17
DA:152,4
DA:170,4
DA:197,13
DA:235,52
DA:263,26
DA:264,26
DA:265,26
DA:268,0
DA:319,0
DA:350,0
DA:354,0
DA:363,10
DA:405,0
DA:409,0
DA:425,17
LF:81
LH:59
BRDA:31,0,0,0
BRDA:42,1,0,3
BRDA:42,1,1,48
BRDA:50,2,0,48
BRDA:50,2,1,0
BRDA:55,3,0,14
BRDA:55,3,1,34
BRDA:68,4,0,0
BRDA:68,4,1,0
BRDA:70,5,0,0
BRDA:70,5,1,0
BRDA:78,6,0,0
BRDA:78,6,1,0
BRDA:78,7,0,0
BRDA:78,7,1,0
BRDA:84,8,0,1
BRDA:84,8,1,3
BRDA:100,9,0,0
BRDA:100,9,1,3
BRDA:109,10,0,2
BRDA:109,10,1,1
BRDA:112,11,0,1
BRDA:112,11,1,0
BRDA:122,12,0,1
BRDA:122,12,1,2
BRDA:122,13,0,3
BRDA:122,13,1,2
BRDA:125,14,0,1
BRDA:125,14,1,1
BRDA:125,15,0,2
BRDA:125,15,1,1
BRDA:128,16,0,1
BRDA:128,16,1,0
BRDA:135,17,0,0
BRDA:135,17,1,0
BRDA:142,18,0,0
BRDA:142,18,1,0
BRDA:151,19,0,4
BRDA:151,19,1,13
BRDA:269,20,0,26
BRDA:269,20,1,26
BRDA:272,21,0,26
BRDA:272,21,1,13
BRDA:273,22,0,26
BRDA:273,22,1,13
BRDA:273,22,2,13
BRDA:278,23,0,13
BRDA:278,23,1,13
BRDA:292,24,0,13
BRDA:292,24,1,13
BRDA:295,25,0,26
BRDA:295,25,1,13
BRDA:301,26,0,13
BRDA:301,26,1,13
BRDA:303,27,0,13
BRDA:303,27,1,0
BRDA:307,28,0,0
BRDA:307,28,1,13
BRDA:315,29,0,13
BRDA:315,29,1,0
BRDA:320,30,0,13
BRDA:320,30,1,13
BRDA:323,31,0,13
BRDA:323,31,1,0
BRDA:362,32,0,13
BRDA:362,32,1,13
BRDA:365,33,0,10
BRDA:365,33,1,0
BRDA:366,34,0,10
BRDA:366,34,1,10
BRDA:366,34,2,0
BRDA:376,35,0,0
BRDA:376,35,1,13
BRDA:380,36,0,13
BRDA:380,36,1,0
BRDA:388,37,0,13
BRDA:388,37,1,0
BRDA:390,38,0,0
BRDA:390,38,1,0
BRDA:397,39,0,13
BRDA:397,39,1,13
BRDA:398,40,0,0
BRDA:398,40,1,13
BRDA:415,41,0,0
BRDA:415,41,1,13
BRF:85
BRH:55
end_of_record
TN:
SF:components/keyboard/KeyboardControllerCompat.tsx
FN:40,hasNativeKeyboardControllerModule
FN:47,getKeyboardControllerModule
FN:67,getNativeKeyboardProvider
FN:75,getNativeKeyboardAwareScrollView
FN:83,getNativeKeyboardStickyView
FN:91,KeyboardProvider
FN:101,KeyboardAwareScrollView
FN:135,KeyboardStickyView
FNF:8
FNH:4
FNDA:1,hasNativeKeyboardControllerModule
FNDA:1,getKeyboardControllerModule
FNDA:1,getNativeKeyboardProvider
FNDA:0,getNativeKeyboardAwareScrollView
FNDA:0,getNativeKeyboardStickyView
FNDA:1,KeyboardProvider
FNDA:0,KeyboardAwareScrollView
FNDA:0,KeyboardStickyView
DA:41,1
DA:42,1
DA:44,1
DA:48,1
DA:49,0
DA:52,1
DA:53,1
DA:54,1
DA:57,0
DA:59,0
DA:61,0
DA:64,0
DA:68,1
DA:69,1
DA:71,0
DA:76,0
DA:77,0
DA:79,0
DA:84,0
DA:85,0
DA:87,0
DA:92,1
DA:94,1
DA:95,0
DA:98,1
DA:107,0
DA:109,0
DA:110,0
DA:120,0
DA:136,0
DA:138,0
DA:139,0
DA:142,0
LF:33
LH:12
BRDA:44,0,0,1
BRDA:44,0,1,1
BRDA:48,1,0,0
BRDA:48,1,1,1
BRDA:52,2,0,1
BRDA:52,2,1,0
BRDA:69,3,0,1
BRDA:69,3,1,1
BRDA:77,4,0,0
BRDA:77,4,1,0
BRDA:85,5,0,0
BRDA:85,5,1,0
BRDA:94,6,0,0
BRDA:94,6,1,1
BRDA:102,7,0,0
BRDA:104,8,0,0
BRDA:109,9,0,0
BRDA:109,9,1,0
BRDA:121,10,0,0
BRDA:121,10,1,0
BRDA:126,11,0,0
BRDA:126,11,1,0
BRDA:126,12,0,0
BRDA:126,12,1,0
BRDA:138,13,0,0
BRDA:138,13,1,0
BRF:26
BRH:7
end_of_record
TN:
SF:components/ui/patternOrbitHelpers.ts
FN:15,derivePatternOrbitScores
FN:16,(anonymous_1)
FN:18,(anonymous_2)
FN:18,(anonymous_3)
FN:18,(anonymous_4)
FN:19,(anonymous_5)
FN:20,(anonymous_6)
FN:21,(anonymous_7)
FN:22,(anonymous_8)
FN:34,(anonymous_9)
FN:37,getPatternOrbitThemes
FN:39,(anonymous_11)
FN:40,(anonymous_12)
FN:42,(anonymous_13)
FN:45,getPatternOrbitSummary
FN:56,clampScore
FNF:16
FNH:16
FNDA:2,derivePatternOrbitScores
FNDA:7,(anonymous_1)
FNDA:6,(anonymous_2)
FNDA:30,(anonymous_3)
FNDA:79,(anonymous_4)
FNDA:5,(anonymous_5)
FNDA:5,(anonymous_6)
FNDA:5,(anonymous_7)
FNDA:5,(anonymous_8)
FNDA:7,(anonymous_9)
FNDA:1,getPatternOrbitThemes
FNDA:7,(anonymous_11)
FNDA:12,(anonymous_12)
FNDA:3,(anonymous_13)
FNDA:2,getPatternOrbitSummary
FNDA:9,clampScore
DA:3,1
DA:16,7
DA:18,79
DA:19,5
DA:20,5
DA:21,5
DA:22,5
DA:24,1
DA:34,7
DA:38,1
DA:39,7
DA:40,12
DA:42,3
DA:46,2
DA:48,1
DA:49,1
DA:50,1
DA:51,0
DA:52,0
DA:53,0
DA:57,9
LF:21
LH:18
BRDA:16,0,0,1
BRDA:16,0,1,1
BRDA:30,1,0,1
BRDA:30,1,1,0
BRDA:34,2,0,7
BRDA:34,2,1,0
BRDA:39,3,0,1
BRDA:39,3,1,6
BRDA:39,4,0,7
BRDA:39,4,1,0
BRDA:46,5,0,1
BRDA:46,5,1,1
BRDA:48,6,0,1
BRDA:48,6,1,0
BRDA:49,7,0,0
BRDA:49,7,1,1
BRDA:50,8,0,1
BRDA:50,8,1,0
BRDA:51,9,0,0
BRDA:51,9,1,0
BRDA:52,10,0,0
BRDA:52,10,1,0
BRF:22
BRH:12
end_of_record
TN:
SF:constants/theme.ts
FN:98,createTheme
FNF:1
FNH:1
FNDA:8,createTheme
DA:8,4
DA:19,4
DA:69,4
DA:99,8
DA:101,8
DA:219,4
DA:220,4
DA:223,4
LF:8
LH:8
BRDA:104,0,0,4
BRDA:104,0,1,4
BRDA:105,1,0,4
BRDA:105,1,1,4
BRDA:108,2,0,4
BRDA:108,2,1,4
BRDA:113,3,0,4
BRDA:113,3,1,4
BRDA:114,4,0,4
BRDA:114,4,1,4
BRDA:120,5,0,4
BRDA:120,5,1,4
BRDA:121,6,0,4
BRDA:121,6,1,4
BRDA:135,7,0,4
BRDA:135,7,1,4
BRDA:138,8,0,4
BRDA:138,8,1,4
BRDA:141,9,0,4
BRDA:141,9,1,4
BRDA:144,10,0,4
BRDA:144,10,1,4
BRDA:147,11,0,4
BRDA:147,11,1,4
BRDA:150,12,0,4
BRDA:150,12,1,4
BRDA:153,13,0,4
BRDA:153,13,1,4
BRDA:154,14,0,4
BRDA:154,14,1,4
BRDA:155,15,0,4
BRDA:155,15,1,4
BRDA:156,16,0,4
BRDA:156,16,1,4
BRDA:157,17,0,4
BRDA:157,17,1,4
BRDA:159,18,0,4
BRDA:159,18,1,4
BRDA:160,19,0,4
BRDA:160,19,1,4
BRDA:161,20,0,4
BRDA:161,20,1,4
BRDA:162,21,0,4
BRDA:162,21,1,4
BRDA:163,22,0,4
BRDA:163,22,1,4
BRDA:165,23,0,4
BRDA:165,23,1,4
BRDA:172,24,0,4
BRDA:172,24,1,4
BRDA:173,25,0,4
BRDA:173,25,1,4
BRDA:174,26,0,4
BRDA:174,26,1,4
BRDA:175,27,0,4
BRDA:175,27,1,4
BRDA:188,28,0,4
BRDA:188,28,1,4
BRDA:195,29,0,4
BRDA:195,29,1,4
BRDA:204,30,0,4
BRDA:204,30,1,4
BRDA:205,31,0,4
BRDA:205,31,1,4
BRF:64
BRH:64
end_of_record
TN:
SF:context/AuthContext.tsx
FN:47,(anonymous_0)
FN:52,AuthProvider
FN:58,(anonymous_2)
FN:71,(anonymous_3)
FN:75,(anonymous_4)
FN:99,(anonymous_5)
FN:110,(anonymous_6)
FN:116,(anonymous_7)
FN:117,(anonymous_8)
FN:119,(anonymous_9)
FN:123,(anonymous_10)
FN:130,(anonymous_11)
FN:131,(anonymous_12)
FN:134,(anonymous_13)
FN:157,(anonymous_14)
FN:170,(anonymous_15)
FN:173,(anonymous_16)
FN:176,(anonymous_17)
FN:203,(anonymous_18)
FN:223,useAuth
FNF:20
FNH:13
FNDA:0,(anonymous_0)
FNDA:28,AuthProvider
FNDA:7,(anonymous_2)
FNDA:11,(anonymous_3)
FNDA:11,(anonymous_4)
FNDA:3,(anonymous_5)
FNDA:4,(anonymous_6)
FNDA:0,(anonymous_7)
FNDA:0,(anonymous_8)
FNDA:0,(anonymous_9)
FNDA:11,(anonymous_10)
FNDA:11,(anonymous_11)
FNDA:1,(anonymous_12)
FNDA:1,(anonymous_13)
FNDA:0,(anonymous_14)
FNDA:11,(anonymous_15)
FNDA:2,(anonymous_16)
FNDA:0,(anonymous_17)
FNDA:0,(anonymous_18)
FNDA:27,useAuth
DA:43,1
DA:53,28
DA:54,28
DA:55,28
DA:56,28
DA:58,28
DA:59,7
DA:60,7
DA:61,7
DA:63,7
DA:64,1
DA:65,1
DA:68,6
DA:71,28
DA:72,11
DA:75,11
DA:76,11
DA:77,11
DA:78,14
DA:79,14
DA:80,10
DA:82,10
DA:83,10
DA:84,10
DA:87,3
DA:88,3
DA:91,10
DA:93,4
DA:94,1
DA:95,1
DA:97,3
DA:98,3
DA:99,3
DA:102,11
DA:105,11
DA:110,11
DA:111,4
DA:112,4
DA:113,4
DA:115,4
DA:116,3
DA:117,3
DA:118,1
DA:119,1
DA:123,11
DA:124,11
DA:125,11
DA:130,28
DA:131,11
DA:132,1
DA:133,1
DA:134,1
DA:135,1
DA:136,1
DA:137,1
DA:139,1
DA:140,1
DA:141,1
DA:145,1
DA:146,1
DA:147,1
DA:148,1
DA:151,1
DA:152,1
DA:156,1
DA:157,1
DA:160,0
DA:165,0
DA:169,11
DA:170,11
DA:173,28
DA:174,2
DA:176,2
DA:178,2
DA:179,2
DA:182,1
DA:183,1
DA:184,1
DA:185,1
DA:186,1
DA:187,1
DA:190,1
DA:191,1
DA:193,0
DA:196,1
DA:197,1
DA:200,1
DA:202,1
DA:203,1
DA:207,28
DA:224,27
DA:225,27
DA:226,0
DA:228,27
LF:94
LH:90
BRDA:60,0,0,0
BRDA:60,0,1,7
BRDA:63,1,0,1
BRDA:63,1,1,6
BRDA:80,2,0,0
BRDA:80,2,1,10
BRDA:82,3,0,10
BRDA:82,3,1,0
BRDA:84,4,0,3
BRDA:84,4,1,7
BRDA:93,5,0,1
BRDA:93,5,1,3
BRDA:93,6,0,4
BRDA:93,6,1,3
BRDA:102,7,0,11
BRDA:102,7,1,0
BRDA:112,8,0,4
BRDA:112,8,1,0
BRDA:115,9,0,3
BRDA:115,9,1,1
BRDA:115,10,0,4
BRDA:115,10,1,2
BRDA:115,10,2,3
BRDA:118,11,0,1
BRDA:118,11,1,0
BRDA:132,12,0,1
BRDA:132,12,1,0
BRDA:137,13,0,0
BRDA:137,13,1,1
BRDA:140,14,0,1
BRDA:140,14,1,0
BRDA:141,15,0,1
BRDA:141,15,1,1
BRDA:141,15,2,1
BRDA:145,16,0,1
BRDA:145,16,1,0
BRDA:147,17,0,0
BRDA:147,17,1,1
BRDA:148,18,0,1
BRDA:148,18,1,0
BRDA:151,19,0,1
BRDA:151,19,1,0
BRDA:152,20,0,1
BRDA:152,20,1,0
BRDA:156,21,0,1
BRDA:156,21,1,0
BRDA:179,22,0,1
BRDA:179,22,1,1
BRDA:196,23,0,1
BRDA:196,23,1,0
BRDA:211,24,0,28
BRDA:211,24,1,21
BRDA:225,25,0,0
BRDA:225,25,1,27
BRF:54
BRH:37
end_of_record
TN:
SF:context/PremiumContext.tsx
FN:34,PremiumProvider
FN:51,(anonymous_1)
FN:63,(anonymous_2)
FN:66,(anonymous_3)
FN:75,(anonymous_4)
FN:84,(anonymous_5)
FN:100,(anonymous_6)
FN:119,(anonymous_7)
FN:123,(anonymous_8)
FN:143,(anonymous_9)
FN:174,(anonymous_10)
FN:179,(anonymous_11)
FN:182,(anonymous_12)
FN:187,(anonymous_13)
FN:205,usePremium
FNF:15
FNH:8
FNDA:8,PremiumProvider
FNDA:3,(anonymous_1)
FNDA:3,(anonymous_2)
FNDA:0,(anonymous_3)
FNDA:0,(anonymous_4)
FNDA:0,(anonymous_5)
FNDA:0,(anonymous_6)
FNDA:4,(anonymous_7)
FNDA:4,(anonymous_8)
FNDA:0,(anonymous_9)
FNDA:4,(anonymous_10)
FNDA:0,(anonymous_11)
FNDA:0,(anonymous_12)
FNDA:7,(anonymous_13)
FNDA:8,usePremium
DA:30,1
DA:32,1
DA:35,8
DA:36,8
DA:37,8
DA:38,8
DA:39,8
DA:40,8
DA:42,8
DA:44,8
DA:46,8
DA:47,8
DA:51,8
DA:52,3
DA:54,3
DA:56,3
DA:57,0
DA:58,0
DA:61,3
DA:63,3
DA:65,3
DA:66,1
DA:68,3
DA:72,3
DA:75,8
DA:76,0
DA:77,0
DA:78,0
DA:80,0
DA:84,8
DA:85,0
DA:86,0
DA:87,0
DA:88,0
DA:89,0
DA:91,0
DA:93,0
DA:94,0
DA:96,0
DA:100,8
DA:101,0
DA:102,0
DA:103,0
DA:104,0
DA:105,0
DA:106,0
DA:108,0
DA:110,0
DA:111,0
DA:113,0
DA:119,8
DA:120,4
DA:121,4
DA:123,4
DA:124,4
DA:126,4
DA:127,4
DA:128,4
DA:129,4
DA:130,4
DA:133,4
DA:134,1
DA:135,1
DA:138,3
DA:139,3
DA:140,3
DA:142,3
DA:143,3
DA:144,0
DA:146,3
DA:147,3
DA:148,0
DA:150,3
DA:151,3
DA:155,3
DA:160,3
DA:161,3
DA:162,3
DA:163,3
DA:164,3
DA:167,0
DA:168,0
DA:172,4
DA:174,4
DA:175,4
DA:176,4
DA:178,0
DA:180,0
DA:187,8
DA:198,8
DA:206,8
DA:207,8
DA:208,0
DA:210,8
LF:94
LH:62
BRDA:32,0,0,1
BRDA:32,0,1,1
BRDA:46,1,0,8
BRDA:46,1,1,2
BRDA:47,2,0,8
BRDA:47,2,1,2
BRDA:52,3,0,0
BRDA:52,3,1,3
BRDA:56,4,0,0
BRDA:56,4,1,3
BRDA:61,5,0,3
BRDA:61,5,1,0
BRDA:65,6,0,1
BRDA:65,6,1,2
BRDA:65,7,0,3
BRDA:65,7,1,1
BRDA:65,7,2,1
BRDA:88,8,0,0
BRDA:88,8,1,0
BRDA:88,9,0,0
BRDA:88,9,1,0
BRDA:96,10,0,0
BRDA:96,10,1,0
BRDA:104,11,0,0
BRDA:104,11,1,0
BRDA:105,12,0,0
BRDA:105,12,1,0
BRDA:105,13,0,0
BRDA:105,13,1,0
BRDA:113,14,0,0
BRDA:113,14,1,0
BRDA:124,15,0,0
BRDA:124,15,1,4
BRDA:126,16,0,4
BRDA:126,16,1,0
BRDA:133,17,0,1
BRDA:133,17,1,3
BRDA:134,18,0,1
BRDA:134,18,1,0
BRDA:142,19,0,3
BRDA:142,19,1,0
BRDA:160,20,0,3
BRDA:160,20,1,0
BRDA:168,21,0,0
BRDA:168,21,1,0
BRDA:176,22,0,0
BRDA:176,22,1,4
BRDA:180,23,0,0
BRDA:180,23,1,0
BRDA:207,24,0,0
BRDA:207,24,1,8
BRF:51
BRH:23
end_of_record
TN:
SF:services/auth/signUpSession.ts
FN:16,signUpAndEnsureSession
FNF:1
FNH:1
FNDA:4,signUpAndEnsureSession
DA:20,4
DA:22,4
DA:26,4
DA:28,3
DA:29,3
DA:30,0
DA:37,3
DA:38,3
DA:43,3
DA:44,1
DA:51,2
DA:52,2
DA:58,0
LF:13
LH:11
BRDA:26,0,0,1
BRDA:26,0,1,3
BRDA:28,1,0,3
BRDA:28,1,1,2
BRDA:29,2,0,0
BRDA:29,2,1,3
BRDA:32,3,0,0
BRDA:32,3,1,0
BRDA:32,3,2,0
BRDA:43,4,0,1
BRDA:43,4,1,2
BRDA:46,5,0,1
BRDA:46,5,1,1
BRDA:51,6,0,2
BRDA:51,6,1,1
BRDA:54,7,0,2
BRDA:54,7,1,1
BRDA:54,7,2,1
BRDA:54,7,3,1
BRDA:60,8,0,0
BRDA:60,8,1,0
BRF:21
BRH:15
end_of_record
TN:
SF:services/storage/models.ts
FN:134,generateId
FNF:1
FNH:0
FNDA:0,generateId
DA:135,0
LF:1
LH:0
BRF:0
BRH:0
end_of_record
TN:
SF:utils/logger.ts
FN:5,redact
FN:57,(anonymous_1)
FN:67,emit
FN:77,(anonymous_3)
FN:78,(anonymous_4)
FN:79,(anonymous_5)
FN:80,(anonymous_6)
FNF:7
FNH:3
FNDA:11,redact
FNDA:0,(anonymous_1)
FNDA:11,emit
FNDA:0,(anonymous_3)
FNDA:11,(anonymous_4)
FNDA:0,(anonymous_5)
FNDA:0,(anonymous_6)
DA:3,1
DA:7,11
DA:8,0
DA:10,0
DA:11,0
DA:18,0
DA:21,0
DA:22,0
DA:25,0
DA:45,0
DA:46,0
DA:47,0
DA:48,0
DA:49,0
DA:53,0
DA:57,0
DA:59,0
DA:61,0
DA:64,11
DA:68,11
DA:71,11
DA:73,11
DA:76,1
DA:77,0
DA:78,11
DA:79,0
DA:81,0
DA:83,0
DA:84,0
DA:85,0
DA:86,0
DA:87,0
DA:88,0
DA:89,0
DA:91,0
LF:35
LH:8
BRDA:3,0,0,1
BRDA:3,0,1,0
BRDA:7,1,0,0
BRDA:7,1,1,11
BRDA:7,2,0,11
BRDA:7,2,1,11
BRDA:10,3,0,0
BRDA:10,3,1,0
BRDA:14,4,0,0
BRDA:14,4,1,0
BRDA:18,5,0,0
BRDA:18,5,1,0
BRDA:21,6,0,0
BRDA:21,6,1,0
BRDA:21,7,0,0
BRDA:21,7,1,0
BRDA:45,8,0,0
BRDA:45,8,1,0
BRDA:47,9,0,0
BRDA:47,9,1,0
BRDA:49,10,0,0
BRDA:49,10,1,0
BRDA:50,11,0,0
BRDA:50,11,1,0
BRDA:57,12,0,0
BRDA:57,12,1,0
BRDA:57,13,0,0
BRDA:57,13,1,0
BRDA:71,14,0,0
BRDA:71,14,1,11
BRDA:71,15,0,11
BRDA:71,15,1,0
BRDA:71,15,2,0
BRDA:73,16,0,11
BRDA:73,16,1,0
BRDA:86,17,0,0
BRDA:86,17,1,0
BRDA:88,18,0,0
BRDA:88,18,1,0
BRDA:88,19,0,0
BRDA:88,19,1,0
BRF:41
BRH:7
end_of_record
